<?xml version="1.0" encoding="UTF-8"?>
<testsuites name="FAQ" time="52.868" tests="2" failures="0" errors="0">
   <testsuite name="FAQ" tests="2" failures="0" errors="0" time="52.868" skipped="0" timestamp="2023-03-28 14:39:40" hostname="raiha - LAPTOP-UT2QLFD0" id="Test Suites/Profil/Bantuan/FAQ">
      <properties>
         <property name="deviceName" value="Xiaomi M2101K7BNY (Android 12)"/>
         <property name="devicePlatform" value=""/>
         <property name="logFolder" value="C:\\Users\\raiha\\Katalon Studio\\Mobile Klik IGR\\Reports\\20230328_143928\\Profil\\Bantuan\\FAQ\\20230328_143928"/>
         <property name="logFiles" value="C:\\Users\\raiha\\Katalon Studio\\Mobile Klik IGR\\Reports\\20230328_143928\\Profil\\Bantuan\\FAQ\\20230328_143928\\appium.log, C:\\Users\\raiha\\Katalon Studio\\Mobile Klik IGR\\Reports\\20230328_143928\\Profil\\Bantuan\\FAQ\\20230328_143928\\execution0.log"/>
         <property name="attachments" value=""/>
         <property name="hostName" value="raiha - LAPTOP-UT2QLFD0"/>
         <property name="os" value="Windows 10 64bit"/>
         <property name="appiumServerStatus" value="{&quot;value&quot;:{&quot;build&quot;:{&quot;version&quot;:&quot;1.22.3&quot;}},&quot;sessionId&quot;:null,&quot;status&quot;:0}"/>
         <property name="katalonVersion" value="8.5.5.208"/>
         <property name="deviceOS" value="Android"/>
         <property name="appiumVersion" value="1.22.3"/>
         <property name="deviceModel" value="M2101K7BNY"/>
         <property name="hostAddress" value="192.168.1.9"/>
         <property name="deviceManufacturer" value="Xiaomi"/>
         <property name="deviceId" value="4LSG9XI7HU8HTOXW"/>
         <property name="deviceName" value="Xiaomi M2101K7BNY (Android 12)"/>
         <property name="deviceOSVersion" value="12"/>
      </properties>
      <testcase name="Test Cases/Profil/TC_Profil_Button" time="41.514" classname="Test Cases/Profil/TC_Profil_Button" status="PASSED">
         <system-out><![CDATA[2023-03-28 14:39:41 - [TEST_CASE][PASSED] - Test Cases/Profil/TC_Profil_Button: Test Cases/Profil/TC_Profil_Button

2023-03-28 14:39:42 - [TEST_STEP][PASSED] - startApplication(APP, false): Started app at: 'C:\Users\raiha\Katalon Studio\Mobile Klik IGR\AndroidApp\Klik Dev v6.0.0(105).apk'

2023-03-28 14:39:42 - [MESSAGE][INFO] - User set preference: ['deviceId', '']

2023-03-28 14:39:42 - [MESSAGE][INFO] - Detected NodeJS location: "C:\Program Files\nodejs\node.exe"

2023-03-28 14:39:45 - [MESSAGE][INFO] - Appium server started on port 61,289

2023-03-28 14:40:21 - [MESSAGE][PASSED] - Started app at: 'C:\Users\raiha\Katalon Studio\Mobile Klik IGR\AndroidApp\Klik Dev v6.0.0(105).apk'

2023-03-28 14:40:21 - [TEST_STEP][PASSED] - tap(findTestObject("Object Repository/Profil/Profil_Button/android.view.View"), 0): Tapped on element 'Object Repository/Profil/Profil_Button/android.view.View'

2023-03-28 14:40:22 - [MESSAGE][WARNING] - Timeout '0' is invalid. Using default page load timeout: '30'

2023-03-28 14:40:23 - [MESSAGE][PASSED] - Tapped on element 'Object Repository/Profil/Profil_Button/android.view.View']]></system-out>
         <system-err><![CDATA[]]></system-err>
      </testcase>
      <testcase name="Test Cases/Profil/Bantuan/TC_FAQ" time="10.39" classname="Test Cases/Profil/Bantuan/TC_FAQ" status="PASSED">
         <system-out><![CDATA[2023-03-28 14:40:23 - [TEST_CASE][PASSED] - Test Cases/Profil/Bantuan/TC_FAQ: Test Cases/Profil/Bantuan/TC_FAQ

2023-03-28 14:40:23 - [TEST_STEP][PASSED] - swipe(100, 600, 0, 0): Swiped from 100,600 to 0,0

2023-03-28 14:40:24 - [MESSAGE][PASSED] - Swiped from 100,600 to 0,0

2023-03-28 14:40:24 - [TEST_STEP][PASSED] - delay(1, CONTINUE_ON_FAILURE): Delayed 1 second(s)

2023-03-28 14:40:25 - [MESSAGE][PASSED] - Delayed 1 second(s)

2023-03-28 14:40:25 - [TEST_STEP][PASSED] - tap(findTestObject("Profil/Bantuan/FAQ"), 0): Tapped on element 'Object Repository/Profil/Bantuan/FAQ'

2023-03-28 14:40:25 - [MESSAGE][WARNING] - Timeout '0' is invalid. Using default page load timeout: '30'

2023-03-28 14:40:27 - [MESSAGE][PASSED] - Tapped on element 'Object Repository/Profil/Bantuan/FAQ'

2023-03-28 14:40:27 - [TEST_STEP][PASSED] - delay(2, CONTINUE_ON_FAILURE): Delayed 2 second(s)

2023-03-28 14:40:29 - [MESSAGE][PASSED] - Delayed 2 second(s)

2023-03-28 14:40:29 - [TEST_STEP][PASSED] - swipe(100, 1000, 0, 0): Swiped from 100,1,000 to 0,0

2023-03-28 14:40:30 - [MESSAGE][PASSED] - Swiped from 100,1,000 to 0,0

2023-03-28 14:40:30 - [TEST_STEP][PASSED] - tap(findTestObject("Profil/Bantuan/Back"), 0): Tapped on element 'Object Repository/Profil/Bantuan/Back'

2023-03-28 14:40:31 - [MESSAGE][WARNING] - Timeout '0' is invalid. Using default page load timeout: '30'

2023-03-28 14:40:33 - [MESSAGE][PASSED] - Tapped on element 'Object Repository/Profil/Bantuan/Back']]></system-out>
         <system-err><![CDATA[]]></system-err>
      </testcase>
      <system-out><![CDATA[2023-03-28 14:39:40 - [TEST_SUITE][PASSED] - FAQ: Test Cases/Profil/Bantuan/TC_FAQ]]></system-out>
      <system-err><![CDATA[]]></system-err>
   </testsuite>
</testsuites>
