<?xml version="1.0" encoding="UTF-8"?>
<testsuites name="Register_ResetKota" time="40.214" tests="2" failures="0" errors="0">
   <testsuite name="Register_ResetKota" tests="2" failures="0" errors="0" time="40.214" skipped="0" timestamp="2023-03-31 09:13:29" hostname="raiha - LAPTOP-UT2QLFD0" id="Test Suites/Register/Address/Register_ResetKota">
      <properties>
         <property name="deviceName" value="Xiaomi M2101K7BNY (Android 12)"/>
         <property name="devicePlatform" value=""/>
         <property name="logFolder" value="C:\\Users\\raiha\\Katalon Studio\\Mobile Klik IGR\\Reports\\20230331_091319\\Register\\Address\\Register_ResetKota\\20230331_091319"/>
         <property name="logFiles" value="C:\\Users\\raiha\\Katalon Studio\\Mobile Klik IGR\\Reports\\20230331_091319\\Register\\Address\\Register_ResetKota\\20230331_091319\\appium.log, C:\\Users\\raiha\\Katalon Studio\\Mobile Klik IGR\\Reports\\20230331_091319\\Register\\Address\\Register_ResetKota\\20230331_091319\\execution0.log"/>
         <property name="attachments" value=""/>
         <property name="hostName" value="raiha - LAPTOP-UT2QLFD0"/>
         <property name="os" value="Windows 10 64bit"/>
         <property name="appiumServerStatus" value="{&quot;value&quot;:{&quot;build&quot;:{&quot;version&quot;:&quot;1.22.3&quot;}},&quot;sessionId&quot;:null,&quot;status&quot;:0}"/>
         <property name="katalonVersion" value="8.5.5.208"/>
         <property name="deviceOS" value="Android"/>
         <property name="appiumVersion" value="1.22.3"/>
         <property name="deviceModel" value="M2101K7BNY"/>
         <property name="hostAddress" value="192.168.1.8"/>
         <property name="deviceManufacturer" value="Xiaomi"/>
         <property name="deviceId" value="192.168.1.7:5555"/>
         <property name="deviceName" value="Xiaomi M2101K7BNY (Android 12)"/>
         <property name="deviceOSVersion" value="12"/>
      </properties>
      <testcase name="Test Cases/Register/Redirect_to_RegisterPage" time="28.312" classname="Test Cases/Register/Redirect_to_RegisterPage" status="PASSED">
         <system-out><![CDATA[2023-03-31 09:13:29 - [TEST_CASE][PASSED] - Test Cases/Register/Redirect_to_RegisterPage: Test Cases/Register/Redirect_to_RegisterPage

2023-03-31 09:13:30 - [TEST_STEP][PASSED] - startApplication(APP, false): Started app at: 'C:\Users\raiha\Katalon Studio\Mobile Klik IGR\AndroidApp\Klik Dev v6.0.0(105).apk'

2023-03-31 09:13:30 - [MESSAGE][INFO] - User set preference: ['deviceId', '']

2023-03-31 09:13:30 - [MESSAGE][INFO] - Detected NodeJS location: "C:\Program Files\nodejs\node.exe"

2023-03-31 09:13:31 - [MESSAGE][INFO] - Appium server started on port 51,791

2023-03-31 09:13:55 - [MESSAGE][PASSED] - Started app at: 'C:\Users\raiha\Katalon Studio\Mobile Klik IGR\AndroidApp\Klik Dev v6.0.0(105).apk'

2023-03-31 09:13:55 - [TEST_STEP][PASSED] - tap(findTestObject("Profil/Profil_Button/Menu Akun"), 0): Tapped on element 'Object Repository/Profil/Profil_Button/Menu Akun'

2023-03-31 09:13:55 - [MESSAGE][WARNING] - Timeout '0' is invalid. Using default page load timeout: '30'

2023-03-31 09:13:56 - [MESSAGE][PASSED] - Tapped on element 'Object Repository/Profil/Profil_Button/Menu Akun'

2023-03-31 09:13:56 - [TEST_STEP][PASSED] - tap(findTestObject("Login/Tombol Daftar"), 0): Tapped on element 'Object Repository/Login/Tombol Daftar'

2023-03-31 09:13:56 - [MESSAGE][WARNING] - Timeout '0' is invalid. Using default page load timeout: '30'

2023-03-31 09:13:57 - [MESSAGE][PASSED] - Tapped on element 'Object Repository/Login/Tombol Daftar'

2023-03-31 09:13:57 - [TEST_STEP][PASSED] - delay(1, CONTINUE_ON_FAILURE): Delayed 1 second(s)

2023-03-31 09:13:58 - [MESSAGE][PASSED] - Delayed 1 second(s)]]></system-out>
         <system-err><![CDATA[]]></system-err>
      </testcase>
      <testcase name="Test Cases/Register/Address/TC_Reset_Kota" time="11.631" classname="Test Cases/Register/Address/TC_Reset_Kota" status="PASSED">
         <system-out><![CDATA[2023-03-31 09:13:58 - [TEST_CASE][PASSED] - Test Cases/Register/Address/TC_Reset_Kota: Test Cases/Register/Address/TC_Reset_Kota

2023-03-31 09:13:58 - [TEST_STEP][PASSED] - tap(findTestObject("Register/Address/Dropdown Provinsi - Register"), 0): Tapped on element 'Object Repository/Register/Address/Dropdown Provinsi - Register'

2023-03-31 09:13:58 - [MESSAGE][WARNING] - Timeout '0' is invalid. Using default page load timeout: '30'

2023-03-31 09:14:00 - [MESSAGE][PASSED] - Tapped on element 'Object Repository/Register/Address/Dropdown Provinsi - Register'

2023-03-31 09:14:00 - [TEST_STEP][PASSED] - tap(findTestObject("Register/Address/Register_ResetAddress/Opsi Provinsi -Banten-"), 0): Tapped on element 'Object Repository/Register/Address/Register_ResetAddress/Opsi Provinsi -Banten-'

2023-03-31 09:14:00 - [MESSAGE][WARNING] - Timeout '0' is invalid. Using default page load timeout: '30'

2023-03-31 09:14:01 - [MESSAGE][PASSED] - Tapped on element 'Object Repository/Register/Address/Register_ResetAddress/Opsi Provinsi -Banten-'

2023-03-31 09:14:01 - [TEST_STEP][PASSED] - tap(findTestObject("Register/Address/Dropdown Kota - Register"), 0): Tapped on element 'Object Repository/Register/Address/Dropdown Kota - Register'

2023-03-31 09:14:01 - [MESSAGE][WARNING] - Timeout '0' is invalid. Using default page load timeout: '30'

2023-03-31 09:14:02 - [MESSAGE][PASSED] - Tapped on element 'Object Repository/Register/Address/Dropdown Kota - Register'

2023-03-31 09:14:02 - [TEST_STEP][PASSED] - tap(findTestObject("Register/Address/Register_ResetAddress/Opsi Kota -Kabupaten Tangerang-"), 0): Tapped on element 'Object Repository/Register/Address/Register_ResetAddress/Opsi Kota -Kabupaten Tangerang-'

2023-03-31 09:14:02 - [MESSAGE][WARNING] - Timeout '0' is invalid. Using default page load timeout: '30'

2023-03-31 09:14:03 - [MESSAGE][PASSED] - Tapped on element 'Object Repository/Register/Address/Register_ResetAddress/Opsi Kota -Kabupaten Tangerang-'

2023-03-31 09:14:03 - [TEST_STEP][PASSED] - tap(findTestObject("Register/Address/Dropdown Kecamatan - Register"), 0): Tapped on element 'Object Repository/Register/Address/Dropdown Kecamatan - Register'

2023-03-31 09:14:03 - [MESSAGE][WARNING] - Timeout '0' is invalid. Using default page load timeout: '30'

2023-03-31 09:14:04 - [MESSAGE][PASSED] - Tapped on element 'Object Repository/Register/Address/Dropdown Kecamatan - Register'

2023-03-31 09:14:04 - [TEST_STEP][PASSED] - tap(findTestObject("Register/Address/Register_ResetAddress/Opsi Kecamatan -Cisauk-"), 0): Tapped on element 'Object Repository/Register/Address/Register_ResetAddress/Opsi Kecamatan -Cisauk-'

2023-03-31 09:14:04 - [MESSAGE][WARNING] - Timeout '0' is invalid. Using default page load timeout: '30'

2023-03-31 09:14:05 - [MESSAGE][PASSED] - Tapped on element 'Object Repository/Register/Address/Register_ResetAddress/Opsi Kecamatan -Cisauk-'

2023-03-31 09:14:05 - [TEST_STEP][PASSED] - tap(findTestObject("Register/Address/Dropdown Kelurahan - Register"), 0): Tapped on element 'Object Repository/Register/Address/Dropdown Kelurahan - Register'

2023-03-31 09:14:05 - [MESSAGE][WARNING] - Timeout '0' is invalid. Using default page load timeout: '30'

2023-03-31 09:14:06 - [MESSAGE][PASSED] - Tapped on element 'Object Repository/Register/Address/Dropdown Kelurahan - Register'

2023-03-31 09:14:06 - [TEST_STEP][PASSED] - tap(findTestObject("Register/Address/Register_ResetAddress/Opsi Kelurahan -Cisauk-"), 0): Tapped on element 'Object Repository/Register/Address/Register_ResetAddress/Opsi Kelurahan -Cisauk-'

2023-03-31 09:14:06 - [MESSAGE][WARNING] - Timeout '0' is invalid. Using default page load timeout: '30'

2023-03-31 09:14:07 - [MESSAGE][PASSED] - Tapped on element 'Object Repository/Register/Address/Register_ResetAddress/Opsi Kelurahan -Cisauk-'

2023-03-31 09:14:07 - [TEST_STEP][PASSED] - tap(findTestObject("Object Repository/Register/Address/Register_ResetKota/Dropdown Kota -Kabupaten Tangerang-"), 0): Tapped on element 'Object Repository/Register/Address/Register_ResetKota/Dropdown Kota -Kabupaten Tangerang-'

2023-03-31 09:14:07 - [MESSAGE][WARNING] - Timeout '0' is invalid. Using default page load timeout: '30'

2023-03-31 09:14:08 - [MESSAGE][PASSED] - Tapped on element 'Object Repository/Register/Address/Register_ResetKota/Dropdown Kota -Kabupaten Tangerang-'

2023-03-31 09:14:08 - [TEST_STEP][PASSED] - tap(findTestObject("Object Repository/Register/Address/Register_ResetKota/Opsi Kota -Kabupaten Pandeglang-"), 0): Tapped on element 'Object Repository/Register/Address/Register_ResetKota/Opsi Kota -Kabupaten Pandeglang-'

2023-03-31 09:14:08 - [MESSAGE][WARNING] - Timeout '0' is invalid. Using default page load timeout: '30'

2023-03-31 09:14:09 - [MESSAGE][PASSED] - Tapped on element 'Object Repository/Register/Address/Register_ResetKota/Opsi Kota -Kabupaten Pandeglang-']]></system-out>
         <system-err><![CDATA[]]></system-err>
      </testcase>
      <system-out><![CDATA[2023-03-31 09:13:29 - [TEST_SUITE][PASSED] - Register_ResetKota: Test Cases/Register/Address/TC_Reset_Kota]]></system-out>
      <system-err><![CDATA[]]></system-err>
   </testsuite>
</testsuites>
