<?xml version="1.0" encoding="UTF-8"?>
<testsuites name="Register_Taken_Phone" time="79.683" tests="7" failures="0" errors="0">
   <testsuite name="Register_Taken_Phone" tests="7" failures="0" errors="0" time="79.683" skipped="0" timestamp="2023-03-21 10:55:10" hostname="raiha - LAPTOP-UT2QLFD0" id="Test Suites/Register/Phone/Register_Taken_Phone">
      <properties>
         <property name="deviceName" value="Xiaomi M2101K7BNY (Android 12)"/>
         <property name="devicePlatform" value=""/>
         <property name="logFolder" value="C:\\Users\\raiha\\Documents\\Katalon Studio\\Mobile Klik IGR\\Reports\\20230321_105458\\Register\\Phone\\Register_Taken_Phone\\20230321_105458"/>
         <property name="logFiles" value="C:\\Users\\raiha\\Documents\\Katalon Studio\\Mobile Klik IGR\\Reports\\20230321_105458\\Register\\Phone\\Register_Taken_Phone\\20230321_105458\\appium.log, C:\\Users\\raiha\\Documents\\Katalon Studio\\Mobile Klik IGR\\Reports\\20230321_105458\\Register\\Phone\\Register_Taken_Phone\\20230321_105458\\execution0.log"/>
         <property name="attachments" value=""/>
         <property name="hostName" value="raiha - LAPTOP-UT2QLFD0"/>
         <property name="os" value="Windows 10 64bit"/>
         <property name="appiumServerStatus" value="{&quot;value&quot;:{&quot;build&quot;:{&quot;version&quot;:&quot;1.22.3&quot;}},&quot;sessionId&quot;:null,&quot;status&quot;:0}"/>
         <property name="katalonVersion" value="8.5.5.208"/>
         <property name="deviceOS" value="Android"/>
         <property name="appiumVersion" value="1.22.3"/>
         <property name="deviceModel" value="M2101K7BNY"/>
         <property name="hostAddress" value="192.168.1.8"/>
         <property name="deviceManufacturer" value="Xiaomi"/>
         <property name="deviceId" value="4LSG9XI7HU8HTOXW"/>
         <property name="deviceName" value="Xiaomi M2101K7BNY (Android 12)"/>
         <property name="deviceOSVersion" value="12"/>
      </properties>
      <testcase name="Test Cases/Register/Redirect_to_RegisterPage" time="39.188" classname="Test Cases/Register/Redirect_to_RegisterPage" status="PASSED">
         <system-out><![CDATA[2023-03-21 10:55:11 - [TEST_CASE][PASSED] - Test Cases/Register/Redirect_to_RegisterPage: Test Cases/Register/Redirect_to_RegisterPage

2023-03-21 10:55:11 - [TEST_STEP][PASSED] - startApplication(APP, false): Started app at: 'C:\Users\raiha\Documents\Katalon Studio\Mobile Klik IGR\AndroidApp\Klik Dev v6.0.0.apk'

2023-03-21 10:55:12 - [MESSAGE][INFO] - User set preference: ['deviceId', '']

2023-03-21 10:55:12 - [MESSAGE][INFO] - Detected NodeJS location: "C:\Program Files\nodejs\node.exe"

2023-03-21 10:55:14 - [MESSAGE][INFO] - Appium server started on port 55,877

2023-03-21 10:55:47 - [MESSAGE][PASSED] - Started app at: 'C:\Users\raiha\Documents\Katalon Studio\Mobile Klik IGR\AndroidApp\Klik Dev v6.0.0.apk'

2023-03-21 10:55:47 - [TEST_STEP][PASSED] - tap(findTestObject("Object Repository/Register/Redirect_To_RegisterPage/android.view.View"), 0): Tapped on element 'Object Repository/Register/Redirect_To_RegisterPage/android.view.View'

2023-03-21 10:55:47 - [MESSAGE][WARNING] - Timeout '0' is invalid. Using default page load timeout: '30'

2023-03-21 10:55:48 - [MESSAGE][PASSED] - Tapped on element 'Object Repository/Register/Redirect_To_RegisterPage/android.view.View'

2023-03-21 10:55:48 - [TEST_STEP][PASSED] - tap(findTestObject("Object Repository/Register/Redirect_To_RegisterPage/android.widget.Button"), 0): Tapped on element 'Object Repository/Register/Redirect_To_RegisterPage/android.widget.Button'

2023-03-21 10:55:48 - [MESSAGE][WARNING] - Timeout '0' is invalid. Using default page load timeout: '30'

2023-03-21 10:55:49 - [MESSAGE][PASSED] - Tapped on element 'Object Repository/Register/Redirect_To_RegisterPage/android.widget.Button'

2023-03-21 10:55:49 - [TEST_STEP][PASSED] - delay(1, CONTINUE_ON_FAILURE): Delayed 1 second(s)

2023-03-21 10:55:50 - [MESSAGE][PASSED] - Delayed 1 second(s)]]></system-out>
         <system-err><![CDATA[]]></system-err>
      </testcase>
      <testcase name="Test Cases/Register/Name/TC_Register_ValidName" time="2.558" classname="Test Cases/Register/Name/TC_Register_ValidName" status="PASSED">
         <system-out><![CDATA[2023-03-21 10:55:50 - [TEST_CASE][PASSED] - Test Cases/Register/Name/TC_Register_ValidName: Test Cases/Register/Name/TC_Register_ValidName

2023-03-21 10:55:50 - [TEST_STEP][PASSED] - tap(findTestObject("Object Repository/Register/Name/Register_ValidName/android.widget.EditText - Nama"), 0): Tapped on element 'Object Repository/Register/Name/Register_ValidName/android.widget.EditText - Nama'

2023-03-21 10:55:50 - [MESSAGE][WARNING] - Timeout '0' is invalid. Using default page load timeout: '30'

2023-03-21 10:55:51 - [MESSAGE][PASSED] - Tapped on element 'Object Repository/Register/Name/Register_ValidName/android.widget.EditText - Nama'

2023-03-21 10:55:51 - [TEST_STEP][PASSED] - setText(findTestObject("Object Repository/Register/Name/Register_ValidName/android.widget.EditText - Nama (1)"), "raihan", 0): Text 'raihan' has been set to element 'Object Repository/Register/Name/Register_ValidName/android.widget.EditText - Nama (1)'

2023-03-21 10:55:51 - [MESSAGE][WARNING] - Timeout '0' is invalid. Using default page load timeout: '30'

2023-03-21 10:55:53 - [MESSAGE][PASSED] - Text 'raihan' has been set to element 'Object Repository/Register/Name/Register_ValidName/android.widget.EditText - Nama (1)']]></system-out>
         <system-err><![CDATA[]]></system-err>
      </testcase>
      <testcase name="Test Cases/Register/Email/TC_Register_ValidEmail" time="2.188" classname="Test Cases/Register/Email/TC_Register_ValidEmail" status="PASSED">
         <system-out><![CDATA[2023-03-21 10:55:53 - [TEST_CASE][PASSED] - Test Cases/Register/Email/TC_Register_ValidEmail: Test Cases/Register/Email/TC_Register_ValidEmail

2023-03-21 10:55:53 - [TEST_STEP][PASSED] - tap(findTestObject("Object Repository/Register/Email/Register_ValidEmail/android.widget.EditText - Alamat Email"), 0): Tapped on element 'Object Repository/Register/Email/Register_ValidEmail/android.widget.EditText - Alamat Email'

2023-03-21 10:55:53 - [MESSAGE][WARNING] - Timeout '0' is invalid. Using default page load timeout: '30'

2023-03-21 10:55:54 - [MESSAGE][PASSED] - Tapped on element 'Object Repository/Register/Email/Register_ValidEmail/android.widget.EditText - Alamat Email'

2023-03-21 10:55:54 - [TEST_STEP][PASSED] - setText(findTestObject("Object Repository/Register/Email/Register_ValidEmail/android.widget.EditText - Alamat Email (1)"), "sulthanraihan@ymail.com", 0): Text 'sulthanraihan@ymail.com' has been set to element 'Object Repository/Register/Email/Register_ValidEmail/android.widget.EditText - Alamat Email (1)'

2023-03-21 10:55:54 - [MESSAGE][WARNING] - Timeout '0' is invalid. Using default page load timeout: '30'

2023-03-21 10:55:55 - [MESSAGE][PASSED] - Text 'sulthanraihan@ymail.com' has been set to element 'Object Repository/Register/Email/Register_ValidEmail/android.widget.EditText - Alamat Email (1)']]></system-out>
         <system-err><![CDATA[]]></system-err>
      </testcase>
      <testcase name="Test Cases/Register/Password/TC_Register_ValidPassword" time="6.45" classname="Test Cases/Register/Password/TC_Register_ValidPassword" status="PASSED">
         <system-out><![CDATA[2023-03-21 10:55:55 - [TEST_CASE][PASSED] - Test Cases/Register/Password/TC_Register_ValidPassword: Test Cases/Register/Password/TC_Register_ValidPassword

2023-03-21 10:55:55 - [TEST_STEP][PASSED] - tap(findTestObject("Object Repository/Register/Password/Register_ValidPassword/android.widget.EditText - Password"), 0): Tapped on element 'Object Repository/Register/Password/Register_ValidPassword/android.widget.EditText - Password'

2023-03-21 10:55:55 - [MESSAGE][WARNING] - Timeout '0' is invalid. Using default page load timeout: '30'

2023-03-21 10:55:56 - [MESSAGE][PASSED] - Tapped on element 'Object Repository/Register/Password/Register_ValidPassword/android.widget.EditText - Password'

2023-03-21 10:55:56 - [TEST_STEP][PASSED] - setEncryptedText(findTestObject("Object Repository/Register/Password/Register_ValidPassword/android.widget.EditText - Password (1)"), "lsdNNXlVAZI=", 0): Encrypted text 'lsdNNXlVAZI=' has been set to element 'Object Repository/Register/Password/Register_ValidPassword/android.widget.EditText - Password (1)'

2023-03-21 10:55:57 - [MESSAGE][WARNING] - Timeout '0' is invalid. Using default page load timeout: '30'

2023-03-21 10:55:57 - [MESSAGE][PASSED] - Encrypted text 'lsdNNXlVAZI=' has been set to element 'Object Repository/Register/Password/Register_ValidPassword/android.widget.EditText - Password (1)'

2023-03-21 10:55:57 - [TEST_STEP][PASSED] - tap(findTestObject("Object Repository/Register/Password/Register_ValidPassword/android.widget.Button"), 0): Tapped on element 'Object Repository/Register/Password/Register_ValidPassword/android.widget.Button'

2023-03-21 10:55:57 - [MESSAGE][WARNING] - Timeout '0' is invalid. Using default page load timeout: '30'

2023-03-21 10:55:58 - [MESSAGE][PASSED] - Tapped on element 'Object Repository/Register/Password/Register_ValidPassword/android.widget.Button'

2023-03-21 10:55:58 - [TEST_STEP][PASSED] - tap(findTestObject("Object Repository/Register/Password/Register_ValidPassword/android.widget.EditText - Ketik Ulang Password"), 0): Tapped on element 'Object Repository/Register/Password/Register_ValidPassword/android.widget.EditText - Ketik Ulang Password'

2023-03-21 10:55:58 - [MESSAGE][WARNING] - Timeout '0' is invalid. Using default page load timeout: '30'

2023-03-21 10:55:59 - [MESSAGE][PASSED] - Tapped on element 'Object Repository/Register/Password/Register_ValidPassword/android.widget.EditText - Ketik Ulang Password'

2023-03-21 10:55:59 - [TEST_STEP][PASSED] - setEncryptedText(findTestObject("Object Repository/Register/Password/Register_ValidPassword/android.widget.EditText - Ketik Ulang Password (1)"), "lsdNNXlVAZI=", 0): Encrypted text 'lsdNNXlVAZI=' has been set to element 'Object Repository/Register/Password/Register_ValidPassword/android.widget.EditText - Ketik Ulang Password (1)'

2023-03-21 10:55:59 - [MESSAGE][WARNING] - Timeout '0' is invalid. Using default page load timeout: '30'

2023-03-21 10:56:00 - [MESSAGE][PASSED] - Encrypted text 'lsdNNXlVAZI=' has been set to element 'Object Repository/Register/Password/Register_ValidPassword/android.widget.EditText - Ketik Ulang Password (1)'

2023-03-21 10:56:00 - [TEST_STEP][PASSED] - tap(findTestObject("Object Repository/Register/Password/Register_ValidPassword/android.widget.Button (1)"), 0): Tapped on element 'Object Repository/Register/Password/Register_ValidPassword/android.widget.Button (1)'

2023-03-21 10:56:01 - [MESSAGE][WARNING] - Timeout '0' is invalid. Using default page load timeout: '30'

2023-03-21 10:56:01 - [MESSAGE][PASSED] - Tapped on element 'Object Repository/Register/Password/Register_ValidPassword/android.widget.Button (1)']]></system-out>
         <system-err><![CDATA[]]></system-err>
      </testcase>
      <testcase name="Test Cases/Register/Address/TC_Register_ValidAddress" time="12.043" classname="Test Cases/Register/Address/TC_Register_ValidAddress" status="PASSED">
         <system-out><![CDATA[2023-03-21 10:56:01 - [TEST_CASE][PASSED] - Test Cases/Register/Address/TC_Register_ValidAddress: Test Cases/Register/Address/TC_Register_ValidAddress

2023-03-21 10:56:02 - [TEST_STEP][PASSED] - tap(findTestObject("Object Repository/Register/Address/Register_ValidAddress/android.widget.EditText - Alamat Pengiriman"), 0): Tapped on element 'Object Repository/Register/Address/Register_ValidAddress/android.widget.EditText - Alamat Pengiriman'

2023-03-21 10:56:02 - [MESSAGE][WARNING] - Timeout '0' is invalid. Using default page load timeout: '30'

2023-03-21 10:56:02 - [MESSAGE][PASSED] - Tapped on element 'Object Repository/Register/Address/Register_ValidAddress/android.widget.EditText - Alamat Pengiriman'

2023-03-21 10:56:02 - [TEST_STEP][PASSED] - setText(findTestObject("Object Repository/Register/Address/Register_ValidAddress/android.widget.EditText - Alamat Pengiriman (1)"), "Jl. yang ada di Kedaung", 0): Text 'Jl. yang ada di Kedaung' has been set to element 'Object Repository/Register/Address/Register_ValidAddress/android.widget.EditText - Alamat Pengiriman (1)'

2023-03-21 10:56:02 - [MESSAGE][WARNING] - Timeout '0' is invalid. Using default page load timeout: '30'

2023-03-21 10:56:03 - [MESSAGE][PASSED] - Text 'Jl. yang ada di Kedaung' has been set to element 'Object Repository/Register/Address/Register_ValidAddress/android.widget.EditText - Alamat Pengiriman (1)'

2023-03-21 10:56:03 - [TEST_STEP][PASSED] - hideKeyboard(): Keyboard is hidden

2023-03-21 10:56:05 - [MESSAGE][PASSED] - Keyboard is hidden

2023-03-21 10:56:05 - [TEST_STEP][PASSED] - tap(findTestObject("Object Repository/Register/Address/Register_ValidAddress/android.view.View"), 0): Tapped on element 'Object Repository/Register/Address/Register_ValidAddress/android.view.View'

2023-03-21 10:56:05 - [MESSAGE][WARNING] - Timeout '0' is invalid. Using default page load timeout: '30'

2023-03-21 10:56:06 - [MESSAGE][PASSED] - Tapped on element 'Object Repository/Register/Address/Register_ValidAddress/android.view.View'

2023-03-21 10:56:06 - [TEST_STEP][PASSED] - tap(findTestObject("Object Repository/Register/Address/Register_ValidAddress/android.view.View (1)"), 0): Tapped on element 'Object Repository/Register/Address/Register_ValidAddress/android.view.View (1)'

2023-03-21 10:56:06 - [MESSAGE][WARNING] - Timeout '0' is invalid. Using default page load timeout: '30'

2023-03-21 10:56:07 - [MESSAGE][PASSED] - Tapped on element 'Object Repository/Register/Address/Register_ValidAddress/android.view.View (1)'

2023-03-21 10:56:07 - [TEST_STEP][PASSED] - tap(findTestObject("Object Repository/Register/Address/Register_ValidAddress/android.view.View (2)"), 0): Tapped on element 'Object Repository/Register/Address/Register_ValidAddress/android.view.View (2)'

2023-03-21 10:56:07 - [MESSAGE][WARNING] - Timeout '0' is invalid. Using default page load timeout: '30'

2023-03-21 10:56:08 - [MESSAGE][PASSED] - Tapped on element 'Object Repository/Register/Address/Register_ValidAddress/android.view.View (2)'

2023-03-21 10:56:08 - [TEST_STEP][PASSED] - tap(findTestObject("Object Repository/Register/Address/Register_ValidAddress/android.view.View (3)"), 0): Tapped on element 'Object Repository/Register/Address/Register_ValidAddress/android.view.View (3)'

2023-03-21 10:56:08 - [MESSAGE][WARNING] - Timeout '0' is invalid. Using default page load timeout: '30'

2023-03-21 10:56:09 - [MESSAGE][PASSED] - Tapped on element 'Object Repository/Register/Address/Register_ValidAddress/android.view.View (3)'

2023-03-21 10:56:09 - [TEST_STEP][PASSED] - tap(findTestObject("Object Repository/Register/Address/Register_ValidAddress/android.widget.Button"), 0): Tapped on element 'Object Repository/Register/Address/Register_ValidAddress/android.widget.Button'

2023-03-21 10:56:09 - [MESSAGE][WARNING] - Timeout '0' is invalid. Using default page load timeout: '30'

2023-03-21 10:56:10 - [MESSAGE][PASSED] - Tapped on element 'Object Repository/Register/Address/Register_ValidAddress/android.widget.Button'

2023-03-21 10:56:10 - [TEST_STEP][PASSED] - tap(findTestObject("Object Repository/Register/Address/Register_ValidAddress/android.view.View (4)"), 0): Tapped on element 'Object Repository/Register/Address/Register_ValidAddress/android.view.View (4)'

2023-03-21 10:56:10 - [MESSAGE][WARNING] - Timeout '0' is invalid. Using default page load timeout: '30'

2023-03-21 10:56:11 - [MESSAGE][PASSED] - Tapped on element 'Object Repository/Register/Address/Register_ValidAddress/android.view.View (4)'

2023-03-21 10:56:11 - [TEST_STEP][PASSED] - tap(findTestObject("Object Repository/Register/Address/Register_ValidAddress/android.view.View (5)"), 0): Tapped on element 'Object Repository/Register/Address/Register_ValidAddress/android.view.View (5)'

2023-03-21 10:56:11 - [MESSAGE][WARNING] - Timeout '0' is invalid. Using default page load timeout: '30'

2023-03-21 10:56:12 - [MESSAGE][PASSED] - Tapped on element 'Object Repository/Register/Address/Register_ValidAddress/android.view.View (5)'

2023-03-21 10:56:12 - [TEST_STEP][PASSED] - tap(findTestObject("Object Repository/Register/Address/Register_ValidAddress/android.view.View (6)"), 0): Tapped on element 'Object Repository/Register/Address/Register_ValidAddress/android.view.View (6)'

2023-03-21 10:56:12 - [MESSAGE][WARNING] - Timeout '0' is invalid. Using default page load timeout: '30'

2023-03-21 10:56:13 - [MESSAGE][PASSED] - Tapped on element 'Object Repository/Register/Address/Register_ValidAddress/android.view.View (6)']]></system-out>
         <system-err><![CDATA[]]></system-err>
      </testcase>
      <testcase name="Test Cases/Register/Phone_Number/TC_Register_PhoneTaken" time="7.426" classname="Test Cases/Register/Phone_Number/TC_Register_PhoneTaken" status="PASSED">
         <system-out><![CDATA[2023-03-21 10:56:13 - [TEST_CASE][PASSED] - Test Cases/Register/Phone_Number/TC_Register_PhoneTaken: Test Cases/Register/Phone_Number/TC_Register_PhoneTaken

2023-03-21 10:56:14 - [TEST_STEP][PASSED] - swipe(100, 400, 0, 0): Swiped from 100,400 to 0,0

2023-03-21 10:56:15 - [MESSAGE][PASSED] - Swiped from 100,400 to 0,0

2023-03-21 10:56:15 - [TEST_STEP][PASSED] - tap(findTestObject("Object Repository/Register/Phone_Number/Taken_Phone_Number/android.widget.EditText - Nomor Handphone"), 0): Tapped on element 'Object Repository/Register/Phone_Number/Taken_Phone_Number/android.widget.EditText - Nomor Handphone'

2023-03-21 10:56:15 - [MESSAGE][WARNING] - Timeout '0' is invalid. Using default page load timeout: '30'

2023-03-21 10:56:15 - [MESSAGE][PASSED] - Tapped on element 'Object Repository/Register/Phone_Number/Taken_Phone_Number/android.widget.EditText - Nomor Handphone'

2023-03-21 10:56:15 - [TEST_STEP][PASSED] - setText(findTestObject("Object Repository/Register/Phone_Number/Taken_Phone_Number/android.widget.EditText - Nomor Handphone (1)"), "081808195603", 0): Text '081808195603' has been set to element 'Object Repository/Register/Phone_Number/Taken_Phone_Number/android.widget.EditText - Nomor Handphone (1)'

2023-03-21 10:56:15 - [MESSAGE][WARNING] - Timeout '0' is invalid. Using default page load timeout: '30'

2023-03-21 10:56:16 - [MESSAGE][PASSED] - Text '081808195603' has been set to element 'Object Repository/Register/Phone_Number/Taken_Phone_Number/android.widget.EditText - Nomor Handphone (1)'

2023-03-21 10:56:16 - [TEST_STEP][PASSED] - hideKeyboard(): Keyboard is hidden

2023-03-21 10:56:20 - [MESSAGE][PASSED] - Keyboard is hidden

2023-03-21 10:56:20 - [TEST_STEP][PASSED] - delay(1, CONTINUE_ON_FAILURE): Delayed 1 second(s)

2023-03-21 10:56:21 - [MESSAGE][PASSED] - Delayed 1 second(s)]]></system-out>
         <system-err><![CDATA[]]></system-err>
      </testcase>
      <testcase name="Test Cases/Register/Phone_Number/TC_FailedPhone_Submit" time="9.405" classname="Test Cases/Register/Phone_Number/TC_FailedPhone_Submit" status="PASSED">
         <system-out><![CDATA[2023-03-21 10:56:21 - [TEST_CASE][PASSED] - Test Cases/Register/Phone_Number/TC_FailedPhone_Submit: Test Cases/Register/Phone_Number/TC_FailedPhone_Submit

2023-03-21 10:56:21 - [TEST_STEP][PASSED] - tap(findTestObject("Object Repository/Register/Phone_Number/FailedPhone_Submit/android.widget.Button"), 0): Tapped on element 'Object Repository/Register/Phone_Number/FailedPhone_Submit/android.widget.Button'

2023-03-21 10:56:21 - [MESSAGE][WARNING] - Timeout '0' is invalid. Using default page load timeout: '30'

2023-03-21 10:56:22 - [MESSAGE][PASSED] - Tapped on element 'Object Repository/Register/Phone_Number/FailedPhone_Submit/android.widget.Button'

2023-03-21 10:56:22 - [TEST_STEP][PASSED] - delay(7, CONTINUE_ON_FAILURE): Delayed 7 second(s)

2023-03-21 10:56:29 - [MESSAGE][PASSED] - Delayed 7 second(s)

2023-03-21 10:56:29 - [TEST_STEP][PASSED] - tap(findTestObject("Object Repository/Register/Phone_Number/FailedPhone_Submit/android.widget.Button (1)"), 0): Tapped on element 'Object Repository/Register/Phone_Number/FailedPhone_Submit/android.widget.Button (1)'

2023-03-21 10:56:29 - [MESSAGE][WARNING] - Timeout '0' is invalid. Using default page load timeout: '30'

2023-03-21 10:56:30 - [MESSAGE][PASSED] - Tapped on element 'Object Repository/Register/Phone_Number/FailedPhone_Submit/android.widget.Button (1)']]></system-out>
         <system-err><![CDATA[]]></system-err>
      </testcase>
      <system-out><![CDATA[2023-03-21 10:55:10 - [TEST_SUITE][PASSED] - Register_Taken_Phone: Test Cases/Register/Phone_Number/TC_FailedPhone_Submit]]></system-out>
      <system-err><![CDATA[]]></system-err>
   </testsuite>
</testsuites>
