<?xml version="1.0" encoding="UTF-8"?>
<testsuites name="Register_ResetProvinsi" time="48.309" tests="2" failures="0" errors="0">
   <testsuite name="Register_ResetProvinsi" tests="2" failures="0" errors="0" time="48.309" skipped="0" timestamp="2023-03-31 09:05:22" hostname="raiha - LAPTOP-UT2QLFD0" id="Test Suites/Register/Address/Register_ResetProvinsi">
      <properties>
         <property name="deviceName" value="Xiaomi M2101K7BNY (Android 12)"/>
         <property name="devicePlatform" value=""/>
         <property name="logFolder" value="C:\\Users\\raiha\\Katalon Studio\\Mobile Klik IGR\\Reports\\20230331_090512\\Register\\Address\\Register_ResetProvinsi\\20230331_090512"/>
         <property name="logFiles" value="C:\\Users\\raiha\\Katalon Studio\\Mobile Klik IGR\\Reports\\20230331_090512\\Register\\Address\\Register_ResetProvinsi\\20230331_090512\\appium.log, C:\\Users\\raiha\\Katalon Studio\\Mobile Klik IGR\\Reports\\20230331_090512\\Register\\Address\\Register_ResetProvinsi\\20230331_090512\\execution0.log"/>
         <property name="attachments" value=""/>
         <property name="hostName" value="raiha - LAPTOP-UT2QLFD0"/>
         <property name="os" value="Windows 10 64bit"/>
         <property name="appiumServerStatus" value="{&quot;value&quot;:{&quot;build&quot;:{&quot;version&quot;:&quot;1.22.3&quot;}},&quot;sessionId&quot;:null,&quot;status&quot;:0}"/>
         <property name="katalonVersion" value="8.5.5.208"/>
         <property name="deviceOS" value="Android"/>
         <property name="appiumVersion" value="1.22.3"/>
         <property name="deviceModel" value="M2101K7BNY"/>
         <property name="hostAddress" value="192.168.1.8"/>
         <property name="deviceManufacturer" value="Xiaomi"/>
         <property name="deviceId" value="192.168.1.7:5555"/>
         <property name="deviceName" value="Xiaomi M2101K7BNY (Android 12)"/>
         <property name="deviceOSVersion" value="12"/>
      </properties>
      <testcase name="Test Cases/Register/Redirect_to_RegisterPage" time="35.586" classname="Test Cases/Register/Redirect_to_RegisterPage" status="PASSED">
         <system-out><![CDATA[2023-03-31 09:05:23 - [TEST_CASE][PASSED] - Test Cases/Register/Redirect_to_RegisterPage: Test Cases/Register/Redirect_to_RegisterPage

2023-03-31 09:05:23 - [TEST_STEP][PASSED] - startApplication(APP, false): Started app at: 'C:\Users\raiha\Katalon Studio\Mobile Klik IGR\AndroidApp\Klik Dev v6.0.0(105).apk'

2023-03-31 09:05:23 - [MESSAGE][INFO] - User set preference: ['deviceId', '']

2023-03-31 09:05:24 - [MESSAGE][INFO] - Detected NodeJS location: "C:\Program Files\nodejs\node.exe"

2023-03-31 09:05:26 - [MESSAGE][INFO] - Appium server started on port 58,018

2023-03-31 09:05:55 - [MESSAGE][PASSED] - Started app at: 'C:\Users\raiha\Katalon Studio\Mobile Klik IGR\AndroidApp\Klik Dev v6.0.0(105).apk'

2023-03-31 09:05:55 - [TEST_STEP][PASSED] - tap(findTestObject("Profil/Profil_Button/Menu Akun"), 0): Tapped on element 'Object Repository/Profil/Profil_Button/Menu Akun'

2023-03-31 09:05:55 - [MESSAGE][WARNING] - Timeout '0' is invalid. Using default page load timeout: '30'

2023-03-31 09:05:56 - [MESSAGE][PASSED] - Tapped on element 'Object Repository/Profil/Profil_Button/Menu Akun'

2023-03-31 09:05:56 - [TEST_STEP][PASSED] - tap(findTestObject("Login/Tombol Daftar"), 0): Tapped on element 'Object Repository/Login/Tombol Daftar'

2023-03-31 09:05:56 - [MESSAGE][WARNING] - Timeout '0' is invalid. Using default page load timeout: '30'

2023-03-31 09:05:57 - [MESSAGE][PASSED] - Tapped on element 'Object Repository/Login/Tombol Daftar'

2023-03-31 09:05:57 - [TEST_STEP][PASSED] - delay(1, CONTINUE_ON_FAILURE): Delayed 1 second(s)

2023-03-31 09:05:58 - [MESSAGE][PASSED] - Delayed 1 second(s)]]></system-out>
         <system-err><![CDATA[]]></system-err>
      </testcase>
      <testcase name="Test Cases/Register/Address/TC_Reset_Provinsi" time="12.407" classname="Test Cases/Register/Address/TC_Reset_Provinsi" status="PASSED">
         <system-out><![CDATA[2023-03-31 09:05:58 - [TEST_CASE][PASSED] - Test Cases/Register/Address/TC_Reset_Provinsi: Test Cases/Register/Address/TC_Reset_Provinsi

2023-03-31 09:05:58 - [TEST_STEP][PASSED] - tap(findTestObject("Register/Address/Dropdown Provinsi - Register"), 0): Tapped on element 'Object Repository/Register/Address/Dropdown Provinsi - Register'

2023-03-31 09:05:59 - [MESSAGE][WARNING] - Timeout '0' is invalid. Using default page load timeout: '30'

2023-03-31 09:06:01 - [MESSAGE][PASSED] - Tapped on element 'Object Repository/Register/Address/Dropdown Provinsi - Register'

2023-03-31 09:06:01 - [TEST_STEP][PASSED] - tap(findTestObject("Object Repository/Register/Address/Register_ResetProvinsi/Opsi Provinsi -Banten-"), 0): Tapped on element 'Object Repository/Register/Address/Register_ResetProvinsi/Opsi Provinsi -Banten-'

2023-03-31 09:06:01 - [MESSAGE][WARNING] - Timeout '0' is invalid. Using default page load timeout: '30'

2023-03-31 09:06:02 - [MESSAGE][PASSED] - Tapped on element 'Object Repository/Register/Address/Register_ResetProvinsi/Opsi Provinsi -Banten-'

2023-03-31 09:06:02 - [TEST_STEP][PASSED] - tap(findTestObject("Register/Address/Dropdown Kota - Register"), 0): Tapped on element 'Object Repository/Register/Address/Dropdown Kota - Register'

2023-03-31 09:06:02 - [MESSAGE][WARNING] - Timeout '0' is invalid. Using default page load timeout: '30'

2023-03-31 09:06:03 - [MESSAGE][PASSED] - Tapped on element 'Object Repository/Register/Address/Dropdown Kota - Register'

2023-03-31 09:06:03 - [TEST_STEP][PASSED] - tap(findTestObject("Object Repository/Register/Address/Register_ResetProvinsi/Opsi Kota -Kabupaten Tangerang-"), 0): Tapped on element 'Object Repository/Register/Address/Register_ResetProvinsi/Opsi Kota -Kabupaten Tangerang-'

2023-03-31 09:06:03 - [MESSAGE][WARNING] - Timeout '0' is invalid. Using default page load timeout: '30'

2023-03-31 09:06:04 - [MESSAGE][PASSED] - Tapped on element 'Object Repository/Register/Address/Register_ResetProvinsi/Opsi Kota -Kabupaten Tangerang-'

2023-03-31 09:06:04 - [TEST_STEP][PASSED] - tap(findTestObject("Register/Address/Dropdown Kecamatan - Register"), 0): Tapped on element 'Object Repository/Register/Address/Dropdown Kecamatan - Register'

2023-03-31 09:06:04 - [MESSAGE][WARNING] - Timeout '0' is invalid. Using default page load timeout: '30'

2023-03-31 09:06:06 - [MESSAGE][PASSED] - Tapped on element 'Object Repository/Register/Address/Dropdown Kecamatan - Register'

2023-03-31 09:06:06 - [TEST_STEP][PASSED] - tap(findTestObject("Object Repository/Register/Address/Register_ResetProvinsi/Opsi Kecamatan -Cisauk-"), 0): Tapped on element 'Object Repository/Register/Address/Register_ResetProvinsi/Opsi Kecamatan -Cisauk-'

2023-03-31 09:06:06 - [MESSAGE][WARNING] - Timeout '0' is invalid. Using default page load timeout: '30'

2023-03-31 09:06:07 - [MESSAGE][PASSED] - Tapped on element 'Object Repository/Register/Address/Register_ResetProvinsi/Opsi Kecamatan -Cisauk-'

2023-03-31 09:06:07 - [TEST_STEP][PASSED] - tap(findTestObject("Register/Address/Dropdown Kelurahan - Register"), 0): Tapped on element 'Object Repository/Register/Address/Dropdown Kelurahan - Register'

2023-03-31 09:06:07 - [MESSAGE][WARNING] - Timeout '0' is invalid. Using default page load timeout: '30'

2023-03-31 09:06:08 - [MESSAGE][PASSED] - Tapped on element 'Object Repository/Register/Address/Dropdown Kelurahan - Register'

2023-03-31 09:06:08 - [TEST_STEP][PASSED] - tap(findTestObject("Object Repository/Register/Address/Register_ResetProvinsi/Opsi Kelurahan -Cisauk-"), 0): Tapped on element 'Object Repository/Register/Address/Register_ResetProvinsi/Opsi Kelurahan -Cisauk-'

2023-03-31 09:06:08 - [MESSAGE][WARNING] - Timeout '0' is invalid. Using default page load timeout: '30'

2023-03-31 09:06:09 - [MESSAGE][PASSED] - Tapped on element 'Object Repository/Register/Address/Register_ResetProvinsi/Opsi Kelurahan -Cisauk-'

2023-03-31 09:06:09 - [TEST_STEP][PASSED] - tap(findTestObject("Object Repository/Register/Address/Register_ResetProvinsi/Dropdown Provinsi -Banten-"), 0): Tapped on element 'Object Repository/Register/Address/Register_ResetProvinsi/Dropdown Provinsi -Banten-'

2023-03-31 09:06:09 - [MESSAGE][WARNING] - Timeout '0' is invalid. Using default page load timeout: '30'

2023-03-31 09:06:10 - [MESSAGE][PASSED] - Tapped on element 'Object Repository/Register/Address/Register_ResetProvinsi/Dropdown Provinsi -Banten-'

2023-03-31 09:06:10 - [TEST_STEP][PASSED] - tap(findTestObject("Object Repository/Register/Address/Register_ResetProvinsi/Opsi Provinsi -Bali-"), 0): Tapped on element 'Object Repository/Register/Address/Register_ResetProvinsi/Opsi Provinsi -Bali-'

2023-03-31 09:06:10 - [MESSAGE][WARNING] - Timeout '0' is invalid. Using default page load timeout: '30'

2023-03-31 09:06:11 - [MESSAGE][PASSED] - Tapped on element 'Object Repository/Register/Address/Register_ResetProvinsi/Opsi Provinsi -Bali-']]></system-out>
         <system-err><![CDATA[]]></system-err>
      </testcase>
      <system-out><![CDATA[2023-03-31 09:05:22 - [TEST_SUITE][PASSED] - Register_ResetProvinsi: Test Cases/Register/Address/TC_Reset_Provinsi]]></system-out>
      <system-err><![CDATA[]]></system-err>
   </testsuite>
</testsuites>
