<?xml version="1.0" encoding="UTF-8"?>
<testsuites name="Register_Invalid_Email" time="78.867" tests="8" failures="0" errors="0">
   <testsuite name="Register_Invalid_Email" tests="8" failures="0" errors="0" time="78.867" skipped="0" timestamp="2023-03-31 09:52:04" hostname="raiha - LAPTOP-UT2QLFD0" id="Test Suites/Register/Email/Register_Invalid_Email">
      <properties>
         <property name="deviceName" value="Xiaomi M2101K7BNY (Android 12)"/>
         <property name="devicePlatform" value=""/>
         <property name="logFolder" value="C:\\Users\\raiha\\Katalon Studio\\Mobile Klik IGR\\Reports\\20230331_095153\\Register\\Email\\Register_Invalid_Email\\20230331_095153"/>
         <property name="logFiles" value="C:\\Users\\raiha\\Katalon Studio\\Mobile Klik IGR\\Reports\\20230331_095153\\Register\\Email\\Register_Invalid_Email\\20230331_095153\\appium.log, C:\\Users\\raiha\\Katalon Studio\\Mobile Klik IGR\\Reports\\20230331_095153\\Register\\Email\\Register_Invalid_Email\\20230331_095153\\execution0.log"/>
         <property name="attachments" value=""/>
         <property name="hostName" value="raiha - LAPTOP-UT2QLFD0"/>
         <property name="os" value="Windows 10 64bit"/>
         <property name="appiumServerStatus" value="{&quot;value&quot;:{&quot;build&quot;:{&quot;version&quot;:&quot;1.22.3&quot;}},&quot;sessionId&quot;:null,&quot;status&quot;:0}"/>
         <property name="katalonVersion" value="8.5.5.208"/>
         <property name="deviceOS" value="Android"/>
         <property name="appiumVersion" value="1.22.3"/>
         <property name="deviceModel" value="M2101K7BNY"/>
         <property name="hostAddress" value="192.168.1.8"/>
         <property name="deviceManufacturer" value="Xiaomi"/>
         <property name="deviceId" value="192.168.1.7:5555"/>
         <property name="deviceName" value="Xiaomi M2101K7BNY (Android 12)"/>
         <property name="deviceOSVersion" value="12"/>
      </properties>
      <testcase name="Test Cases/Register/Redirect_to_RegisterPage" time="43.753" classname="Test Cases/Register/Redirect_to_RegisterPage" status="PASSED">
         <system-out><![CDATA[2023-03-31 09:52:04 - [TEST_CASE][PASSED] - Test Cases/Register/Redirect_to_RegisterPage: Test Cases/Register/Redirect_to_RegisterPage

2023-03-31 09:52:04 - [TEST_STEP][PASSED] - startApplication(APP, false): Started app at: 'C:\Users\raiha\Katalon Studio\Mobile Klik IGR\AndroidApp\Klik Dev v6.0.0(105).apk'

2023-03-31 09:52:05 - [MESSAGE][INFO] - User set preference: ['deviceId', '']

2023-03-31 09:52:05 - [MESSAGE][INFO] - Detected NodeJS location: "C:\Program Files\nodejs\node.exe"

2023-03-31 09:52:08 - [MESSAGE][INFO] - Appium server started on port 55,417

2023-03-31 09:52:45 - [MESSAGE][PASSED] - Started app at: 'C:\Users\raiha\Katalon Studio\Mobile Klik IGR\AndroidApp\Klik Dev v6.0.0(105).apk'

2023-03-31 09:52:45 - [TEST_STEP][PASSED] - tap(findTestObject("Profil/Profil_Button/Menu Akun"), 0): Tapped on element 'Object Repository/Profil/Profil_Button/Menu Akun'

2023-03-31 09:52:45 - [MESSAGE][WARNING] - Timeout '0' is invalid. Using default page load timeout: '30'

2023-03-31 09:52:46 - [MESSAGE][PASSED] - Tapped on element 'Object Repository/Profil/Profil_Button/Menu Akun'

2023-03-31 09:52:46 - [TEST_STEP][PASSED] - tap(findTestObject("Login/Tombol Daftar"), 0): Tapped on element 'Object Repository/Login/Tombol Daftar'

2023-03-31 09:52:46 - [MESSAGE][WARNING] - Timeout '0' is invalid. Using default page load timeout: '30'

2023-03-31 09:52:47 - [MESSAGE][PASSED] - Tapped on element 'Object Repository/Login/Tombol Daftar'

2023-03-31 09:52:47 - [TEST_STEP][PASSED] - delay(1, CONTINUE_ON_FAILURE): Delayed 1 second(s)

2023-03-31 09:52:48 - [MESSAGE][PASSED] - Delayed 1 second(s)]]></system-out>
         <system-err><![CDATA[]]></system-err>
      </testcase>
      <testcase name="Test Cases/Register/Name/TC_Register_ValidName" time="2.266" classname="Test Cases/Register/Name/TC_Register_ValidName" status="PASSED">
         <system-out><![CDATA[2023-03-31 09:52:48 - [TEST_CASE][PASSED] - Test Cases/Register/Name/TC_Register_ValidName: Test Cases/Register/Name/TC_Register_ValidName

2023-03-31 09:52:48 - [TEST_STEP][PASSED] - tap(findTestObject("Object Repository/Register/Name/Register_ValidName/android.widget.EditText - Nama"), 0): Tapped on element 'Object Repository/Register/Name/Register_ValidName/android.widget.EditText - Nama'

2023-03-31 09:52:48 - [MESSAGE][WARNING] - Timeout '0' is invalid. Using default page load timeout: '30'

2023-03-31 09:52:50 - [MESSAGE][PASSED] - Tapped on element 'Object Repository/Register/Name/Register_ValidName/android.widget.EditText - Nama'

2023-03-31 09:52:50 - [TEST_STEP][PASSED] - setText(findTestObject("Object Repository/Register/Name/Register_ValidName/android.widget.EditText - Nama (1)"), "raihan", 0): Text 'raihan' has been set to element 'Object Repository/Register/Name/Register_ValidName/android.widget.EditText - Nama (1)'

2023-03-31 09:52:50 - [MESSAGE][WARNING] - Timeout '0' is invalid. Using default page load timeout: '30'

2023-03-31 09:52:50 - [MESSAGE][PASSED] - Text 'raihan' has been set to element 'Object Repository/Register/Name/Register_ValidName/android.widget.EditText - Nama (1)']]></system-out>
         <system-err><![CDATA[]]></system-err>
      </testcase>
      <testcase name="Test Cases/Register/Email/TC_Register_InvalidEmail" time="2.651" classname="Test Cases/Register/Email/TC_Register_InvalidEmail" status="PASSED">
         <system-out><![CDATA[2023-03-31 09:52:50 - [TEST_CASE][PASSED] - Test Cases/Register/Email/TC_Register_InvalidEmail: Test Cases/Register/Email/TC_Register_InvalidEmail

2023-03-31 09:52:50 - [TEST_STEP][PASSED] - tap(findTestObject("Register/Field Email - Register"), 0): Tapped on element 'Object Repository/Register/Field Email - Register'

2023-03-31 09:52:50 - [MESSAGE][WARNING] - Timeout '0' is invalid. Using default page load timeout: '30'

2023-03-31 09:52:52 - [MESSAGE][PASSED] - Tapped on element 'Object Repository/Register/Field Email - Register'

2023-03-31 09:52:52 - [TEST_STEP][PASSED] - setText(findTestObject("Register/Field Email - Register"), "sulthanraihan.ymail.com", 0): Text 'sulthanraihan.ymail.com' has been set to element 'Object Repository/Register/Field Email - Register'

2023-03-31 09:52:52 - [MESSAGE][WARNING] - Timeout '0' is invalid. Using default page load timeout: '30'

2023-03-31 09:52:53 - [MESSAGE][PASSED] - Text 'sulthanraihan.ymail.com' has been set to element 'Object Repository/Register/Field Email - Register']]></system-out>
         <system-err><![CDATA[]]></system-err>
      </testcase>
      <testcase name="Test Cases/Register/Password/TC_Register_ValidPassword" time="6.646" classname="Test Cases/Register/Password/TC_Register_ValidPassword" status="PASSED">
         <system-out><![CDATA[2023-03-31 09:52:53 - [TEST_CASE][PASSED] - Test Cases/Register/Password/TC_Register_ValidPassword: Test Cases/Register/Password/TC_Register_ValidPassword

2023-03-31 09:52:53 - [TEST_STEP][PASSED] - tap(findTestObject("Object Repository/Register/Password/Register_ValidPassword/android.widget.EditText - Password"), 0): Tapped on element 'Object Repository/Register/Password/Register_ValidPassword/android.widget.EditText - Password'

2023-03-31 09:52:53 - [MESSAGE][WARNING] - Timeout '0' is invalid. Using default page load timeout: '30'

2023-03-31 09:52:55 - [MESSAGE][PASSED] - Tapped on element 'Object Repository/Register/Password/Register_ValidPassword/android.widget.EditText - Password'

2023-03-31 09:52:55 - [TEST_STEP][PASSED] - setEncryptedText(findTestObject("Object Repository/Register/Password/Register_ValidPassword/android.widget.EditText - Password (1)"), "lsdNNXlVAZI=", 0): Encrypted text 'lsdNNXlVAZI=' has been set to element 'Object Repository/Register/Password/Register_ValidPassword/android.widget.EditText - Password (1)'

2023-03-31 09:52:55 - [MESSAGE][WARNING] - Timeout '0' is invalid. Using default page load timeout: '30'

2023-03-31 09:52:55 - [MESSAGE][PASSED] - Encrypted text 'lsdNNXlVAZI=' has been set to element 'Object Repository/Register/Password/Register_ValidPassword/android.widget.EditText - Password (1)'

2023-03-31 09:52:55 - [TEST_STEP][PASSED] - tap(findTestObject("Object Repository/Register/Password/Register_ValidPassword/android.widget.Button"), 0): Tapped on element 'Object Repository/Register/Password/Register_ValidPassword/android.widget.Button'

2023-03-31 09:52:55 - [MESSAGE][WARNING] - Timeout '0' is invalid. Using default page load timeout: '30'

2023-03-31 09:52:56 - [MESSAGE][PASSED] - Tapped on element 'Object Repository/Register/Password/Register_ValidPassword/android.widget.Button'

2023-03-31 09:52:56 - [TEST_STEP][PASSED] - tap(findTestObject("Object Repository/Register/Password/Register_ValidPassword/android.widget.EditText - Ketik Ulang Password"), 0): Tapped on element 'Object Repository/Register/Password/Register_ValidPassword/android.widget.EditText - Ketik Ulang Password'

2023-03-31 09:52:56 - [MESSAGE][WARNING] - Timeout '0' is invalid. Using default page load timeout: '30'

2023-03-31 09:52:57 - [MESSAGE][PASSED] - Tapped on element 'Object Repository/Register/Password/Register_ValidPassword/android.widget.EditText - Ketik Ulang Password'

2023-03-31 09:52:57 - [TEST_STEP][PASSED] - setEncryptedText(findTestObject("Object Repository/Register/Password/Register_ValidPassword/android.widget.EditText - Ketik Ulang Password (1)"), "lsdNNXlVAZI=", 0): Encrypted text 'lsdNNXlVAZI=' has been set to element 'Object Repository/Register/Password/Register_ValidPassword/android.widget.EditText - Ketik Ulang Password (1)'

2023-03-31 09:52:57 - [MESSAGE][WARNING] - Timeout '0' is invalid. Using default page load timeout: '30'

2023-03-31 09:52:58 - [MESSAGE][PASSED] - Encrypted text 'lsdNNXlVAZI=' has been set to element 'Object Repository/Register/Password/Register_ValidPassword/android.widget.EditText - Ketik Ulang Password (1)'

2023-03-31 09:52:58 - [TEST_STEP][PASSED] - tap(findTestObject("Object Repository/Register/Password/Register_ValidPassword/android.widget.Button (1)"), 0): Tapped on element 'Object Repository/Register/Password/Register_ValidPassword/android.widget.Button (1)'

2023-03-31 09:52:58 - [MESSAGE][WARNING] - Timeout '0' is invalid. Using default page load timeout: '30'

2023-03-31 09:52:59 - [MESSAGE][PASSED] - Tapped on element 'Object Repository/Register/Password/Register_ValidPassword/android.widget.Button (1)']]></system-out>
         <system-err><![CDATA[]]></system-err>
      </testcase>
      <testcase name="Test Cases/Register/Address/TC_Register_ValidAddress" time="12.366" classname="Test Cases/Register/Address/TC_Register_ValidAddress" status="PASSED">
         <system-out><![CDATA[2023-03-31 09:52:59 - [TEST_CASE][PASSED] - Test Cases/Register/Address/TC_Register_ValidAddress: Test Cases/Register/Address/TC_Register_ValidAddress

2023-03-31 09:53:00 - [TEST_STEP][PASSED] - tap(findTestObject("Register/Address/Field Alamat Pengiriman - Register"), 0): Tapped on element 'Object Repository/Register/Address/Field Alamat Pengiriman - Register'

2023-03-31 09:53:00 - [MESSAGE][WARNING] - Timeout '0' is invalid. Using default page load timeout: '30'

2023-03-31 09:53:01 - [MESSAGE][PASSED] - Tapped on element 'Object Repository/Register/Address/Field Alamat Pengiriman - Register'

2023-03-31 09:53:01 - [TEST_STEP][PASSED] - setText(findTestObject("Register/Address/Field Alamat Pengiriman - Register"), "Jl. yang ada di Kedaung", 0): Text 'Jl. yang ada di Kedaung' has been set to element 'Object Repository/Register/Address/Field Alamat Pengiriman - Register'

2023-03-31 09:53:01 - [MESSAGE][WARNING] - Timeout '0' is invalid. Using default page load timeout: '30'

2023-03-31 09:53:02 - [MESSAGE][PASSED] - Text 'Jl. yang ada di Kedaung' has been set to element 'Object Repository/Register/Address/Field Alamat Pengiriman - Register'

2023-03-31 09:53:02 - [TEST_STEP][PASSED] - hideKeyboard(): Keyboard is hidden

2023-03-31 09:53:03 - [MESSAGE][PASSED] - Keyboard is hidden

2023-03-31 09:53:03 - [TEST_STEP][PASSED] - tap(findTestObject("Register/Address/Dropdown Provinsi - Register"), 0): Tapped on element 'Object Repository/Register/Address/Dropdown Provinsi - Register'

2023-03-31 09:53:04 - [MESSAGE][WARNING] - Timeout '0' is invalid. Using default page load timeout: '30'

2023-03-31 09:53:05 - [MESSAGE][PASSED] - Tapped on element 'Object Repository/Register/Address/Dropdown Provinsi - Register'

2023-03-31 09:53:05 - [TEST_STEP][PASSED] - tap(findTestObject("Register/Address/Register_ResetAddress/Opsi Provinsi -Banten-"), 0): Tapped on element 'Object Repository/Register/Address/Register_ResetAddress/Opsi Provinsi -Banten-'

2023-03-31 09:53:05 - [MESSAGE][WARNING] - Timeout '0' is invalid. Using default page load timeout: '30'

2023-03-31 09:53:06 - [MESSAGE][PASSED] - Tapped on element 'Object Repository/Register/Address/Register_ResetAddress/Opsi Provinsi -Banten-'

2023-03-31 09:53:06 - [TEST_STEP][PASSED] - tap(findTestObject("Register/Address/Dropdown Kota - Register"), 0): Tapped on element 'Object Repository/Register/Address/Dropdown Kota - Register'

2023-03-31 09:53:06 - [MESSAGE][WARNING] - Timeout '0' is invalid. Using default page load timeout: '30'

2023-03-31 09:53:07 - [MESSAGE][PASSED] - Tapped on element 'Object Repository/Register/Address/Dropdown Kota - Register'

2023-03-31 09:53:07 - [TEST_STEP][PASSED] - tap(findTestObject("Register/Address/Register_ResetAddress/Opsi Kota -Kabupaten Tangerang-"), 0): Tapped on element 'Object Repository/Register/Address/Register_ResetAddress/Opsi Kota -Kabupaten Tangerang-'

2023-03-31 09:53:07 - [MESSAGE][WARNING] - Timeout '0' is invalid. Using default page load timeout: '30'

2023-03-31 09:53:08 - [MESSAGE][PASSED] - Tapped on element 'Object Repository/Register/Address/Register_ResetAddress/Opsi Kota -Kabupaten Tangerang-'

2023-03-31 09:53:08 - [TEST_STEP][PASSED] - tap(findTestObject("Register/Address/Dropdown Kecamatan - Register"), 0): Tapped on element 'Object Repository/Register/Address/Dropdown Kecamatan - Register'

2023-03-31 09:53:08 - [MESSAGE][WARNING] - Timeout '0' is invalid. Using default page load timeout: '30'

2023-03-31 09:53:09 - [MESSAGE][PASSED] - Tapped on element 'Object Repository/Register/Address/Dropdown Kecamatan - Register'

2023-03-31 09:53:09 - [TEST_STEP][PASSED] - tap(findTestObject("Register/Address/Register_ResetAddress/Opsi Kecamatan -Cisauk-"), 0): Tapped on element 'Object Repository/Register/Address/Register_ResetAddress/Opsi Kecamatan -Cisauk-'

2023-03-31 09:53:09 - [MESSAGE][WARNING] - Timeout '0' is invalid. Using default page load timeout: '30'

2023-03-31 09:53:10 - [MESSAGE][PASSED] - Tapped on element 'Object Repository/Register/Address/Register_ResetAddress/Opsi Kecamatan -Cisauk-'

2023-03-31 09:53:10 - [TEST_STEP][PASSED] - tap(findTestObject("Register/Address/Dropdown Kelurahan - Register"), 0): Tapped on element 'Object Repository/Register/Address/Dropdown Kelurahan - Register'

2023-03-31 09:53:10 - [MESSAGE][WARNING] - Timeout '0' is invalid. Using default page load timeout: '30'

2023-03-31 09:53:11 - [MESSAGE][PASSED] - Tapped on element 'Object Repository/Register/Address/Dropdown Kelurahan - Register'

2023-03-31 09:53:11 - [TEST_STEP][PASSED] - tap(findTestObject("Register/Address/Register_ResetAddress/Opsi Kelurahan -Cisauk-"), 0): Tapped on element 'Object Repository/Register/Address/Register_ResetAddress/Opsi Kelurahan -Cisauk-'

2023-03-31 09:53:11 - [MESSAGE][WARNING] - Timeout '0' is invalid. Using default page load timeout: '30'

2023-03-31 09:53:12 - [MESSAGE][PASSED] - Tapped on element 'Object Repository/Register/Address/Register_ResetAddress/Opsi Kelurahan -Cisauk-']]></system-out>
         <system-err><![CDATA[]]></system-err>
      </testcase>
      <testcase name="Test Cases/Register/Phone_Number/TC_Register_ValidPhone" time="7.964" classname="Test Cases/Register/Phone_Number/TC_Register_ValidPhone" status="PASSED">
         <system-out><![CDATA[2023-03-31 09:53:12 - [TEST_CASE][PASSED] - Test Cases/Register/Phone_Number/TC_Register_ValidPhone: Test Cases/Register/Phone_Number/TC_Register_ValidPhone

2023-03-31 09:53:12 - [TEST_STEP][PASSED] - swipe(100, 400, 0, 0): Swiped from 100,400 to 0,0

2023-03-31 09:53:13 - [MESSAGE][PASSED] - Swiped from 100,400 to 0,0

2023-03-31 09:53:13 - [TEST_STEP][PASSED] - tap(findTestObject("Object Repository/Register/Phone_Number/Valid_Phone_Number/android.widget.EditText - Nomor Handphone"), 0): Tapped on element 'Object Repository/Register/Phone_Number/Valid_Phone_Number/android.widget.EditText - Nomor Handphone'

2023-03-31 09:53:13 - [MESSAGE][WARNING] - Timeout '0' is invalid. Using default page load timeout: '30'

2023-03-31 09:53:14 - [MESSAGE][PASSED] - Tapped on element 'Object Repository/Register/Phone_Number/Valid_Phone_Number/android.widget.EditText - Nomor Handphone'

2023-03-31 09:53:14 - [TEST_STEP][PASSED] - setText(findTestObject("Object Repository/Register/Phone_Number/Valid_Phone_Number/android.widget.EditText - Nomor Handphone (1)"), "085817746351", 0): Text '085817746351' has been set to element 'Object Repository/Register/Phone_Number/Valid_Phone_Number/android.widget.EditText - Nomor Handphone (1)'

2023-03-31 09:53:14 - [MESSAGE][WARNING] - Timeout '0' is invalid. Using default page load timeout: '30'

2023-03-31 09:53:15 - [MESSAGE][PASSED] - Text '085817746351' has been set to element 'Object Repository/Register/Phone_Number/Valid_Phone_Number/android.widget.EditText - Nomor Handphone (1)'

2023-03-31 09:53:15 - [TEST_STEP][PASSED] - hideKeyboard(): Keyboard is hidden

2023-03-31 09:53:19 - [MESSAGE][PASSED] - Keyboard is hidden

2023-03-31 09:53:19 - [TEST_STEP][PASSED] - delay(1, CONTINUE_ON_FAILURE): Delayed 1 second(s)

2023-03-31 09:53:20 - [MESSAGE][PASSED] - Delayed 1 second(s)]]></system-out>
         <system-err><![CDATA[]]></system-err>
      </testcase>
      <testcase name="Test Cases/Register/Register_Submit" time="1.085" classname="Test Cases/Register/Register_Submit" status="PASSED">
         <system-out><![CDATA[2023-03-31 09:53:20 - [TEST_CASE][PASSED] - Test Cases/Register/Register_Submit: Test Cases/Register/Register_Submit

2023-03-31 09:53:20 - [TEST_STEP][PASSED] - tap(findTestObject("Register/Tombol Daftar"), 0): Tapped on element 'Object Repository/Register/Tombol Daftar'

2023-03-31 09:53:20 - [MESSAGE][WARNING] - Timeout '0' is invalid. Using default page load timeout: '30'

2023-03-31 09:53:21 - [MESSAGE][PASSED] - Tapped on element 'Object Repository/Register/Tombol Daftar']]></system-out>
         <system-err><![CDATA[]]></system-err>
      </testcase>
      <testcase name="Test Cases/Register/Email/TC_Verify_Invalid_Email" time="1.728" classname="Test Cases/Register/Email/TC_Verify_Invalid_Email" status="PASSED">
         <system-out><![CDATA[2023-03-31 09:53:21 - [TEST_CASE][PASSED] - Test Cases/Register/Email/TC_Verify_Invalid_Email: Test Cases/Register/Email/TC_Verify_Invalid_Email

2023-03-31 09:53:21 - [TEST_STEP][PASSED] - swipe(400, 400, 400, 1000): Swiped from 400,400 to 400,1,000

2023-03-31 09:53:22 - [MESSAGE][PASSED] - Swiped from 400,400 to 400,1,000

2023-03-31 09:53:22 - [TEST_STEP][PASSED] - getText(findTestObject("Object Repository/Register/Email/Verify_AlertEmail/Alert Email tidak valid"), 0): Text of element 'Object Repository/Register/Email/Verify_AlertEmail/Alert Email tidak valid' is: ''

2023-03-31 09:53:22 - [MESSAGE][WARNING] - Timeout '0' is invalid. Using default page load timeout: '30'

2023-03-31 09:53:22 - [MESSAGE][PASSED] - Text of element 'Object Repository/Register/Email/Verify_AlertEmail/Alert Email tidak valid' is: ''

2023-03-31 09:53:22 - [TEST_STEP][PASSED] - verifyElementVisible(findTestObject("Object Repository/Register/Email/Verify_AlertEmail/Alert Email tidak valid"), 0): Element 'Object Repository/Register/Email/Verify_AlertEmail/Alert Email tidak valid' is visible

2023-03-31 09:53:22 - [MESSAGE][WARNING] - Timeout '0' is invalid. Using default page load timeout: '30'

2023-03-31 09:53:23 - [MESSAGE][PASSED] - Element 'Object Repository/Register/Email/Verify_AlertEmail/Alert Email tidak valid' is visible

2023-03-31 09:53:23 - [TEST_STEP][PASSED] - verifyMatch("Email yang anda masukkan tidak valid!", "Email yang anda masukkan tidak valid!", false): Actual text 'Email yang anda masukkan tidak valid!' and expected text 'Email yang anda masukkan tidak valid!' are matched 

2023-03-31 09:53:23 - [MESSAGE][PASSED] - Actual text 'Email yang anda masukkan tidak valid!' and expected text 'Email yang anda masukkan tidak valid!' are matched]]></system-out>
         <system-err><![CDATA[]]></system-err>
      </testcase>
      <system-out><![CDATA[2023-03-31 09:52:04 - [TEST_SUITE][PASSED] - Register_Invalid_Email: Test Cases/Register/Email/TC_Verify_Invalid_Email]]></system-out>
      <system-err><![CDATA[]]></system-err>
   </testsuite>
</testsuites>
