<?xml version="1.0" encoding="UTF-8"?>
<testsuites name="Register_Taken_Phone" time="82.01" tests="7" failures="0" errors="0">
   <testsuite name="Register_Taken_Phone" tests="7" failures="0" errors="0" time="82.01" skipped="0" timestamp="2023-03-31 10:03:50" hostname="raiha - LAPTOP-UT2QLFD0" id="Test Suites/Register/Phone/Register_Taken_Phone">
      <properties>
         <property name="deviceName" value="Xiaomi M2101K7BNY (Android 12)"/>
         <property name="devicePlatform" value=""/>
         <property name="logFolder" value="C:\\Users\\raiha\\Katalon Studio\\Mobile Klik IGR\\Reports\\20230331_100340\\Register\\Phone\\Register_Taken_Phone\\20230331_100340"/>
         <property name="logFiles" value="C:\\Users\\raiha\\Katalon Studio\\Mobile Klik IGR\\Reports\\20230331_100340\\Register\\Phone\\Register_Taken_Phone\\20230331_100340\\appium.log, C:\\Users\\raiha\\Katalon Studio\\Mobile Klik IGR\\Reports\\20230331_100340\\Register\\Phone\\Register_Taken_Phone\\20230331_100340\\execution0.log"/>
         <property name="attachments" value="C:\Users\raiha\Katalon Studio\Mobile Klik IGR\Reports\20230331_100340\Register\Phone\Register_Taken_Phone\20230331_100340Failed Register Taken Phone.png"/>
         <property name="hostName" value="raiha - LAPTOP-UT2QLFD0"/>
         <property name="os" value="Windows 10 64bit"/>
         <property name="appiumServerStatus" value="{&quot;value&quot;:{&quot;build&quot;:{&quot;version&quot;:&quot;1.22.3&quot;}},&quot;sessionId&quot;:null,&quot;status&quot;:0}"/>
         <property name="katalonVersion" value="8.5.5.208"/>
         <property name="deviceOS" value="Android"/>
         <property name="appiumVersion" value="1.22.3"/>
         <property name="deviceModel" value="M2101K7BNY"/>
         <property name="hostAddress" value="192.168.1.8"/>
         <property name="deviceManufacturer" value="Xiaomi"/>
         <property name="deviceId" value="192.168.1.7:5555"/>
         <property name="deviceName" value="Xiaomi M2101K7BNY (Android 12)"/>
         <property name="deviceOSVersion" value="12"/>
      </properties>
      <testcase name="Test Cases/Register/Redirect_to_RegisterPage" time="39.894" classname="Test Cases/Register/Redirect_to_RegisterPage" status="PASSED">
         <system-out><![CDATA[2023-03-31 10:03:50 - [TEST_CASE][PASSED] - Test Cases/Register/Redirect_to_RegisterPage: Test Cases/Register/Redirect_to_RegisterPage

2023-03-31 10:03:51 - [TEST_STEP][PASSED] - startApplication(APP, false): Started app at: 'C:\Users\raiha\Katalon Studio\Mobile Klik IGR\AndroidApp\Klik Dev v6.0.0(105).apk'

2023-03-31 10:03:51 - [MESSAGE][INFO] - User set preference: ['deviceId', '']

2023-03-31 10:03:51 - [MESSAGE][INFO] - Detected NodeJS location: "C:\Program Files\nodejs\node.exe"

2023-03-31 10:03:53 - [MESSAGE][INFO] - Appium server started on port 61,015

2023-03-31 10:04:27 - [MESSAGE][PASSED] - Started app at: 'C:\Users\raiha\Katalon Studio\Mobile Klik IGR\AndroidApp\Klik Dev v6.0.0(105).apk'

2023-03-31 10:04:27 - [TEST_STEP][PASSED] - tap(findTestObject("Profil/Profil_Button/Menu Akun"), 0): Tapped on element 'Object Repository/Profil/Profil_Button/Menu Akun'

2023-03-31 10:04:27 - [MESSAGE][WARNING] - Timeout '0' is invalid. Using default page load timeout: '30'

2023-03-31 10:04:28 - [MESSAGE][PASSED] - Tapped on element 'Object Repository/Profil/Profil_Button/Menu Akun'

2023-03-31 10:04:28 - [TEST_STEP][PASSED] - tap(findTestObject("Login/Tombol Daftar"), 0): Tapped on element 'Object Repository/Login/Tombol Daftar'

2023-03-31 10:04:28 - [MESSAGE][WARNING] - Timeout '0' is invalid. Using default page load timeout: '30'

2023-03-31 10:04:29 - [MESSAGE][PASSED] - Tapped on element 'Object Repository/Login/Tombol Daftar'

2023-03-31 10:04:29 - [TEST_STEP][PASSED] - delay(1, CONTINUE_ON_FAILURE): Delayed 1 second(s)

2023-03-31 10:04:30 - [MESSAGE][PASSED] - Delayed 1 second(s)]]></system-out>
         <system-err><![CDATA[]]></system-err>
      </testcase>
      <testcase name="Test Cases/Register/Name/TC_Register_ValidName" time="2.411" classname="Test Cases/Register/Name/TC_Register_ValidName" status="PASSED">
         <system-out><![CDATA[2023-03-31 10:04:30 - [TEST_CASE][PASSED] - Test Cases/Register/Name/TC_Register_ValidName: Test Cases/Register/Name/TC_Register_ValidName

2023-03-31 10:04:31 - [TEST_STEP][PASSED] - tap(findTestObject("Object Repository/Register/Name/Register_ValidName/android.widget.EditText - Nama"), 0): Tapped on element 'Object Repository/Register/Name/Register_ValidName/android.widget.EditText - Nama'

2023-03-31 10:04:31 - [MESSAGE][WARNING] - Timeout '0' is invalid. Using default page load timeout: '30'

2023-03-31 10:04:32 - [MESSAGE][PASSED] - Tapped on element 'Object Repository/Register/Name/Register_ValidName/android.widget.EditText - Nama'

2023-03-31 10:04:32 - [TEST_STEP][PASSED] - setText(findTestObject("Object Repository/Register/Name/Register_ValidName/android.widget.EditText - Nama (1)"), "raihan", 0): Text 'raihan' has been set to element 'Object Repository/Register/Name/Register_ValidName/android.widget.EditText - Nama (1)'

2023-03-31 10:04:32 - [MESSAGE][WARNING] - Timeout '0' is invalid. Using default page load timeout: '30'

2023-03-31 10:04:33 - [MESSAGE][PASSED] - Text 'raihan' has been set to element 'Object Repository/Register/Name/Register_ValidName/android.widget.EditText - Nama (1)']]></system-out>
         <system-err><![CDATA[]]></system-err>
      </testcase>
      <testcase name="Test Cases/Register/Email/TC_Register_ValidEmail" time="2.184" classname="Test Cases/Register/Email/TC_Register_ValidEmail" status="PASSED">
         <system-out><![CDATA[2023-03-31 10:04:33 - [TEST_CASE][PASSED] - Test Cases/Register/Email/TC_Register_ValidEmail: Test Cases/Register/Email/TC_Register_ValidEmail

2023-03-31 10:04:33 - [TEST_STEP][PASSED] - tap(findTestObject("Register/Field Email - Register"), 0): Tapped on element 'Object Repository/Register/Field Email - Register'

2023-03-31 10:04:33 - [MESSAGE][WARNING] - Timeout '0' is invalid. Using default page load timeout: '30'

2023-03-31 10:04:34 - [MESSAGE][PASSED] - Tapped on element 'Object Repository/Register/Field Email - Register'

2023-03-31 10:04:34 - [TEST_STEP][PASSED] - setText(findTestObject("Register/Field Email - Register"), "sulthanraihan@ymail.com", 0): Text 'sulthanraihan@ymail.com' has been set to element 'Object Repository/Register/Field Email - Register'

2023-03-31 10:04:34 - [MESSAGE][WARNING] - Timeout '0' is invalid. Using default page load timeout: '30'

2023-03-31 10:04:35 - [MESSAGE][PASSED] - Text 'sulthanraihan@ymail.com' has been set to element 'Object Repository/Register/Field Email - Register']]></system-out>
         <system-err><![CDATA[]]></system-err>
      </testcase>
      <testcase name="Test Cases/Register/Password/TC_Register_ValidPassword" time="6.699" classname="Test Cases/Register/Password/TC_Register_ValidPassword" status="PASSED">
         <system-out><![CDATA[2023-03-31 10:04:35 - [TEST_CASE][PASSED] - Test Cases/Register/Password/TC_Register_ValidPassword: Test Cases/Register/Password/TC_Register_ValidPassword

2023-03-31 10:04:35 - [TEST_STEP][PASSED] - tap(findTestObject("Object Repository/Register/Password/Register_ValidPassword/android.widget.EditText - Password"), 0): Tapped on element 'Object Repository/Register/Password/Register_ValidPassword/android.widget.EditText - Password'

2023-03-31 10:04:35 - [MESSAGE][WARNING] - Timeout '0' is invalid. Using default page load timeout: '30'

2023-03-31 10:04:37 - [MESSAGE][PASSED] - Tapped on element 'Object Repository/Register/Password/Register_ValidPassword/android.widget.EditText - Password'

2023-03-31 10:04:37 - [TEST_STEP][PASSED] - setEncryptedText(findTestObject("Object Repository/Register/Password/Register_ValidPassword/android.widget.EditText - Password (1)"), "lsdNNXlVAZI=", 0): Encrypted text 'lsdNNXlVAZI=' has been set to element 'Object Repository/Register/Password/Register_ValidPassword/android.widget.EditText - Password (1)'

2023-03-31 10:04:37 - [MESSAGE][WARNING] - Timeout '0' is invalid. Using default page load timeout: '30'

2023-03-31 10:04:37 - [MESSAGE][PASSED] - Encrypted text 'lsdNNXlVAZI=' has been set to element 'Object Repository/Register/Password/Register_ValidPassword/android.widget.EditText - Password (1)'

2023-03-31 10:04:37 - [TEST_STEP][PASSED] - tap(findTestObject("Object Repository/Register/Password/Register_ValidPassword/android.widget.Button"), 0): Tapped on element 'Object Repository/Register/Password/Register_ValidPassword/android.widget.Button'

2023-03-31 10:04:37 - [MESSAGE][WARNING] - Timeout '0' is invalid. Using default page load timeout: '30'

2023-03-31 10:04:38 - [MESSAGE][PASSED] - Tapped on element 'Object Repository/Register/Password/Register_ValidPassword/android.widget.Button'

2023-03-31 10:04:38 - [TEST_STEP][PASSED] - tap(findTestObject("Object Repository/Register/Password/Register_ValidPassword/android.widget.EditText - Ketik Ulang Password"), 0): Tapped on element 'Object Repository/Register/Password/Register_ValidPassword/android.widget.EditText - Ketik Ulang Password'

2023-03-31 10:04:39 - [MESSAGE][WARNING] - Timeout '0' is invalid. Using default page load timeout: '30'

2023-03-31 10:04:39 - [MESSAGE][PASSED] - Tapped on element 'Object Repository/Register/Password/Register_ValidPassword/android.widget.EditText - Ketik Ulang Password'

2023-03-31 10:04:39 - [TEST_STEP][PASSED] - setEncryptedText(findTestObject("Object Repository/Register/Password/Register_ValidPassword/android.widget.EditText - Ketik Ulang Password (1)"), "lsdNNXlVAZI=", 0): Encrypted text 'lsdNNXlVAZI=' has been set to element 'Object Repository/Register/Password/Register_ValidPassword/android.widget.EditText - Ketik Ulang Password (1)'

2023-03-31 10:04:39 - [MESSAGE][WARNING] - Timeout '0' is invalid. Using default page load timeout: '30'

2023-03-31 10:04:40 - [MESSAGE][PASSED] - Encrypted text 'lsdNNXlVAZI=' has been set to element 'Object Repository/Register/Password/Register_ValidPassword/android.widget.EditText - Ketik Ulang Password (1)'

2023-03-31 10:04:40 - [TEST_STEP][PASSED] - tap(findTestObject("Object Repository/Register/Password/Register_ValidPassword/android.widget.Button (1)"), 0): Tapped on element 'Object Repository/Register/Password/Register_ValidPassword/android.widget.Button (1)'

2023-03-31 10:04:40 - [MESSAGE][WARNING] - Timeout '0' is invalid. Using default page load timeout: '30'

2023-03-31 10:04:42 - [MESSAGE][PASSED] - Tapped on element 'Object Repository/Register/Password/Register_ValidPassword/android.widget.Button (1)']]></system-out>
         <system-err><![CDATA[]]></system-err>
      </testcase>
      <testcase name="Test Cases/Register/Address/TC_Register_ValidAddress" time="11.853" classname="Test Cases/Register/Address/TC_Register_ValidAddress" status="PASSED">
         <system-out><![CDATA[2023-03-31 10:04:42 - [TEST_CASE][PASSED] - Test Cases/Register/Address/TC_Register_ValidAddress: Test Cases/Register/Address/TC_Register_ValidAddress

2023-03-31 10:04:42 - [TEST_STEP][PASSED] - tap(findTestObject("Register/Address/Field Alamat Pengiriman - Register"), 0): Tapped on element 'Object Repository/Register/Address/Field Alamat Pengiriman - Register'

2023-03-31 10:04:42 - [MESSAGE][WARNING] - Timeout '0' is invalid. Using default page load timeout: '30'

2023-03-31 10:04:42 - [MESSAGE][PASSED] - Tapped on element 'Object Repository/Register/Address/Field Alamat Pengiriman - Register'

2023-03-31 10:04:42 - [TEST_STEP][PASSED] - setText(findTestObject("Register/Address/Field Alamat Pengiriman - Register"), "Jl. yang ada di Kedaung", 0): Text 'Jl. yang ada di Kedaung' has been set to element 'Object Repository/Register/Address/Field Alamat Pengiriman - Register'

2023-03-31 10:04:42 - [MESSAGE][WARNING] - Timeout '0' is invalid. Using default page load timeout: '30'

2023-03-31 10:04:44 - [MESSAGE][PASSED] - Text 'Jl. yang ada di Kedaung' has been set to element 'Object Repository/Register/Address/Field Alamat Pengiriman - Register'

2023-03-31 10:04:44 - [TEST_STEP][PASSED] - hideKeyboard(): Keyboard is hidden

2023-03-31 10:04:45 - [MESSAGE][PASSED] - Keyboard is hidden

2023-03-31 10:04:45 - [TEST_STEP][PASSED] - tap(findTestObject("Register/Address/Dropdown Provinsi - Register"), 0): Tapped on element 'Object Repository/Register/Address/Dropdown Provinsi - Register'

2023-03-31 10:04:45 - [MESSAGE][WARNING] - Timeout '0' is invalid. Using default page load timeout: '30'

2023-03-31 10:04:46 - [MESSAGE][PASSED] - Tapped on element 'Object Repository/Register/Address/Dropdown Provinsi - Register'

2023-03-31 10:04:46 - [TEST_STEP][PASSED] - tap(findTestObject("Register/Address/Register_ResetAddress/Opsi Provinsi -Banten-"), 0): Tapped on element 'Object Repository/Register/Address/Register_ResetAddress/Opsi Provinsi -Banten-'

2023-03-31 10:04:46 - [MESSAGE][WARNING] - Timeout '0' is invalid. Using default page load timeout: '30'

2023-03-31 10:04:47 - [MESSAGE][PASSED] - Tapped on element 'Object Repository/Register/Address/Register_ResetAddress/Opsi Provinsi -Banten-'

2023-03-31 10:04:47 - [TEST_STEP][PASSED] - tap(findTestObject("Register/Address/Dropdown Kota - Register"), 0): Tapped on element 'Object Repository/Register/Address/Dropdown Kota - Register'

2023-03-31 10:04:47 - [MESSAGE][WARNING] - Timeout '0' is invalid. Using default page load timeout: '30'

2023-03-31 10:04:48 - [MESSAGE][PASSED] - Tapped on element 'Object Repository/Register/Address/Dropdown Kota - Register'

2023-03-31 10:04:48 - [TEST_STEP][PASSED] - tap(findTestObject("Register/Address/Register_ResetAddress/Opsi Kota -Kabupaten Tangerang-"), 0): Tapped on element 'Object Repository/Register/Address/Register_ResetAddress/Opsi Kota -Kabupaten Tangerang-'

2023-03-31 10:04:48 - [MESSAGE][WARNING] - Timeout '0' is invalid. Using default page load timeout: '30'

2023-03-31 10:04:49 - [MESSAGE][PASSED] - Tapped on element 'Object Repository/Register/Address/Register_ResetAddress/Opsi Kota -Kabupaten Tangerang-'

2023-03-31 10:04:49 - [TEST_STEP][PASSED] - tap(findTestObject("Register/Address/Dropdown Kecamatan - Register"), 0): Tapped on element 'Object Repository/Register/Address/Dropdown Kecamatan - Register'

2023-03-31 10:04:49 - [MESSAGE][WARNING] - Timeout '0' is invalid. Using default page load timeout: '30'

2023-03-31 10:04:50 - [MESSAGE][PASSED] - Tapped on element 'Object Repository/Register/Address/Dropdown Kecamatan - Register'

2023-03-31 10:04:50 - [TEST_STEP][PASSED] - tap(findTestObject("Register/Address/Register_ResetAddress/Opsi Kecamatan -Cisauk-"), 0): Tapped on element 'Object Repository/Register/Address/Register_ResetAddress/Opsi Kecamatan -Cisauk-'

2023-03-31 10:04:50 - [MESSAGE][WARNING] - Timeout '0' is invalid. Using default page load timeout: '30'

2023-03-31 10:04:51 - [MESSAGE][PASSED] - Tapped on element 'Object Repository/Register/Address/Register_ResetAddress/Opsi Kecamatan -Cisauk-'

2023-03-31 10:04:51 - [TEST_STEP][PASSED] - tap(findTestObject("Register/Address/Dropdown Kelurahan - Register"), 0): Tapped on element 'Object Repository/Register/Address/Dropdown Kelurahan - Register'

2023-03-31 10:04:51 - [MESSAGE][WARNING] - Timeout '0' is invalid. Using default page load timeout: '30'

2023-03-31 10:04:52 - [MESSAGE][PASSED] - Tapped on element 'Object Repository/Register/Address/Dropdown Kelurahan - Register'

2023-03-31 10:04:52 - [TEST_STEP][PASSED] - tap(findTestObject("Register/Address/Register_ResetAddress/Opsi Kelurahan -Cisauk-"), 0): Tapped on element 'Object Repository/Register/Address/Register_ResetAddress/Opsi Kelurahan -Cisauk-'

2023-03-31 10:04:52 - [MESSAGE][WARNING] - Timeout '0' is invalid. Using default page load timeout: '30'

2023-03-31 10:04:53 - [MESSAGE][PASSED] - Tapped on element 'Object Repository/Register/Address/Register_ResetAddress/Opsi Kelurahan -Cisauk-']]></system-out>
         <system-err><![CDATA[]]></system-err>
      </testcase>
      <testcase name="Test Cases/Register/Phone_Number/TC_Register_PhoneTaken" time="7.895" classname="Test Cases/Register/Phone_Number/TC_Register_PhoneTaken" status="PASSED">
         <system-out><![CDATA[2023-03-31 10:04:53 - [TEST_CASE][PASSED] - Test Cases/Register/Phone_Number/TC_Register_PhoneTaken: Test Cases/Register/Phone_Number/TC_Register_PhoneTaken

2023-03-31 10:04:54 - [TEST_STEP][PASSED] - swipe(100, 400, 0, 0): Swiped from 100,400 to 0,0

2023-03-31 10:04:55 - [MESSAGE][PASSED] - Swiped from 100,400 to 0,0

2023-03-31 10:04:55 - [TEST_STEP][PASSED] - tap(findTestObject("Object Repository/Register/Phone_Number/Taken_Phone_Number/android.widget.EditText - Nomor Handphone"), 0): Tapped on element 'Object Repository/Register/Phone_Number/Taken_Phone_Number/android.widget.EditText - Nomor Handphone'

2023-03-31 10:04:55 - [MESSAGE][WARNING] - Timeout '0' is invalid. Using default page load timeout: '30'

2023-03-31 10:04:55 - [MESSAGE][PASSED] - Tapped on element 'Object Repository/Register/Phone_Number/Taken_Phone_Number/android.widget.EditText - Nomor Handphone'

2023-03-31 10:04:55 - [TEST_STEP][PASSED] - setText(findTestObject("Object Repository/Register/Phone_Number/Taken_Phone_Number/android.widget.EditText - Nomor Handphone (1)"), "081808195603", 0): Text '081808195603' has been set to element 'Object Repository/Register/Phone_Number/Taken_Phone_Number/android.widget.EditText - Nomor Handphone (1)'

2023-03-31 10:04:55 - [MESSAGE][WARNING] - Timeout '0' is invalid. Using default page load timeout: '30'

2023-03-31 10:04:57 - [MESSAGE][PASSED] - Text '081808195603' has been set to element 'Object Repository/Register/Phone_Number/Taken_Phone_Number/android.widget.EditText - Nomor Handphone (1)'

2023-03-31 10:04:57 - [TEST_STEP][PASSED] - hideKeyboard(): Keyboard is hidden

2023-03-31 10:05:00 - [MESSAGE][PASSED] - Keyboard is hidden

2023-03-31 10:05:00 - [TEST_STEP][PASSED] - delay(1, CONTINUE_ON_FAILURE): Delayed 1 second(s)

2023-03-31 10:05:01 - [MESSAGE][PASSED] - Delayed 1 second(s)]]></system-out>
         <system-err><![CDATA[]]></system-err>
      </testcase>
      <testcase name="Test Cases/Register/Phone_Number/TC_FailedPhone_Submit" time="10.733" classname="Test Cases/Register/Phone_Number/TC_FailedPhone_Submit" status="PASSED">
         <system-out><![CDATA[2023-03-31 10:05:01 - [TEST_CASE][PASSED] - Test Cases/Register/Phone_Number/TC_FailedPhone_Submit: Test Cases/Register/Phone_Number/TC_FailedPhone_Submit

2023-03-31 10:05:02 - [TEST_STEP][PASSED] - tap(findTestObject("Register/Tombol Daftar"), 0): Tapped on element 'Object Repository/Register/Tombol Daftar'

2023-03-31 10:05:02 - [MESSAGE][WARNING] - Timeout '0' is invalid. Using default page load timeout: '30'

2023-03-31 10:05:03 - [MESSAGE][PASSED] - Tapped on element 'Object Repository/Register/Tombol Daftar'

2023-03-31 10:05:03 - [TEST_STEP][PASSED] - delay(7, CONTINUE_ON_FAILURE): Delayed 7 second(s)

2023-03-31 10:05:10 - [MESSAGE][PASSED] - Delayed 7 second(s)

2023-03-31 10:05:10 - [TEST_STEP][PASSED] - takeScreenshot(getReportFolder() + "Failed Register Taken Phone.png", CONTINUE_ON_FAILURE): Screenshot is taken

2023-03-31 10:05:11 - [MESSAGE][PASSED] - Screenshot is taken
[[ATTACHMENT|C:\Users\raiha\Katalon Studio\Mobile Klik IGR\Reports\20230331_100340\Register\Phone\Register_Taken_Phone\20230331_100340Failed Register Taken Phone.png]]

2023-03-31 10:05:11 - [TEST_STEP][PASSED] - tap(findTestObject("Object Repository/Register/Phone_Number/FailedPhone_Submit/Tutup Alert Nomor HP sudah terdaftar"), 0): Tapped on element 'Object Repository/Register/Phone_Number/FailedPhone_Submit/Tutup Alert Nomor HP sudah terdaftar'

2023-03-31 10:05:11 - [MESSAGE][WARNING] - Timeout '0' is invalid. Using default page load timeout: '30'

2023-03-31 10:05:12 - [MESSAGE][PASSED] - Tapped on element 'Object Repository/Register/Phone_Number/FailedPhone_Submit/Tutup Alert Nomor HP sudah terdaftar']]></system-out>
         <system-err><![CDATA[]]></system-err>
      </testcase>
      <system-out><![CDATA[2023-03-31 10:03:50 - [TEST_SUITE][PASSED] - Register_Taken_Phone: Test Cases/Register/Phone_Number/TC_FailedPhone_Submit]]></system-out>
      <system-err><![CDATA[]]></system-err>
   </testsuite>
</testsuites>
