<?xml version="1.0" encoding="UTF-8"?>
<testsuites name="Login_Password_Case" time="71.238" tests="4" failures="0" errors="0">
   <testsuite name="Login_Password_Case" tests="4" failures="0" errors="0" time="71.238" skipped="0" timestamp="2023-04-10 13:50:18" hostname="raiha - LAPTOP-UT2QLFD0" id="Test Suites/Login/Login_Password_Case">
      <properties>
         <property name="deviceName" value="Xiaomi M2101K7BNY (Android 12)"/>
         <property name="devicePlatform" value=""/>
         <property name="logFolder" value="C:\\Users\\raiha\\Katalon Studio\\Mobile Klik IGR\\Reports\\20230410_135010\\Login\\Login_Password_Case\\20230410_135010"/>
         <property name="logFiles" value="C:\\Users\\raiha\\Katalon Studio\\Mobile Klik IGR\\Reports\\20230410_135010\\Login\\Login_Password_Case\\20230410_135010\\appium.log, C:\\Users\\raiha\\Katalon Studio\\Mobile Klik IGR\\Reports\\20230410_135010\\Login\\Login_Password_Case\\20230410_135010\\execution0.log"/>
         <property name="attachments" value="keyes\keyes-Null Field Login.png, keyes\keyes-Invalid Password Login.png"/>
         <property name="hostName" value="raiha - LAPTOP-UT2QLFD0"/>
         <property name="os" value="Windows 10 64bit"/>
         <property name="appiumServerStatus" value="{&quot;value&quot;:{&quot;build&quot;:{&quot;version&quot;:&quot;1.22.3&quot;}},&quot;sessionId&quot;:null,&quot;status&quot;:0}"/>
         <property name="katalonVersion" value="8.5.5.208"/>
         <property name="deviceOS" value="Android"/>
         <property name="appiumVersion" value="1.22.3"/>
         <property name="deviceModel" value="M2101K7BNY"/>
         <property name="hostAddress" value="192.168.1.9"/>
         <property name="deviceManufacturer" value="Xiaomi"/>
         <property name="deviceId" value="192.168.1.7:5555"/>
         <property name="deviceName" value="Xiaomi M2101K7BNY (Android 12)"/>
         <property name="deviceOSVersion" value="12"/>
      </properties>
      <testcase name="Test Cases/Login/TC_Login_NullField" time="40.909" classname="Test Cases/Login/TC_Login_NullField" status="PASSED">
         <system-out><![CDATA[2023-04-10 13:50:19 - [TEST_CASE][PASSED] - Test Cases/Login/TC_Login_NullField: Test Cases/Login/TC_Login_NullField

2023-04-10 13:50:19 - [TEST_STEP][PASSED] - startApplication(APP, false): Started app at: 'C:\Users\raiha\Katalon Studio\Mobile Klik IGR\AndroidApp\Klik Dev v6.0.8.apk'

2023-04-10 13:50:19 - [MESSAGE][INFO] - User set preference: ['deviceId', '']

2023-04-10 13:50:19 - [MESSAGE][INFO] - Detected NodeJS location: "C:\Program Files\nodejs\node.exe"

2023-04-10 13:50:21 - [MESSAGE][INFO] - Appium server started on port 64,820

2023-04-10 13:50:54 - [MESSAGE][PASSED] - Started app at: 'C:\Users\raiha\Katalon Studio\Mobile Klik IGR\AndroidApp\Klik Dev v6.0.8.apk'

2023-04-10 13:50:54 - [TEST_STEP][PASSED] - tap(findTestObject("Profil/Profil_Button/Menu Akun"), 0): Tapped on element 'Object Repository/Profil/Profil_Button/Menu Akun'

2023-04-10 13:50:54 - [MESSAGE][WARNING] - Timeout '0' is invalid. Using default page load timeout: '30'

2023-04-10 13:50:55 - [MESSAGE][PASSED] - Tapped on element 'Object Repository/Profil/Profil_Button/Menu Akun'

2023-04-10 13:50:55 - [TEST_STEP][PASSED] - tap(findTestObject("Login/Tombol Login"), 0): Tapped on element 'Object Repository/Login/Tombol Login'

2023-04-10 13:50:55 - [MESSAGE][WARNING] - Timeout '0' is invalid. Using default page load timeout: '30'

2023-04-10 13:50:56 - [MESSAGE][PASSED] - Tapped on element 'Object Repository/Login/Tombol Login'

2023-04-10 13:50:56 - [TEST_STEP][PASSED] - delay(1, CONTINUE_ON_FAILURE): Delayed 1 second(s)

2023-04-10 13:50:57 - [MESSAGE][PASSED] - Delayed 1 second(s)

2023-04-10 13:50:57 - [TEST_STEP][PASSED] - verifyElementVisible(findTestObject("Login/Alert Email harus diisi"), 0): Element 'Object Repository/Login/Alert Email harus diisi' is visible

2023-04-10 13:50:57 - [MESSAGE][WARNING] - Timeout '0' is invalid. Using default page load timeout: '30'

2023-04-10 13:50:58 - [MESSAGE][PASSED] - Element 'Object Repository/Login/Alert Email harus diisi' is visible

2023-04-10 13:50:58 - [TEST_STEP][PASSED] - verifyElementVisible(findTestObject("Login/Alert Password harus diisi"), 0): Element 'Object Repository/Login/Alert Password harus diisi' is visible

2023-04-10 13:50:58 - [MESSAGE][WARNING] - Timeout '0' is invalid. Using default page load timeout: '30'

2023-04-10 13:50:58 - [MESSAGE][PASSED] - Element 'Object Repository/Login/Alert Password harus diisi' is visible

2023-04-10 13:50:58 - [TEST_STEP][PASSED] - takeScreenshotAsCheckpoint("Null Field Login.png", []): Screenshot is taken

2023-04-10 13:50:59 - [MESSAGE][INFO] - 0 hidden object(s)

2023-04-10 13:51:00 - [MESSAGE][PASSED] - Screenshot is taken
[[ATTACHMENT|keyes\keyes-Null Field Login.png]]]]></system-out>
         <system-err><![CDATA[]]></system-err>
      </testcase>
      <testcase name="Test Cases/Login/TC_Login_InvalidPassword" time="15.553" classname="Test Cases/Login/TC_Login_InvalidPassword" status="PASSED">
         <system-out><![CDATA[2023-04-10 13:51:00 - [TEST_CASE][PASSED] - Test Cases/Login/TC_Login_InvalidPassword: Test Cases/Login/TC_Login_InvalidPassword

2023-04-10 13:51:00 - [TEST_STEP][PASSED] - tap(findTestObject("Login/Field Email or Nomor HP"), 0): Tapped on element 'Object Repository/Login/Field Email or Nomor HP'

2023-04-10 13:51:00 - [MESSAGE][WARNING] - Timeout '0' is invalid. Using default page load timeout: '30'

2023-04-10 13:51:02 - [MESSAGE][PASSED] - Tapped on element 'Object Repository/Login/Field Email or Nomor HP'

2023-04-10 13:51:02 - [TEST_STEP][PASSED] - setText(findTestObject("Login/Field Email or Nomor HP"), "081808195603", 0): Text '081808195603' has been set to element 'Object Repository/Login/Field Email or Nomor HP'

2023-04-10 13:51:02 - [MESSAGE][WARNING] - Timeout '0' is invalid. Using default page load timeout: '30'

2023-04-10 13:51:02 - [MESSAGE][PASSED] - Text '081808195603' has been set to element 'Object Repository/Login/Field Email or Nomor HP'

2023-04-10 13:51:02 - [TEST_STEP][PASSED] - tap(findTestObject("Login/Field Password"), 0): Tapped on element 'Object Repository/Login/Field Password'

2023-04-10 13:51:02 - [MESSAGE][WARNING] - Timeout '0' is invalid. Using default page load timeout: '30'

2023-04-10 13:51:04 - [MESSAGE][PASSED] - Tapped on element 'Object Repository/Login/Field Password'

2023-04-10 13:51:04 - [TEST_STEP][PASSED] - setEncryptedText(findTestObject("Login/Field Password"), "3os3e0Mm6x8=", 0): Encrypted text '3os3e0Mm6x8=' has been set to element 'Object Repository/Login/Field Password'

2023-04-10 13:51:04 - [MESSAGE][WARNING] - Timeout '0' is invalid. Using default page load timeout: '30'

2023-04-10 13:51:04 - [MESSAGE][PASSED] - Encrypted text '3os3e0Mm6x8=' has been set to element 'Object Repository/Login/Field Password'

2023-04-10 13:51:04 - [TEST_STEP][PASSED] - tap(findTestObject("Login/Icon Password"), 0): Tapped on element 'Object Repository/Login/Icon Password'

2023-04-10 13:51:04 - [MESSAGE][WARNING] - Timeout '0' is invalid. Using default page load timeout: '30'

2023-04-10 13:51:06 - [MESSAGE][PASSED] - Tapped on element 'Object Repository/Login/Icon Password'

2023-04-10 13:51:06 - [TEST_STEP][PASSED] - tap(findTestObject("Login/Tombol Login"), 0): Tapped on element 'Object Repository/Login/Tombol Login'

2023-04-10 13:51:06 - [MESSAGE][WARNING] - Timeout '0' is invalid. Using default page load timeout: '30'

2023-04-10 13:51:06 - [MESSAGE][PASSED] - Tapped on element 'Object Repository/Login/Tombol Login'

2023-04-10 13:51:06 - [TEST_STEP][PASSED] - delay(2, STOP_ON_FAILURE): Delayed 2 second(s)

2023-04-10 13:51:08 - [MESSAGE][PASSED] - Delayed 2 second(s)

2023-04-10 13:51:08 - [TEST_STEP][PASSED] - verifyElementVisible(findTestObject("Login/Alert Email atau Nomor HP Salah"), 0): Element 'Object Repository/Login/Alert Email atau Nomor HP Salah' is visible

2023-04-10 13:51:08 - [MESSAGE][WARNING] - Timeout '0' is invalid. Using default page load timeout: '30'

2023-04-10 13:51:09 - [MESSAGE][PASSED] - Element 'Object Repository/Login/Alert Email atau Nomor HP Salah' is visible

2023-04-10 13:51:09 - [TEST_STEP][PASSED] - takeScreenshotAsCheckpoint("Invalid Password Login", []): Screenshot is taken

2023-04-10 13:51:10 - [MESSAGE][INFO] - 0 hidden object(s)

2023-04-10 13:51:10 - [MESSAGE][PASSED] - Screenshot is taken
[[ATTACHMENT|keyes\keyes-Invalid Password Login.png]]

2023-04-10 13:51:10 - [TEST_STEP][PASSED] - tap(findTestObject("Login/Close Gagal Login"), 0): Tapped on element 'Object Repository/Login/Close Gagal Login'

2023-04-10 13:51:10 - [MESSAGE][WARNING] - Timeout '0' is invalid. Using default page load timeout: '30'

2023-04-10 13:51:12 - [MESSAGE][PASSED] - Tapped on element 'Object Repository/Login/Close Gagal Login'

2023-04-10 13:51:12 - [TEST_STEP][PASSED] - tap(findTestObject("Object Repository/Login/InvalidPassword/Data Field Nomor HP Benar"), 0): Tapped on element 'Object Repository/Login/InvalidPassword/Data Field Nomor HP Benar'

2023-04-10 13:51:12 - [MESSAGE][WARNING] - Timeout '0' is invalid. Using default page load timeout: '30'

2023-04-10 13:51:13 - [MESSAGE][PASSED] - Tapped on element 'Object Repository/Login/InvalidPassword/Data Field Nomor HP Benar'

2023-04-10 13:51:13 - [TEST_STEP][PASSED] - clearText(findTestObject("Login/InvalidPassword/Data Field Nomor HP Benar"), 0): Element 'Object Repository/Login/InvalidPassword/Data Field Nomor HP Benar' text is cleared

2023-04-10 13:51:13 - [MESSAGE][WARNING] - Timeout '0' is invalid. Using default page load timeout: '30'

2023-04-10 13:51:13 - [MESSAGE][PASSED] - Element 'Object Repository/Login/InvalidPassword/Data Field Nomor HP Benar' text is cleared

2023-04-10 13:51:13 - [TEST_STEP][PASSED] - tap(findTestObject("Object Repository/Login/InvalidPassword/Data Field Password Salah"), 0): Tapped on element 'Object Repository/Login/InvalidPassword/Data Field Password Salah'

2023-04-10 13:51:13 - [MESSAGE][WARNING] - Timeout '0' is invalid. Using default page load timeout: '30'

2023-04-10 13:51:15 - [MESSAGE][PASSED] - Tapped on element 'Object Repository/Login/InvalidPassword/Data Field Password Salah'

2023-04-10 13:51:15 - [TEST_STEP][PASSED] - clearText(findTestObject("Login/InvalidPassword/Data Field Password Salah"), 0): Element 'Object Repository/Login/InvalidPassword/Data Field Password Salah' text is cleared

2023-04-10 13:51:15 - [MESSAGE][WARNING] - Timeout '0' is invalid. Using default page load timeout: '30'

2023-04-10 13:51:15 - [MESSAGE][PASSED] - Element 'Object Repository/Login/InvalidPassword/Data Field Password Salah' text is cleared]]></system-out>
         <system-err><![CDATA[]]></system-err>
      </testcase>
      <testcase name="Test Cases/Login/TC_Login_ValidEmail" time="6.006" classname="Test Cases/Login/TC_Login_ValidEmail" status="PASSED">
         <system-out><![CDATA[2023-04-10 13:51:15 - [TEST_CASE][PASSED] - Test Cases/Login/TC_Login_ValidEmail: Test Cases/Login/TC_Login_ValidEmail

2023-04-10 13:51:15 - [TEST_STEP][PASSED] - tap(findTestObject("Login/Field Email or Nomor HP"), 0): Tapped on element 'Object Repository/Login/Field Email or Nomor HP'

2023-04-10 13:51:15 - [MESSAGE][WARNING] - Timeout '0' is invalid. Using default page load timeout: '30'

2023-04-10 13:51:17 - [MESSAGE][PASSED] - Tapped on element 'Object Repository/Login/Field Email or Nomor HP'

2023-04-10 13:51:17 - [TEST_STEP][PASSED] - setText(findTestObject("Login/Field Email or Nomor HP"), "raihansulthan4@gmail.com", 0): Text 'raihansulthan4@gmail.com' has been set to element 'Object Repository/Login/Field Email or Nomor HP'

2023-04-10 13:51:17 - [MESSAGE][WARNING] - Timeout '0' is invalid. Using default page load timeout: '30'

2023-04-10 13:51:17 - [MESSAGE][PASSED] - Text 'raihansulthan4@gmail.com' has been set to element 'Object Repository/Login/Field Email or Nomor HP'

2023-04-10 13:51:17 - [TEST_STEP][PASSED] - tap(findTestObject("Login/Field Password"), 0): Tapped on element 'Object Repository/Login/Field Password'

2023-04-10 13:51:17 - [MESSAGE][WARNING] - Timeout '0' is invalid. Using default page load timeout: '30'

2023-04-10 13:51:19 - [MESSAGE][PASSED] - Tapped on element 'Object Repository/Login/Field Password'

2023-04-10 13:51:19 - [TEST_STEP][PASSED] - setEncryptedText(findTestObject("Login/Field Password"), "lsdNNXlVAZI=", 0): Encrypted text 'lsdNNXlVAZI=' has been set to element 'Object Repository/Login/Field Password'

2023-04-10 13:51:19 - [MESSAGE][WARNING] - Timeout '0' is invalid. Using default page load timeout: '30'

2023-04-10 13:51:19 - [MESSAGE][PASSED] - Encrypted text 'lsdNNXlVAZI=' has been set to element 'Object Repository/Login/Field Password'

2023-04-10 13:51:19 - [TEST_STEP][PASSED] - tap(findTestObject("Login/Icon Password"), 0): Tapped on element 'Object Repository/Login/Icon Password'

2023-04-10 13:51:19 - [MESSAGE][WARNING] - Timeout '0' is invalid. Using default page load timeout: '30'

2023-04-10 13:51:20 - [MESSAGE][PASSED] - Tapped on element 'Object Repository/Login/Icon Password'

2023-04-10 13:51:20 - [TEST_STEP][PASSED] - tap(findTestObject("Login/Tombol Login"), 0): Tapped on element 'Object Repository/Login/Tombol Login'

2023-04-10 13:51:20 - [MESSAGE][WARNING] - Timeout '0' is invalid. Using default page load timeout: '30'

2023-04-10 13:51:21 - [MESSAGE][PASSED] - Tapped on element 'Object Repository/Login/Tombol Login']]></system-out>
         <system-err><![CDATA[]]></system-err>
      </testcase>
      <testcase name="Test Cases/Login/TC_Logout" time="8.516" classname="Test Cases/Login/TC_Logout" status="PASSED">
         <system-out><![CDATA[2023-04-10 13:51:21 - [TEST_CASE][PASSED] - Test Cases/Login/TC_Logout: Test Cases/Login/TC_Logout

2023-04-10 13:51:21 - [TEST_STEP][PASSED] - tap(findTestObject("Profil/Profil_Button/Menu Akun"), 0): Tapped on element 'Object Repository/Profil/Profil_Button/Menu Akun'

2023-04-10 13:51:21 - [MESSAGE][WARNING] - Timeout '0' is invalid. Using default page load timeout: '30'

2023-04-10 13:51:23 - [MESSAGE][PASSED] - Tapped on element 'Object Repository/Profil/Profil_Button/Menu Akun'

2023-04-10 13:51:23 - [TEST_STEP][PASSED] - swipe(0, 700, 0, 0): Swiped from 0,700 to 0,0

2023-04-10 13:51:24 - [MESSAGE][PASSED] - Swiped from 0,700 to 0,0

2023-04-10 13:51:24 - [TEST_STEP][PASSED] - tap(findTestObject("Login/Logout/Signout"), 0): Tapped on element 'Object Repository/Login/Logout/Signout'

2023-04-10 13:51:24 - [MESSAGE][WARNING] - Timeout '0' is invalid. Using default page load timeout: '30'

2023-04-10 13:51:25 - [MESSAGE][PASSED] - Tapped on element 'Object Repository/Login/Logout/Signout'

2023-04-10 13:51:25 - [TEST_STEP][PASSED] - tap(findTestObject("Login/Logout/Setuju Logout"), 0): Tapped on element 'Object Repository/Login/Logout/Setuju Logout'

2023-04-10 13:51:25 - [MESSAGE][WARNING] - Timeout '0' is invalid. Using default page load timeout: '30'

2023-04-10 13:51:27 - [MESSAGE][PASSED] - Tapped on element 'Object Repository/Login/Logout/Setuju Logout'

2023-04-10 13:51:27 - [TEST_STEP][PASSED] - delay(3, STOP_ON_FAILURE): Delayed 3 second(s)

2023-04-10 13:51:30 - [MESSAGE][PASSED] - Delayed 3 second(s)]]></system-out>
         <system-err><![CDATA[]]></system-err>
      </testcase>
      <system-out><![CDATA[2023-04-10 13:50:18 - [TEST_SUITE][PASSED] - Login_Password_Case: Test Cases/Login/TC_Logout]]></system-out>
      <system-err><![CDATA[]]></system-err>
   </testsuite>
</testsuites>
