<?xml version="1.0" encoding="UTF-8"?>
<testsuites name="Sorting_Favourite" time="95.991" tests="5" failures="0" errors="0">
   <testsuite name="Sorting_Favourite" tests="5" failures="0" errors="0" time="95.991" skipped="0" timestamp="2023-04-03 13:16:59" hostname="raiha - LAPTOP-UT2QLFD0" id="Test Suites/Favourite/Sorting_Favourite">
      <properties>
         <property name="deviceName" value="Xiaomi M2101K7BNY (Android 12)"/>
         <property name="devicePlatform" value=""/>
         <property name="logFolder" value="C:\\Users\\raiha\\Katalon Studio\\Mobile Klik IGR\\Reports\\20230403_131648\\Favourite\\Sorting_Favourite\\20230403_131648"/>
         <property name="logFiles" value="C:\\Users\\raiha\\Katalon Studio\\Mobile Klik IGR\\Reports\\20230403_131648\\Favourite\\Sorting_Favourite\\20230403_131648\\appium.log, C:\\Users\\raiha\\Katalon Studio\\Mobile Klik IGR\\Reports\\20230403_131648\\Favourite\\Sorting_Favourite\\20230403_131648\\execution0.log"/>
         <property name="attachments" value="keyes\keyes-Sorting_Favorite_A_Z.png, keyes\keyes-Sort_Z_A.png, keyes\keyes-Sort_Lowest.png, keyes\keyes-Highest_Sort.png"/>
         <property name="hostName" value="raiha - LAPTOP-UT2QLFD0"/>
         <property name="os" value="Windows 10 64bit"/>
         <property name="appiumServerStatus" value="{&quot;value&quot;:{&quot;build&quot;:{&quot;version&quot;:&quot;1.22.3&quot;}},&quot;sessionId&quot;:null,&quot;status&quot;:0}"/>
         <property name="katalonVersion" value="8.5.5.208"/>
         <property name="deviceOS" value="Android"/>
         <property name="appiumVersion" value="1.22.3"/>
         <property name="deviceModel" value="M2101K7BNY"/>
         <property name="hostAddress" value="192.168.1.7"/>
         <property name="deviceManufacturer" value="Xiaomi"/>
         <property name="deviceId" value="4LSG9XI7HU8HTOXW"/>
         <property name="deviceName" value="Xiaomi M2101K7BNY (Android 12)"/>
         <property name="deviceOSVersion" value="12"/>
      </properties>
      <testcase name="Test Cases/Favourite/TC_Menu_Favourite" time="41.458" classname="Test Cases/Favourite/TC_Menu_Favourite" status="PASSED">
         <system-out><![CDATA[2023-04-03 13:16:59 - [TEST_CASE][PASSED] - Test Cases/Favourite/TC_Menu_Favourite: Test Cases/Favourite/TC_Menu_Favourite

2023-04-03 13:17:00 - [TEST_STEP][PASSED] - startApplication(APP, false): Started app at: 'C:\Users\raiha\Katalon Studio\Mobile Klik IGR\AndroidApp\Klik Dev v6.0.0(105).apk'

2023-04-03 13:17:00 - [MESSAGE][INFO] - User set preference: ['deviceId', '']

2023-04-03 13:17:00 - [MESSAGE][INFO] - Detected NodeJS location: "C:\Program Files\nodejs\node.exe"

2023-04-03 13:17:03 - [MESSAGE][INFO] - Appium server started on port 56,984

2023-04-03 13:17:39 - [MESSAGE][PASSED] - Started app at: 'C:\Users\raiha\Katalon Studio\Mobile Klik IGR\AndroidApp\Klik Dev v6.0.0(105).apk'

2023-04-03 13:17:39 - [TEST_STEP][PASSED] - tap(findTestObject("Favourite/Menu Favorit"), 0): Tapped on element 'Object Repository/Favourite/Menu Favorit'

2023-04-03 13:17:39 - [MESSAGE][WARNING] - Timeout '0' is invalid. Using default page load timeout: '30'

2023-04-03 13:17:41 - [MESSAGE][PASSED] - Tapped on element 'Object Repository/Favourite/Menu Favorit']]></system-out>
         <system-err><![CDATA[]]></system-err>
      </testcase>
      <testcase name="Test Cases/Favourite/Sorting/TC_A-Z_Sort_Favourite" time="9.389" classname="Test Cases/Favourite/Sorting/TC_A-Z_Sort_Favourite" status="PASSED">
         <system-out><![CDATA[2023-04-03 13:17:41 - [TEST_CASE][PASSED] - Test Cases/Favourite/Sorting/TC_A-Z_Sort_Favourite: Test Cases/Favourite/Sorting/TC_A-Z_Sort_Favourite

2023-04-03 13:17:41 - [TEST_STEP][PASSED] - tap(findTestObject("Favourite/Sort/Sort Button"), 0): Tapped on element 'Object Repository/Favourite/Sort/Sort Button'

2023-04-03 13:17:41 - [MESSAGE][WARNING] - Timeout '0' is invalid. Using default page load timeout: '30'

2023-04-03 13:17:42 - [MESSAGE][PASSED] - Tapped on element 'Object Repository/Favourite/Sort/Sort Button'

2023-04-03 13:17:42 - [TEST_STEP][PASSED] - tap(findTestObject("Favourite/Sort/A - Z"), 0): Tapped on element 'Object Repository/Favourite/Sort/A - Z'

2023-04-03 13:17:42 - [MESSAGE][WARNING] - Timeout '0' is invalid. Using default page load timeout: '30'

2023-04-03 13:17:43 - [MESSAGE][PASSED] - Tapped on element 'Object Repository/Favourite/Sort/A - Z'

2023-04-03 13:17:43 - [TEST_STEP][PASSED] - delay(2, CONTINUE_ON_FAILURE): Delayed 2 second(s)

2023-04-03 13:17:45 - [MESSAGE][PASSED] - Delayed 2 second(s)

2023-04-03 13:17:45 - [TEST_STEP][PASSED] - takeScreenshotAsCheckpoint("Sorting_Favorite_A_Z.png", []): Screenshot is taken

2023-04-03 13:17:48 - [MESSAGE][INFO] - 0 hidden object(s)

2023-04-03 13:17:48 - [MESSAGE][PASSED] - Screenshot is taken
[[ATTACHMENT|keyes\keyes-Sorting_Favorite_A_Z.png]]

2023-04-03 13:17:48 - [TEST_STEP][PASSED] - swipe(100, 800, 0, 0): Swiped from 100,800 to 0,0

2023-04-03 13:17:49 - [MESSAGE][PASSED] - Swiped from 100,800 to 0,0

2023-04-03 13:17:49 - [TEST_STEP][PASSED] - delay(1, CONTINUE_ON_FAILURE): Delayed 1 second(s)

2023-04-03 13:17:50 - [MESSAGE][PASSED] - Delayed 1 second(s)]]></system-out>
         <system-err><![CDATA[]]></system-err>
      </testcase>
      <testcase name="Test Cases/Favourite/Sorting/TC_Z-A_Sort_Favourite" time="8.415" classname="Test Cases/Favourite/Sorting/TC_Z-A_Sort_Favourite" status="PASSED">
         <system-out><![CDATA[2023-04-03 13:17:50 - [TEST_CASE][PASSED] - Test Cases/Favourite/Sorting/TC_Z-A_Sort_Favourite: Test Cases/Favourite/Sorting/TC_Z-A_Sort_Favourite

2023-04-03 13:17:50 - [TEST_STEP][PASSED] - tap(findTestObject("Favourite/Sort/Sort Button"), 0): Tapped on element 'Object Repository/Favourite/Sort/Sort Button'

2023-04-03 13:17:50 - [MESSAGE][WARNING] - Timeout '0' is invalid. Using default page load timeout: '30'

2023-04-03 13:17:51 - [MESSAGE][PASSED] - Tapped on element 'Object Repository/Favourite/Sort/Sort Button'

2023-04-03 13:17:51 - [TEST_STEP][PASSED] - tap(findTestObject("Favourite/Sort/Z - A"), 0): Tapped on element 'Object Repository/Favourite/Sort/Z - A'

2023-04-03 13:17:51 - [MESSAGE][WARNING] - Timeout '0' is invalid. Using default page load timeout: '30'

2023-04-03 13:17:52 - [MESSAGE][PASSED] - Tapped on element 'Object Repository/Favourite/Sort/Z - A'

2023-04-03 13:17:52 - [TEST_STEP][PASSED] - delay(2, CONTINUE_ON_FAILURE): Delayed 2 second(s)

2023-04-03 13:17:54 - [MESSAGE][PASSED] - Delayed 2 second(s)

2023-04-03 13:17:54 - [TEST_STEP][PASSED] - takeScreenshotAsCheckpoint("Sort_Z_A.png", []): Screenshot is taken

2023-04-03 13:17:56 - [MESSAGE][INFO] - 0 hidden object(s)

2023-04-03 13:17:56 - [MESSAGE][PASSED] - Screenshot is taken
[[ATTACHMENT|keyes\keyes-Sort_Z_A.png]]

2023-04-03 13:17:56 - [TEST_STEP][PASSED] - swipe(100, 800, 0, 0): Swiped from 100,800 to 0,0

2023-04-03 13:17:57 - [MESSAGE][PASSED] - Swiped from 100,800 to 0,0

2023-04-03 13:17:57 - [TEST_STEP][PASSED] - delay(1, CONTINUE_ON_FAILURE): Delayed 1 second(s)

2023-04-03 13:17:58 - [MESSAGE][PASSED] - Delayed 1 second(s)]]></system-out>
         <system-err><![CDATA[]]></system-err>
      </testcase>
      <testcase name="Test Cases/Favourite/Sorting/TC_LowestSort_Favourite" time="24.245" classname="Test Cases/Favourite/Sorting/TC_LowestSort_Favourite" status="PASSED">
         <system-out><![CDATA[2023-04-03 13:17:58 - [TEST_CASE][PASSED] - Test Cases/Favourite/Sorting/TC_LowestSort_Favourite: Test Cases/Favourite/Sorting/TC_LowestSort_Favourite

2023-04-03 13:17:59 - [TEST_STEP][PASSED] - tap(findTestObject("Favourite/Sort/Sort Button"), 0): Tapped on element 'Object Repository/Favourite/Sort/Sort Button'

2023-04-03 13:17:59 - [MESSAGE][WARNING] - Timeout '0' is invalid. Using default page load timeout: '30'

2023-04-03 13:17:59 - [MESSAGE][PASSED] - Tapped on element 'Object Repository/Favourite/Sort/Sort Button'

2023-04-03 13:17:59 - [TEST_STEP][PASSED] - tap(findTestObject("Favourite/Sort/Harga Termurah"), 0): Tapped on element 'Object Repository/Favourite/Sort/Harga Termurah'

2023-04-03 13:17:59 - [MESSAGE][WARNING] - Timeout '0' is invalid. Using default page load timeout: '30'

2023-04-03 13:18:16 - [MESSAGE][PASSED] - Tapped on element 'Object Repository/Favourite/Sort/Harga Termurah'

2023-04-03 13:18:16 - [TEST_STEP][PASSED] - delay(2, CONTINUE_ON_FAILURE): Delayed 2 second(s)

2023-04-03 13:18:18 - [MESSAGE][PASSED] - Delayed 2 second(s)

2023-04-03 13:18:18 - [TEST_STEP][PASSED] - takeScreenshotAsCheckpoint("Sort_Lowest.png", []): Screenshot is taken

2023-04-03 13:18:20 - [MESSAGE][INFO] - 0 hidden object(s)

2023-04-03 13:18:21 - [MESSAGE][PASSED] - Screenshot is taken
[[ATTACHMENT|keyes\keyes-Sort_Lowest.png]]

2023-04-03 13:18:21 - [TEST_STEP][PASSED] - swipe(100, 800, 0, 0): Swiped from 100,800 to 0,0

2023-04-03 13:18:22 - [MESSAGE][PASSED] - Swiped from 100,800 to 0,0

2023-04-03 13:18:22 - [TEST_STEP][PASSED] - delay(1, CONTINUE_ON_FAILURE): Delayed 1 second(s)

2023-04-03 13:18:23 - [MESSAGE][PASSED] - Delayed 1 second(s)]]></system-out>
         <system-err><![CDATA[]]></system-err>
      </testcase>
      <testcase name="Test Cases/Favourite/Sorting/TC_HighestSort_Favourite" time="11.92" classname="Test Cases/Favourite/Sorting/TC_HighestSort_Favourite" status="PASSED">
         <system-out><![CDATA[2023-04-03 13:18:23 - [TEST_CASE][PASSED] - Test Cases/Favourite/Sorting/TC_HighestSort_Favourite: Test Cases/Favourite/Sorting/TC_HighestSort_Favourite

2023-04-03 13:18:23 - [TEST_STEP][PASSED] - tap(findTestObject("Favourite/Sort/Sort Button"), 0): Tapped on element 'Object Repository/Favourite/Sort/Sort Button'

2023-04-03 13:18:23 - [MESSAGE][WARNING] - Timeout '0' is invalid. Using default page load timeout: '30'

2023-04-03 13:18:24 - [MESSAGE][PASSED] - Tapped on element 'Object Repository/Favourite/Sort/Sort Button'

2023-04-03 13:18:24 - [TEST_STEP][PASSED] - tap(findTestObject("Favourite/Sort/Close Sorting"), 0): Tapped on element 'Object Repository/Favourite/Sort/Close Sorting'

2023-04-03 13:18:24 - [MESSAGE][WARNING] - Timeout '0' is invalid. Using default page load timeout: '30'

2023-04-03 13:18:26 - [MESSAGE][PASSED] - Tapped on element 'Object Repository/Favourite/Sort/Close Sorting'

2023-04-03 13:18:26 - [TEST_STEP][PASSED] - tap(findTestObject("Favourite/Sort/Sort Button"), 0): Tapped on element 'Object Repository/Favourite/Sort/Sort Button'

2023-04-03 13:18:26 - [MESSAGE][WARNING] - Timeout '0' is invalid. Using default page load timeout: '30'

2023-04-03 13:18:27 - [MESSAGE][PASSED] - Tapped on element 'Object Repository/Favourite/Sort/Sort Button'

2023-04-03 13:18:27 - [TEST_STEP][PASSED] - tap(findTestObject("Favourite/Sort/Harga Termahal"), 0): Tapped on element 'Object Repository/Favourite/Sort/Harga Termahal'

2023-04-03 13:18:27 - [MESSAGE][WARNING] - Timeout '0' is invalid. Using default page load timeout: '30'

2023-04-03 13:18:28 - [MESSAGE][PASSED] - Tapped on element 'Object Repository/Favourite/Sort/Harga Termahal'

2023-04-03 13:18:28 - [TEST_STEP][PASSED] - delay(2, CONTINUE_ON_FAILURE): Delayed 2 second(s)

2023-04-03 13:18:30 - [MESSAGE][PASSED] - Delayed 2 second(s)

2023-04-03 13:18:30 - [TEST_STEP][PASSED] - takeScreenshotAsCheckpoint("Highest_Sort.png", []): Screenshot is taken

2023-04-03 13:18:32 - [MESSAGE][INFO] - 0 hidden object(s)

2023-04-03 13:18:33 - [MESSAGE][PASSED] - Screenshot is taken
[[ATTACHMENT|keyes\keyes-Highest_Sort.png]]

2023-04-03 13:18:33 - [TEST_STEP][PASSED] - swipe(100, 800, 0, 0): Swiped from 100,800 to 0,0

2023-04-03 13:18:34 - [MESSAGE][PASSED] - Swiped from 100,800 to 0,0

2023-04-03 13:18:34 - [TEST_STEP][PASSED] - delay(1, CONTINUE_ON_FAILURE): Delayed 1 second(s)

2023-04-03 13:18:35 - [MESSAGE][PASSED] - Delayed 1 second(s)]]></system-out>
         <system-err><![CDATA[]]></system-err>
      </testcase>
      <system-out><![CDATA[2023-04-03 13:16:59 - [TEST_SUITE][PASSED] - Sorting_Favourite: Test Cases/Favourite/Sorting/TC_HighestSort_Favourite]]></system-out>
      <system-err><![CDATA[]]></system-err>
   </testsuite>
</testsuites>
