<?xml version="1.0" encoding="UTF-8"?>
<testsuites name="Register_Taken_Email" time="63.492" tests="7" failures="0" errors="0">
   <testsuite name="Register_Taken_Email" tests="7" failures="0" errors="0" time="63.492" skipped="0" timestamp="2023-03-21 10:00:46" hostname="raiha - LAPTOP-UT2QLFD0" id="Test Suites/Register/Email/Register_Taken_Email">
      <properties>
         <property name="deviceName" value="Xiaomi M2101K7BNY (Android 12)"/>
         <property name="devicePlatform" value=""/>
         <property name="logFolder" value="C:\\Users\\raiha\\Documents\\Katalon Studio\\Mobile Klik IGR\\Reports\\20230321_100037\\Register\\Email\\Register_Taken_Email\\20230321_100037"/>
         <property name="logFiles" value="C:\\Users\\raiha\\Documents\\Katalon Studio\\Mobile Klik IGR\\Reports\\20230321_100037\\Register\\Email\\Register_Taken_Email\\20230321_100037\\appium.log, C:\\Users\\raiha\\Documents\\Katalon Studio\\Mobile Klik IGR\\Reports\\20230321_100037\\Register\\Email\\Register_Taken_Email\\20230321_100037\\execution0.log"/>
         <property name="attachments" value=""/>
         <property name="hostName" value="raiha - LAPTOP-UT2QLFD0"/>
         <property name="os" value="Windows 10 64bit"/>
         <property name="appiumServerStatus" value="{&quot;value&quot;:{&quot;build&quot;:{&quot;version&quot;:&quot;1.22.3&quot;}},&quot;sessionId&quot;:null,&quot;status&quot;:0}"/>
         <property name="katalonVersion" value="8.5.5.208"/>
         <property name="deviceOS" value="Android"/>
         <property name="appiumVersion" value="1.22.3"/>
         <property name="deviceModel" value="M2101K7BNY"/>
         <property name="hostAddress" value="192.168.1.8"/>
         <property name="deviceManufacturer" value="Xiaomi"/>
         <property name="deviceId" value="4LSG9XI7HU8HTOXW"/>
         <property name="deviceName" value="Xiaomi M2101K7BNY (Android 12)"/>
         <property name="deviceOSVersion" value="12"/>
      </properties>
      <testcase name="Test Cases/Register/Redirect_to_RegisterPage" time="27.528" classname="Test Cases/Register/Redirect_to_RegisterPage" status="PASSED">
         <system-out><![CDATA[2023-03-21 10:00:46 - [TEST_CASE][PASSED] - Test Cases/Register/Redirect_to_RegisterPage: Test Cases/Register/Redirect_to_RegisterPage

2023-03-21 10:00:47 - [TEST_STEP][PASSED] - startApplication(APP, false): Started app at: 'C:\Users\raiha\Documents\Katalon Studio\Mobile Klik IGR\AndroidApp\Klik SANDBOX v5.1.9(104).apk'

2023-03-21 10:00:47 - [MESSAGE][INFO] - User set preference: ['deviceId', '']

2023-03-21 10:00:47 - [MESSAGE][INFO] - Detected NodeJS location: "C:\Program Files\nodejs\node.exe"

2023-03-21 10:00:48 - [MESSAGE][INFO] - Appium server started on port 63,064

2023-03-21 10:01:10 - [MESSAGE][PASSED] - Started app at: 'C:\Users\raiha\Documents\Katalon Studio\Mobile Klik IGR\AndroidApp\Klik SANDBOX v5.1.9(104).apk'

2023-03-21 10:01:10 - [TEST_STEP][PASSED] - tap(findTestObject("Object Repository/Register/Redirect_To_RegisterPage/android.view.View"), 0): Tapped on element 'Object Repository/Register/Redirect_To_RegisterPage/android.view.View'

2023-03-21 10:01:11 - [MESSAGE][WARNING] - Timeout '0' is invalid. Using default page load timeout: '30'

2023-03-21 10:01:12 - [MESSAGE][PASSED] - Tapped on element 'Object Repository/Register/Redirect_To_RegisterPage/android.view.View'

2023-03-21 10:01:12 - [TEST_STEP][PASSED] - tap(findTestObject("Object Repository/Register/Redirect_To_RegisterPage/android.widget.Button"), 0): Tapped on element 'Object Repository/Register/Redirect_To_RegisterPage/android.widget.Button'

2023-03-21 10:01:12 - [MESSAGE][WARNING] - Timeout '0' is invalid. Using default page load timeout: '30'

2023-03-21 10:01:13 - [MESSAGE][PASSED] - Tapped on element 'Object Repository/Register/Redirect_To_RegisterPage/android.widget.Button'

2023-03-21 10:01:13 - [TEST_STEP][PASSED] - delay(1, CONTINUE_ON_FAILURE): Delayed 1 second(s)

2023-03-21 10:01:14 - [MESSAGE][PASSED] - Delayed 1 second(s)]]></system-out>
         <system-err><![CDATA[]]></system-err>
      </testcase>
      <testcase name="Test Cases/Register/Name/TC_Register_ValidName" time="2.543" classname="Test Cases/Register/Name/TC_Register_ValidName" status="PASSED">
         <system-out><![CDATA[2023-03-21 10:01:14 - [TEST_CASE][PASSED] - Test Cases/Register/Name/TC_Register_ValidName: Test Cases/Register/Name/TC_Register_ValidName

2023-03-21 10:01:14 - [TEST_STEP][PASSED] - tap(findTestObject("Object Repository/Register/Name/Register_ValidName/android.widget.EditText - Nama"), 0): Tapped on element 'Object Repository/Register/Name/Register_ValidName/android.widget.EditText - Nama'

2023-03-21 10:01:14 - [MESSAGE][WARNING] - Timeout '0' is invalid. Using default page load timeout: '30'

2023-03-21 10:01:15 - [MESSAGE][PASSED] - Tapped on element 'Object Repository/Register/Name/Register_ValidName/android.widget.EditText - Nama'

2023-03-21 10:01:15 - [TEST_STEP][PASSED] - setText(findTestObject("Object Repository/Register/Name/Register_ValidName/android.widget.EditText - Nama (1)"), "raihan", 0): Text 'raihan' has been set to element 'Object Repository/Register/Name/Register_ValidName/android.widget.EditText - Nama (1)'

2023-03-21 10:01:15 - [MESSAGE][WARNING] - Timeout '0' is invalid. Using default page load timeout: '30'

2023-03-21 10:01:16 - [MESSAGE][PASSED] - Text 'raihan' has been set to element 'Object Repository/Register/Name/Register_ValidName/android.widget.EditText - Nama (1)']]></system-out>
         <system-err><![CDATA[]]></system-err>
      </testcase>
      <testcase name="Test Cases/Register/Email/TC_Register_EmailTaken" time="2.109" classname="Test Cases/Register/Email/TC_Register_EmailTaken" status="PASSED">
         <system-out><![CDATA[2023-03-21 10:01:16 - [TEST_CASE][PASSED] - Test Cases/Register/Email/TC_Register_EmailTaken: Test Cases/Register/Email/TC_Register_EmailTaken

2023-03-21 10:01:17 - [TEST_STEP][PASSED] - tap(findTestObject("Object Repository/Register/Email/Register_EmailTaken/android.widget.EditText - Alamat Email"), 0): Tapped on element 'Object Repository/Register/Email/Register_EmailTaken/android.widget.EditText - Alamat Email'

2023-03-21 10:01:17 - [MESSAGE][WARNING] - Timeout '0' is invalid. Using default page load timeout: '30'

2023-03-21 10:01:18 - [MESSAGE][PASSED] - Tapped on element 'Object Repository/Register/Email/Register_EmailTaken/android.widget.EditText - Alamat Email'

2023-03-21 10:01:18 - [TEST_STEP][PASSED] - setText(findTestObject("Object Repository/Register/Email/Register_EmailTaken/android.widget.EditText - Alamat Email (1)"), "raihansulthan4@gmail.com", 0): Text 'raihansulthan4@gmail.com' has been set to element 'Object Repository/Register/Email/Register_EmailTaken/android.widget.EditText - Alamat Email (1)'

2023-03-21 10:01:18 - [MESSAGE][WARNING] - Timeout '0' is invalid. Using default page load timeout: '30'

2023-03-21 10:01:18 - [MESSAGE][PASSED] - Text 'raihansulthan4@gmail.com' has been set to element 'Object Repository/Register/Email/Register_EmailTaken/android.widget.EditText - Alamat Email (1)']]></system-out>
         <system-err><![CDATA[]]></system-err>
      </testcase>
      <testcase name="Test Cases/Register/Password/TC_Register_ValidPassword" time="7.054" classname="Test Cases/Register/Password/TC_Register_ValidPassword" status="PASSED">
         <system-out><![CDATA[2023-03-21 10:01:18 - [TEST_CASE][PASSED] - Test Cases/Register/Password/TC_Register_ValidPassword: Test Cases/Register/Password/TC_Register_ValidPassword

2023-03-21 10:01:19 - [TEST_STEP][PASSED] - tap(findTestObject("Object Repository/Register/Password/Register_ValidPassword/android.widget.EditText - Password"), 0): Tapped on element 'Object Repository/Register/Password/Register_ValidPassword/android.widget.EditText - Password'

2023-03-21 10:01:19 - [MESSAGE][WARNING] - Timeout '0' is invalid. Using default page load timeout: '30'

2023-03-21 10:01:20 - [MESSAGE][PASSED] - Tapped on element 'Object Repository/Register/Password/Register_ValidPassword/android.widget.EditText - Password'

2023-03-21 10:01:20 - [TEST_STEP][PASSED] - setEncryptedText(findTestObject("Object Repository/Register/Password/Register_ValidPassword/android.widget.EditText - Password (1)"), "lsdNNXlVAZI=", 0): Encrypted text 'lsdNNXlVAZI=' has been set to element 'Object Repository/Register/Password/Register_ValidPassword/android.widget.EditText - Password (1)'

2023-03-21 10:01:20 - [MESSAGE][WARNING] - Timeout '0' is invalid. Using default page load timeout: '30'

2023-03-21 10:01:21 - [MESSAGE][PASSED] - Encrypted text 'lsdNNXlVAZI=' has been set to element 'Object Repository/Register/Password/Register_ValidPassword/android.widget.EditText - Password (1)'

2023-03-21 10:01:21 - [TEST_STEP][PASSED] - tap(findTestObject("Object Repository/Register/Password/Register_ValidPassword/android.widget.Button"), 0): Tapped on element 'Object Repository/Register/Password/Register_ValidPassword/android.widget.Button'

2023-03-21 10:01:21 - [MESSAGE][WARNING] - Timeout '0' is invalid. Using default page load timeout: '30'

2023-03-21 10:01:21 - [MESSAGE][PASSED] - Tapped on element 'Object Repository/Register/Password/Register_ValidPassword/android.widget.Button'

2023-03-21 10:01:21 - [TEST_STEP][PASSED] - tap(findTestObject("Object Repository/Register/Password/Register_ValidPassword/android.widget.EditText - Ketik Ulang Password"), 0): Tapped on element 'Object Repository/Register/Password/Register_ValidPassword/android.widget.EditText - Ketik Ulang Password'

2023-03-21 10:01:21 - [MESSAGE][WARNING] - Timeout '0' is invalid. Using default page load timeout: '30'

2023-03-21 10:01:22 - [MESSAGE][PASSED] - Tapped on element 'Object Repository/Register/Password/Register_ValidPassword/android.widget.EditText - Ketik Ulang Password'

2023-03-21 10:01:22 - [TEST_STEP][PASSED] - setEncryptedText(findTestObject("Object Repository/Register/Password/Register_ValidPassword/android.widget.EditText - Ketik Ulang Password (1)"), "lsdNNXlVAZI=", 0): Encrypted text 'lsdNNXlVAZI=' has been set to element 'Object Repository/Register/Password/Register_ValidPassword/android.widget.EditText - Ketik Ulang Password (1)'

2023-03-21 10:01:22 - [MESSAGE][WARNING] - Timeout '0' is invalid. Using default page load timeout: '30'

2023-03-21 10:01:24 - [MESSAGE][PASSED] - Encrypted text 'lsdNNXlVAZI=' has been set to element 'Object Repository/Register/Password/Register_ValidPassword/android.widget.EditText - Ketik Ulang Password (1)'

2023-03-21 10:01:24 - [TEST_STEP][PASSED] - tap(findTestObject("Object Repository/Register/Password/Register_ValidPassword/android.widget.Button (1)"), 0): Tapped on element 'Object Repository/Register/Password/Register_ValidPassword/android.widget.Button (1)'

2023-03-21 10:01:24 - [MESSAGE][WARNING] - Timeout '0' is invalid. Using default page load timeout: '30'

2023-03-21 10:01:26 - [MESSAGE][PASSED] - Tapped on element 'Object Repository/Register/Password/Register_ValidPassword/android.widget.Button (1)']]></system-out>
         <system-err><![CDATA[]]></system-err>
      </testcase>
      <testcase name="Test Cases/Register/Address/TC_Register_ValidAddress" time="11.779" classname="Test Cases/Register/Address/TC_Register_ValidAddress" status="PASSED">
         <system-out><![CDATA[2023-03-21 10:01:26 - [TEST_CASE][PASSED] - Test Cases/Register/Address/TC_Register_ValidAddress: Test Cases/Register/Address/TC_Register_ValidAddress

2023-03-21 10:01:26 - [TEST_STEP][PASSED] - tap(findTestObject("Object Repository/Register/Address/Register_ValidAddress/android.widget.EditText - Alamat Pengiriman"), 0): Tapped on element 'Object Repository/Register/Address/Register_ValidAddress/android.widget.EditText - Alamat Pengiriman'

2023-03-21 10:01:26 - [MESSAGE][WARNING] - Timeout '0' is invalid. Using default page load timeout: '30'

2023-03-21 10:01:26 - [MESSAGE][PASSED] - Tapped on element 'Object Repository/Register/Address/Register_ValidAddress/android.widget.EditText - Alamat Pengiriman'

2023-03-21 10:01:26 - [TEST_STEP][PASSED] - setText(findTestObject("Object Repository/Register/Address/Register_ValidAddress/android.widget.EditText - Alamat Pengiriman (1)"), "Jl. yang ada di Kedaung", 0): Text 'Jl. yang ada di Kedaung' has been set to element 'Object Repository/Register/Address/Register_ValidAddress/android.widget.EditText - Alamat Pengiriman (1)'

2023-03-21 10:01:26 - [MESSAGE][WARNING] - Timeout '0' is invalid. Using default page load timeout: '30'

2023-03-21 10:01:27 - [MESSAGE][PASSED] - Text 'Jl. yang ada di Kedaung' has been set to element 'Object Repository/Register/Address/Register_ValidAddress/android.widget.EditText - Alamat Pengiriman (1)'

2023-03-21 10:01:27 - [TEST_STEP][PASSED] - hideKeyboard(): Keyboard is hidden

2023-03-21 10:01:29 - [MESSAGE][PASSED] - Keyboard is hidden

2023-03-21 10:01:29 - [TEST_STEP][PASSED] - tap(findTestObject("Object Repository/Register/Address/Register_ValidAddress/android.view.View"), 0): Tapped on element 'Object Repository/Register/Address/Register_ValidAddress/android.view.View'

2023-03-21 10:01:29 - [MESSAGE][WARNING] - Timeout '0' is invalid. Using default page load timeout: '30'

2023-03-21 10:01:30 - [MESSAGE][PASSED] - Tapped on element 'Object Repository/Register/Address/Register_ValidAddress/android.view.View'

2023-03-21 10:01:30 - [TEST_STEP][PASSED] - tap(findTestObject("Object Repository/Register/Address/Register_ValidAddress/android.view.View (1)"), 0): Tapped on element 'Object Repository/Register/Address/Register_ValidAddress/android.view.View (1)'

2023-03-21 10:01:30 - [MESSAGE][WARNING] - Timeout '0' is invalid. Using default page load timeout: '30'

2023-03-21 10:01:31 - [MESSAGE][PASSED] - Tapped on element 'Object Repository/Register/Address/Register_ValidAddress/android.view.View (1)'

2023-03-21 10:01:31 - [TEST_STEP][PASSED] - tap(findTestObject("Object Repository/Register/Address/Register_ValidAddress/android.view.View (2)"), 0): Tapped on element 'Object Repository/Register/Address/Register_ValidAddress/android.view.View (2)'

2023-03-21 10:01:31 - [MESSAGE][WARNING] - Timeout '0' is invalid. Using default page load timeout: '30'

2023-03-21 10:01:32 - [MESSAGE][PASSED] - Tapped on element 'Object Repository/Register/Address/Register_ValidAddress/android.view.View (2)'

2023-03-21 10:01:32 - [TEST_STEP][PASSED] - tap(findTestObject("Object Repository/Register/Address/Register_ValidAddress/android.view.View (3)"), 0): Tapped on element 'Object Repository/Register/Address/Register_ValidAddress/android.view.View (3)'

2023-03-21 10:01:32 - [MESSAGE][WARNING] - Timeout '0' is invalid. Using default page load timeout: '30'

2023-03-21 10:01:33 - [MESSAGE][PASSED] - Tapped on element 'Object Repository/Register/Address/Register_ValidAddress/android.view.View (3)'

2023-03-21 10:01:33 - [TEST_STEP][PASSED] - tap(findTestObject("Object Repository/Register/Address/Register_ValidAddress/android.widget.Button"), 0): Tapped on element 'Object Repository/Register/Address/Register_ValidAddress/android.widget.Button'

2023-03-21 10:01:33 - [MESSAGE][WARNING] - Timeout '0' is invalid. Using default page load timeout: '30'

2023-03-21 10:01:34 - [MESSAGE][PASSED] - Tapped on element 'Object Repository/Register/Address/Register_ValidAddress/android.widget.Button'

2023-03-21 10:01:34 - [TEST_STEP][PASSED] - tap(findTestObject("Object Repository/Register/Address/Register_ValidAddress/android.view.View (4)"), 0): Tapped on element 'Object Repository/Register/Address/Register_ValidAddress/android.view.View (4)'

2023-03-21 10:01:34 - [MESSAGE][WARNING] - Timeout '0' is invalid. Using default page load timeout: '30'

2023-03-21 10:01:35 - [MESSAGE][PASSED] - Tapped on element 'Object Repository/Register/Address/Register_ValidAddress/android.view.View (4)'

2023-03-21 10:01:35 - [TEST_STEP][PASSED] - tap(findTestObject("Object Repository/Register/Address/Register_ValidAddress/android.view.View (5)"), 0): Tapped on element 'Object Repository/Register/Address/Register_ValidAddress/android.view.View (5)'

2023-03-21 10:01:35 - [MESSAGE][WARNING] - Timeout '0' is invalid. Using default page load timeout: '30'

2023-03-21 10:01:36 - [MESSAGE][PASSED] - Tapped on element 'Object Repository/Register/Address/Register_ValidAddress/android.view.View (5)'

2023-03-21 10:01:36 - [TEST_STEP][PASSED] - tap(findTestObject("Object Repository/Register/Address/Register_ValidAddress/android.view.View (6)"), 0): Tapped on element 'Object Repository/Register/Address/Register_ValidAddress/android.view.View (6)'

2023-03-21 10:01:36 - [MESSAGE][WARNING] - Timeout '0' is invalid. Using default page load timeout: '30'

2023-03-21 10:01:37 - [MESSAGE][PASSED] - Tapped on element 'Object Repository/Register/Address/Register_ValidAddress/android.view.View (6)']]></system-out>
         <system-err><![CDATA[]]></system-err>
      </testcase>
      <testcase name="Test Cases/Register/Phone_Number/TC_Register_ValidPhone" time="7.539" classname="Test Cases/Register/Phone_Number/TC_Register_ValidPhone" status="PASSED">
         <system-out><![CDATA[2023-03-21 10:01:37 - [TEST_CASE][PASSED] - Test Cases/Register/Phone_Number/TC_Register_ValidPhone: Test Cases/Register/Phone_Number/TC_Register_ValidPhone

2023-03-21 10:01:38 - [TEST_STEP][PASSED] - swipe(100, 400, 0, 0): Swiped from 100,400 to 0,0

2023-03-21 10:01:39 - [MESSAGE][PASSED] - Swiped from 100,400 to 0,0

2023-03-21 10:01:39 - [TEST_STEP][PASSED] - tap(findTestObject("Object Repository/Register/Phone_Number/Valid_Phone_Number/android.widget.EditText - Nomor Handphone"), 0): Tapped on element 'Object Repository/Register/Phone_Number/Valid_Phone_Number/android.widget.EditText - Nomor Handphone'

2023-03-21 10:01:39 - [MESSAGE][WARNING] - Timeout '0' is invalid. Using default page load timeout: '30'

2023-03-21 10:01:39 - [MESSAGE][PASSED] - Tapped on element 'Object Repository/Register/Phone_Number/Valid_Phone_Number/android.widget.EditText - Nomor Handphone'

2023-03-21 10:01:39 - [TEST_STEP][PASSED] - setText(findTestObject("Object Repository/Register/Phone_Number/Valid_Phone_Number/android.widget.EditText - Nomor Handphone (1)"), "085817746351", 0): Text '085817746351' has been set to element 'Object Repository/Register/Phone_Number/Valid_Phone_Number/android.widget.EditText - Nomor Handphone (1)'

2023-03-21 10:01:39 - [MESSAGE][WARNING] - Timeout '0' is invalid. Using default page load timeout: '30'

2023-03-21 10:01:40 - [MESSAGE][PASSED] - Text '085817746351' has been set to element 'Object Repository/Register/Phone_Number/Valid_Phone_Number/android.widget.EditText - Nomor Handphone (1)'

2023-03-21 10:01:40 - [TEST_STEP][PASSED] - hideKeyboard(): Keyboard is hidden

2023-03-21 10:01:44 - [MESSAGE][PASSED] - Keyboard is hidden

2023-03-21 10:01:44 - [TEST_STEP][PASSED] - delay(1, CONTINUE_ON_FAILURE): Delayed 1 second(s)

2023-03-21 10:01:45 - [MESSAGE][PASSED] - Delayed 1 second(s)]]></system-out>
         <system-err><![CDATA[]]></system-err>
      </testcase>
      <testcase name="Test Cases/Register/Email/TC_FailedEmail_Submit" time="4.636" classname="Test Cases/Register/Email/TC_FailedEmail_Submit" status="PASSED">
         <system-out><![CDATA[2023-03-21 10:01:45 - [TEST_CASE][PASSED] - Test Cases/Register/Email/TC_FailedEmail_Submit: Test Cases/Register/Email/TC_FailedEmail_Submit

2023-03-21 10:01:45 - [TEST_STEP][PASSED] - tap(findTestObject("Object Repository/Register/Email/FailedEmail_Submit/android.widget.Button"), 0): Tapped on element 'Object Repository/Register/Email/FailedEmail_Submit/android.widget.Button'

2023-03-21 10:01:45 - [MESSAGE][WARNING] - Timeout '0' is invalid. Using default page load timeout: '30'

2023-03-21 10:01:46 - [MESSAGE][PASSED] - Tapped on element 'Object Repository/Register/Email/FailedEmail_Submit/android.widget.Button'

2023-03-21 10:01:46 - [TEST_STEP][PASSED] - delay(2, CONTINUE_ON_FAILURE): Delayed 2 second(s)

2023-03-21 10:01:48 - [MESSAGE][PASSED] - Delayed 2 second(s)

2023-03-21 10:01:48 - [TEST_STEP][PASSED] - tap(findTestObject("Object Repository/Register/Email/FailedEmail_Submit/android.widget.Button (1)"), 0): Tapped on element 'Object Repository/Register/Email/FailedEmail_Submit/android.widget.Button (1)'

2023-03-21 10:01:49 - [MESSAGE][WARNING] - Timeout '0' is invalid. Using default page load timeout: '30'

2023-03-21 10:01:50 - [MESSAGE][PASSED] - Tapped on element 'Object Repository/Register/Email/FailedEmail_Submit/android.widget.Button (1)']]></system-out>
         <system-err><![CDATA[]]></system-err>
      </testcase>
      <system-out><![CDATA[2023-03-21 10:00:46 - [TEST_SUITE][PASSED] - Register_Taken_Email: Test Cases/Register/Email/TC_FailedEmail_Submit]]></system-out>
      <system-err><![CDATA[]]></system-err>
   </testsuite>
</testsuites>
