<?xml version="1.0" encoding="UTF-8"?>
<testsuites name="SMobil_Mandiri" time="95.609" tests="4" failures="0" errors="0">
   <testsuite name="SMobil_Mandiri" tests="4" failures="0" errors="0" time="95.609" skipped="0" timestamp="2023-03-29 14:39:04" hostname="raiha - LAPTOP-UT2QLFD0" id="Test Suites/Checkout/Sameday_Mobil/SMobil_Mandiri">
      <properties>
         <property name="deviceName" value="Xiaomi M2101K7BNY (Android 12)"/>
         <property name="devicePlatform" value=""/>
         <property name="logFolder" value="C:\\Users\\raiha\\Katalon Studio\\Mobile Klik IGR\\Reports\\20230329_143853\\Checkout\\Sameday_Mobil\\SMobil_Mandiri\\20230329_143853"/>
         <property name="logFiles" value="C:\\Users\\raiha\\Katalon Studio\\Mobile Klik IGR\\Reports\\20230329_143853\\Checkout\\Sameday_Mobil\\SMobil_Mandiri\\20230329_143853\\appium.log, C:\\Users\\raiha\\Katalon Studio\\Mobile Klik IGR\\Reports\\20230329_143853\\Checkout\\Sameday_Mobil\\SMobil_Mandiri\\20230329_143853\\execution0.log"/>
         <property name="attachments" value=""/>
         <property name="hostName" value="raiha - LAPTOP-UT2QLFD0"/>
         <property name="os" value="Windows 10 64bit"/>
         <property name="appiumServerStatus" value="{&quot;value&quot;:{&quot;build&quot;:{&quot;version&quot;:&quot;1.22.3&quot;}},&quot;sessionId&quot;:null,&quot;status&quot;:0}"/>
         <property name="katalonVersion" value="8.5.5.208"/>
         <property name="deviceOS" value="Android"/>
         <property name="appiumVersion" value="1.22.3"/>
         <property name="deviceModel" value="M2101K7BNY"/>
         <property name="hostAddress" value="192.168.1.9"/>
         <property name="deviceManufacturer" value="Xiaomi"/>
         <property name="deviceId" value="4LSG9XI7HU8HTOXW"/>
         <property name="deviceName" value="Xiaomi M2101K7BNY (Android 12)"/>
         <property name="deviceOSVersion" value="12"/>
      </properties>
      <testcase name="Test Cases/Checkout/Keranjang/TC_NEW_Tambah_Keranjang" time="61.15" classname="Test Cases/Checkout/Keranjang/TC_NEW_Tambah_Keranjang" status="PASSED">
         <system-out><![CDATA[2023-03-29 14:39:04 - [TEST_CASE][PASSED] - Test Cases/Checkout/Keranjang/TC_NEW_Tambah_Keranjang: Test Cases/Checkout/Keranjang/TC_NEW_Tambah_Keranjang

2023-03-29 14:39:05 - [TEST_STEP][PASSED] - startApplication(APP, false): Started app at: 'C:\Users\raiha\Katalon Studio\Mobile Klik IGR\AndroidApp\Klik Dev v6.0.0(105).apk'

2023-03-29 14:39:05 - [MESSAGE][INFO] - User set preference: ['deviceId', '']

2023-03-29 14:39:05 - [MESSAGE][INFO] - Detected NodeJS location: "C:\Program Files\nodejs\node.exe"

2023-03-29 14:39:07 - [MESSAGE][INFO] - Appium server started on port 50,534

2023-03-29 14:39:43 - [MESSAGE][PASSED] - Started app at: 'C:\Users\raiha\Katalon Studio\Mobile Klik IGR\AndroidApp\Klik Dev v6.0.0(105).apk'

2023-03-29 14:39:43 - [TEST_STEP][PASSED] - tap(findTestObject("Kategori/Ibu dan Anak"), 0): Tapped on element 'Object Repository/Kategori/Ibu dan Anak'

2023-03-29 14:39:43 - [MESSAGE][WARNING] - Timeout '0' is invalid. Using default page load timeout: '30'

2023-03-29 14:39:45 - [MESSAGE][PASSED] - Tapped on element 'Object Repository/Kategori/Ibu dan Anak'

2023-03-29 14:39:45 - [TEST_STEP][PASSED] - delay(2, STOP_ON_FAILURE): Delayed 2 second(s)

2023-03-29 14:39:47 - [MESSAGE][PASSED] - Delayed 2 second(s)

2023-03-29 14:39:47 - [TEST_STEP][PASSED] - tap(findTestObject("Sorting/Tombol Sort"), 0): Tapped on element 'Object Repository/Sorting/Tombol Sort'

2023-03-29 14:39:47 - [MESSAGE][WARNING] - Timeout '0' is invalid. Using default page load timeout: '30'

2023-03-29 14:39:48 - [MESSAGE][PASSED] - Tapped on element 'Object Repository/Sorting/Tombol Sort'

2023-03-29 14:39:48 - [TEST_STEP][PASSED] - tap(findTestObject("Sorting/Harga Termahal"), 0): Tapped on element 'Object Repository/Sorting/Harga Termahal'

2023-03-29 14:39:48 - [MESSAGE][WARNING] - Timeout '0' is invalid. Using default page load timeout: '30'

2023-03-29 14:39:49 - [MESSAGE][PASSED] - Tapped on element 'Object Repository/Sorting/Harga Termahal'

2023-03-29 14:39:49 - [TEST_STEP][PASSED] - delay(1, CONTINUE_ON_FAILURE): Delayed 1 second(s)

2023-03-29 14:39:50 - [MESSAGE][PASSED] - Delayed 1 second(s)

2023-03-29 14:39:50 - [TEST_STEP][PASSED] - swipe(100, 400, 0, 0): Swiped from 100,400 to 0,0

2023-03-29 14:39:52 - [MESSAGE][PASSED] - Swiped from 100,400 to 0,0

2023-03-29 14:39:52 - [TEST_STEP][PASSED] - delay(1, CONTINUE_ON_FAILURE): Delayed 1 second(s)

2023-03-29 14:39:53 - [MESSAGE][PASSED] - Delayed 1 second(s)

2023-03-29 14:39:53 - [TEST_STEP][PASSED] - tap(findTestObject("Kategori/Ibu_Anak/Tambah Keranjang Enfagrow Susu Madu 800g"), 0): Tapped on element 'Object Repository/Kategori/Ibu_Anak/Tambah Keranjang Enfagrow Susu Madu 800g'

2023-03-29 14:39:53 - [MESSAGE][WARNING] - Timeout '0' is invalid. Using default page load timeout: '30'

2023-03-29 14:39:54 - [MESSAGE][PASSED] - Tapped on element 'Object Repository/Kategori/Ibu_Anak/Tambah Keranjang Enfagrow Susu Madu 800g'

2023-03-29 14:39:54 - [TEST_STEP][PASSED] - delay(1, CONTINUE_ON_FAILURE): Delayed 1 second(s)

2023-03-29 14:39:55 - [MESSAGE][PASSED] - Delayed 1 second(s)

2023-03-29 14:39:55 - [TEST_STEP][PASSED] - tap(findTestObject("Kategori/Ibu_Anak/Tambah Produk"), 0): Tapped on element 'Object Repository/Kategori/Ibu_Anak/Tambah Produk'

2023-03-29 14:39:55 - [MESSAGE][WARNING] - Timeout '0' is invalid. Using default page load timeout: '30'

2023-03-29 14:39:56 - [MESSAGE][PASSED] - Tapped on element 'Object Repository/Kategori/Ibu_Anak/Tambah Produk'

2023-03-29 14:39:56 - [TEST_STEP][PASSED] - delay(1, CONTINUE_ON_FAILURE): Delayed 1 second(s)

2023-03-29 14:39:57 - [MESSAGE][PASSED] - Delayed 1 second(s)

2023-03-29 14:39:57 - [TEST_STEP][PASSED] - tap(findTestObject("Kategori/Ibu_Anak/Tambah Keranjang"), 0): Tapped on element 'Object Repository/Kategori/Ibu_Anak/Tambah Keranjang'

2023-03-29 14:39:57 - [MESSAGE][WARNING] - Timeout '0' is invalid. Using default page load timeout: '30'

2023-03-29 14:39:58 - [MESSAGE][PASSED] - Tapped on element 'Object Repository/Kategori/Ibu_Anak/Tambah Keranjang'

2023-03-29 14:39:58 - [TEST_STEP][PASSED] - delay(3, STOP_ON_FAILURE): Delayed 3 second(s)

2023-03-29 14:40:01 - [MESSAGE][PASSED] - Delayed 3 second(s)

2023-03-29 14:40:01 - [TEST_STEP][PASSED] - tap(findTestObject("Kategori/Ibu_Anak/Keranjang Ibu dan Anak 3"), 0): Tapped on element 'Object Repository/Kategori/Ibu_Anak/Keranjang Ibu dan Anak 3'

2023-03-29 14:40:01 - [MESSAGE][WARNING] - Timeout '0' is invalid. Using default page load timeout: '30'

2023-03-29 14:40:02 - [MESSAGE][PASSED] - Tapped on element 'Object Repository/Kategori/Ibu_Anak/Keranjang Ibu dan Anak 3'

2023-03-29 14:40:02 - [TEST_STEP][PASSED] - delay(3, STOP_ON_FAILURE): Delayed 3 second(s)

2023-03-29 14:40:05 - [MESSAGE][PASSED] - Delayed 3 second(s)]]></system-out>
         <system-err><![CDATA[]]></system-err>
      </testcase>
      <testcase name="Test Cases/Checkout/Pengiriman/TC_Sameday_Mobil" time="16.984" classname="Test Cases/Checkout/Pengiriman/TC_Sameday_Mobil" status="PASSED">
         <system-out><![CDATA[2023-03-29 14:40:05 - [TEST_CASE][PASSED] - Test Cases/Checkout/Pengiriman/TC_Sameday_Mobil: Test Cases/Checkout/Pengiriman/TC_Sameday_Mobil

2023-03-29 14:40:05 - [TEST_STEP][PASSED] - tap(findTestObject("Checkout/Keranjang/Panah Ke atas Ringkasan Belanja"), 0): Tapped on element 'Object Repository/Checkout/Keranjang/Panah Ke atas Ringkasan Belanja'

2023-03-29 14:40:05 - [MESSAGE][WARNING] - Timeout '0' is invalid. Using default page load timeout: '30'

2023-03-29 14:40:06 - [MESSAGE][PASSED] - Tapped on element 'Object Repository/Checkout/Keranjang/Panah Ke atas Ringkasan Belanja'

2023-03-29 14:40:06 - [TEST_STEP][PASSED] - tap(findTestObject("Checkout/Pengiriman/Tombol Pengiriman"), 0): Tapped on element 'Object Repository/Checkout/Pengiriman/Tombol Pengiriman'

2023-03-29 14:40:06 - [MESSAGE][WARNING] - Timeout '0' is invalid. Using default page load timeout: '30'

2023-03-29 14:40:07 - [MESSAGE][PASSED] - Tapped on element 'Object Repository/Checkout/Pengiriman/Tombol Pengiriman'

2023-03-29 14:40:07 - [TEST_STEP][PASSED] - delay(9, CONTINUE_ON_FAILURE): Delayed 9 second(s)

2023-03-29 14:40:16 - [MESSAGE][PASSED] - Delayed 9 second(s)

2023-03-29 14:40:16 - [TEST_STEP][PASSED] - tap(findTestObject("Checkout/Pengiriman/Indopaket Mobil SAMEDAY"), 0): Tapped on element 'Object Repository/Checkout/Pengiriman/Indopaket Mobil SAMEDAY'

2023-03-29 14:40:16 - [MESSAGE][WARNING] - Timeout '0' is invalid. Using default page load timeout: '30'

2023-03-29 14:40:17 - [MESSAGE][PASSED] - Tapped on element 'Object Repository/Checkout/Pengiriman/Indopaket Mobil SAMEDAY'

2023-03-29 14:40:17 - [TEST_STEP][PASSED] - tap(findTestObject("Checkout/Pembayaran/Tombol Pembayaran"), 0): Tapped on element 'Object Repository/Checkout/Pembayaran/Tombol Pembayaran'

2023-03-29 14:40:17 - [MESSAGE][WARNING] - Timeout '0' is invalid. Using default page load timeout: '30'

2023-03-29 14:40:18 - [MESSAGE][PASSED] - Tapped on element 'Object Repository/Checkout/Pembayaran/Tombol Pembayaran'

2023-03-29 14:40:18 - [TEST_STEP][PASSED] - delay(4, CONTINUE_ON_FAILURE): Delayed 4 second(s)

2023-03-29 14:40:22 - [MESSAGE][PASSED] - Delayed 4 second(s)]]></system-out>
         <system-err><![CDATA[]]></system-err>
      </testcase>
      <testcase name="Test Cases/Checkout/Pembayaran/TC_Bayar_Mandiri" time="2.616" classname="Test Cases/Checkout/Pembayaran/TC_Bayar_Mandiri" status="PASSED">
         <system-out><![CDATA[2023-03-29 14:40:22 - [TEST_CASE][PASSED] - Test Cases/Checkout/Pembayaran/TC_Bayar_Mandiri: Test Cases/Checkout/Pembayaran/TC_Bayar_Mandiri

2023-03-29 14:40:22 - [TEST_STEP][PASSED] - swipe(0, 475, 0, 0): Swiped from 0,475 to 0,0

2023-03-29 14:40:23 - [MESSAGE][PASSED] - Swiped from 0,475 to 0,0

2023-03-29 14:40:23 - [TEST_STEP][PASSED] - tap(findTestObject("Checkout/Pembayaran/VA Mandiri"), 0): Tapped on element 'Object Repository/Checkout/Pembayaran/VA Mandiri'

2023-03-29 14:40:23 - [MESSAGE][WARNING] - Timeout '0' is invalid. Using default page load timeout: '30'

2023-03-29 14:40:25 - [MESSAGE][PASSED] - Tapped on element 'Object Repository/Checkout/Pembayaran/VA Mandiri']]></system-out>
         <system-err><![CDATA[]]></system-err>
      </testcase>
      <testcase name="Test Cases/Checkout/TC_Checkout" time="14.426" classname="Test Cases/Checkout/TC_Checkout" status="PASSED">
         <system-out><![CDATA[2023-03-29 14:40:25 - [TEST_CASE][PASSED] - Test Cases/Checkout/TC_Checkout: Test Cases/Checkout/TC_Checkout

2023-03-29 14:40:25 - [TEST_STEP][PASSED] - tap(findTestObject("Checkout/Checkout/Tombol Checkout"), 0): Tapped on element 'Object Repository/Checkout/Checkout/Tombol Checkout'

2023-03-29 14:40:25 - [MESSAGE][WARNING] - Timeout '0' is invalid. Using default page load timeout: '30'

2023-03-29 14:40:26 - [MESSAGE][PASSED] - Tapped on element 'Object Repository/Checkout/Checkout/Tombol Checkout'

2023-03-29 14:40:26 - [TEST_STEP][PASSED] - delay(7, STOP_ON_FAILURE): Delayed 7 second(s)

2023-03-29 14:40:33 - [MESSAGE][PASSED] - Delayed 7 second(s)

2023-03-29 14:40:33 - [TEST_STEP][PASSED] - swipe(0, 600, 0, 0): Swiped from 0,600 to 0,0

2023-03-29 14:40:34 - [MESSAGE][PASSED] - Swiped from 0,600 to 0,0

2023-03-29 14:40:34 - [TEST_STEP][PASSED] - delay(1, CONTINUE_ON_FAILURE): Delayed 1 second(s)

2023-03-29 14:40:35 - [MESSAGE][PASSED] - Delayed 1 second(s)

2023-03-29 14:40:35 - [TEST_STEP][PASSED] - tap(findTestObject("Checkout/Checkout/Lihat Cara Pembayaran"), 0): Tapped on element 'Object Repository/Checkout/Checkout/Lihat Cara Pembayaran'

2023-03-29 14:40:35 - [MESSAGE][WARNING] - Timeout '0' is invalid. Using default page load timeout: '30'

2023-03-29 14:40:36 - [MESSAGE][PASSED] - Tapped on element 'Object Repository/Checkout/Checkout/Lihat Cara Pembayaran'

2023-03-29 14:40:36 - [TEST_STEP][PASSED] - delay(1, CONTINUE_ON_FAILURE): Delayed 1 second(s)

2023-03-29 14:40:37 - [MESSAGE][PASSED] - Delayed 1 second(s)

2023-03-29 14:40:37 - [TEST_STEP][PASSED] - tap(findTestObject("Checkout/Checkout/Back Checkout"), 0): Tapped on element 'Object Repository/Checkout/Checkout/Back Checkout'

2023-03-29 14:40:37 - [MESSAGE][WARNING] - Timeout '0' is invalid. Using default page load timeout: '30'

2023-03-29 14:40:39 - [MESSAGE][PASSED] - Tapped on element 'Object Repository/Checkout/Checkout/Back Checkout']]></system-out>
         <system-err><![CDATA[]]></system-err>
      </testcase>
      <system-out><![CDATA[2023-03-29 14:39:04 - [TEST_SUITE][PASSED] - SMobil_Mandiri: Test Cases/Checkout/TC_Checkout]]></system-out>
      <system-err><![CDATA[]]></system-err>
   </testsuite>
</testsuites>
