<?xml version="1.0" encoding="UTF-8"?>
<testsuites name="Opsi_Pengiriman" time="61.928" tests="1" failures="0" errors="0">
   <testsuite name="Opsi_Pengiriman" tests="1" failures="0" errors="0" time="61.928" skipped="0" timestamp="2023-04-11 08:44:13" hostname="raiha - LAPTOP-UT2QLFD0" id="Test Suites/Checkout/Opsi_Pengiriman">
      <properties>
         <property name="deviceName" value="Xiaomi M2101K7BNY (Android 12)"/>
         <property name="devicePlatform" value=""/>
         <property name="logFolder" value="C:\\Users\\raiha\\Katalon Studio\\Mobile Klik IGR\\Reports\\20230411_084404\\Checkout\\Opsi_Pengiriman\\20230411_084404"/>
         <property name="logFiles" value="C:\\Users\\raiha\\Katalon Studio\\Mobile Klik IGR\\Reports\\20230411_084404\\Checkout\\Opsi_Pengiriman\\20230411_084404\\appium.log, C:\\Users\\raiha\\Katalon Studio\\Mobile Klik IGR\\Reports\\20230411_084404\\Checkout\\Opsi_Pengiriman\\20230411_084404\\execution0.log"/>
         <property name="attachments" value="keyes\keyes-Keranjang di bawah 150000.png, keyes\keyes-Keranjang di atas 150000.png, keyes\keyes-Pengiriman di atas 150000.png"/>
         <property name="hostName" value="raiha - LAPTOP-UT2QLFD0"/>
         <property name="os" value="Windows 10 64bit"/>
         <property name="appiumServerStatus" value="{&quot;value&quot;:{&quot;build&quot;:{&quot;version&quot;:&quot;1.22.3&quot;}},&quot;sessionId&quot;:null,&quot;status&quot;:0}"/>
         <property name="katalonVersion" value="8.5.5.208"/>
         <property name="deviceOS" value="Android"/>
         <property name="appiumVersion" value="1.22.3"/>
         <property name="deviceModel" value="M2101K7BNY"/>
         <property name="hostAddress" value="192.168.1.9"/>
         <property name="deviceManufacturer" value="Xiaomi"/>
         <property name="deviceId" value="4LSG9XI7HU8HTOXW"/>
         <property name="deviceName" value="Xiaomi M2101K7BNY (Android 12)"/>
         <property name="deviceOSVersion" value="12"/>
      </properties>
      <testcase name="Test Cases/Checkout/Keranjang/TC_NEW_Opsi_Pengiriman" time="61.702" classname="Test Cases/Checkout/Keranjang/TC_NEW_Opsi_Pengiriman" status="PASSED">
         <system-out><![CDATA[2023-04-11 08:44:13 - [TEST_CASE][PASSED] - Test Cases/Checkout/Keranjang/TC_NEW_Opsi_Pengiriman: Test Cases/Checkout/Keranjang/TC_NEW_Opsi_Pengiriman

2023-04-11 08:44:14 - [TEST_STEP][PASSED] - startApplication(APP, false): Started app at: 'C:\Users\raiha\Katalon Studio\Mobile Klik IGR\AndroidApp\Klik Dev v6.0.8.apk'

2023-04-11 08:44:14 - [MESSAGE][INFO] - User set preference: ['deviceId', '']

2023-04-11 08:44:14 - [MESSAGE][INFO] - Detected NodeJS location: "C:\Program Files\nodejs\node.exe"

2023-04-11 08:44:15 - [MESSAGE][INFO] - Appium server started on port 54,972

2023-04-11 08:44:38 - [MESSAGE][PASSED] - Started app at: 'C:\Users\raiha\Katalon Studio\Mobile Klik IGR\AndroidApp\Klik Dev v6.0.8.apk'

2023-04-11 08:44:38 - [TEST_STEP][PASSED] - tap(findTestObject("Kategori/Kesehatan dan Kecantikan"), 0): Tapped on element 'Object Repository/Kategori/Kesehatan dan Kecantikan'

2023-04-11 08:44:38 - [MESSAGE][WARNING] - Timeout '0' is invalid. Using default page load timeout: '10'

2023-04-11 08:44:39 - [MESSAGE][PASSED] - Tapped on element 'Object Repository/Kategori/Kesehatan dan Kecantikan'

2023-04-11 08:44:39 - [TEST_STEP][PASSED] - delay(2, CONTINUE_ON_FAILURE): Delayed 2 second(s)

2023-04-11 08:44:41 - [MESSAGE][PASSED] - Delayed 2 second(s)

2023-04-11 08:44:41 - [TEST_STEP][PASSED] - tap(findTestObject("Checkout/Tambah_Keranjang/Tambah Produk Lifebuoy"), 0): Tapped on element 'Object Repository/Checkout/Tambah_Keranjang/Tambah Produk Lifebuoy'

2023-04-11 08:44:41 - [MESSAGE][WARNING] - Timeout '0' is invalid. Using default page load timeout: '10'

2023-04-11 08:44:42 - [MESSAGE][PASSED] - Tapped on element 'Object Repository/Checkout/Tambah_Keranjang/Tambah Produk Lifebuoy'

2023-04-11 08:44:42 - [TEST_STEP][PASSED] - delay(1, CONTINUE_ON_FAILURE): Delayed 1 second(s)

2023-04-11 08:44:43 - [MESSAGE][PASSED] - Delayed 1 second(s)

2023-04-11 08:44:43 - [TEST_STEP][PASSED] - tap(findTestObject("Checkout/Tambah_Keranjang/Produk Pilihan/Tambah Keranjang Produk Pilihan"), 0): Tapped on element 'Object Repository/Checkout/Tambah_Keranjang/Produk Pilihan/Tambah Keranjang Produk Pilihan'

2023-04-11 08:44:43 - [MESSAGE][WARNING] - Timeout '0' is invalid. Using default page load timeout: '10'

2023-04-11 08:44:47 - [MESSAGE][PASSED] - Tapped on element 'Object Repository/Checkout/Tambah_Keranjang/Produk Pilihan/Tambah Keranjang Produk Pilihan'

2023-04-11 08:44:47 - [TEST_STEP][PASSED] - delay(2, CONTINUE_ON_FAILURE): Delayed 2 second(s)

2023-04-11 08:44:49 - [MESSAGE][PASSED] - Delayed 2 second(s)

2023-04-11 08:44:49 - [TEST_STEP][PASSED] - tap(findTestObject("Checkout/Tambah_Keranjang/Keranjang Kategori 1"), 0): Tapped on element 'Object Repository/Checkout/Tambah_Keranjang/Keranjang Kategori 1'

2023-04-11 08:44:49 - [MESSAGE][WARNING] - Timeout '0' is invalid. Using default page load timeout: '10'

2023-04-11 08:44:49 - [MESSAGE][PASSED] - Tapped on element 'Object Repository/Checkout/Tambah_Keranjang/Keranjang Kategori 1'

2023-04-11 08:44:49 - [TEST_STEP][PASSED] - delay(2, CONTINUE_ON_FAILURE): Delayed 2 second(s)

2023-04-11 08:44:51 - [MESSAGE][PASSED] - Delayed 2 second(s)

2023-04-11 08:44:51 - [TEST_STEP][PASSED] - takeScreenshotAsCheckpoint("Keranjang di bawah 150000.png", []): Screenshot is taken

2023-04-11 08:44:52 - [MESSAGE][INFO] - 0 hidden object(s)

2023-04-11 08:44:53 - [MESSAGE][PASSED] - Screenshot is taken
[[ATTACHMENT|keyes\keyes-Keranjang di bawah 150000.png]]

2023-04-11 08:44:53 - [TEST_STEP][PASSED] - tap(findTestObject("Checkout/Keranjang/Detail Produk/Edit Produk Row 1 Jumlah 1"), 0): Tapped on element 'Object Repository/Checkout/Keranjang/Detail Produk/Edit Produk Row 1 Jumlah 1'

2023-04-11 08:44:53 - [MESSAGE][WARNING] - Timeout '0' is invalid. Using default page load timeout: '10'

2023-04-11 08:44:53 - [MESSAGE][PASSED] - Tapped on element 'Object Repository/Checkout/Keranjang/Detail Produk/Edit Produk Row 1 Jumlah 1'

2023-04-11 08:44:53 - [TEST_STEP][PASSED] - tap(findTestObject("Checkout/Keranjang/Edit Produk/Field Edit Produk 1 Lifebuoy"), 0): Tapped on element 'Object Repository/Checkout/Keranjang/Edit Produk/Field Edit Produk 1 Lifebuoy'

2023-04-11 08:44:53 - [MESSAGE][WARNING] - Timeout '0' is invalid. Using default page load timeout: '10'

2023-04-11 08:44:55 - [MESSAGE][PASSED] - Tapped on element 'Object Repository/Checkout/Keranjang/Edit Produk/Field Edit Produk 1 Lifebuoy'

2023-04-11 08:44:55 - [TEST_STEP][PASSED] - setText(findTestObject("Checkout/Keranjang/Edit Produk/Field Edit Produk 1 Lifebuoy"), "3", 0): Text '3' has been set to element 'Object Repository/Checkout/Keranjang/Edit Produk/Field Edit Produk 1 Lifebuoy'

2023-04-11 08:44:55 - [MESSAGE][WARNING] - Timeout '0' is invalid. Using default page load timeout: '10'

2023-04-11 08:44:55 - [MESSAGE][PASSED] - Text '3' has been set to element 'Object Repository/Checkout/Keranjang/Edit Produk/Field Edit Produk 1 Lifebuoy'

2023-04-11 08:44:55 - [TEST_STEP][PASSED] - tap(findTestObject("Checkout/Keranjang/Edit Produk/Simpan Edit Produk"), 0): Tapped on element 'Object Repository/Checkout/Keranjang/Edit Produk/Simpan Edit Produk'

2023-04-11 08:44:55 - [MESSAGE][WARNING] - Timeout '0' is invalid. Using default page load timeout: '10'

2023-04-11 08:44:57 - [MESSAGE][PASSED] - Tapped on element 'Object Repository/Checkout/Keranjang/Edit Produk/Simpan Edit Produk'

2023-04-11 08:44:57 - [TEST_STEP][PASSED] - tap(findTestObject("Checkout/Keranjang/Perbaharui Keranjang"), 0): Tapped on element 'Object Repository/Checkout/Keranjang/Perbaharui Keranjang'

2023-04-11 08:44:57 - [MESSAGE][WARNING] - Timeout '0' is invalid. Using default page load timeout: '10'

2023-04-11 08:44:57 - [MESSAGE][PASSED] - Tapped on element 'Object Repository/Checkout/Keranjang/Perbaharui Keranjang'

2023-04-11 08:44:57 - [TEST_STEP][PASSED] - delay(1, CONTINUE_ON_FAILURE): Delayed 1 second(s)

2023-04-11 08:44:58 - [MESSAGE][PASSED] - Delayed 1 second(s)

2023-04-11 08:44:58 - [TEST_STEP][PASSED] - tap(findTestObject("Checkout/Keranjang/Edit Produk/Edit Jumlah Produk Row 1 Jumlah 3"), 0): Tapped on element 'Object Repository/Checkout/Keranjang/Edit Produk/Edit Jumlah Produk Row 1 Jumlah 3'

2023-04-11 08:44:58 - [MESSAGE][WARNING] - Timeout '0' is invalid. Using default page load timeout: '10'

2023-04-11 08:44:59 - [MESSAGE][PASSED] - Tapped on element 'Object Repository/Checkout/Keranjang/Edit Produk/Edit Jumlah Produk Row 1 Jumlah 3'

2023-04-11 08:44:59 - [TEST_STEP][PASSED] - tap(findTestObject("Checkout/Keranjang/Edit Produk/Field Edit Produk 3 Lifebuoy"), 0): Tapped on element 'Object Repository/Checkout/Keranjang/Edit Produk/Field Edit Produk 3 Lifebuoy'

2023-04-11 08:44:59 - [MESSAGE][WARNING] - Timeout '0' is invalid. Using default page load timeout: '10'

2023-04-11 08:45:00 - [MESSAGE][PASSED] - Tapped on element 'Object Repository/Checkout/Keranjang/Edit Produk/Field Edit Produk 3 Lifebuoy'

2023-04-11 08:45:00 - [TEST_STEP][PASSED] - setText(findTestObject("Checkout/Keranjang/Edit Produk/Field Edit Produk 3 Lifebuoy"), "50", 0): Text '50' has been set to element 'Object Repository/Checkout/Keranjang/Edit Produk/Field Edit Produk 3 Lifebuoy'

2023-04-11 08:45:00 - [MESSAGE][WARNING] - Timeout '0' is invalid. Using default page load timeout: '10'

2023-04-11 08:45:01 - [MESSAGE][PASSED] - Text '50' has been set to element 'Object Repository/Checkout/Keranjang/Edit Produk/Field Edit Produk 3 Lifebuoy'

2023-04-11 08:45:01 - [TEST_STEP][PASSED] - tap(findTestObject("Checkout/Keranjang/Edit Produk/Simpan Edit Produk"), 0): Tapped on element 'Object Repository/Checkout/Keranjang/Edit Produk/Simpan Edit Produk'

2023-04-11 08:45:01 - [MESSAGE][WARNING] - Timeout '0' is invalid. Using default page load timeout: '10'

2023-04-11 08:45:03 - [MESSAGE][PASSED] - Tapped on element 'Object Repository/Checkout/Keranjang/Edit Produk/Simpan Edit Produk'

2023-04-11 08:45:03 - [TEST_STEP][PASSED] - tap(findTestObject("Checkout/Keranjang/Perbaharui Keranjang"), 0): Tapped on element 'Object Repository/Checkout/Keranjang/Perbaharui Keranjang'

2023-04-11 08:45:03 - [MESSAGE][WARNING] - Timeout '0' is invalid. Using default page load timeout: '10'

2023-04-11 08:45:03 - [MESSAGE][PASSED] - Tapped on element 'Object Repository/Checkout/Keranjang/Perbaharui Keranjang'

2023-04-11 08:45:03 - [TEST_STEP][PASSED] - takeScreenshotAsCheckpoint("Keranjang di atas 150000.png", []): Screenshot is taken

2023-04-11 08:45:04 - [MESSAGE][INFO] - 0 hidden object(s)

2023-04-11 08:45:04 - [MESSAGE][PASSED] - Screenshot is taken
[[ATTACHMENT|keyes\keyes-Keranjang di atas 150000.png]]

2023-04-11 08:45:04 - [TEST_STEP][PASSED] - tap(findTestObject("Checkout/Pengiriman/Tombol Pengiriman"), 0): Tapped on element 'Object Repository/Checkout/Pengiriman/Tombol Pengiriman'

2023-04-11 08:45:04 - [MESSAGE][WARNING] - Timeout '0' is invalid. Using default page load timeout: '10'

2023-04-11 08:45:05 - [MESSAGE][PASSED] - Tapped on element 'Object Repository/Checkout/Pengiriman/Tombol Pengiriman'

2023-04-11 08:45:05 - [TEST_STEP][PASSED] - delay(5, CONTINUE_ON_FAILURE): Delayed 5 second(s)

2023-04-11 08:45:11 - [MESSAGE][PASSED] - Delayed 5 second(s)

2023-04-11 08:45:11 - [TEST_STEP][PASSED] - swipe(0, 600, 0, 0): Swiped from 0,600 to 0,0

2023-04-11 08:45:12 - [MESSAGE][PASSED] - Swiped from 0,600 to 0,0

2023-04-11 08:45:12 - [TEST_STEP][PASSED] - takeScreenshotAsCheckpoint("Pengiriman di atas 150000.png", []): Screenshot is taken

2023-04-11 08:45:13 - [MESSAGE][INFO] - 0 hidden object(s)

2023-04-11 08:45:14 - [MESSAGE][PASSED] - Screenshot is taken
[[ATTACHMENT|keyes\keyes-Pengiriman di atas 150000.png]]

2023-04-11 08:45:14 - [TEST_STEP][PASSED] - tap(findTestObject("Checkout/Pengiriman/Back from Pengiriman"), 0): Tapped on element 'Object Repository/Checkout/Pengiriman/Back from Pengiriman'

2023-04-11 08:45:14 - [MESSAGE][WARNING] - Timeout '0' is invalid. Using default page load timeout: '10'

2023-04-11 08:45:15 - [MESSAGE][PASSED] - Tapped on element 'Object Repository/Checkout/Pengiriman/Back from Pengiriman']]></system-out>
         <system-err><![CDATA[]]></system-err>
      </testcase>
      <system-out><![CDATA[2023-04-11 08:44:13 - [TEST_SUITE][PASSED] - Opsi_Pengiriman: Test Cases/Checkout/Keranjang/TC_NEW_Opsi_Pengiriman]]></system-out>
      <system-err><![CDATA[]]></system-err>
   </testsuite>
</testsuites>
