<?xml version="1.0" encoding="UTF-8"?>
<testsuites name="SMobil_BNI" time="80.399" tests="4" failures="0" errors="0">
   <testsuite name="SMobil_BNI" tests="4" failures="0" errors="0" time="80.399" skipped="0" timestamp="2023-04-03 07:02:46" hostname="raiha - LAPTOP-UT2QLFD0" id="Test Suites/Checkout/Sameday_Mobil/SMobil_BNI">
      <properties>
         <property name="deviceName" value="Xiaomi M2101K7BNY (Android 12)"/>
         <property name="devicePlatform" value=""/>
         <property name="logFolder" value="C:\\Users\\raiha\\Katalon Studio\\Mobile Klik IGR\\Reports\\20230403_070234\\Checkout\\Sameday_Mobil\\SMobil_BNI\\20230403_070234"/>
         <property name="logFiles" value="C:\\Users\\raiha\\Katalon Studio\\Mobile Klik IGR\\Reports\\20230403_070234\\Checkout\\Sameday_Mobil\\SMobil_BNI\\20230403_070234\\appium.log, C:\\Users\\raiha\\Katalon Studio\\Mobile Klik IGR\\Reports\\20230403_070234\\Checkout\\Sameday_Mobil\\SMobil_BNI\\20230403_070234\\execution0.log"/>
         <property name="attachments" value="C:\Users\raiha\Katalon Studio\Mobile Klik IGR\Reports\20230403_070234\Checkout\Sameday_Mobil\SMobil_BNI\20230403_070234Checkout.png"/>
         <property name="hostName" value="raiha - LAPTOP-UT2QLFD0"/>
         <property name="os" value="Windows 10 64bit"/>
         <property name="appiumServerStatus" value="{&quot;value&quot;:{&quot;build&quot;:{&quot;version&quot;:&quot;1.22.3&quot;}},&quot;sessionId&quot;:null,&quot;status&quot;:0}"/>
         <property name="katalonVersion" value="8.5.5.208"/>
         <property name="deviceOS" value="Android"/>
         <property name="appiumVersion" value="1.22.3"/>
         <property name="deviceModel" value="M2101K7BNY"/>
         <property name="hostAddress" value="192.168.1.7"/>
         <property name="deviceManufacturer" value="Xiaomi"/>
         <property name="deviceId" value="4LSG9XI7HU8HTOXW"/>
         <property name="deviceName" value="Xiaomi M2101K7BNY (Android 12)"/>
         <property name="deviceOSVersion" value="12"/>
      </properties>
      <testcase name="Test Cases/Checkout/Keranjang/TC_Pesan_Ulang" time="44.243" classname="Test Cases/Checkout/Keranjang/TC_Pesan_Ulang" status="PASSED">
         <system-out><![CDATA[2023-04-03 07:02:46 - [TEST_CASE][PASSED] - Test Cases/Checkout/Keranjang/TC_Pesan_Ulang: Test Cases/Checkout/Keranjang/TC_Pesan_Ulang

2023-04-03 07:02:47 - [TEST_STEP][PASSED] - startApplication(APP, false): Started app at: 'C:\Users\raiha\Katalon Studio\Mobile Klik IGR\AndroidApp\Klik Dev v6.0.0(105).apk'

2023-04-03 07:02:47 - [MESSAGE][INFO] - User set preference: ['deviceId', '']

2023-04-03 07:02:47 - [MESSAGE][INFO] - Detected NodeJS location: "C:\Program Files\nodejs\node.exe"

2023-04-03 07:02:49 - [MESSAGE][INFO] - Appium server started on port 59,196

2023-04-03 07:03:23 - [MESSAGE][PASSED] - Started app at: 'C:\Users\raiha\Katalon Studio\Mobile Klik IGR\AndroidApp\Klik Dev v6.0.0(105).apk'

2023-04-03 07:03:23 - [TEST_STEP][PASSED] - tap(findTestObject("Homepage/Pesan Ulang 1"), 0): Tapped on element 'Object Repository/Homepage/Pesan Ulang 1'

2023-04-03 07:03:23 - [MESSAGE][WARNING] - Timeout '0' is invalid. Using default page load timeout: '30'

2023-04-03 07:03:25 - [MESSAGE][PASSED] - Tapped on element 'Object Repository/Homepage/Pesan Ulang 1'

2023-04-03 07:03:25 - [TEST_STEP][PASSED] - tap(findTestObject("Homepage/Tutup Pop-up Pesan Ulang"), 0): Tapped on element 'Object Repository/Homepage/Tutup Pop-up Pesan Ulang'

2023-04-03 07:03:25 - [MESSAGE][WARNING] - Timeout '0' is invalid. Using default page load timeout: '30'

2023-04-03 07:03:26 - [MESSAGE][PASSED] - Tapped on element 'Object Repository/Homepage/Tutup Pop-up Pesan Ulang'

2023-04-03 07:03:26 - [TEST_STEP][PASSED] - tap(findTestObject("Homepage/Keranjang Home 1"), 0): Tapped on element 'Object Repository/Homepage/Keranjang Home 1'

2023-04-03 07:03:26 - [MESSAGE][WARNING] - Timeout '0' is invalid. Using default page load timeout: '30'

2023-04-03 07:03:27 - [MESSAGE][PASSED] - Tapped on element 'Object Repository/Homepage/Keranjang Home 1'

2023-04-03 07:03:27 - [TEST_STEP][PASSED] - delay(3, CONTINUE_ON_FAILURE): Delayed 3 second(s)

2023-04-03 07:03:30 - [MESSAGE][PASSED] - Delayed 3 second(s)]]></system-out>
         <system-err><![CDATA[]]></system-err>
      </testcase>
      <testcase name="Test Cases/Checkout/Pengiriman/TC_Sameday_Mobil" time="17.964" classname="Test Cases/Checkout/Pengiriman/TC_Sameday_Mobil" status="PASSED">
         <system-out><![CDATA[2023-04-03 07:03:30 - [TEST_CASE][PASSED] - Test Cases/Checkout/Pengiriman/TC_Sameday_Mobil: Test Cases/Checkout/Pengiriman/TC_Sameday_Mobil

2023-04-03 07:03:31 - [TEST_STEP][PASSED] - tap(findTestObject("Checkout/Keranjang/Panah Ke atas Ringkasan Belanja"), 0): Tapped on element 'Object Repository/Checkout/Keranjang/Panah Ke atas Ringkasan Belanja'

2023-04-03 07:03:31 - [MESSAGE][WARNING] - Timeout '0' is invalid. Using default page load timeout: '30'

2023-04-03 07:03:31 - [MESSAGE][PASSED] - Tapped on element 'Object Repository/Checkout/Keranjang/Panah Ke atas Ringkasan Belanja'

2023-04-03 07:03:31 - [TEST_STEP][PASSED] - tap(findTestObject("Checkout/Pengiriman/Tombol Pengiriman"), 0): Tapped on element 'Object Repository/Checkout/Pengiriman/Tombol Pengiriman'

2023-04-03 07:03:31 - [MESSAGE][WARNING] - Timeout '0' is invalid. Using default page load timeout: '30'

2023-04-03 07:03:33 - [MESSAGE][PASSED] - Tapped on element 'Object Repository/Checkout/Pengiriman/Tombol Pengiriman'

2023-04-03 07:03:33 - [TEST_STEP][PASSED] - delay(5, CONTINUE_ON_FAILURE): Delayed 5 second(s)

2023-04-03 07:03:38 - [MESSAGE][PASSED] - Delayed 5 second(s)

2023-04-03 07:03:38 - [TEST_STEP][PASSED] - tap(findTestObject("Checkout/Pengiriman/Indopaket Mobil SAMEDAY"), 0): Tapped on element 'Object Repository/Checkout/Pengiriman/Indopaket Mobil SAMEDAY'

2023-04-03 07:03:38 - [MESSAGE][WARNING] - Timeout '0' is invalid. Using default page load timeout: '30'

2023-04-03 07:03:42 - [MESSAGE][PASSED] - Tapped on element 'Object Repository/Checkout/Pengiriman/Indopaket Mobil SAMEDAY'

2023-04-03 07:03:42 - [TEST_STEP][PASSED] - tap(findTestObject("Checkout/Pembayaran/Tombol Pembayaran"), 0): Tapped on element 'Object Repository/Checkout/Pembayaran/Tombol Pembayaran'

2023-04-03 07:03:42 - [MESSAGE][WARNING] - Timeout '0' is invalid. Using default page load timeout: '30'

2023-04-03 07:03:44 - [MESSAGE][PASSED] - Tapped on element 'Object Repository/Checkout/Pembayaran/Tombol Pembayaran'

2023-04-03 07:03:44 - [TEST_STEP][PASSED] - delay(4, CONTINUE_ON_FAILURE): Delayed 4 second(s)

2023-04-03 07:03:48 - [MESSAGE][PASSED] - Delayed 4 second(s)]]></system-out>
         <system-err><![CDATA[]]></system-err>
      </testcase>
      <testcase name="Test Cases/Checkout/Pembayaran/TC_Bayar_BNI" time="2.554" classname="Test Cases/Checkout/Pembayaran/TC_Bayar_BNI" status="PASSED">
         <system-out><![CDATA[2023-04-03 07:03:48 - [TEST_CASE][PASSED] - Test Cases/Checkout/Pembayaran/TC_Bayar_BNI: Test Cases/Checkout/Pembayaran/TC_Bayar_BNI

2023-04-03 07:03:49 - [TEST_STEP][PASSED] - swipe(0, 475, 0, 0): Swiped from 0,475 to 0,0

2023-04-03 07:03:50 - [MESSAGE][PASSED] - Swiped from 0,475 to 0,0

2023-04-03 07:03:50 - [TEST_STEP][PASSED] - tap(findTestObject("Checkout/Pembayaran/VA BNI"), 0): Tapped on element 'Object Repository/Checkout/Pembayaran/VA BNI'

2023-04-03 07:03:50 - [MESSAGE][WARNING] - Timeout '0' is invalid. Using default page load timeout: '30'

2023-04-03 07:03:51 - [MESSAGE][PASSED] - Tapped on element 'Object Repository/Checkout/Pembayaran/VA BNI']]></system-out>
         <system-err><![CDATA[]]></system-err>
      </testcase>
      <testcase name="Test Cases/Checkout/TC_Checkout" time="15.255" classname="Test Cases/Checkout/TC_Checkout" status="PASSED">
         <system-out><![CDATA[2023-04-03 07:03:51 - [TEST_CASE][PASSED] - Test Cases/Checkout/TC_Checkout: Test Cases/Checkout/TC_Checkout

2023-04-03 07:03:51 - [TEST_STEP][PASSED] - tap(findTestObject("Checkout/Checkout/Tombol Checkout"), 0): Tapped on element 'Object Repository/Checkout/Checkout/Tombol Checkout'

2023-04-03 07:03:51 - [MESSAGE][WARNING] - Timeout '0' is invalid. Using default page load timeout: '30'

2023-04-03 07:03:52 - [MESSAGE][PASSED] - Tapped on element 'Object Repository/Checkout/Checkout/Tombol Checkout'

2023-04-03 07:03:52 - [TEST_STEP][PASSED] - delay(7, STOP_ON_FAILURE): Delayed 7 second(s)

2023-04-03 07:03:59 - [MESSAGE][PASSED] - Delayed 7 second(s)

2023-04-03 07:03:59 - [TEST_STEP][PASSED] - takeScreenshot(getReportFolder() + "Checkout.png", CONTINUE_ON_FAILURE): Screenshot is taken

2023-04-03 07:04:00 - [MESSAGE][PASSED] - Screenshot is taken
[[ATTACHMENT|C:\Users\raiha\Katalon Studio\Mobile Klik IGR\Reports\20230403_070234\Checkout\Sameday_Mobil\SMobil_BNI\20230403_070234Checkout.png]]

2023-04-03 07:04:00 - [TEST_STEP][PASSED] - swipe(0, 600, 0, 0): Swiped from 0,600 to 0,0

2023-04-03 07:04:01 - [MESSAGE][PASSED] - Swiped from 0,600 to 0,0

2023-04-03 07:04:01 - [TEST_STEP][PASSED] - delay(1, CONTINUE_ON_FAILURE): Delayed 1 second(s)

2023-04-03 07:04:02 - [MESSAGE][PASSED] - Delayed 1 second(s)

2023-04-03 07:04:02 - [TEST_STEP][PASSED] - tap(findTestObject("Checkout/Checkout/Lihat Cara Pembayaran"), 0, STOP_ON_FAILURE): Tapped on element 'Object Repository/Checkout/Checkout/Lihat Cara Pembayaran'

2023-04-03 07:04:02 - [MESSAGE][WARNING] - Timeout '0' is invalid. Using default page load timeout: '30'

2023-04-03 07:04:03 - [MESSAGE][PASSED] - Tapped on element 'Object Repository/Checkout/Checkout/Lihat Cara Pembayaran'

2023-04-03 07:04:03 - [TEST_STEP][PASSED] - delay(1, CONTINUE_ON_FAILURE): Delayed 1 second(s)

2023-04-03 07:04:04 - [MESSAGE][PASSED] - Delayed 1 second(s)

2023-04-03 07:04:04 - [TEST_STEP][PASSED] - tap(findTestObject("Checkout/Checkout/Back Checkout"), 0): Tapped on element 'Object Repository/Checkout/Checkout/Back Checkout'

2023-04-03 07:04:05 - [MESSAGE][WARNING] - Timeout '0' is invalid. Using default page load timeout: '30'

2023-04-03 07:04:06 - [MESSAGE][PASSED] - Tapped on element 'Object Repository/Checkout/Checkout/Back Checkout']]></system-out>
         <system-err><![CDATA[]]></system-err>
      </testcase>
      <system-out><![CDATA[2023-04-03 07:02:46 - [TEST_SUITE][PASSED] - SMobil_BNI: Test Cases/Checkout/TC_Checkout]]></system-out>
      <system-err><![CDATA[]]></system-err>
   </testsuite>
</testsuites>
