<?xml version="1.0" encoding="UTF-8"?>
<testsuites name="Login_With_Phone" time="78.353" tests="4" failures="0" errors="0">
   <testsuite name="Login_With_Phone" tests="4" failures="0" errors="0" time="78.353" skipped="0" timestamp="2023-04-03 14:11:24" hostname="raiha - LAPTOP-UT2QLFD0" id="Test Suites/Login/Login_With_Phone">
      <properties>
         <property name="deviceName" value="Xiaomi M2101K7BNY (Android 12)"/>
         <property name="devicePlatform" value=""/>
         <property name="logFolder" value="C:\\Users\\raiha\\Katalon Studio\\Mobile Klik IGR\\Reports\\20230403_141114\\Login\\Login_With_Phone\\20230403_141114"/>
         <property name="logFiles" value="C:\\Users\\raiha\\Katalon Studio\\Mobile Klik IGR\\Reports\\20230403_141114\\Login\\Login_With_Phone\\20230403_141114\\appium.log, C:\\Users\\raiha\\Katalon Studio\\Mobile Klik IGR\\Reports\\20230403_141114\\Login\\Login_With_Phone\\20230403_141114\\execution0.log"/>
         <property name="attachments" value="keyes\keyes-Null Field Login.png, keyes\keyes-Invalid Phone Login.png"/>
         <property name="hostName" value="raiha - LAPTOP-UT2QLFD0"/>
         <property name="os" value="Windows 10 64bit"/>
         <property name="appiumServerStatus" value="{&quot;value&quot;:{&quot;build&quot;:{&quot;version&quot;:&quot;1.22.3&quot;}},&quot;sessionId&quot;:null,&quot;status&quot;:0}"/>
         <property name="katalonVersion" value="8.5.5.208"/>
         <property name="deviceOS" value="Android"/>
         <property name="appiumVersion" value="1.22.3"/>
         <property name="deviceModel" value="M2101K7BNY"/>
         <property name="hostAddress" value="192.168.1.7"/>
         <property name="deviceManufacturer" value="Xiaomi"/>
         <property name="deviceId" value="4LSG9XI7HU8HTOXW"/>
         <property name="deviceName" value="Xiaomi M2101K7BNY (Android 12)"/>
         <property name="deviceOSVersion" value="12"/>
      </properties>
      <testcase name="Test Cases/Login/TC_Login_NullField" time="38.502" classname="Test Cases/Login/TC_Login_NullField" status="PASSED">
         <system-out><![CDATA[2023-04-03 14:11:24 - [TEST_CASE][PASSED] - Test Cases/Login/TC_Login_NullField: Test Cases/Login/TC_Login_NullField

2023-04-03 14:11:25 - [TEST_STEP][PASSED] - startApplication(APP, false): Started app at: 'C:\Users\raiha\Katalon Studio\Mobile Klik IGR\AndroidApp\Klik Dev v6.0.4.apk'

2023-04-03 14:11:25 - [MESSAGE][INFO] - User set preference: ['deviceId', '']

2023-04-03 14:11:25 - [MESSAGE][INFO] - Detected NodeJS location: "C:\Program Files\nodejs\node.exe"

2023-04-03 14:11:26 - [MESSAGE][INFO] - Appium server started on port 62,513

2023-04-03 14:11:58 - [MESSAGE][PASSED] - Started app at: 'C:\Users\raiha\Katalon Studio\Mobile Klik IGR\AndroidApp\Klik Dev v6.0.4.apk'

2023-04-03 14:11:58 - [TEST_STEP][PASSED] - tap(findTestObject("Profil/Profil_Button/Menu Akun"), 0): Tapped on element 'Object Repository/Profil/Profil_Button/Menu Akun'

2023-04-03 14:11:59 - [MESSAGE][WARNING] - Timeout '0' is invalid. Using default page load timeout: '30'

2023-04-03 14:12:00 - [MESSAGE][PASSED] - Tapped on element 'Object Repository/Profil/Profil_Button/Menu Akun'

2023-04-03 14:12:00 - [TEST_STEP][PASSED] - tap(findTestObject("Login/Tombol Login"), 0): Tapped on element 'Object Repository/Login/Tombol Login'

2023-04-03 14:12:00 - [MESSAGE][WARNING] - Timeout '0' is invalid. Using default page load timeout: '30'

2023-04-03 14:12:01 - [MESSAGE][PASSED] - Tapped on element 'Object Repository/Login/Tombol Login'

2023-04-03 14:12:01 - [TEST_STEP][PASSED] - takeScreenshotAsCheckpoint("Null Field Login", []): Screenshot is taken

2023-04-03 14:12:02 - [MESSAGE][INFO] - 0 hidden object(s)

2023-04-03 14:12:03 - [MESSAGE][PASSED] - Screenshot is taken
[[ATTACHMENT|keyes\keyes-Null Field Login.png]]]]></system-out>
         <system-err><![CDATA[]]></system-err>
      </testcase>
      <testcase name="Test Cases/Login/TC_Login_InvalidPhone" time="17.966" classname="Test Cases/Login/TC_Login_InvalidPhone" status="PASSED">
         <system-out><![CDATA[2023-04-03 14:12:03 - [TEST_CASE][PASSED] - Test Cases/Login/TC_Login_InvalidPhone: Test Cases/Login/TC_Login_InvalidPhone

2023-04-03 14:12:03 - [TEST_STEP][PASSED] - tap(findTestObject("Login/Field Email or Nomor HP"), 0): Tapped on element 'Object Repository/Login/Field Email or Nomor HP'

2023-04-03 14:12:03 - [MESSAGE][WARNING] - Timeout '0' is invalid. Using default page load timeout: '30'

2023-04-03 14:12:05 - [MESSAGE][PASSED] - Tapped on element 'Object Repository/Login/Field Email or Nomor HP'

2023-04-03 14:12:05 - [TEST_STEP][PASSED] - setText(findTestObject("Login/Field Email or Nomor HP"), "1234567891011", 0): Text '1234567891011' has been set to element 'Object Repository/Login/Field Email or Nomor HP'

2023-04-03 14:12:05 - [MESSAGE][WARNING] - Timeout '0' is invalid. Using default page load timeout: '30'

2023-04-03 14:12:05 - [MESSAGE][PASSED] - Text '1234567891011' has been set to element 'Object Repository/Login/Field Email or Nomor HP'

2023-04-03 14:12:05 - [TEST_STEP][PASSED] - tap(findTestObject("Login/Field Password"), 0): Tapped on element 'Object Repository/Login/Field Password'

2023-04-03 14:12:05 - [MESSAGE][WARNING] - Timeout '0' is invalid. Using default page load timeout: '30'

2023-04-03 14:12:07 - [MESSAGE][PASSED] - Tapped on element 'Object Repository/Login/Field Password'

2023-04-03 14:12:07 - [TEST_STEP][PASSED] - setEncryptedText(findTestObject("Login/Field Password"), "lsdNNXlVAZI=", 0): Encrypted text 'lsdNNXlVAZI=' has been set to element 'Object Repository/Login/Field Password'

2023-04-03 14:12:07 - [MESSAGE][WARNING] - Timeout '0' is invalid. Using default page load timeout: '30'

2023-04-03 14:12:07 - [MESSAGE][PASSED] - Encrypted text 'lsdNNXlVAZI=' has been set to element 'Object Repository/Login/Field Password'

2023-04-03 14:12:07 - [TEST_STEP][PASSED] - tap(findTestObject("Login/Icon Password"), 0): Tapped on element 'Object Repository/Login/Icon Password'

2023-04-03 14:12:07 - [MESSAGE][WARNING] - Timeout '0' is invalid. Using default page load timeout: '30'

2023-04-03 14:12:08 - [MESSAGE][PASSED] - Tapped on element 'Object Repository/Login/Icon Password'

2023-04-03 14:12:08 - [TEST_STEP][PASSED] - tap(findTestObject("Login/Tombol Login"), 0): Tapped on element 'Object Repository/Login/Tombol Login'

2023-04-03 14:12:08 - [MESSAGE][WARNING] - Timeout '0' is invalid. Using default page load timeout: '30'

2023-04-03 14:12:10 - [MESSAGE][PASSED] - Tapped on element 'Object Repository/Login/Tombol Login'

2023-04-03 14:12:10 - [TEST_STEP][PASSED] - delay(4, STOP_ON_FAILURE): Delayed 4 second(s)

2023-04-03 14:12:14 - [MESSAGE][PASSED] - Delayed 4 second(s)

2023-04-03 14:12:14 - [TEST_STEP][PASSED] - verifyElementVisible(findTestObject("Login/Alert Email atau Nomor HP Salah"), 0): Element 'Object Repository/Login/Alert Email atau Nomor HP Salah' is visible

2023-04-03 14:12:14 - [MESSAGE][WARNING] - Timeout '0' is invalid. Using default page load timeout: '30'

2023-04-03 14:12:14 - [MESSAGE][PASSED] - Element 'Object Repository/Login/Alert Email atau Nomor HP Salah' is visible

2023-04-03 14:12:14 - [TEST_STEP][PASSED] - takeScreenshotAsCheckpoint("Invalid Phone Login", []): Screenshot is taken

2023-04-03 14:12:15 - [MESSAGE][INFO] - 0 hidden object(s)

2023-04-03 14:12:16 - [MESSAGE][PASSED] - Screenshot is taken
[[ATTACHMENT|keyes\keyes-Invalid Phone Login.png]]

2023-04-03 14:12:16 - [TEST_STEP][PASSED] - tap(findTestObject("Login/Close Gagal Login"), 0): Tapped on element 'Object Repository/Login/Close Gagal Login'

2023-04-03 14:12:16 - [MESSAGE][WARNING] - Timeout '0' is invalid. Using default page load timeout: '30'

2023-04-03 14:12:17 - [MESSAGE][PASSED] - Tapped on element 'Object Repository/Login/Close Gagal Login'

2023-04-03 14:12:17 - [TEST_STEP][PASSED] - tap(findTestObject("Object Repository/Login/InvalidPhone/Data Field Nomor HP Salah"), 0): Tapped on element 'Object Repository/Login/InvalidPhone/Data Field Nomor HP Salah'

2023-04-03 14:12:17 - [MESSAGE][WARNING] - Timeout '0' is invalid. Using default page load timeout: '30'

2023-04-03 14:12:18 - [MESSAGE][PASSED] - Tapped on element 'Object Repository/Login/InvalidPhone/Data Field Nomor HP Salah'

2023-04-03 14:12:18 - [TEST_STEP][PASSED] - clearText(findTestObject("Login/InvalidPhone/Data Field Nomor HP Salah"), 0): Element 'Object Repository/Login/InvalidPhone/Data Field Nomor HP Salah' text is cleared

2023-04-03 14:12:18 - [MESSAGE][WARNING] - Timeout '0' is invalid. Using default page load timeout: '30'

2023-04-03 14:12:19 - [MESSAGE][PASSED] - Element 'Object Repository/Login/InvalidPhone/Data Field Nomor HP Salah' text is cleared

2023-04-03 14:12:19 - [TEST_STEP][PASSED] - tap(findTestObject("Login/Data Password Benar"), 0): Tapped on element 'Object Repository/Login/Data Password Benar'

2023-04-03 14:12:19 - [MESSAGE][WARNING] - Timeout '0' is invalid. Using default page load timeout: '30'

2023-04-03 14:12:20 - [MESSAGE][PASSED] - Tapped on element 'Object Repository/Login/Data Password Benar'

2023-04-03 14:12:20 - [TEST_STEP][PASSED] - clearText(findTestObject("Login/Data Password Benar"), 0): Element 'Object Repository/Login/Data Password Benar' text is cleared

2023-04-03 14:12:20 - [MESSAGE][WARNING] - Timeout '0' is invalid. Using default page load timeout: '30'

2023-04-03 14:12:21 - [MESSAGE][PASSED] - Element 'Object Repository/Login/Data Password Benar' text is cleared]]></system-out>
         <system-err><![CDATA[]]></system-err>
      </testcase>
      <testcase name="Test Cases/Login/TC_Login_ValidPhone" time="4.76" classname="Test Cases/Login/TC_Login_ValidPhone" status="PASSED">
         <system-out><![CDATA[2023-04-03 14:12:21 - [TEST_CASE][PASSED] - Test Cases/Login/TC_Login_ValidPhone: Test Cases/Login/TC_Login_ValidPhone

2023-04-03 14:12:21 - [TEST_STEP][PASSED] - tap(findTestObject("Login/Field Email or Nomor HP"), 0): Tapped on element 'Object Repository/Login/Field Email or Nomor HP'

2023-04-03 14:12:21 - [MESSAGE][WARNING] - Timeout '0' is invalid. Using default page load timeout: '30'

2023-04-03 14:12:22 - [MESSAGE][PASSED] - Tapped on element 'Object Repository/Login/Field Email or Nomor HP'

2023-04-03 14:12:22 - [TEST_STEP][PASSED] - setText(findTestObject("Login/Field Email or Nomor HP"), "081808195603", 0): Text '081808195603' has been set to element 'Object Repository/Login/Field Email or Nomor HP'

2023-04-03 14:12:22 - [MESSAGE][WARNING] - Timeout '0' is invalid. Using default page load timeout: '30'

2023-04-03 14:12:23 - [MESSAGE][PASSED] - Text '081808195603' has been set to element 'Object Repository/Login/Field Email or Nomor HP'

2023-04-03 14:12:23 - [TEST_STEP][PASSED] - tap(findTestObject("Login/Field Password"), 0): Tapped on element 'Object Repository/Login/Field Password'

2023-04-03 14:12:23 - [MESSAGE][WARNING] - Timeout '0' is invalid. Using default page load timeout: '30'

2023-04-03 14:12:24 - [MESSAGE][PASSED] - Tapped on element 'Object Repository/Login/Field Password'

2023-04-03 14:12:24 - [TEST_STEP][PASSED] - setEncryptedText(findTestObject("Login/Field Password"), "lsdNNXlVAZI=", 0): Encrypted text 'lsdNNXlVAZI=' has been set to element 'Object Repository/Login/Field Password'

2023-04-03 14:12:24 - [MESSAGE][WARNING] - Timeout '0' is invalid. Using default page load timeout: '30'

2023-04-03 14:12:24 - [MESSAGE][PASSED] - Encrypted text 'lsdNNXlVAZI=' has been set to element 'Object Repository/Login/Field Password'

2023-04-03 14:12:24 - [TEST_STEP][PASSED] - tap(findTestObject("Login/Tombol Login"), 0): Tapped on element 'Object Repository/Login/Tombol Login'

2023-04-03 14:12:24 - [MESSAGE][WARNING] - Timeout '0' is invalid. Using default page load timeout: '30'

2023-04-03 14:12:25 - [MESSAGE][PASSED] - Tapped on element 'Object Repository/Login/Tombol Login']]></system-out>
         <system-err><![CDATA[]]></system-err>
      </testcase>
      <testcase name="Test Cases/Login/TC_Logout" time="16.789" classname="Test Cases/Login/TC_Logout" status="PASSED">
         <system-out><![CDATA[2023-04-03 14:12:25 - [TEST_CASE][PASSED] - Test Cases/Login/TC_Logout: Test Cases/Login/TC_Logout

2023-04-03 14:12:26 - [TEST_STEP][PASSED] - tap(findTestObject("Profil/Profil_Button/Menu Akun"), 0): Tapped on element 'Object Repository/Profil/Profil_Button/Menu Akun'

2023-04-03 14:12:26 - [MESSAGE][WARNING] - Timeout '0' is invalid. Using default page load timeout: '30'

2023-04-03 14:12:36 - [MESSAGE][PASSED] - Tapped on element 'Object Repository/Profil/Profil_Button/Menu Akun'

2023-04-03 14:12:36 - [TEST_STEP][PASSED] - swipe(0, 700, 0, 0): Swiped from 0,700 to 0,0

2023-04-03 14:12:37 - [MESSAGE][PASSED] - Swiped from 0,700 to 0,0

2023-04-03 14:12:37 - [TEST_STEP][PASSED] - tap(findTestObject("Login/Logout/Signout"), 0): Tapped on element 'Object Repository/Login/Logout/Signout'

2023-04-03 14:12:38 - [MESSAGE][WARNING] - Timeout '0' is invalid. Using default page load timeout: '30'

2023-04-03 14:12:38 - [MESSAGE][PASSED] - Tapped on element 'Object Repository/Login/Logout/Signout'

2023-04-03 14:12:38 - [TEST_STEP][PASSED] - tap(findTestObject("Login/Logout/Setuju Logout"), 0): Tapped on element 'Object Repository/Login/Logout/Setuju Logout'

2023-04-03 14:12:38 - [MESSAGE][WARNING] - Timeout '0' is invalid. Using default page load timeout: '30'

2023-04-03 14:12:39 - [MESSAGE][PASSED] - Tapped on element 'Object Repository/Login/Logout/Setuju Logout'

2023-04-03 14:12:39 - [TEST_STEP][PASSED] - delay(3, STOP_ON_FAILURE): Delayed 3 second(s)

2023-04-03 14:12:42 - [MESSAGE][PASSED] - Delayed 3 second(s)]]></system-out>
         <system-err><![CDATA[]]></system-err>
      </testcase>
      <system-out><![CDATA[2023-04-03 14:11:24 - [TEST_SUITE][PASSED] - Login_With_Phone: Test Cases/Login/TC_Logout]]></system-out>
      <system-err><![CDATA[]]></system-err>
   </testsuite>
</testsuites>
