<?xml version="1.0" encoding="UTF-8"?>
<testsuites name="AllFilter_Search" time="48.429" tests="3" failures="0" errors="0">
   <testsuite name="AllFilter_Search" tests="3" failures="0" errors="0" time="48.429" skipped="0" timestamp="2023-03-29 09:30:46" hostname="raiha - LAPTOP-UT2QLFD0" id="Test Suites/Search/Filter/AllFilter_Search">
      <properties>
         <property name="deviceName" value="Xiaomi M2101K7BNY (Android 12)"/>
         <property name="devicePlatform" value=""/>
         <property name="logFolder" value="C:\\Users\\raiha\\Katalon Studio\\Mobile Klik IGR\\Reports\\20230329_093036\\Search\\Filter\\AllFilter_Search\\20230329_093036"/>
         <property name="logFiles" value="C:\\Users\\raiha\\Katalon Studio\\Mobile Klik IGR\\Reports\\20230329_093036\\Search\\Filter\\AllFilter_Search\\20230329_093036\\appium.log, C:\\Users\\raiha\\Katalon Studio\\Mobile Klik IGR\\Reports\\20230329_093036\\Search\\Filter\\AllFilter_Search\\20230329_093036\\execution0.log"/>
         <property name="attachments" value=""/>
         <property name="hostName" value="raiha - LAPTOP-UT2QLFD0"/>
         <property name="os" value="Windows 10 64bit"/>
         <property name="appiumServerStatus" value="{&quot;value&quot;:{&quot;build&quot;:{&quot;version&quot;:&quot;1.22.3&quot;}},&quot;sessionId&quot;:null,&quot;status&quot;:0}"/>
         <property name="katalonVersion" value="8.5.5.208"/>
         <property name="deviceOS" value="Android"/>
         <property name="appiumVersion" value="1.22.3"/>
         <property name="deviceModel" value="M2101K7BNY"/>
         <property name="hostAddress" value="192.168.1.9"/>
         <property name="deviceManufacturer" value="Xiaomi"/>
         <property name="deviceId" value="4LSG9XI7HU8HTOXW"/>
         <property name="deviceName" value="Xiaomi M2101K7BNY (Android 12)"/>
         <property name="deviceOSVersion" value="12"/>
      </properties>
      <testcase name="Test Cases/Search/TC_Search_Button" time="32.025" classname="Test Cases/Search/TC_Search_Button" status="PASSED">
         <system-out><![CDATA[2023-03-29 09:30:46 - [TEST_CASE][PASSED] - Test Cases/Search/TC_Search_Button: Test Cases/Search/TC_Search_Button

2023-03-29 09:30:47 - [TEST_STEP][PASSED] - startApplication(APP, false): Started app at: 'C:\Users\raiha\Katalon Studio\Mobile Klik IGR\AndroidApp\Klik Dev v6.0.0(105).apk'

2023-03-29 09:30:47 - [MESSAGE][INFO] - User set preference: ['deviceId', '']

2023-03-29 09:30:47 - [MESSAGE][INFO] - Detected NodeJS location: "C:\Program Files\nodejs\node.exe"

2023-03-29 09:30:48 - [MESSAGE][INFO] - Appium server started on port 56,218

2023-03-29 09:31:11 - [MESSAGE][PASSED] - Started app at: 'C:\Users\raiha\Katalon Studio\Mobile Klik IGR\AndroidApp\Klik Dev v6.0.0(105).apk'

2023-03-29 09:31:11 - [TEST_STEP][PASSED] - tap(findTestObject("Search/Pesan Ulang/Pesan Ulang 1"), 0): Tapped on element 'Object Repository/Search/Pesan Ulang/Pesan Ulang 1'

2023-03-29 09:31:11 - [MESSAGE][WARNING] - Timeout '0' is invalid. Using default page load timeout: '30'

2023-03-29 09:31:13 - [MESSAGE][PASSED] - Tapped on element 'Object Repository/Search/Pesan Ulang/Pesan Ulang 1'

2023-03-29 09:31:13 - [TEST_STEP][PASSED] - delay(2, CONTINUE_ON_FAILURE): Delayed 2 second(s)

2023-03-29 09:31:15 - [MESSAGE][PASSED] - Delayed 2 second(s)

2023-03-29 09:31:15 - [TEST_STEP][PASSED] - tap(findTestObject("Search/Pesan Ulang/Tutup Pesan Ulang"), 0): Tapped on element 'Object Repository/Search/Pesan Ulang/Tutup Pesan Ulang'

2023-03-29 09:31:15 - [MESSAGE][WARNING] - Timeout '0' is invalid. Using default page load timeout: '30'

2023-03-29 09:31:16 - [MESSAGE][PASSED] - Tapped on element 'Object Repository/Search/Pesan Ulang/Tutup Pesan Ulang'

2023-03-29 09:31:16 - [TEST_STEP][PASSED] - delay(1, CONTINUE_ON_FAILURE): Delayed 1 second(s)

2023-03-29 09:31:17 - [MESSAGE][PASSED] - Delayed 1 second(s)

2023-03-29 09:31:17 - [TEST_STEP][PASSED] - tap(findTestObject("Search/Menu Search"), 0): Tapped on element 'Object Repository/Search/Menu Search'

2023-03-29 09:31:17 - [MESSAGE][WARNING] - Timeout '0' is invalid. Using default page load timeout: '30'

2023-03-29 09:31:18 - [MESSAGE][PASSED] - Tapped on element 'Object Repository/Search/Menu Search']]></system-out>
         <system-err><![CDATA[]]></system-err>
      </testcase>
      <testcase name="Test Cases/Search/TC_New_Search" time="5.291" classname="Test Cases/Search/TC_New_Search" status="PASSED">
         <system-out><![CDATA[2023-03-29 09:31:19 - [TEST_CASE][PASSED] - Test Cases/Search/TC_New_Search: Test Cases/Search/TC_New_Search

2023-03-29 09:31:19 - [TEST_STEP][PASSED] - tap(findTestObject("Search/Field Search"), 0): Tapped on element 'Object Repository/Search/Field Search'

2023-03-29 09:31:19 - [MESSAGE][WARNING] - Timeout '0' is invalid. Using default page load timeout: '30'

2023-03-29 09:31:20 - [MESSAGE][PASSED] - Tapped on element 'Object Repository/Search/Field Search'

2023-03-29 09:31:20 - [TEST_STEP][PASSED] - setText(findTestObject("Search/Field Search"), "anlene", 0): Text 'anlene' has been set to element 'Object Repository/Search/Field Search'

2023-03-29 09:31:21 - [MESSAGE][WARNING] - Timeout '0' is invalid. Using default page load timeout: '30'

2023-03-29 09:31:21 - [MESSAGE][PASSED] - Text 'anlene' has been set to element 'Object Repository/Search/Field Search'

2023-03-29 09:31:21 - [TEST_STEP][PASSED] - delay(1, CONTINUE_ON_FAILURE): Delayed 1 second(s)

2023-03-29 09:31:22 - [MESSAGE][PASSED] - Delayed 1 second(s)

2023-03-29 09:31:22 - [TEST_STEP][PASSED] - tap(findTestObject("Search/Produk/anlene"), 0): Tapped on element 'Object Repository/Search/Produk/anlene'

2023-03-29 09:31:22 - [MESSAGE][WARNING] - Timeout '0' is invalid. Using default page load timeout: '30'

2023-03-29 09:31:24 - [MESSAGE][PASSED] - Tapped on element 'Object Repository/Search/Produk/anlene']]></system-out>
         <system-err><![CDATA[]]></system-err>
      </testcase>
      <testcase name="Test Cases/Search/Filter/TC_AllFilter_Search" time="10.752" classname="Test Cases/Search/Filter/TC_AllFilter_Search" status="PASSED">
         <system-out><![CDATA[2023-03-29 09:31:24 - [TEST_CASE][PASSED] - Test Cases/Search/Filter/TC_AllFilter_Search: Test Cases/Search/Filter/TC_AllFilter_Search

2023-03-29 09:31:24 - [TEST_STEP][PASSED] - tap(findTestObject("Search/Filter/Filter Button"), 0): Tapped on element 'Object Repository/Search/Filter/Filter Button'

2023-03-29 09:31:24 - [MESSAGE][WARNING] - Timeout '0' is invalid. Using default page load timeout: '30'

2023-03-29 09:31:25 - [MESSAGE][PASSED] - Tapped on element 'Object Repository/Search/Filter/Filter Button'

2023-03-29 09:31:25 - [TEST_STEP][PASSED] - tap(findTestObject("Search/Filter/Filter Produk 1"), 0): Tapped on element 'Object Repository/Search/Filter/Filter Produk 1'

2023-03-29 09:31:25 - [MESSAGE][WARNING] - Timeout '0' is invalid. Using default page load timeout: '30'

2023-03-29 09:31:26 - [MESSAGE][PASSED] - Tapped on element 'Object Repository/Search/Filter/Filter Produk 1'

2023-03-29 09:31:26 - [TEST_STEP][PASSED] - tap(findTestObject("Search/Filter/Search - Field Harga Minimum"), 0): Tapped on element 'Object Repository/Search/Filter/Search - Field Harga Minimum'

2023-03-29 09:31:26 - [MESSAGE][WARNING] - Timeout '0' is invalid. Using default page load timeout: '30'

2023-03-29 09:31:26 - [MESSAGE][PASSED] - Tapped on element 'Object Repository/Search/Filter/Search - Field Harga Minimum'

2023-03-29 09:31:26 - [TEST_STEP][PASSED] - setText(findTestObject("Search/Filter/Search - Field Harga Minimum"), "40000", 0): Text '40000' has been set to element 'Object Repository/Search/Filter/Search - Field Harga Minimum'

2023-03-29 09:31:27 - [MESSAGE][WARNING] - Timeout '0' is invalid. Using default page load timeout: '30'

2023-03-29 09:31:27 - [MESSAGE][PASSED] - Text '40000' has been set to element 'Object Repository/Search/Filter/Search - Field Harga Minimum'

2023-03-29 09:31:27 - [TEST_STEP][PASSED] - tap(findTestObject("Search/Filter/Search - Field Harga Maksimum"), 0): Tapped on element 'Object Repository/Search/Filter/Search - Field Harga Maksimum'

2023-03-29 09:31:28 - [MESSAGE][WARNING] - Timeout '0' is invalid. Using default page load timeout: '30'

2023-03-29 09:31:29 - [MESSAGE][PASSED] - Tapped on element 'Object Repository/Search/Filter/Search - Field Harga Maksimum'

2023-03-29 09:31:29 - [TEST_STEP][PASSED] - setText(findTestObject("Search/Filter/Search - Field Harga Maksimum"), "70000", 0): Text '70000' has been set to element 'Object Repository/Search/Filter/Search - Field Harga Maksimum'

2023-03-29 09:31:29 - [MESSAGE][WARNING] - Timeout '0' is invalid. Using default page load timeout: '30'

2023-03-29 09:31:30 - [MESSAGE][PASSED] - Text '70000' has been set to element 'Object Repository/Search/Filter/Search - Field Harga Maksimum'

2023-03-29 09:31:30 - [TEST_STEP][PASSED] - pressBack(): Press back button successfully

2023-03-29 09:31:31 - [MESSAGE][PASSED] - Press back button successfully

2023-03-29 09:31:31 - [TEST_STEP][PASSED] - tap(findTestObject("Search/Filter/Submit Button"), 0): Tapped on element 'Object Repository/Search/Filter/Submit Button'

2023-03-29 09:31:31 - [MESSAGE][WARNING] - Timeout '0' is invalid. Using default page load timeout: '30'

2023-03-29 09:31:33 - [MESSAGE][PASSED] - Tapped on element 'Object Repository/Search/Filter/Submit Button'

2023-03-29 09:31:33 - [TEST_STEP][PASSED] - delay(2, CONTINUE_ON_FAILURE): Delayed 2 second(s)

2023-03-29 09:31:35 - [MESSAGE][PASSED] - Delayed 2 second(s)]]></system-out>
         <system-err><![CDATA[]]></system-err>
      </testcase>
      <system-out><![CDATA[2023-03-29 09:30:46 - [TEST_SUITE][PASSED] - AllFilter_Search: Test Cases/Search/Filter/TC_AllFilter_Search]]></system-out>
      <system-err><![CDATA[]]></system-err>
   </testsuite>
</testsuites>
