<?xml version="1.0" encoding="UTF-8"?>
<testsuites name="Sorting_Product" time="86.153" tests="6" failures="0" errors="0">
   <testsuite name="Sorting_Product" tests="6" failures="0" errors="0" time="86.153" skipped="0" timestamp="2023-03-31 14:46:15" hostname="raiha - LAPTOP-UT2QLFD0" id="Test Suites/Sorting/Sorting_Product">
      <properties>
         <property name="deviceName" value="Xiaomi M2101K7BNY (Android 12)"/>
         <property name="devicePlatform" value=""/>
         <property name="logFolder" value="C:\\Users\\raiha\\Katalon Studio\\Mobile Klik IGR\\Reports\\20230331_144559\\Sorting\\Sorting_Product\\20230331_144559"/>
         <property name="logFiles" value="C:\\Users\\raiha\\Katalon Studio\\Mobile Klik IGR\\Reports\\20230331_144559\\Sorting\\Sorting_Product\\20230331_144559\\appium.log, C:\\Users\\raiha\\Katalon Studio\\Mobile Klik IGR\\Reports\\20230331_144559\\Sorting\\Sorting_Product\\20230331_144559\\execution0.log"/>
         <property name="attachments" value="C:\Users\raiha\Katalon Studio\Mobile Klik IGR\Reports\20230331_144559\Sorting\Sorting_Product\20230331_144559Sorting A.png, C:\Users\raiha\Katalon Studio\Mobile Klik IGR\Reports\20230331_144559\Sorting\Sorting_Product\20230331_144559Sorting Z.png, C:\Users\raiha\Katalon Studio\Mobile Klik IGR\Reports\20230331_144559\Sorting\Sorting_Product\20230331_144559Sorting Lowest.png, C:\Users\raiha\Katalon Studio\Mobile Klik IGR\Reports\20230331_144559\Sorting\Sorting_Product\20230331_144559Sorting Highest.png"/>
         <property name="hostName" value="raiha - LAPTOP-UT2QLFD0"/>
         <property name="os" value="Windows 10 64bit"/>
         <property name="appiumServerStatus" value="{&quot;value&quot;:{&quot;build&quot;:{&quot;version&quot;:&quot;1.22.3&quot;}},&quot;sessionId&quot;:null,&quot;status&quot;:0}"/>
         <property name="katalonVersion" value="8.5.5.208"/>
         <property name="deviceOS" value="Android"/>
         <property name="appiumVersion" value="1.22.3"/>
         <property name="deviceModel" value="M2101K7BNY"/>
         <property name="hostAddress" value="192.168.1.8"/>
         <property name="deviceManufacturer" value="Xiaomi"/>
         <property name="deviceId" value="192.168.1.7:5555"/>
         <property name="deviceName" value="Xiaomi M2101K7BNY (Android 12)"/>
         <property name="deviceOSVersion" value="12"/>
      </properties>
      <testcase name="Test Cases/Kategori/TC_Kategori_IbuAnak" time="35.18" classname="Test Cases/Kategori/TC_Kategori_IbuAnak" status="PASSED">
         <system-out><![CDATA[2023-03-31 14:46:16 - [TEST_CASE][PASSED] - Test Cases/Kategori/TC_Kategori_IbuAnak: Test Cases/Kategori/TC_Kategori_IbuAnak

2023-03-31 14:46:16 - [TEST_STEP][PASSED] - startApplication(APP, false): Started app at: 'C:\Users\raiha\Katalon Studio\Mobile Klik IGR\AndroidApp\Klik Dev v6.0.0(105).apk'

2023-03-31 14:46:16 - [MESSAGE][INFO] - User set preference: ['deviceId', '']

2023-03-31 14:46:17 - [MESSAGE][INFO] - Detected NodeJS location: "C:\Program Files\nodejs\node.exe"

2023-03-31 14:46:19 - [MESSAGE][INFO] - Appium server started on port 52,582

2023-03-31 14:46:47 - [MESSAGE][PASSED] - Started app at: 'C:\Users\raiha\Katalon Studio\Mobile Klik IGR\AndroidApp\Klik Dev v6.0.0(105).apk'

2023-03-31 14:46:47 - [TEST_STEP][PASSED] - tap(findTestObject("Kategori/Ibu dan Anak"), 0): Tapped on element 'Object Repository/Kategori/Ibu dan Anak'

2023-03-31 14:46:48 - [MESSAGE][WARNING] - Timeout '0' is invalid. Using default page load timeout: '30'

2023-03-31 14:46:49 - [MESSAGE][PASSED] - Tapped on element 'Object Repository/Kategori/Ibu dan Anak'

2023-03-31 14:46:49 - [TEST_STEP][PASSED] - delay(2, CONTINUE_ON_FAILURE): Delayed 2 second(s)

2023-03-31 14:46:51 - [MESSAGE][PASSED] - Delayed 2 second(s)]]></system-out>
         <system-err><![CDATA[]]></system-err>
      </testcase>
      <testcase name="Test Cases/Sorting/TC_Sort_A" time="11.044" classname="Test Cases/Sorting/TC_Sort_A" status="PASSED">
         <system-out><![CDATA[2023-03-31 14:46:51 - [TEST_CASE][PASSED] - Test Cases/Sorting/TC_Sort_A: Test Cases/Sorting/TC_Sort_A

2023-03-31 14:46:51 - [TEST_STEP][PASSED] - tap(findTestObject("Sorting/Tombol Sort"), 0): Tapped on element 'Object Repository/Sorting/Tombol Sort'

2023-03-31 14:46:51 - [MESSAGE][WARNING] - Timeout '0' is invalid. Using default page load timeout: '30'

2023-03-31 14:46:52 - [MESSAGE][PASSED] - Tapped on element 'Object Repository/Sorting/Tombol Sort'

2023-03-31 14:46:52 - [TEST_STEP][PASSED] - tap(findTestObject("Sorting/A - Z"), 0): Tapped on element 'Object Repository/Sorting/A - Z'

2023-03-31 14:46:52 - [MESSAGE][WARNING] - Timeout '0' is invalid. Using default page load timeout: '30'

2023-03-31 14:46:54 - [MESSAGE][PASSED] - Tapped on element 'Object Repository/Sorting/A - Z'

2023-03-31 14:46:54 - [TEST_STEP][PASSED] - delay(3, CONTINUE_ON_FAILURE): Delayed 3 second(s)

2023-03-31 14:46:57 - [MESSAGE][PASSED] - Delayed 3 second(s)

2023-03-31 14:46:57 - [TEST_STEP][PASSED] - takeScreenshot(getReportFolder() + "Sorting A.png", CONTINUE_ON_FAILURE): Screenshot is taken

2023-03-31 14:46:59 - [MESSAGE][PASSED] - Screenshot is taken
[[ATTACHMENT|C:\Users\raiha\Katalon Studio\Mobile Klik IGR\Reports\20230331_144559\Sorting\Sorting_Product\20230331_144559Sorting A.png]]

2023-03-31 14:46:59 - [TEST_STEP][PASSED] - swipe(100, 900, 0, 0): Swiped from 100,900 to 0,0

2023-03-31 14:47:00 - [MESSAGE][PASSED] - Swiped from 100,900 to 0,0

2023-03-31 14:47:00 - [TEST_STEP][PASSED] - delay(2, CONTINUE_ON_FAILURE): Delayed 2 second(s)

2023-03-31 14:47:02 - [MESSAGE][PASSED] - Delayed 2 second(s)]]></system-out>
         <system-err><![CDATA[]]></system-err>
      </testcase>
      <testcase name="Test Cases/Sorting/TC_Sort_Z" time="9.738" classname="Test Cases/Sorting/TC_Sort_Z" status="PASSED">
         <system-out><![CDATA[2023-03-31 14:47:02 - [TEST_CASE][PASSED] - Test Cases/Sorting/TC_Sort_Z: Test Cases/Sorting/TC_Sort_Z

2023-03-31 14:47:02 - [TEST_STEP][PASSED] - tap(findTestObject("Sorting/Tombol Sort"), 0): Tapped on element 'Object Repository/Sorting/Tombol Sort'

2023-03-31 14:47:02 - [MESSAGE][WARNING] - Timeout '0' is invalid. Using default page load timeout: '30'

2023-03-31 14:47:03 - [MESSAGE][PASSED] - Tapped on element 'Object Repository/Sorting/Tombol Sort'

2023-03-31 14:47:03 - [TEST_STEP][PASSED] - tap(findTestObject("Sorting/Z - A"), 0): Tapped on element 'Object Repository/Sorting/Z - A'

2023-03-31 14:47:03 - [MESSAGE][WARNING] - Timeout '0' is invalid. Using default page load timeout: '30'

2023-03-31 14:47:04 - [MESSAGE][PASSED] - Tapped on element 'Object Repository/Sorting/Z - A'

2023-03-31 14:47:04 - [TEST_STEP][PASSED] - delay(3, CONTINUE_ON_FAILURE): Delayed 3 second(s)

2023-03-31 14:47:07 - [MESSAGE][PASSED] - Delayed 3 second(s)

2023-03-31 14:47:07 - [TEST_STEP][PASSED] - takeScreenshot(getReportFolder() + "Sorting Z.png", CONTINUE_ON_FAILURE): Screenshot is taken

2023-03-31 14:47:08 - [MESSAGE][PASSED] - Screenshot is taken
[[ATTACHMENT|C:\Users\raiha\Katalon Studio\Mobile Klik IGR\Reports\20230331_144559\Sorting\Sorting_Product\20230331_144559Sorting Z.png]]

2023-03-31 14:47:09 - [TEST_STEP][PASSED] - swipe(100, 900, 0, 0): Swiped from 100,900 to 0,0

2023-03-31 14:47:10 - [MESSAGE][PASSED] - Swiped from 100,900 to 0,0

2023-03-31 14:47:10 - [TEST_STEP][PASSED] - delay(2, CONTINUE_ON_FAILURE): Delayed 2 second(s)

2023-03-31 14:47:12 - [MESSAGE][PASSED] - Delayed 2 second(s)]]></system-out>
         <system-err><![CDATA[]]></system-err>
      </testcase>
      <testcase name="Test Cases/Sorting/TC_Sort_Lowest" time="10.529" classname="Test Cases/Sorting/TC_Sort_Lowest" status="PASSED">
         <system-out><![CDATA[2023-03-31 14:47:12 - [TEST_CASE][PASSED] - Test Cases/Sorting/TC_Sort_Lowest: Test Cases/Sorting/TC_Sort_Lowest

2023-03-31 14:47:12 - [TEST_STEP][PASSED] - tap(findTestObject("Sorting/Tombol Sort"), 0): Tapped on element 'Object Repository/Sorting/Tombol Sort'

2023-03-31 14:47:12 - [MESSAGE][WARNING] - Timeout '0' is invalid. Using default page load timeout: '30'

2023-03-31 14:47:13 - [MESSAGE][PASSED] - Tapped on element 'Object Repository/Sorting/Tombol Sort'

2023-03-31 14:47:13 - [TEST_STEP][PASSED] - tap(findTestObject("Sorting/Harga Termurah"), 0): Tapped on element 'Object Repository/Sorting/Harga Termurah'

2023-03-31 14:47:13 - [MESSAGE][WARNING] - Timeout '0' is invalid. Using default page load timeout: '30'

2023-03-31 14:47:15 - [MESSAGE][PASSED] - Tapped on element 'Object Repository/Sorting/Harga Termurah'

2023-03-31 14:47:15 - [TEST_STEP][PASSED] - delay(3, CONTINUE_ON_FAILURE): Delayed 3 second(s)

2023-03-31 14:47:18 - [MESSAGE][PASSED] - Delayed 3 second(s)

2023-03-31 14:47:18 - [TEST_STEP][PASSED] - takeScreenshot(getReportFolder() + "Sorting Lowest.png", CONTINUE_ON_FAILURE): Screenshot is taken

2023-03-31 14:47:19 - [MESSAGE][PASSED] - Screenshot is taken
[[ATTACHMENT|C:\Users\raiha\Katalon Studio\Mobile Klik IGR\Reports\20230331_144559\Sorting\Sorting_Product\20230331_144559Sorting Lowest.png]]

2023-03-31 14:47:19 - [TEST_STEP][PASSED] - swipe(100, 900, 0, 0): Swiped from 100,900 to 0,0

2023-03-31 14:47:20 - [MESSAGE][PASSED] - Swiped from 100,900 to 0,0

2023-03-31 14:47:20 - [TEST_STEP][PASSED] - delay(2, CONTINUE_ON_FAILURE): Delayed 2 second(s)

2023-03-31 14:47:22 - [MESSAGE][PASSED] - Delayed 2 second(s)]]></system-out>
         <system-err><![CDATA[]]></system-err>
      </testcase>
      <testcase name="Test Cases/Sorting/TC_Sort_Highest" time="10.052" classname="Test Cases/Sorting/TC_Sort_Highest" status="PASSED">
         <system-out><![CDATA[2023-03-31 14:47:22 - [TEST_CASE][PASSED] - Test Cases/Sorting/TC_Sort_Highest: Test Cases/Sorting/TC_Sort_Highest

2023-03-31 14:47:22 - [TEST_STEP][PASSED] - tap(findTestObject("Sorting/Tombol Sort"), 0): Tapped on element 'Object Repository/Sorting/Tombol Sort'

2023-03-31 14:47:22 - [MESSAGE][WARNING] - Timeout '0' is invalid. Using default page load timeout: '30'

2023-03-31 14:47:24 - [MESSAGE][PASSED] - Tapped on element 'Object Repository/Sorting/Tombol Sort'

2023-03-31 14:47:24 - [TEST_STEP][PASSED] - tap(findTestObject("Sorting/Harga Termahal"), 0): Tapped on element 'Object Repository/Sorting/Harga Termahal'

2023-03-31 14:47:24 - [MESSAGE][WARNING] - Timeout '0' is invalid. Using default page load timeout: '30'

2023-03-31 14:47:25 - [MESSAGE][PASSED] - Tapped on element 'Object Repository/Sorting/Harga Termahal'

2023-03-31 14:47:25 - [TEST_STEP][PASSED] - delay(3, CONTINUE_ON_FAILURE): Delayed 3 second(s)

2023-03-31 14:47:28 - [MESSAGE][PASSED] - Delayed 3 second(s)

2023-03-31 14:47:28 - [TEST_STEP][PASSED] - takeScreenshot(getReportFolder() + "Sorting Highest.png", CONTINUE_ON_FAILURE): Screenshot is taken

2023-03-31 14:47:29 - [MESSAGE][PASSED] - Screenshot is taken
[[ATTACHMENT|C:\Users\raiha\Katalon Studio\Mobile Klik IGR\Reports\20230331_144559\Sorting\Sorting_Product\20230331_144559Sorting Highest.png]]

2023-03-31 14:47:29 - [TEST_STEP][PASSED] - swipe(100, 900, 0, 0): Swiped from 100,900 to 0,0

2023-03-31 14:47:30 - [MESSAGE][PASSED] - Swiped from 100,900 to 0,0

2023-03-31 14:47:30 - [TEST_STEP][PASSED] - delay(2, CONTINUE_ON_FAILURE): Delayed 2 second(s)

2023-03-31 14:47:32 - [MESSAGE][PASSED] - Delayed 2 second(s)]]></system-out>
         <system-err><![CDATA[]]></system-err>
      </testcase>
      <testcase name="Test Cases/Sorting/TC_Cancel_Sort" time="9.252" classname="Test Cases/Sorting/TC_Cancel_Sort" status="PASSED">
         <system-out><![CDATA[2023-03-31 14:47:32 - [TEST_CASE][PASSED] - Test Cases/Sorting/TC_Cancel_Sort: Test Cases/Sorting/TC_Cancel_Sort

2023-03-31 14:47:33 - [TEST_STEP][PASSED] - tap(findTestObject("Sorting/Tombol Sort"), 0): Tapped on element 'Object Repository/Sorting/Tombol Sort'

2023-03-31 14:47:33 - [MESSAGE][WARNING] - Timeout '0' is invalid. Using default page load timeout: '30'

2023-03-31 14:47:34 - [MESSAGE][PASSED] - Tapped on element 'Object Repository/Sorting/Tombol Sort'

2023-03-31 14:47:34 - [TEST_STEP][PASSED] - tap(findTestObject("Sorting/Cancel Sorting"), 0): Tapped on element 'Object Repository/Sorting/Cancel Sorting'

2023-03-31 14:47:34 - [MESSAGE][WARNING] - Timeout '0' is invalid. Using default page load timeout: '30'

2023-03-31 14:47:35 - [MESSAGE][PASSED] - Tapped on element 'Object Repository/Sorting/Cancel Sorting'

2023-03-31 14:47:35 - [TEST_STEP][PASSED] - delay(3, CONTINUE_ON_FAILURE): Delayed 3 second(s)

2023-03-31 14:47:38 - [MESSAGE][PASSED] - Delayed 3 second(s)

2023-03-31 14:47:38 - [TEST_STEP][PASSED] - swipe(100, 900, 0, 0): Swiped from 100,900 to 0,0

2023-03-31 14:47:39 - [MESSAGE][PASSED] - Swiped from 100,900 to 0,0

2023-03-31 14:47:39 - [TEST_STEP][PASSED] - delay(2, CONTINUE_ON_FAILURE): Delayed 2 second(s)

2023-03-31 14:47:41 - [MESSAGE][PASSED] - Delayed 2 second(s)]]></system-out>
         <system-err><![CDATA[]]></system-err>
      </testcase>
      <system-out><![CDATA[2023-03-31 14:46:15 - [TEST_SUITE][PASSED] - Sorting_Product: Test Cases/Sorting/TC_Cancel_Sort]]></system-out>
      <system-err><![CDATA[]]></system-err>
   </testsuite>
</testsuites>
