<?xml version="1.0" encoding="UTF-8"?>
<testsuites name="Login_With_Email" time="86.608" tests="4" failures="0" errors="0">
   <testsuite name="Login_With_Email" tests="4" failures="0" errors="0" time="86.608" skipped="0" timestamp="2023-04-03 14:09:00" hostname="raiha - LAPTOP-UT2QLFD0" id="Test Suites/Login/Login_With_Email">
      <properties>
         <property name="deviceName" value="Xiaomi M2101K7BNY (Android 12)"/>
         <property name="devicePlatform" value=""/>
         <property name="logFolder" value="C:\\Users\\raiha\\Katalon Studio\\Mobile Klik IGR\\Reports\\20230403_140850\\Login\\Login_With_Email\\20230403_140850"/>
         <property name="logFiles" value="C:\\Users\\raiha\\Katalon Studio\\Mobile Klik IGR\\Reports\\20230403_140850\\Login\\Login_With_Email\\20230403_140850\\appium.log, C:\\Users\\raiha\\Katalon Studio\\Mobile Klik IGR\\Reports\\20230403_140850\\Login\\Login_With_Email\\20230403_140850\\execution0.log"/>
         <property name="attachments" value="keyes\keyes-Null Field Login.png, keyes\keyes-Invalid Email Login.png"/>
         <property name="hostName" value="raiha - LAPTOP-UT2QLFD0"/>
         <property name="os" value="Windows 10 64bit"/>
         <property name="appiumServerStatus" value="{&quot;value&quot;:{&quot;build&quot;:{&quot;version&quot;:&quot;1.22.3&quot;}},&quot;sessionId&quot;:null,&quot;status&quot;:0}"/>
         <property name="katalonVersion" value="8.5.5.208"/>
         <property name="deviceOS" value="Android"/>
         <property name="appiumVersion" value="1.22.3"/>
         <property name="deviceModel" value="M2101K7BNY"/>
         <property name="hostAddress" value="192.168.1.7"/>
         <property name="deviceManufacturer" value="Xiaomi"/>
         <property name="deviceId" value="4LSG9XI7HU8HTOXW"/>
         <property name="deviceName" value="Xiaomi M2101K7BNY (Android 12)"/>
         <property name="deviceOSVersion" value="12"/>
      </properties>
      <testcase name="Test Cases/Login/TC_Login_NullField" time="39.666" classname="Test Cases/Login/TC_Login_NullField" status="PASSED">
         <system-out><![CDATA[2023-04-03 14:09:00 - [TEST_CASE][PASSED] - Test Cases/Login/TC_Login_NullField: Test Cases/Login/TC_Login_NullField

2023-04-03 14:09:01 - [TEST_STEP][PASSED] - startApplication(APP, false): Started app at: 'C:\Users\raiha\Katalon Studio\Mobile Klik IGR\AndroidApp\Klik Dev v6.0.4.apk'

2023-04-03 14:09:01 - [MESSAGE][INFO] - User set preference: ['deviceId', '']

2023-04-03 14:09:01 - [MESSAGE][INFO] - Detected NodeJS location: "C:\Program Files\nodejs\node.exe"

2023-04-03 14:09:03 - [MESSAGE][INFO] - Appium server started on port 62,295

2023-04-03 14:09:36 - [MESSAGE][PASSED] - Started app at: 'C:\Users\raiha\Katalon Studio\Mobile Klik IGR\AndroidApp\Klik Dev v6.0.4.apk'

2023-04-03 14:09:36 - [TEST_STEP][PASSED] - tap(findTestObject("Profil/Profil_Button/Menu Akun"), 0): Tapped on element 'Object Repository/Profil/Profil_Button/Menu Akun'

2023-04-03 14:09:36 - [MESSAGE][WARNING] - Timeout '0' is invalid. Using default page load timeout: '30'

2023-04-03 14:09:37 - [MESSAGE][PASSED] - Tapped on element 'Object Repository/Profil/Profil_Button/Menu Akun'

2023-04-03 14:09:37 - [TEST_STEP][PASSED] - tap(findTestObject("Login/Tombol Login"), 0): Tapped on element 'Object Repository/Login/Tombol Login'

2023-04-03 14:09:38 - [MESSAGE][WARNING] - Timeout '0' is invalid. Using default page load timeout: '30'

2023-04-03 14:09:38 - [MESSAGE][PASSED] - Tapped on element 'Object Repository/Login/Tombol Login'

2023-04-03 14:09:38 - [TEST_STEP][PASSED] - takeScreenshotAsCheckpoint("Null Field Login", []): Screenshot is taken

2023-04-03 14:09:40 - [MESSAGE][INFO] - 0 hidden object(s)

2023-04-03 14:09:40 - [MESSAGE][PASSED] - Screenshot is taken
[[ATTACHMENT|keyes\keyes-Null Field Login.png]]]]></system-out>
         <system-err><![CDATA[]]></system-err>
      </testcase>
      <testcase name="Test Cases/Login/TC_Login_InvalidEmail" time="18.18" classname="Test Cases/Login/TC_Login_InvalidEmail" status="PASSED">
         <system-out><![CDATA[2023-04-03 14:09:40 - [TEST_CASE][PASSED] - Test Cases/Login/TC_Login_InvalidEmail: Test Cases/Login/TC_Login_InvalidEmail

2023-04-03 14:09:40 - [TEST_STEP][PASSED] - tap(findTestObject("Login/Field Email or Nomor HP"), 0): Tapped on element 'Object Repository/Login/Field Email or Nomor HP'

2023-04-03 14:09:40 - [MESSAGE][WARNING] - Timeout '0' is invalid. Using default page load timeout: '30'

2023-04-03 14:09:42 - [MESSAGE][PASSED] - Tapped on element 'Object Repository/Login/Field Email or Nomor HP'

2023-04-03 14:09:42 - [TEST_STEP][PASSED] - setText(findTestObject("Login/Field Email or Nomor HP"), "usersalah@gmail.com", 0): Text 'usersalah@gmail.com' has been set to element 'Object Repository/Login/Field Email or Nomor HP'

2023-04-03 14:09:42 - [MESSAGE][WARNING] - Timeout '0' is invalid. Using default page load timeout: '30'

2023-04-03 14:09:42 - [MESSAGE][PASSED] - Text 'usersalah@gmail.com' has been set to element 'Object Repository/Login/Field Email or Nomor HP'

2023-04-03 14:09:42 - [TEST_STEP][PASSED] - tap(findTestObject("Login/Field Password"), 0): Tapped on element 'Object Repository/Login/Field Password'

2023-04-03 14:09:42 - [MESSAGE][WARNING] - Timeout '0' is invalid. Using default page load timeout: '30'

2023-04-03 14:09:44 - [MESSAGE][PASSED] - Tapped on element 'Object Repository/Login/Field Password'

2023-04-03 14:09:44 - [TEST_STEP][PASSED] - setEncryptedText(findTestObject("Login/Field Password"), "lsdNNXlVAZI=", 0): Encrypted text 'lsdNNXlVAZI=' has been set to element 'Object Repository/Login/Field Password'

2023-04-03 14:09:44 - [MESSAGE][WARNING] - Timeout '0' is invalid. Using default page load timeout: '30'

2023-04-03 14:09:44 - [MESSAGE][PASSED] - Encrypted text 'lsdNNXlVAZI=' has been set to element 'Object Repository/Login/Field Password'

2023-04-03 14:09:44 - [TEST_STEP][PASSED] - tap(findTestObject("Login/Icon Password"), 0): Tapped on element 'Object Repository/Login/Icon Password'

2023-04-03 14:09:44 - [MESSAGE][WARNING] - Timeout '0' is invalid. Using default page load timeout: '30'

2023-04-03 14:09:45 - [MESSAGE][PASSED] - Tapped on element 'Object Repository/Login/Icon Password'

2023-04-03 14:09:45 - [TEST_STEP][PASSED] - tap(findTestObject("Login/Tombol Login"), 0): Tapped on element 'Object Repository/Login/Tombol Login'

2023-04-03 14:09:46 - [MESSAGE][WARNING] - Timeout '0' is invalid. Using default page load timeout: '30'

2023-04-03 14:09:47 - [MESSAGE][PASSED] - Tapped on element 'Object Repository/Login/Tombol Login'

2023-04-03 14:09:47 - [TEST_STEP][PASSED] - delay(4, STOP_ON_FAILURE): Delayed 4 second(s)

2023-04-03 14:09:51 - [MESSAGE][PASSED] - Delayed 4 second(s)

2023-04-03 14:09:51 - [TEST_STEP][PASSED] - verifyElementVisible(findTestObject("Login/Alert Email atau Nomor HP Salah"), 0): Element 'Object Repository/Login/Alert Email atau Nomor HP Salah' is visible

2023-04-03 14:09:51 - [MESSAGE][WARNING] - Timeout '0' is invalid. Using default page load timeout: '30'

2023-04-03 14:09:51 - [MESSAGE][PASSED] - Element 'Object Repository/Login/Alert Email atau Nomor HP Salah' is visible

2023-04-03 14:09:51 - [TEST_STEP][PASSED] - takeScreenshotAsCheckpoint("Invalid Email Login", []): Screenshot is taken

2023-04-03 14:09:53 - [MESSAGE][INFO] - 0 hidden object(s)

2023-04-03 14:09:53 - [MESSAGE][PASSED] - Screenshot is taken
[[ATTACHMENT|keyes\keyes-Invalid Email Login.png]]

2023-04-03 14:09:53 - [TEST_STEP][PASSED] - tap(findTestObject("Login/Close Gagal Login"), 0): Tapped on element 'Object Repository/Login/Close Gagal Login'

2023-04-03 14:09:53 - [MESSAGE][WARNING] - Timeout '0' is invalid. Using default page load timeout: '30'

2023-04-03 14:09:54 - [MESSAGE][PASSED] - Tapped on element 'Object Repository/Login/Close Gagal Login'

2023-04-03 14:09:54 - [TEST_STEP][PASSED] - delay(1, CONTINUE_ON_FAILURE): Delayed 1 second(s)

2023-04-03 14:09:55 - [MESSAGE][PASSED] - Delayed 1 second(s)

2023-04-03 14:09:55 - [TEST_STEP][PASSED] - tap(findTestObject("Login/Data Field Email Salah"), 0): Tapped on element 'Object Repository/Login/Data Field Email Salah'

2023-04-03 14:09:55 - [MESSAGE][WARNING] - Timeout '0' is invalid. Using default page load timeout: '30'

2023-04-03 14:09:56 - [MESSAGE][PASSED] - Tapped on element 'Object Repository/Login/Data Field Email Salah'

2023-04-03 14:09:56 - [TEST_STEP][PASSED] - clearText(findTestObject("Login/Data Field Email Salah"), 0): Element 'Object Repository/Login/Data Field Email Salah' text is cleared

2023-04-03 14:09:56 - [MESSAGE][WARNING] - Timeout '0' is invalid. Using default page load timeout: '30'

2023-04-03 14:09:56 - [MESSAGE][PASSED] - Element 'Object Repository/Login/Data Field Email Salah' text is cleared

2023-04-03 14:09:56 - [TEST_STEP][PASSED] - tap(findTestObject("Login/Data Password Benar"), 0): Tapped on element 'Object Repository/Login/Data Password Benar'

2023-04-03 14:09:56 - [MESSAGE][WARNING] - Timeout '0' is invalid. Using default page load timeout: '30'

2023-04-03 14:09:58 - [MESSAGE][PASSED] - Tapped on element 'Object Repository/Login/Data Password Benar'

2023-04-03 14:09:58 - [TEST_STEP][PASSED] - clearText(findTestObject("Login/Data Password Benar"), 0): Element 'Object Repository/Login/Data Password Benar' text is cleared

2023-04-03 14:09:58 - [MESSAGE][WARNING] - Timeout '0' is invalid. Using default page load timeout: '30'

2023-04-03 14:09:58 - [MESSAGE][PASSED] - Element 'Object Repository/Login/Data Password Benar' text is cleared]]></system-out>
         <system-err><![CDATA[]]></system-err>
      </testcase>
      <testcase name="Test Cases/Login/TC_Login_ValidEmail" time="6.271" classname="Test Cases/Login/TC_Login_ValidEmail" status="PASSED">
         <system-out><![CDATA[2023-04-03 14:09:58 - [TEST_CASE][PASSED] - Test Cases/Login/TC_Login_ValidEmail: Test Cases/Login/TC_Login_ValidEmail

2023-04-03 14:09:59 - [TEST_STEP][PASSED] - tap(findTestObject("Login/Field Email or Nomor HP"), 0): Tapped on element 'Object Repository/Login/Field Email or Nomor HP'

2023-04-03 14:09:59 - [MESSAGE][WARNING] - Timeout '0' is invalid. Using default page load timeout: '30'

2023-04-03 14:09:59 - [MESSAGE][PASSED] - Tapped on element 'Object Repository/Login/Field Email or Nomor HP'

2023-04-03 14:09:59 - [TEST_STEP][PASSED] - setText(findTestObject("Login/Field Email or Nomor HP"), "raihansulthan4@gmail.com", 0): Text 'raihansulthan4@gmail.com' has been set to element 'Object Repository/Login/Field Email or Nomor HP'

2023-04-03 14:10:00 - [MESSAGE][WARNING] - Timeout '0' is invalid. Using default page load timeout: '30'

2023-04-03 14:10:00 - [MESSAGE][PASSED] - Text 'raihansulthan4@gmail.com' has been set to element 'Object Repository/Login/Field Email or Nomor HP'

2023-04-03 14:10:00 - [TEST_STEP][PASSED] - tap(findTestObject("Login/Field Password"), 0): Tapped on element 'Object Repository/Login/Field Password'

2023-04-03 14:10:00 - [MESSAGE][WARNING] - Timeout '0' is invalid. Using default page load timeout: '30'

2023-04-03 14:10:02 - [MESSAGE][PASSED] - Tapped on element 'Object Repository/Login/Field Password'

2023-04-03 14:10:02 - [TEST_STEP][PASSED] - setEncryptedText(findTestObject("Login/Field Password"), "lsdNNXlVAZI=", 0): Encrypted text 'lsdNNXlVAZI=' has been set to element 'Object Repository/Login/Field Password'

2023-04-03 14:10:02 - [MESSAGE][WARNING] - Timeout '0' is invalid. Using default page load timeout: '30'

2023-04-03 14:10:02 - [MESSAGE][PASSED] - Encrypted text 'lsdNNXlVAZI=' has been set to element 'Object Repository/Login/Field Password'

2023-04-03 14:10:02 - [TEST_STEP][PASSED] - tap(findTestObject("Login/Icon Password"), 0): Tapped on element 'Object Repository/Login/Icon Password'

2023-04-03 14:10:02 - [MESSAGE][WARNING] - Timeout '0' is invalid. Using default page load timeout: '30'

2023-04-03 14:10:04 - [MESSAGE][PASSED] - Tapped on element 'Object Repository/Login/Icon Password'

2023-04-03 14:10:04 - [TEST_STEP][PASSED] - tap(findTestObject("Login/Tombol Login"), 0): Tapped on element 'Object Repository/Login/Tombol Login'

2023-04-03 14:10:04 - [MESSAGE][WARNING] - Timeout '0' is invalid. Using default page load timeout: '30'

2023-04-03 14:10:04 - [MESSAGE][PASSED] - Tapped on element 'Object Repository/Login/Tombol Login']]></system-out>
         <system-err><![CDATA[]]></system-err>
      </testcase>
      <testcase name="Test Cases/Login/TC_Logout" time="22.176" classname="Test Cases/Login/TC_Logout" status="PASSED">
         <system-out><![CDATA[2023-04-03 14:10:04 - [TEST_CASE][PASSED] - Test Cases/Login/TC_Logout: Test Cases/Login/TC_Logout

2023-04-03 14:10:05 - [TEST_STEP][PASSED] - tap(findTestObject("Profil/Profil_Button/Menu Akun"), 0): Tapped on element 'Object Repository/Profil/Profil_Button/Menu Akun'

2023-04-03 14:10:05 - [MESSAGE][WARNING] - Timeout '0' is invalid. Using default page load timeout: '30'

2023-04-03 14:10:08 - [MESSAGE][PASSED] - Tapped on element 'Object Repository/Profil/Profil_Button/Menu Akun'

2023-04-03 14:10:08 - [TEST_STEP][PASSED] - swipe(0, 600, 0, 0): Swiped from 0,600 to 0,0

2023-04-03 14:10:09 - [MESSAGE][PASSED] - Swiped from 0,600 to 0,0

2023-04-03 14:10:09 - [TEST_STEP][PASSED] - tap(findTestObject("Login/Logout/Signout"), 0): Tapped on element 'Object Repository/Login/Logout/Signout'

2023-04-03 14:10:09 - [MESSAGE][WARNING] - Timeout '0' is invalid. Using default page load timeout: '30'

2023-04-03 14:10:22 - [MESSAGE][PASSED] - Tapped on element 'Object Repository/Login/Logout/Signout'

2023-04-03 14:10:22 - [TEST_STEP][PASSED] - tap(findTestObject("Login/Logout/Setuju Logout"), 0): Tapped on element 'Object Repository/Login/Logout/Setuju Logout'

2023-04-03 14:10:22 - [MESSAGE][WARNING] - Timeout '0' is invalid. Using default page load timeout: '30'

2023-04-03 14:10:24 - [MESSAGE][PASSED] - Tapped on element 'Object Repository/Login/Logout/Setuju Logout'

2023-04-03 14:10:24 - [TEST_STEP][PASSED] - delay(3, STOP_ON_FAILURE): Delayed 3 second(s)

2023-04-03 14:10:27 - [MESSAGE][PASSED] - Delayed 3 second(s)]]></system-out>
         <system-err><![CDATA[]]></system-err>
      </testcase>
      <system-out><![CDATA[2023-04-03 14:09:00 - [TEST_SUITE][PASSED] - Login_With_Email: Test Cases/Login/TC_Logout]]></system-out>
      <system-err><![CDATA[]]></system-err>
   </testsuite>
</testsuites>
