<?xml version="1.0" encoding="UTF-8"?>
<testsuites name="MinFilter_Search" time="43.235" tests="3" failures="0" errors="0">
   <testsuite name="MinFilter_Search" tests="3" failures="0" errors="0" time="43.235" skipped="0" timestamp="2023-03-29 09:33:33" hostname="raiha - LAPTOP-UT2QLFD0" id="Test Suites/Search/Filter/MinFilter_Search">
      <properties>
         <property name="deviceName" value="Xiaomi M2101K7BNY (Android 12)"/>
         <property name="devicePlatform" value=""/>
         <property name="logFolder" value="C:\\Users\\raiha\\Katalon Studio\\Mobile Klik IGR\\Reports\\20230329_093323\\Search\\Filter\\MinFilter_Search\\20230329_093323"/>
         <property name="logFiles" value="C:\\Users\\raiha\\Katalon Studio\\Mobile Klik IGR\\Reports\\20230329_093323\\Search\\Filter\\MinFilter_Search\\20230329_093323\\appium.log, C:\\Users\\raiha\\Katalon Studio\\Mobile Klik IGR\\Reports\\20230329_093323\\Search\\Filter\\MinFilter_Search\\20230329_093323\\execution0.log"/>
         <property name="attachments" value=""/>
         <property name="hostName" value="raiha - LAPTOP-UT2QLFD0"/>
         <property name="os" value="Windows 10 64bit"/>
         <property name="appiumServerStatus" value="{&quot;value&quot;:{&quot;build&quot;:{&quot;version&quot;:&quot;1.22.3&quot;}},&quot;sessionId&quot;:null,&quot;status&quot;:0}"/>
         <property name="katalonVersion" value="8.5.5.208"/>
         <property name="deviceOS" value="Android"/>
         <property name="appiumVersion" value="1.22.3"/>
         <property name="deviceModel" value="M2101K7BNY"/>
         <property name="hostAddress" value="192.168.1.9"/>
         <property name="deviceManufacturer" value="Xiaomi"/>
         <property name="deviceId" value="4LSG9XI7HU8HTOXW"/>
         <property name="deviceName" value="Xiaomi M2101K7BNY (Android 12)"/>
         <property name="deviceOSVersion" value="12"/>
      </properties>
      <testcase name="Test Cases/Search/TC_Search_Button" time="30.36" classname="Test Cases/Search/TC_Search_Button" status="PASSED">
         <system-out><![CDATA[2023-03-29 09:33:33 - [TEST_CASE][PASSED] - Test Cases/Search/TC_Search_Button: Test Cases/Search/TC_Search_Button

2023-03-29 09:33:34 - [TEST_STEP][PASSED] - startApplication(APP, false): Started app at: 'C:\Users\raiha\Katalon Studio\Mobile Klik IGR\AndroidApp\Klik Dev v6.0.0(105).apk'

2023-03-29 09:33:34 - [MESSAGE][INFO] - User set preference: ['deviceId', '']

2023-03-29 09:33:34 - [MESSAGE][INFO] - Detected NodeJS location: "C:\Program Files\nodejs\node.exe"

2023-03-29 09:33:35 - [MESSAGE][INFO] - Appium server started on port 56,724

2023-03-29 09:33:57 - [MESSAGE][PASSED] - Started app at: 'C:\Users\raiha\Katalon Studio\Mobile Klik IGR\AndroidApp\Klik Dev v6.0.0(105).apk'

2023-03-29 09:33:57 - [TEST_STEP][PASSED] - tap(findTestObject("Search/Pesan Ulang/Pesan Ulang 1"), 0): Tapped on element 'Object Repository/Search/Pesan Ulang/Pesan Ulang 1'

2023-03-29 09:33:57 - [MESSAGE][WARNING] - Timeout '0' is invalid. Using default page load timeout: '30'

2023-03-29 09:33:58 - [MESSAGE][PASSED] - Tapped on element 'Object Repository/Search/Pesan Ulang/Pesan Ulang 1'

2023-03-29 09:33:58 - [TEST_STEP][PASSED] - delay(2, CONTINUE_ON_FAILURE): Delayed 2 second(s)

2023-03-29 09:34:00 - [MESSAGE][PASSED] - Delayed 2 second(s)

2023-03-29 09:34:00 - [TEST_STEP][PASSED] - tap(findTestObject("Search/Pesan Ulang/Tutup Pesan Ulang"), 0): Tapped on element 'Object Repository/Search/Pesan Ulang/Tutup Pesan Ulang'

2023-03-29 09:34:01 - [MESSAGE][WARNING] - Timeout '0' is invalid. Using default page load timeout: '30'

2023-03-29 09:34:02 - [MESSAGE][PASSED] - Tapped on element 'Object Repository/Search/Pesan Ulang/Tutup Pesan Ulang'

2023-03-29 09:34:02 - [TEST_STEP][PASSED] - delay(1, CONTINUE_ON_FAILURE): Delayed 1 second(s)

2023-03-29 09:34:03 - [MESSAGE][PASSED] - Delayed 1 second(s)

2023-03-29 09:34:03 - [TEST_STEP][PASSED] - tap(findTestObject("Search/Menu Search"), 0): Tapped on element 'Object Repository/Search/Menu Search'

2023-03-29 09:34:03 - [MESSAGE][WARNING] - Timeout '0' is invalid. Using default page load timeout: '30'

2023-03-29 09:34:04 - [MESSAGE][PASSED] - Tapped on element 'Object Repository/Search/Menu Search']]></system-out>
         <system-err><![CDATA[]]></system-err>
      </testcase>
      <testcase name="Test Cases/Search/TC_New_Search" time="5.348" classname="Test Cases/Search/TC_New_Search" status="PASSED">
         <system-out><![CDATA[2023-03-29 09:34:04 - [TEST_CASE][PASSED] - Test Cases/Search/TC_New_Search: Test Cases/Search/TC_New_Search

2023-03-29 09:34:04 - [TEST_STEP][PASSED] - tap(findTestObject("Search/Field Search"), 0): Tapped on element 'Object Repository/Search/Field Search'

2023-03-29 09:34:04 - [MESSAGE][WARNING] - Timeout '0' is invalid. Using default page load timeout: '30'

2023-03-29 09:34:05 - [MESSAGE][PASSED] - Tapped on element 'Object Repository/Search/Field Search'

2023-03-29 09:34:05 - [TEST_STEP][PASSED] - setText(findTestObject("Search/Field Search"), "anlene", 0): Text 'anlene' has been set to element 'Object Repository/Search/Field Search'

2023-03-29 09:34:06 - [MESSAGE][WARNING] - Timeout '0' is invalid. Using default page load timeout: '30'

2023-03-29 09:34:06 - [MESSAGE][PASSED] - Text 'anlene' has been set to element 'Object Repository/Search/Field Search'

2023-03-29 09:34:06 - [TEST_STEP][PASSED] - delay(1, CONTINUE_ON_FAILURE): Delayed 1 second(s)

2023-03-29 09:34:07 - [MESSAGE][PASSED] - Delayed 1 second(s)

2023-03-29 09:34:07 - [TEST_STEP][PASSED] - tap(findTestObject("Search/Produk/anlene"), 0): Tapped on element 'Object Repository/Search/Produk/anlene'

2023-03-29 09:34:07 - [MESSAGE][WARNING] - Timeout '0' is invalid. Using default page load timeout: '30'

2023-03-29 09:34:09 - [MESSAGE][PASSED] - Tapped on element 'Object Repository/Search/Produk/anlene']]></system-out>
         <system-err><![CDATA[]]></system-err>
      </testcase>
      <testcase name="Test Cases/Search/Filter/TC_MinFilter_Search" time="7.28" classname="Test Cases/Search/Filter/TC_MinFilter_Search" status="PASSED">
         <system-out><![CDATA[2023-03-29 09:34:09 - [TEST_CASE][PASSED] - Test Cases/Search/Filter/TC_MinFilter_Search: Test Cases/Search/Filter/TC_MinFilter_Search

2023-03-29 09:34:09 - [TEST_STEP][PASSED] - tap(findTestObject("Search/Filter/Filter Button"), 0): Tapped on element 'Object Repository/Search/Filter/Filter Button'

2023-03-29 09:34:09 - [MESSAGE][WARNING] - Timeout '0' is invalid. Using default page load timeout: '30'

2023-03-29 09:34:10 - [MESSAGE][PASSED] - Tapped on element 'Object Repository/Search/Filter/Filter Button'

2023-03-29 09:34:10 - [TEST_STEP][PASSED] - tap(findTestObject("Search/Filter/Search - Field Harga Minimum"), 0): Tapped on element 'Object Repository/Search/Filter/Search - Field Harga Minimum'

2023-03-29 09:34:10 - [MESSAGE][WARNING] - Timeout '0' is invalid. Using default page load timeout: '30'

2023-03-29 09:34:11 - [MESSAGE][PASSED] - Tapped on element 'Object Repository/Search/Filter/Search - Field Harga Minimum'

2023-03-29 09:34:11 - [TEST_STEP][PASSED] - setText(findTestObject("Search/Filter/Search - Field Harga Minimum"), "40000", 0): Text '40000' has been set to element 'Object Repository/Search/Filter/Search - Field Harga Minimum'

2023-03-29 09:34:11 - [MESSAGE][WARNING] - Timeout '0' is invalid. Using default page load timeout: '30'

2023-03-29 09:34:12 - [MESSAGE][PASSED] - Text '40000' has been set to element 'Object Repository/Search/Filter/Search - Field Harga Minimum'

2023-03-29 09:34:12 - [TEST_STEP][PASSED] - pressBack(): Press back button successfully

2023-03-29 09:34:13 - [MESSAGE][PASSED] - Press back button successfully

2023-03-29 09:34:13 - [TEST_STEP][PASSED] - tap(findTestObject("Search/Filter/Submit Button"), 0): Tapped on element 'Object Repository/Search/Filter/Submit Button'

2023-03-29 09:34:13 - [MESSAGE][WARNING] - Timeout '0' is invalid. Using default page load timeout: '30'

2023-03-29 09:34:14 - [MESSAGE][PASSED] - Tapped on element 'Object Repository/Search/Filter/Submit Button'

2023-03-29 09:34:14 - [TEST_STEP][PASSED] - delay(2, CONTINUE_ON_FAILURE): Delayed 2 second(s)

2023-03-29 09:34:16 - [MESSAGE][PASSED] - Delayed 2 second(s)]]></system-out>
         <system-err><![CDATA[]]></system-err>
      </testcase>
      <system-out><![CDATA[2023-03-29 09:33:33 - [TEST_SUITE][PASSED] - MinFilter_Search: Test Cases/Search/Filter/TC_MinFilter_Search]]></system-out>
      <system-err><![CDATA[]]></system-err>
   </testsuite>
</testsuites>
