<?xml version="1.0" encoding="UTF-8"?>
<testsuites name="Opsi_Pengiriman" time="94.592" tests="1" failures="0" errors="0">
   <testsuite name="Opsi_Pengiriman" tests="1" failures="0" errors="0" time="94.592" skipped="0" timestamp="2023-04-05 09:19:35" hostname="raiha - LAPTOP-UT2QLFD0" id="Test Suites/Checkout/Opsi_Pengiriman">
      <properties>
         <property name="deviceName" value="Xiaomi M2101K7BNY (Android 12)"/>
         <property name="devicePlatform" value=""/>
         <property name="logFolder" value="C:\\Users\\raiha\\Katalon Studio\\Mobile Klik IGR\\Reports\\20230405_091919\\Checkout\\Opsi_Pengiriman\\20230405_091919"/>
         <property name="logFiles" value="C:\\Users\\raiha\\Katalon Studio\\Mobile Klik IGR\\Reports\\20230405_091919\\Checkout\\Opsi_Pengiriman\\20230405_091919\\appium.log, C:\\Users\\raiha\\Katalon Studio\\Mobile Klik IGR\\Reports\\20230405_091919\\Checkout\\Opsi_Pengiriman\\20230405_091919\\execution0.log"/>
         <property name="attachments" value="keyes\keyes-Keranjang di bawah 10000.png, keyes\keyes-Keranjang di atas 10000.png, keyes\keyes-Pengiriman di bawah 100000.png, keyes\keyes-Pengiriman di atas 100000.png"/>
         <property name="hostName" value="raiha - LAPTOP-UT2QLFD0"/>
         <property name="os" value="Windows 10 64bit"/>
         <property name="appiumServerStatus" value="{&quot;value&quot;:{&quot;build&quot;:{&quot;version&quot;:&quot;1.22.3&quot;}},&quot;sessionId&quot;:null,&quot;status&quot;:0}"/>
         <property name="katalonVersion" value="8.5.5.208"/>
         <property name="deviceOS" value="Android"/>
         <property name="appiumVersion" value="1.22.3"/>
         <property name="deviceModel" value="M2101K7BNY"/>
         <property name="hostAddress" value="192.168.1.8"/>
         <property name="deviceManufacturer" value="Xiaomi"/>
         <property name="deviceId" value="4LSG9XI7HU8HTOXW"/>
         <property name="deviceName" value="Xiaomi M2101K7BNY (Android 12)"/>
         <property name="deviceOSVersion" value="12"/>
      </properties>
      <testcase name="Test Cases/Checkout/Keranjang/TC_Cek_Opsi_Pengiriman" time="93.453" classname="Test Cases/Checkout/Keranjang/TC_Cek_Opsi_Pengiriman" status="PASSED">
         <system-out><![CDATA[2023-04-05 09:19:36 - [TEST_CASE][PASSED] - Test Cases/Checkout/Keranjang/TC_Cek_Opsi_Pengiriman: Test Cases/Checkout/Keranjang/TC_Cek_Opsi_Pengiriman

2023-04-05 09:19:38 - [TEST_STEP][PASSED] - startApplication(APP, false): Started app at: 'C:\Users\raiha\Katalon Studio\Mobile Klik IGR\AndroidApp\Klik Dev v6.0.4.apk'

2023-04-05 09:19:39 - [MESSAGE][INFO] - User set preference: ['deviceId', '']

2023-04-05 09:19:40 - [MESSAGE][INFO] - Detected NodeJS location: "C:\Program Files\nodejs\node.exe"

2023-04-05 09:19:45 - [MESSAGE][INFO] - Appium server started on port 62,352

2023-04-05 09:20:21 - [MESSAGE][PASSED] - Started app at: 'C:\Users\raiha\Katalon Studio\Mobile Klik IGR\AndroidApp\Klik Dev v6.0.4.apk'

2023-04-05 09:20:21 - [TEST_STEP][PASSED] - tap(findTestObject("Kategori/Kesehatan dan Kecantikan"), 0): Tapped on element 'Object Repository/Kategori/Kesehatan dan Kecantikan'

2023-04-05 09:20:21 - [MESSAGE][WARNING] - Timeout '0' is invalid. Using default page load timeout: '30'

2023-04-05 09:20:23 - [MESSAGE][PASSED] - Tapped on element 'Object Repository/Kategori/Kesehatan dan Kecantikan'

2023-04-05 09:20:23 - [TEST_STEP][PASSED] - delay(2, CONTINUE_ON_FAILURE): Delayed 2 second(s)

2023-04-05 09:20:25 - [MESSAGE][PASSED] - Delayed 2 second(s)

2023-04-05 09:20:25 - [TEST_STEP][PASSED] - tap(findTestObject("Checkout/Tambah_Keranjang/Tambah Produk Lifebuoy"), 0): Tapped on element 'Object Repository/Checkout/Tambah_Keranjang/Tambah Produk Lifebuoy'

2023-04-05 09:20:25 - [MESSAGE][WARNING] - Timeout '0' is invalid. Using default page load timeout: '30'

2023-04-05 09:20:26 - [MESSAGE][PASSED] - Tapped on element 'Object Repository/Checkout/Tambah_Keranjang/Tambah Produk Lifebuoy'

2023-04-05 09:20:26 - [TEST_STEP][PASSED] - delay(1, CONTINUE_ON_FAILURE): Delayed 1 second(s)

2023-04-05 09:20:27 - [MESSAGE][PASSED] - Delayed 1 second(s)

2023-04-05 09:20:27 - [TEST_STEP][PASSED] - tap(findTestObject("Checkout/Tambah_Keranjang/Produk Pilihan/Tambah Keranjang Produk Pilihan"), 0): Tapped on element 'Object Repository/Checkout/Tambah_Keranjang/Produk Pilihan/Tambah Keranjang Produk Pilihan'

2023-04-05 09:20:27 - [MESSAGE][WARNING] - Timeout '0' is invalid. Using default page load timeout: '30'

2023-04-05 09:20:30 - [MESSAGE][PASSED] - Tapped on element 'Object Repository/Checkout/Tambah_Keranjang/Produk Pilihan/Tambah Keranjang Produk Pilihan'

2023-04-05 09:20:30 - [TEST_STEP][PASSED] - delay(2, CONTINUE_ON_FAILURE): Delayed 2 second(s)

2023-04-05 09:20:32 - [MESSAGE][PASSED] - Delayed 2 second(s)

2023-04-05 09:20:32 - [TEST_STEP][PASSED] - tap(findTestObject("Checkout/Tambah_Keranjang/Keranjang Kategori 1"), 0): Tapped on element 'Object Repository/Checkout/Tambah_Keranjang/Keranjang Kategori 1'

2023-04-05 09:20:32 - [MESSAGE][WARNING] - Timeout '0' is invalid. Using default page load timeout: '30'

2023-04-05 09:20:32 - [MESSAGE][PASSED] - Tapped on element 'Object Repository/Checkout/Tambah_Keranjang/Keranjang Kategori 1'

2023-04-05 09:20:32 - [TEST_STEP][PASSED] - delay(2, CONTINUE_ON_FAILURE): Delayed 2 second(s)

2023-04-05 09:20:34 - [MESSAGE][PASSED] - Delayed 2 second(s)

2023-04-05 09:20:34 - [TEST_STEP][PASSED] - takeScreenshotAsCheckpoint("Keranjang di bawah 10000.png", []): Screenshot is taken

2023-04-05 09:20:36 - [MESSAGE][INFO] - 0 hidden object(s)

2023-04-05 09:20:36 - [MESSAGE][PASSED] - Screenshot is taken
[[ATTACHMENT|keyes\keyes-Keranjang di bawah 10000.png]]

2023-04-05 09:20:36 - [TEST_STEP][PASSED] - tap(findTestObject("Checkout/Keranjang/Detail Produk/Edit Produk Row 1 Jumlah 1"), 0): Tapped on element 'Object Repository/Checkout/Keranjang/Detail Produk/Edit Produk Row 1 Jumlah 1'

2023-04-05 09:20:36 - [MESSAGE][WARNING] - Timeout '0' is invalid. Using default page load timeout: '30'

2023-04-05 09:20:37 - [MESSAGE][PASSED] - Tapped on element 'Object Repository/Checkout/Keranjang/Detail Produk/Edit Produk Row 1 Jumlah 1'

2023-04-05 09:20:37 - [TEST_STEP][PASSED] - tap(findTestObject("Checkout/Keranjang/Edit Produk/Field Edit Produk 1 Lifebuoy"), 0): Tapped on element 'Object Repository/Checkout/Keranjang/Edit Produk/Field Edit Produk 1 Lifebuoy'

2023-04-05 09:20:37 - [MESSAGE][WARNING] - Timeout '0' is invalid. Using default page load timeout: '30'

2023-04-05 09:20:39 - [MESSAGE][PASSED] - Tapped on element 'Object Repository/Checkout/Keranjang/Edit Produk/Field Edit Produk 1 Lifebuoy'

2023-04-05 09:20:39 - [TEST_STEP][PASSED] - setText(findTestObject("Checkout/Keranjang/Edit Produk/Field Edit Produk 1 Lifebuoy"), "3", 0): Text '3' has been set to element 'Object Repository/Checkout/Keranjang/Edit Produk/Field Edit Produk 1 Lifebuoy'

2023-04-05 09:20:39 - [MESSAGE][WARNING] - Timeout '0' is invalid. Using default page load timeout: '30'

2023-04-05 09:20:39 - [MESSAGE][PASSED] - Text '3' has been set to element 'Object Repository/Checkout/Keranjang/Edit Produk/Field Edit Produk 1 Lifebuoy'

2023-04-05 09:20:39 - [TEST_STEP][PASSED] - tap(findTestObject("Checkout/Keranjang/Edit Produk/Simpan Edit Produk"), 0): Tapped on element 'Object Repository/Checkout/Keranjang/Edit Produk/Simpan Edit Produk'

2023-04-05 09:20:39 - [MESSAGE][WARNING] - Timeout '0' is invalid. Using default page load timeout: '30'

2023-04-05 09:20:41 - [MESSAGE][PASSED] - Tapped on element 'Object Repository/Checkout/Keranjang/Edit Produk/Simpan Edit Produk'

2023-04-05 09:20:41 - [TEST_STEP][PASSED] - tap(findTestObject("Checkout/Keranjang/Perbaharui Keranjang"), 0): Tapped on element 'Object Repository/Checkout/Keranjang/Perbaharui Keranjang'

2023-04-05 09:20:41 - [MESSAGE][WARNING] - Timeout '0' is invalid. Using default page load timeout: '30'

2023-04-05 09:20:41 - [MESSAGE][PASSED] - Tapped on element 'Object Repository/Checkout/Keranjang/Perbaharui Keranjang'

2023-04-05 09:20:41 - [TEST_STEP][PASSED] - delay(1, CONTINUE_ON_FAILURE): Delayed 1 second(s)

2023-04-05 09:20:42 - [MESSAGE][PASSED] - Delayed 1 second(s)

2023-04-05 09:20:42 - [TEST_STEP][PASSED] - takeScreenshotAsCheckpoint("Keranjang di atas 10000.png", []): Screenshot is taken

2023-04-05 09:20:44 - [MESSAGE][INFO] - 0 hidden object(s)

2023-04-05 09:20:44 - [MESSAGE][PASSED] - Screenshot is taken
[[ATTACHMENT|keyes\keyes-Keranjang di atas 10000.png]]

2023-04-05 09:20:44 - [TEST_STEP][PASSED] - tap(findTestObject("Checkout/Pengiriman/Tombol Pengiriman"), 0): Tapped on element 'Object Repository/Checkout/Pengiriman/Tombol Pengiriman'

2023-04-05 09:20:44 - [MESSAGE][WARNING] - Timeout '0' is invalid. Using default page load timeout: '30'

2023-04-05 09:20:45 - [MESSAGE][PASSED] - Tapped on element 'Object Repository/Checkout/Pengiriman/Tombol Pengiriman'

2023-04-05 09:20:45 - [TEST_STEP][PASSED] - delay(5, CONTINUE_ON_FAILURE): Delayed 5 second(s)

2023-04-05 09:20:50 - [MESSAGE][PASSED] - Delayed 5 second(s)

2023-04-05 09:20:50 - [TEST_STEP][PASSED] - takeScreenshotAsCheckpoint("Pengiriman di bawah 100000.png", []): Screenshot is taken

2023-04-05 09:20:51 - [MESSAGE][INFO] - 0 hidden object(s)

2023-04-05 09:20:52 - [MESSAGE][PASSED] - Screenshot is taken
[[ATTACHMENT|keyes\keyes-Pengiriman di bawah 100000.png]]

2023-04-05 09:20:52 - [TEST_STEP][PASSED] - tap(findTestObject("Checkout/Pengiriman/Back from Pengiriman"), 0): Tapped on element 'Object Repository/Checkout/Pengiriman/Back from Pengiriman'

2023-04-05 09:20:52 - [MESSAGE][WARNING] - Timeout '0' is invalid. Using default page load timeout: '30'

2023-04-05 09:20:53 - [MESSAGE][PASSED] - Tapped on element 'Object Repository/Checkout/Pengiriman/Back from Pengiriman'

2023-04-05 09:20:53 - [TEST_STEP][PASSED] - tap(findTestObject("Checkout/Keranjang/Edit Produk/Edit Jumlah Produk Row 1 Jumlah 3"), 0): Tapped on element 'Object Repository/Checkout/Keranjang/Edit Produk/Edit Jumlah Produk Row 1 Jumlah 3'

2023-04-05 09:20:53 - [MESSAGE][WARNING] - Timeout '0' is invalid. Using default page load timeout: '30'

2023-04-05 09:20:54 - [MESSAGE][PASSED] - Tapped on element 'Object Repository/Checkout/Keranjang/Edit Produk/Edit Jumlah Produk Row 1 Jumlah 3'

2023-04-05 09:20:54 - [TEST_STEP][PASSED] - tap(findTestObject("Checkout/Keranjang/Edit Produk/Field Edit Produk 3 Lifebuoy"), 0): Tapped on element 'Object Repository/Checkout/Keranjang/Edit Produk/Field Edit Produk 3 Lifebuoy'

2023-04-05 09:20:54 - [MESSAGE][WARNING] - Timeout '0' is invalid. Using default page load timeout: '30'

2023-04-05 09:20:55 - [MESSAGE][PASSED] - Tapped on element 'Object Repository/Checkout/Keranjang/Edit Produk/Field Edit Produk 3 Lifebuoy'

2023-04-05 09:20:55 - [TEST_STEP][PASSED] - setText(findTestObject("Checkout/Keranjang/Edit Produk/Field Edit Produk 3 Lifebuoy"), "30", 0): Text '30' has been set to element 'Object Repository/Checkout/Keranjang/Edit Produk/Field Edit Produk 3 Lifebuoy'

2023-04-05 09:20:55 - [MESSAGE][WARNING] - Timeout '0' is invalid. Using default page load timeout: '30'

2023-04-05 09:20:56 - [MESSAGE][PASSED] - Text '30' has been set to element 'Object Repository/Checkout/Keranjang/Edit Produk/Field Edit Produk 3 Lifebuoy'

2023-04-05 09:20:56 - [TEST_STEP][PASSED] - tap(findTestObject("Checkout/Keranjang/Edit Produk/Simpan Edit Produk"), 0): Tapped on element 'Object Repository/Checkout/Keranjang/Edit Produk/Simpan Edit Produk'

2023-04-05 09:20:56 - [MESSAGE][WARNING] - Timeout '0' is invalid. Using default page load timeout: '30'

2023-04-05 09:20:57 - [MESSAGE][PASSED] - Tapped on element 'Object Repository/Checkout/Keranjang/Edit Produk/Simpan Edit Produk'

2023-04-05 09:20:57 - [TEST_STEP][PASSED] - tap(findTestObject("Checkout/Keranjang/Perbaharui Keranjang"), 0): Tapped on element 'Object Repository/Checkout/Keranjang/Perbaharui Keranjang'

2023-04-05 09:20:58 - [MESSAGE][WARNING] - Timeout '0' is invalid. Using default page load timeout: '30'

2023-04-05 09:20:58 - [MESSAGE][PASSED] - Tapped on element 'Object Repository/Checkout/Keranjang/Perbaharui Keranjang'

2023-04-05 09:20:58 - [TEST_STEP][PASSED] - tap(findTestObject("Checkout/Pengiriman/Tombol Pengiriman"), 0): Tapped on element 'Object Repository/Checkout/Pengiriman/Tombol Pengiriman'

2023-04-05 09:20:58 - [MESSAGE][WARNING] - Timeout '0' is invalid. Using default page load timeout: '30'

2023-04-05 09:21:01 - [MESSAGE][PASSED] - Tapped on element 'Object Repository/Checkout/Pengiriman/Tombol Pengiriman'

2023-04-05 09:21:01 - [TEST_STEP][PASSED] - delay(5, CONTINUE_ON_FAILURE): Delayed 5 second(s)

2023-04-05 09:21:06 - [MESSAGE][PASSED] - Delayed 5 second(s)

2023-04-05 09:21:06 - [TEST_STEP][PASSED] - swipe(0, 600, 0, 0): Swiped from 0,600 to 0,0

2023-04-05 09:21:07 - [MESSAGE][PASSED] - Swiped from 0,600 to 0,0

2023-04-05 09:21:07 - [TEST_STEP][PASSED] - takeScreenshotAsCheckpoint("Pengiriman di atas 100000.png", []): Screenshot is taken

2023-04-05 09:21:09 - [MESSAGE][INFO] - 0 hidden object(s)

2023-04-05 09:21:09 - [MESSAGE][PASSED] - Screenshot is taken
[[ATTACHMENT|keyes\keyes-Pengiriman di atas 100000.png]]

2023-04-05 09:21:09 - [TEST_STEP][PASSED] - tap(findTestObject("Checkout/Pengiriman/Back from Pengiriman"), 0): Tapped on element 'Object Repository/Checkout/Pengiriman/Back from Pengiriman'

2023-04-05 09:21:09 - [MESSAGE][WARNING] - Timeout '0' is invalid. Using default page load timeout: '30'

2023-04-05 09:21:10 - [MESSAGE][PASSED] - Tapped on element 'Object Repository/Checkout/Pengiriman/Back from Pengiriman']]></system-out>
         <system-err><![CDATA[]]></system-err>
      </testcase>
      <system-out><![CDATA[2023-04-05 09:19:35 - [TEST_SUITE][PASSED] - Opsi_Pengiriman: Test Cases/Checkout/Keranjang/TC_Cek_Opsi_Pengiriman]]></system-out>
      <system-err><![CDATA[]]></system-err>
   </testsuite>
</testsuites>
