<?xml version="1.0" encoding="UTF-8"?>
<testsuites name="Menu Informasi" time="42.949" tests="3" failures="0" errors="0">
   <testsuite name="Menu Informasi" tests="3" failures="0" errors="0" time="42.949" skipped="0" timestamp="2023-04-03 14:42:54" hostname="raiha - LAPTOP-UT2QLFD0" id="Test Suites/Profil/Informasi/Menu Informasi">
      <properties>
         <property name="deviceName" value="Xiaomi M2101K7BNY (Android 12)"/>
         <property name="devicePlatform" value=""/>
         <property name="logFolder" value="C:\\Users\\raiha\\Katalon Studio\\Mobile Klik IGR\\Reports\\20230403_144243\\Profil\\Informasi\\Menu Informasi\\20230403_144243"/>
         <property name="logFiles" value="C:\\Users\\raiha\\Katalon Studio\\Mobile Klik IGR\\Reports\\20230403_144243\\Profil\\Informasi\\Menu Informasi\\20230403_144243\\appium.log, C:\\Users\\raiha\\Katalon Studio\\Mobile Klik IGR\\Reports\\20230403_144243\\Profil\\Informasi\\Menu Informasi\\20230403_144243\\execution0.log"/>
         <property name="attachments" value=""/>
         <property name="hostName" value="raiha - LAPTOP-UT2QLFD0"/>
         <property name="os" value="Windows 10 64bit"/>
         <property name="appiumServerStatus" value="{&quot;value&quot;:{&quot;build&quot;:{&quot;version&quot;:&quot;1.22.3&quot;}},&quot;sessionId&quot;:null,&quot;status&quot;:0}"/>
         <property name="katalonVersion" value="8.5.5.208"/>
         <property name="deviceOS" value="Android"/>
         <property name="appiumVersion" value="1.22.3"/>
         <property name="deviceModel" value="M2101K7BNY"/>
         <property name="hostAddress" value="192.168.1.7"/>
         <property name="deviceManufacturer" value="Xiaomi"/>
         <property name="deviceId" value="4LSG9XI7HU8HTOXW"/>
         <property name="deviceName" value="Xiaomi M2101K7BNY (Android 12)"/>
         <property name="deviceOSVersion" value="12"/>
      </properties>
      <testcase name="Test Cases/Profil/TC_Profil_Button" time="26.447" classname="Test Cases/Profil/TC_Profil_Button" status="PASSED">
         <system-out><![CDATA[2023-04-03 14:42:54 - [TEST_CASE][PASSED] - Test Cases/Profil/TC_Profil_Button: Test Cases/Profil/TC_Profil_Button

2023-04-03 14:42:55 - [TEST_STEP][PASSED] - startApplication(APP, false): Started app at: 'C:\Users\raiha\Katalon Studio\Mobile Klik IGR\AndroidApp\Klik Dev v6.0.4.apk'

2023-04-03 14:42:55 - [MESSAGE][INFO] - User set preference: ['deviceId', '']

2023-04-03 14:42:55 - [MESSAGE][INFO] - Detected NodeJS location: "C:\Program Files\nodejs\node.exe"

2023-04-03 14:42:56 - [MESSAGE][INFO] - Appium server started on port 56,275

2023-04-03 14:43:19 - [MESSAGE][PASSED] - Started app at: 'C:\Users\raiha\Katalon Studio\Mobile Klik IGR\AndroidApp\Klik Dev v6.0.4.apk'

2023-04-03 14:43:19 - [TEST_STEP][PASSED] - tap(findTestObject("Profil/Profil_Button/Menu Akun"), 0): Tapped on element 'Object Repository/Profil/Profil_Button/Menu Akun'

2023-04-03 14:43:19 - [MESSAGE][WARNING] - Timeout '0' is invalid. Using default page load timeout: '30'

2023-04-03 14:43:21 - [MESSAGE][PASSED] - Tapped on element 'Object Repository/Profil/Profil_Button/Menu Akun']]></system-out>
         <system-err><![CDATA[]]></system-err>
      </testcase>
      <testcase name="Test Cases/Profil/Informasi/TC_Tentang_Kami" time="9.538" classname="Test Cases/Profil/Informasi/TC_Tentang_Kami" status="PASSED">
         <system-out><![CDATA[2023-04-03 14:43:21 - [TEST_CASE][PASSED] - Test Cases/Profil/Informasi/TC_Tentang_Kami: Test Cases/Profil/Informasi/TC_Tentang_Kami

2023-04-03 14:43:21 - [TEST_STEP][PASSED] - swipe(100, 600, 0, 0): Swiped from 100,600 to 0,0

2023-04-03 14:43:22 - [MESSAGE][PASSED] - Swiped from 100,600 to 0,0

2023-04-03 14:43:22 - [TEST_STEP][PASSED] - delay(1, CONTINUE_ON_FAILURE): Delayed 1 second(s)

2023-04-03 14:43:24 - [MESSAGE][PASSED] - Delayed 1 second(s)

2023-04-03 14:43:24 - [TEST_STEP][PASSED] - tap(findTestObject("Profil/Informasi/Tentang Kami"), 0): Tapped on element 'Object Repository/Profil/Informasi/Tentang Kami'

2023-04-03 14:43:24 - [MESSAGE][WARNING] - Timeout '0' is invalid. Using default page load timeout: '30'

2023-04-03 14:43:25 - [MESSAGE][PASSED] - Tapped on element 'Object Repository/Profil/Informasi/Tentang Kami'

2023-04-03 14:43:25 - [TEST_STEP][PASSED] - delay(2, CONTINUE_ON_FAILURE): Delayed 2 second(s)

2023-04-03 14:43:27 - [MESSAGE][PASSED] - Delayed 2 second(s)

2023-04-03 14:43:27 - [TEST_STEP][PASSED] - swipe(100, 1000, 0, 0): Swiped from 100,1,000 to 0,0

2023-04-03 14:43:28 - [MESSAGE][PASSED] - Swiped from 100,1,000 to 0,0

2023-04-03 14:43:28 - [TEST_STEP][PASSED] - tap(findTestObject("Profil/Bantuan/Back"), 0): Tapped on element 'Object Repository/Profil/Bantuan/Back'

2023-04-03 14:43:28 - [MESSAGE][WARNING] - Timeout '0' is invalid. Using default page load timeout: '30'

2023-04-03 14:43:30 - [MESSAGE][PASSED] - Tapped on element 'Object Repository/Profil/Bantuan/Back']]></system-out>
         <system-err><![CDATA[]]></system-err>
      </testcase>
      <testcase name="Test Cases/Profil/Informasi/TC_Tentang_Aplikasi" time="6.655" classname="Test Cases/Profil/Informasi/TC_Tentang_Aplikasi" status="PASSED">
         <system-out><![CDATA[2023-04-03 14:43:30 - [TEST_CASE][PASSED] - Test Cases/Profil/Informasi/TC_Tentang_Aplikasi: Test Cases/Profil/Informasi/TC_Tentang_Aplikasi

2023-04-03 14:43:31 - [TEST_STEP][PASSED] - delay(1, CONTINUE_ON_FAILURE): Delayed 1 second(s)

2023-04-03 14:43:32 - [MESSAGE][PASSED] - Delayed 1 second(s)

2023-04-03 14:43:32 - [TEST_STEP][PASSED] - tap(findTestObject("Profil/Informasi/Tentang Aplikasi"), 0): Tapped on element 'Object Repository/Profil/Informasi/Tentang Aplikasi'

2023-04-03 14:43:32 - [MESSAGE][WARNING] - Timeout '0' is invalid. Using default page load timeout: '30'

2023-04-03 14:43:33 - [MESSAGE][PASSED] - Tapped on element 'Object Repository/Profil/Informasi/Tentang Aplikasi'

2023-04-03 14:43:33 - [TEST_STEP][PASSED] - delay(1, CONTINUE_ON_FAILURE): Delayed 1 second(s)

2023-04-03 14:43:34 - [MESSAGE][PASSED] - Delayed 1 second(s)

2023-04-03 14:43:34 - [TEST_STEP][PASSED] - tap(findTestObject("Profil/Informasi/Bintang 5"), 0): Tapped on element 'Object Repository/Profil/Informasi/Bintang 5'

2023-04-03 14:43:34 - [MESSAGE][WARNING] - Timeout '0' is invalid. Using default page load timeout: '30'

2023-04-03 14:43:34 - [MESSAGE][PASSED] - Tapped on element 'Object Repository/Profil/Informasi/Bintang 5'

2023-04-03 14:43:34 - [TEST_STEP][PASSED] - tap(findTestObject("Profil/Informasi/Beri Rating"), 0): Tapped on element 'Object Repository/Profil/Informasi/Beri Rating'

2023-04-03 14:43:34 - [MESSAGE][WARNING] - Timeout '0' is invalid. Using default page load timeout: '30'

2023-04-03 14:43:34 - [MESSAGE][PASSED] - Tapped on element 'Object Repository/Profil/Informasi/Beri Rating'

2023-04-03 14:43:34 - [TEST_STEP][PASSED] - delay(3, CONTINUE_ON_FAILURE): Delayed 3 second(s)

2023-04-03 14:43:37 - [MESSAGE][PASSED] - Delayed 3 second(s)]]></system-out>
         <system-err><![CDATA[]]></system-err>
      </testcase>
      <system-out><![CDATA[2023-04-03 14:42:54 - [TEST_SUITE][PASSED] - Menu Informasi: Test Cases/Profil/Informasi/TC_Tentang_Aplikasi]]></system-out>
      <system-err><![CDATA[]]></system-err>
   </testsuite>
</testsuites>
