<?xml version="1.0" encoding="UTF-8"?>
<testsuites name="Edit_Produk_StokHabis" time="51.796" tests="2" failures="0" errors="0">
   <testsuite name="Edit_Produk_StokHabis" tests="2" failures="0" errors="0" time="51.796" skipped="0" timestamp="2023-04-04 06:47:20" hostname="raiha - LAPTOP-UT2QLFD0" id="Test Suites/Keranjang/Edit_Produk_StokHabis">
      <properties>
         <property name="deviceName" value="Xiaomi M2101K7BNY (Android 12)"/>
         <property name="devicePlatform" value=""/>
         <property name="logFolder" value="C:\\Users\\raiha\\Katalon Studio\\Mobile Klik IGR\\Reports\\20230404_064709\\Keranjang\\Edit_Produk_StokHabis\\20230404_064709"/>
         <property name="logFiles" value="C:\\Users\\raiha\\Katalon Studio\\Mobile Klik IGR\\Reports\\20230404_064709\\Keranjang\\Edit_Produk_StokHabis\\20230404_064709\\appium.log, C:\\Users\\raiha\\Katalon Studio\\Mobile Klik IGR\\Reports\\20230404_064709\\Keranjang\\Edit_Produk_StokHabis\\20230404_064709\\execution0.log"/>
         <property name="attachments" value="keyes\keyes-Stok Habis.png"/>
         <property name="hostName" value="raiha - LAPTOP-UT2QLFD0"/>
         <property name="os" value="Windows 10 64bit"/>
         <property name="appiumServerStatus" value="{&quot;value&quot;:{&quot;build&quot;:{&quot;version&quot;:&quot;1.22.3&quot;}},&quot;sessionId&quot;:null,&quot;status&quot;:0}"/>
         <property name="katalonVersion" value="8.5.5.208"/>
         <property name="deviceOS" value="Android"/>
         <property name="appiumVersion" value="1.22.3"/>
         <property name="deviceModel" value="M2101K7BNY"/>
         <property name="hostAddress" value="192.168.1.7"/>
         <property name="deviceManufacturer" value="Xiaomi"/>
         <property name="deviceId" value="4LSG9XI7HU8HTOXW"/>
         <property name="deviceName" value="Xiaomi M2101K7BNY (Android 12)"/>
         <property name="deviceOSVersion" value="12"/>
      </properties>
      <testcase name="Test Cases/Checkout/Keranjang/TC_Pesan_Ulang_Tambah_Keranjang" time="42.184" classname="Test Cases/Checkout/Keranjang/TC_Pesan_Ulang_Tambah_Keranjang" status="PASSED">
         <system-out><![CDATA[2023-04-04 06:47:21 - [TEST_CASE][PASSED] - Test Cases/Checkout/Keranjang/TC_Pesan_Ulang_Tambah_Keranjang: Test Cases/Checkout/Keranjang/TC_Pesan_Ulang_Tambah_Keranjang

2023-04-04 06:47:21 - [TEST_STEP][PASSED] - startApplication(APP, false): Started app at: 'C:\Users\raiha\Katalon Studio\Mobile Klik IGR\AndroidApp\Klik Dev v6.0.4.apk'

2023-04-04 06:47:21 - [MESSAGE][INFO] - User set preference: ['deviceId', '']

2023-04-04 06:47:21 - [MESSAGE][INFO] - Detected NodeJS location: "C:\Program Files\nodejs\node.exe"

2023-04-04 06:47:23 - [MESSAGE][INFO] - Appium server started on port 59,253

2023-04-04 06:47:46 - [MESSAGE][PASSED] - Started app at: 'C:\Users\raiha\Katalon Studio\Mobile Klik IGR\AndroidApp\Klik Dev v6.0.4.apk'

2023-04-04 06:47:46 - [TEST_STEP][PASSED] - tap(findTestObject("Homepage/Pesan Ulang 1"), 0): Tapped on element 'Object Repository/Homepage/Pesan Ulang 1'

2023-04-04 06:47:46 - [MESSAGE][WARNING] - Timeout '0' is invalid. Using default page load timeout: '30'

2023-04-04 06:47:48 - [MESSAGE][PASSED] - Tapped on element 'Object Repository/Homepage/Pesan Ulang 1'

2023-04-04 06:47:48 - [TEST_STEP][PASSED] - delay(1, CONTINUE_ON_FAILURE): Delayed 1 second(s)

2023-04-04 06:47:49 - [MESSAGE][PASSED] - Delayed 1 second(s)

2023-04-04 06:47:49 - [TEST_STEP][PASSED] - tap(findTestObject("Homepage/Tutup Pop-up Pesan Ulang"), 0): Tapped on element 'Object Repository/Homepage/Tutup Pop-up Pesan Ulang'

2023-04-04 06:47:49 - [MESSAGE][WARNING] - Timeout '0' is invalid. Using default page load timeout: '30'

2023-04-04 06:47:50 - [MESSAGE][PASSED] - Tapped on element 'Object Repository/Homepage/Tutup Pop-up Pesan Ulang'

2023-04-04 06:47:50 - [TEST_STEP][PASSED] - swipe(0, 500, 0, 0): Swiped from 0,500 to 0,0

2023-04-04 06:47:51 - [MESSAGE][PASSED] - Swiped from 0,500 to 0,0

2023-04-04 06:47:51 - [TEST_STEP][PASSED] - tap(findTestObject("Checkout/Tambah_Keranjang/Produk Pilihan/Tambah Produk Pilihan 1"), 0): Tapped on element 'Object Repository/Checkout/Tambah_Keranjang/Produk Pilihan/Tambah Produk Pilihan 1'

2023-04-04 06:47:51 - [MESSAGE][WARNING] - Timeout '0' is invalid. Using default page load timeout: '30'

2023-04-04 06:47:53 - [MESSAGE][PASSED] - Tapped on element 'Object Repository/Checkout/Tambah_Keranjang/Produk Pilihan/Tambah Produk Pilihan 1'

2023-04-04 06:47:53 - [TEST_STEP][PASSED] - delay(2, CONTINUE_ON_FAILURE): Delayed 2 second(s)

2023-04-04 06:47:55 - [MESSAGE][PASSED] - Delayed 2 second(s)

2023-04-04 06:47:55 - [TEST_STEP][PASSED] - tap(findTestObject("Checkout/Tambah_Keranjang/Produk Pilihan/Tambah Keranjang Produk Pilihan"), 0): Tapped on element 'Object Repository/Checkout/Tambah_Keranjang/Produk Pilihan/Tambah Keranjang Produk Pilihan'

2023-04-04 06:47:55 - [MESSAGE][WARNING] - Timeout '0' is invalid. Using default page load timeout: '30'

2023-04-04 06:47:58 - [MESSAGE][PASSED] - Tapped on element 'Object Repository/Checkout/Tambah_Keranjang/Produk Pilihan/Tambah Keranjang Produk Pilihan'

2023-04-04 06:47:58 - [TEST_STEP][PASSED] - tap(findTestObject("Homepage/Keranjang Home 2"), 0): Tapped on element 'Object Repository/Homepage/Keranjang Home 2'

2023-04-04 06:47:58 - [MESSAGE][WARNING] - Timeout '0' is invalid. Using default page load timeout: '30'

2023-04-04 06:48:00 - [MESSAGE][PASSED] - Tapped on element 'Object Repository/Homepage/Keranjang Home 2'

2023-04-04 06:48:00 - [TEST_STEP][PASSED] - delay(3, CONTINUE_ON_FAILURE): Delayed 3 second(s)

2023-04-04 06:48:03 - [MESSAGE][PASSED] - Delayed 3 second(s)]]></system-out>
         <system-err><![CDATA[]]></system-err>
      </testcase>
      <testcase name="Test Cases/Checkout/Keranjang/TC_Stok_Habis" time="9.343" classname="Test Cases/Checkout/Keranjang/TC_Stok_Habis" status="PASSED">
         <system-out><![CDATA[2023-04-04 06:48:03 - [TEST_CASE][PASSED] - Test Cases/Checkout/Keranjang/TC_Stok_Habis: Test Cases/Checkout/Keranjang/TC_Stok_Habis

2023-04-04 06:48:03 - [TEST_STEP][PASSED] - tap(findTestObject("Checkout/Keranjang/Edit Produk/Edit Jumlah Produk 2"), 0): Tapped on element 'Object Repository/Checkout/Keranjang/Edit Produk/Edit Jumlah Produk 2'

2023-04-04 06:48:03 - [MESSAGE][WARNING] - Timeout '0' is invalid. Using default page load timeout: '30'

2023-04-04 06:48:04 - [MESSAGE][PASSED] - Tapped on element 'Object Repository/Checkout/Keranjang/Edit Produk/Edit Jumlah Produk 2'

2023-04-04 06:48:04 - [TEST_STEP][PASSED] - tap(findTestObject("Checkout/Keranjang/Edit Produk/Field Edit Produk 1"), 0): Tapped on element 'Object Repository/Checkout/Keranjang/Edit Produk/Field Edit Produk 1'

2023-04-04 06:48:04 - [MESSAGE][WARNING] - Timeout '0' is invalid. Using default page load timeout: '30'

2023-04-04 06:48:05 - [MESSAGE][PASSED] - Tapped on element 'Object Repository/Checkout/Keranjang/Edit Produk/Field Edit Produk 1'

2023-04-04 06:48:05 - [TEST_STEP][PASSED] - setText(findTestObject("Checkout/Keranjang/Edit Produk/Field Edit Produk 1"), "9999", 0): Text '9999' has been set to element 'Object Repository/Checkout/Keranjang/Edit Produk/Field Edit Produk 1'

2023-04-04 06:48:05 - [MESSAGE][WARNING] - Timeout '0' is invalid. Using default page load timeout: '30'

2023-04-04 06:48:06 - [MESSAGE][PASSED] - Text '9999' has been set to element 'Object Repository/Checkout/Keranjang/Edit Produk/Field Edit Produk 1'

2023-04-04 06:48:06 - [TEST_STEP][PASSED] - tap(findTestObject("Checkout/Keranjang/Edit Produk/Simpan Edit Produk"), 0): Tapped on element 'Object Repository/Checkout/Keranjang/Edit Produk/Simpan Edit Produk'

2023-04-04 06:48:06 - [MESSAGE][WARNING] - Timeout '0' is invalid. Using default page load timeout: '30'

2023-04-04 06:48:07 - [MESSAGE][PASSED] - Tapped on element 'Object Repository/Checkout/Keranjang/Edit Produk/Simpan Edit Produk'

2023-04-04 06:48:07 - [TEST_STEP][PASSED] - tap(findTestObject("Checkout/Keranjang/Perbaharui Keranjang"), 0): Tapped on element 'Object Repository/Checkout/Keranjang/Perbaharui Keranjang'

2023-04-04 06:48:07 - [MESSAGE][WARNING] - Timeout '0' is invalid. Using default page load timeout: '30'

2023-04-04 06:48:08 - [MESSAGE][PASSED] - Tapped on element 'Object Repository/Checkout/Keranjang/Perbaharui Keranjang'

2023-04-04 06:48:08 - [TEST_STEP][PASSED] - delay(2, CONTINUE_ON_FAILURE): Delayed 2 second(s)

2023-04-04 06:48:10 - [MESSAGE][PASSED] - Delayed 2 second(s)

2023-04-04 06:48:10 - [TEST_STEP][PASSED] - takeScreenshotAsCheckpoint("Stok Habis.png", []): Screenshot is taken

2023-04-04 06:48:12 - [MESSAGE][INFO] - 0 hidden object(s)

2023-04-04 06:48:12 - [MESSAGE][PASSED] - Screenshot is taken
[[ATTACHMENT|keyes\keyes-Stok Habis.png]]]]></system-out>
         <system-err><![CDATA[]]></system-err>
      </testcase>
      <system-out><![CDATA[2023-04-04 06:47:20 - [TEST_SUITE][PASSED] - Edit_Produk_StokHabis: Test Cases/Checkout/Keranjang/TC_Stok_Habis]]></system-out>
      <system-err><![CDATA[]]></system-err>
   </testsuite>
</testsuites>
