<?xml version="1.0" encoding="UTF-8"?>
<testsuites name="Syarat_Ketentuan" time="50.888" tests="2" failures="0" errors="0">
   <testsuite name="Syarat_Ketentuan" tests="2" failures="0" errors="0" time="50.888" skipped="0" timestamp="2023-03-28 15:00:13" hostname="raiha - LAPTOP-UT2QLFD0" id="Test Suites/Profil/Bantuan/Syarat_Ketentuan">
      <properties>
         <property name="deviceName" value="Xiaomi M2101K7BNY (Android 12)"/>
         <property name="devicePlatform" value=""/>
         <property name="logFolder" value="C:\\Users\\raiha\\Katalon Studio\\Mobile Klik IGR\\Reports\\20230328_150001\\Profil\\Bantuan\\Syarat_Ketentuan\\20230328_150001"/>
         <property name="logFiles" value="C:\\Users\\raiha\\Katalon Studio\\Mobile Klik IGR\\Reports\\20230328_150001\\Profil\\Bantuan\\Syarat_Ketentuan\\20230328_150001\\appium.log, C:\\Users\\raiha\\Katalon Studio\\Mobile Klik IGR\\Reports\\20230328_150001\\Profil\\Bantuan\\Syarat_Ketentuan\\20230328_150001\\execution0.log"/>
         <property name="attachments" value=""/>
         <property name="hostName" value="raiha - LAPTOP-UT2QLFD0"/>
         <property name="os" value="Windows 10 64bit"/>
         <property name="appiumServerStatus" value="{&quot;value&quot;:{&quot;build&quot;:{&quot;version&quot;:&quot;1.22.3&quot;}},&quot;sessionId&quot;:null,&quot;status&quot;:0}"/>
         <property name="katalonVersion" value="8.5.5.208"/>
         <property name="deviceOS" value="Android"/>
         <property name="appiumVersion" value="1.22.3"/>
         <property name="deviceModel" value="M2101K7BNY"/>
         <property name="hostAddress" value="192.168.1.9"/>
         <property name="deviceManufacturer" value="Xiaomi"/>
         <property name="deviceId" value="4LSG9XI7HU8HTOXW"/>
         <property name="deviceName" value="Xiaomi M2101K7BNY (Android 12)"/>
         <property name="deviceOSVersion" value="12"/>
      </properties>
      <testcase name="Test Cases/Profil/TC_Profil_Button" time="40.272" classname="Test Cases/Profil/TC_Profil_Button" status="PASSED">
         <system-out><![CDATA[2023-03-28 15:00:14 - [TEST_CASE][PASSED] - Test Cases/Profil/TC_Profil_Button: Test Cases/Profil/TC_Profil_Button

2023-03-28 15:00:14 - [TEST_STEP][PASSED] - startApplication(APP, false): Started app at: 'C:\Users\raiha\Katalon Studio\Mobile Klik IGR\AndroidApp\Klik Dev v6.0.0(105).apk'

2023-03-28 15:00:15 - [MESSAGE][INFO] - User set preference: ['deviceId', '']

2023-03-28 15:00:15 - [MESSAGE][INFO] - Detected NodeJS location: "C:\Program Files\nodejs\node.exe"

2023-03-28 15:00:18 - [MESSAGE][INFO] - Appium server started on port 53,886

2023-03-28 15:00:53 - [MESSAGE][PASSED] - Started app at: 'C:\Users\raiha\Katalon Studio\Mobile Klik IGR\AndroidApp\Klik Dev v6.0.0(105).apk'

2023-03-28 15:00:53 - [TEST_STEP][PASSED] - tap(findTestObject("Object Repository/Profil/Profil_Button/android.view.View"), 0): Tapped on element 'Object Repository/Profil/Profil_Button/android.view.View'

2023-03-28 15:00:53 - [MESSAGE][WARNING] - Timeout '0' is invalid. Using default page load timeout: '30'

2023-03-28 15:00:54 - [MESSAGE][PASSED] - Tapped on element 'Object Repository/Profil/Profil_Button/android.view.View']]></system-out>
         <system-err><![CDATA[]]></system-err>
      </testcase>
      <testcase name="Test Cases/Profil/Bantuan/TC_Syarat_Ketentuan" time="10.13" classname="Test Cases/Profil/Bantuan/TC_Syarat_Ketentuan" status="PASSED">
         <system-out><![CDATA[2023-03-28 15:00:54 - [TEST_CASE][PASSED] - Test Cases/Profil/Bantuan/TC_Syarat_Ketentuan: Test Cases/Profil/Bantuan/TC_Syarat_Ketentuan

2023-03-28 15:00:54 - [TEST_STEP][PASSED] - swipe(100, 600, 0, 0): Swiped from 100,600 to 0,0

2023-03-28 15:00:55 - [MESSAGE][PASSED] - Swiped from 100,600 to 0,0

2023-03-28 15:00:55 - [TEST_STEP][PASSED] - delay(1, CONTINUE_ON_FAILURE): Delayed 1 second(s)

2023-03-28 15:00:56 - [MESSAGE][PASSED] - Delayed 1 second(s)

2023-03-28 15:00:56 - [TEST_STEP][PASSED] - tap(findTestObject("Profil/Bantuan/Syarat dan Ketentuan"), 0): Tapped on element 'Object Repository/Profil/Bantuan/Syarat dan Ketentuan'

2023-03-28 15:00:57 - [MESSAGE][WARNING] - Timeout '0' is invalid. Using default page load timeout: '30'

2023-03-28 15:00:58 - [MESSAGE][PASSED] - Tapped on element 'Object Repository/Profil/Bantuan/Syarat dan Ketentuan'

2023-03-28 15:00:58 - [TEST_STEP][PASSED] - delay(2, CONTINUE_ON_FAILURE): Delayed 2 second(s)

2023-03-28 15:01:00 - [MESSAGE][PASSED] - Delayed 2 second(s)

2023-03-28 15:01:00 - [TEST_STEP][PASSED] - swipe(100, 1200, 0, 0): Swiped from 100,1,200 to 0,0

2023-03-28 15:01:01 - [MESSAGE][PASSED] - Swiped from 100,1,200 to 0,0

2023-03-28 15:01:01 - [TEST_STEP][PASSED] - tap(findTestObject("Profil/Bantuan/Back"), 0): Tapped on element 'Object Repository/Profil/Bantuan/Back'

2023-03-28 15:01:02 - [MESSAGE][WARNING] - Timeout '0' is invalid. Using default page load timeout: '30'

2023-03-28 15:01:04 - [MESSAGE][PASSED] - Tapped on element 'Object Repository/Profil/Bantuan/Back']]></system-out>
         <system-err><![CDATA[]]></system-err>
      </testcase>
      <system-out><![CDATA[2023-03-28 15:00:13 - [TEST_SUITE][PASSED] - Syarat_Ketentuan: Test Cases/Profil/Bantuan/TC_Syarat_Ketentuan]]></system-out>
      <system-err><![CDATA[]]></system-err>
   </testsuite>
</testsuites>
