<?xml version="1.0" encoding="UTF-8"?>
<testsuites name="Register_Less_MinPassword" time="60.498" tests="8" failures="0" errors="0">
   <testsuite name="Register_Less_MinPassword" tests="8" failures="0" errors="0" time="60.498" skipped="0" timestamp="2023-03-31 09:54:43" hostname="raiha - LAPTOP-UT2QLFD0" id="Test Suites/Register/Password/Register_Less_MinPassword">
      <properties>
         <property name="deviceName" value="Xiaomi M2101K7BNY (Android 12)"/>
         <property name="devicePlatform" value=""/>
         <property name="logFolder" value="C:\\Users\\raiha\\Katalon Studio\\Mobile Klik IGR\\Reports\\20230331_095432\\Register\\Password\\Register_Less_MinPassword\\20230331_095432"/>
         <property name="logFiles" value="C:\\Users\\raiha\\Katalon Studio\\Mobile Klik IGR\\Reports\\20230331_095432\\Register\\Password\\Register_Less_MinPassword\\20230331_095432\\appium.log, C:\\Users\\raiha\\Katalon Studio\\Mobile Klik IGR\\Reports\\20230331_095432\\Register\\Password\\Register_Less_MinPassword\\20230331_095432\\execution0.log"/>
         <property name="attachments" value=""/>
         <property name="hostName" value="raiha - LAPTOP-UT2QLFD0"/>
         <property name="os" value="Windows 10 64bit"/>
         <property name="appiumServerStatus" value="{&quot;value&quot;:{&quot;build&quot;:{&quot;version&quot;:&quot;1.22.3&quot;}},&quot;sessionId&quot;:null,&quot;status&quot;:0}"/>
         <property name="katalonVersion" value="8.5.5.208"/>
         <property name="deviceOS" value="Android"/>
         <property name="appiumVersion" value="1.22.3"/>
         <property name="deviceModel" value="M2101K7BNY"/>
         <property name="hostAddress" value="192.168.1.8"/>
         <property name="deviceManufacturer" value="Xiaomi"/>
         <property name="deviceId" value="192.168.1.7:5555"/>
         <property name="deviceName" value="Xiaomi M2101K7BNY (Android 12)"/>
         <property name="deviceOSVersion" value="12"/>
      </properties>
      <testcase name="Test Cases/Register/Redirect_to_RegisterPage" time="28.738" classname="Test Cases/Register/Redirect_to_RegisterPage" status="PASSED">
         <system-out><![CDATA[2023-03-31 09:54:43 - [TEST_CASE][PASSED] - Test Cases/Register/Redirect_to_RegisterPage: Test Cases/Register/Redirect_to_RegisterPage

2023-03-31 09:54:43 - [TEST_STEP][PASSED] - startApplication(APP, false): Started app at: 'C:\Users\raiha\Katalon Studio\Mobile Klik IGR\AndroidApp\Klik Dev v6.0.0(105).apk'

2023-03-31 09:54:44 - [MESSAGE][INFO] - User set preference: ['deviceId', '']

2023-03-31 09:54:44 - [MESSAGE][INFO] - Detected NodeJS location: "C:\Program Files\nodejs\node.exe"

2023-03-31 09:54:46 - [MESSAGE][INFO] - Appium server started on port 55,845

2023-03-31 09:55:09 - [MESSAGE][PASSED] - Started app at: 'C:\Users\raiha\Katalon Studio\Mobile Klik IGR\AndroidApp\Klik Dev v6.0.0(105).apk'

2023-03-31 09:55:09 - [TEST_STEP][PASSED] - tap(findTestObject("Profil/Profil_Button/Menu Akun"), 0): Tapped on element 'Object Repository/Profil/Profil_Button/Menu Akun'

2023-03-31 09:55:09 - [MESSAGE][WARNING] - Timeout '0' is invalid. Using default page load timeout: '30'

2023-03-31 09:55:10 - [MESSAGE][PASSED] - Tapped on element 'Object Repository/Profil/Profil_Button/Menu Akun'

2023-03-31 09:55:10 - [TEST_STEP][PASSED] - tap(findTestObject("Login/Tombol Daftar"), 0): Tapped on element 'Object Repository/Login/Tombol Daftar'

2023-03-31 09:55:10 - [MESSAGE][WARNING] - Timeout '0' is invalid. Using default page load timeout: '30'

2023-03-31 09:55:11 - [MESSAGE][PASSED] - Tapped on element 'Object Repository/Login/Tombol Daftar'

2023-03-31 09:55:11 - [TEST_STEP][PASSED] - delay(1, CONTINUE_ON_FAILURE): Delayed 1 second(s)

2023-03-31 09:55:12 - [MESSAGE][PASSED] - Delayed 1 second(s)]]></system-out>
         <system-err><![CDATA[]]></system-err>
      </testcase>
      <testcase name="Test Cases/Register/Name/TC_Register_ValidName" time="1.968" classname="Test Cases/Register/Name/TC_Register_ValidName" status="PASSED">
         <system-out><![CDATA[2023-03-31 09:55:12 - [TEST_CASE][PASSED] - Test Cases/Register/Name/TC_Register_ValidName: Test Cases/Register/Name/TC_Register_ValidName

2023-03-31 09:55:12 - [TEST_STEP][PASSED] - tap(findTestObject("Object Repository/Register/Name/Register_ValidName/android.widget.EditText - Nama"), 0): Tapped on element 'Object Repository/Register/Name/Register_ValidName/android.widget.EditText - Nama'

2023-03-31 09:55:12 - [MESSAGE][WARNING] - Timeout '0' is invalid. Using default page load timeout: '30'

2023-03-31 09:55:13 - [MESSAGE][PASSED] - Tapped on element 'Object Repository/Register/Name/Register_ValidName/android.widget.EditText - Nama'

2023-03-31 09:55:13 - [TEST_STEP][PASSED] - setText(findTestObject("Object Repository/Register/Name/Register_ValidName/android.widget.EditText - Nama (1)"), "raihan", 0): Text 'raihan' has been set to element 'Object Repository/Register/Name/Register_ValidName/android.widget.EditText - Nama (1)'

2023-03-31 09:55:13 - [MESSAGE][WARNING] - Timeout '0' is invalid. Using default page load timeout: '30'

2023-03-31 09:55:14 - [MESSAGE][PASSED] - Text 'raihan' has been set to element 'Object Repository/Register/Name/Register_ValidName/android.widget.EditText - Nama (1)']]></system-out>
         <system-err><![CDATA[]]></system-err>
      </testcase>
      <testcase name="Test Cases/Register/Email/TC_Register_ValidEmail" time="1.85" classname="Test Cases/Register/Email/TC_Register_ValidEmail" status="PASSED">
         <system-out><![CDATA[2023-03-31 09:55:14 - [TEST_CASE][PASSED] - Test Cases/Register/Email/TC_Register_ValidEmail: Test Cases/Register/Email/TC_Register_ValidEmail

2023-03-31 09:55:14 - [TEST_STEP][PASSED] - tap(findTestObject("Register/Field Email - Register"), 0): Tapped on element 'Object Repository/Register/Field Email - Register'

2023-03-31 09:55:14 - [MESSAGE][WARNING] - Timeout '0' is invalid. Using default page load timeout: '30'

2023-03-31 09:55:15 - [MESSAGE][PASSED] - Tapped on element 'Object Repository/Register/Field Email - Register'

2023-03-31 09:55:15 - [TEST_STEP][PASSED] - setText(findTestObject("Register/Field Email - Register"), "sulthanraihan@ymail.com", 0): Text 'sulthanraihan@ymail.com' has been set to element 'Object Repository/Register/Field Email - Register'

2023-03-31 09:55:15 - [MESSAGE][WARNING] - Timeout '0' is invalid. Using default page load timeout: '30'

2023-03-31 09:55:15 - [MESSAGE][PASSED] - Text 'sulthanraihan@ymail.com' has been set to element 'Object Repository/Register/Field Email - Register']]></system-out>
         <system-err><![CDATA[]]></system-err>
      </testcase>
      <testcase name="Test Cases/Register/Password/TC_Register_LessPassword" time="5.504" classname="Test Cases/Register/Password/TC_Register_LessPassword" status="PASSED">
         <system-out><![CDATA[2023-03-31 09:55:16 - [TEST_CASE][PASSED] - Test Cases/Register/Password/TC_Register_LessPassword: Test Cases/Register/Password/TC_Register_LessPassword

2023-03-31 09:55:16 - [TEST_STEP][PASSED] - tap(findTestObject("Object Repository/Register/Password/Register_LessPassword/android.widget.EditText - Password"), 0): Tapped on element 'Object Repository/Register/Password/Register_LessPassword/android.widget.EditText - Password'

2023-03-31 09:55:16 - [MESSAGE][WARNING] - Timeout '0' is invalid. Using default page load timeout: '30'

2023-03-31 09:55:17 - [MESSAGE][PASSED] - Tapped on element 'Object Repository/Register/Password/Register_LessPassword/android.widget.EditText - Password'

2023-03-31 09:55:17 - [TEST_STEP][PASSED] - setEncryptedText(findTestObject("Object Repository/Register/Password/Register_LessPassword/android.widget.EditText - Password (1)"), "yVvBGCXjhlM=", 0): Encrypted text 'yVvBGCXjhlM=' has been set to element 'Object Repository/Register/Password/Register_LessPassword/android.widget.EditText - Password (1)'

2023-03-31 09:55:17 - [MESSAGE][WARNING] - Timeout '0' is invalid. Using default page load timeout: '30'

2023-03-31 09:55:18 - [MESSAGE][PASSED] - Encrypted text 'yVvBGCXjhlM=' has been set to element 'Object Repository/Register/Password/Register_LessPassword/android.widget.EditText - Password (1)'

2023-03-31 09:55:18 - [TEST_STEP][PASSED] - tap(findTestObject("Object Repository/Register/Password/Register_LessPassword/android.widget.Button"), 0): Tapped on element 'Object Repository/Register/Password/Register_LessPassword/android.widget.Button'

2023-03-31 09:55:18 - [MESSAGE][WARNING] - Timeout '0' is invalid. Using default page load timeout: '30'

2023-03-31 09:55:19 - [MESSAGE][PASSED] - Tapped on element 'Object Repository/Register/Password/Register_LessPassword/android.widget.Button'

2023-03-31 09:55:19 - [TEST_STEP][PASSED] - tap(findTestObject("Object Repository/Register/Password/Register_LessPassword/android.widget.EditText - Ketik Ulang Password"), 0): Tapped on element 'Object Repository/Register/Password/Register_LessPassword/android.widget.EditText - Ketik Ulang Password'

2023-03-31 09:55:19 - [MESSAGE][WARNING] - Timeout '0' is invalid. Using default page load timeout: '30'

2023-03-31 09:55:19 - [MESSAGE][PASSED] - Tapped on element 'Object Repository/Register/Password/Register_LessPassword/android.widget.EditText - Ketik Ulang Password'

2023-03-31 09:55:19 - [TEST_STEP][PASSED] - setEncryptedText(findTestObject("Object Repository/Register/Password/Register_LessPassword/android.widget.EditText - Ketik Ulang Password (1)"), "yVvBGCXjhlM=", 0): Encrypted text 'yVvBGCXjhlM=' has been set to element 'Object Repository/Register/Password/Register_LessPassword/android.widget.EditText - Ketik Ulang Password (1)'

2023-03-31 09:55:19 - [MESSAGE][WARNING] - Timeout '0' is invalid. Using default page load timeout: '30'

2023-03-31 09:55:20 - [MESSAGE][PASSED] - Encrypted text 'yVvBGCXjhlM=' has been set to element 'Object Repository/Register/Password/Register_LessPassword/android.widget.EditText - Ketik Ulang Password (1)'

2023-03-31 09:55:20 - [TEST_STEP][PASSED] - tap(findTestObject("Object Repository/Register/Password/Register_LessPassword/android.widget.Button (1)"), 0): Tapped on element 'Object Repository/Register/Password/Register_LessPassword/android.widget.Button (1)'

2023-03-31 09:55:20 - [MESSAGE][WARNING] - Timeout '0' is invalid. Using default page load timeout: '30'

2023-03-31 09:55:21 - [MESSAGE][PASSED] - Tapped on element 'Object Repository/Register/Password/Register_LessPassword/android.widget.Button (1)']]></system-out>
         <system-err><![CDATA[]]></system-err>
      </testcase>
      <testcase name="Test Cases/Register/Address/TC_Register_ValidAddress" time="10.565" classname="Test Cases/Register/Address/TC_Register_ValidAddress" status="PASSED">
         <system-out><![CDATA[2023-03-31 09:55:21 - [TEST_CASE][PASSED] - Test Cases/Register/Address/TC_Register_ValidAddress: Test Cases/Register/Address/TC_Register_ValidAddress

2023-03-31 09:55:21 - [TEST_STEP][PASSED] - tap(findTestObject("Register/Address/Field Alamat Pengiriman - Register"), 0): Tapped on element 'Object Repository/Register/Address/Field Alamat Pengiriman - Register'

2023-03-31 09:55:21 - [MESSAGE][WARNING] - Timeout '0' is invalid. Using default page load timeout: '30'

2023-03-31 09:55:22 - [MESSAGE][PASSED] - Tapped on element 'Object Repository/Register/Address/Field Alamat Pengiriman - Register'

2023-03-31 09:55:22 - [TEST_STEP][PASSED] - setText(findTestObject("Register/Address/Field Alamat Pengiriman - Register"), "Jl. yang ada di Kedaung", 0): Text 'Jl. yang ada di Kedaung' has been set to element 'Object Repository/Register/Address/Field Alamat Pengiriman - Register'

2023-03-31 09:55:22 - [MESSAGE][WARNING] - Timeout '0' is invalid. Using default page load timeout: '30'

2023-03-31 09:55:23 - [MESSAGE][PASSED] - Text 'Jl. yang ada di Kedaung' has been set to element 'Object Repository/Register/Address/Field Alamat Pengiriman - Register'

2023-03-31 09:55:23 - [TEST_STEP][PASSED] - hideKeyboard(): Keyboard is hidden

2023-03-31 09:55:24 - [MESSAGE][PASSED] - Keyboard is hidden

2023-03-31 09:55:24 - [TEST_STEP][PASSED] - tap(findTestObject("Register/Address/Dropdown Provinsi - Register"), 0): Tapped on element 'Object Repository/Register/Address/Dropdown Provinsi - Register'

2023-03-31 09:55:24 - [MESSAGE][WARNING] - Timeout '0' is invalid. Using default page load timeout: '30'

2023-03-31 09:55:25 - [MESSAGE][PASSED] - Tapped on element 'Object Repository/Register/Address/Dropdown Provinsi - Register'

2023-03-31 09:55:25 - [TEST_STEP][PASSED] - tap(findTestObject("Register/Address/Register_ResetAddress/Opsi Provinsi -Banten-"), 0): Tapped on element 'Object Repository/Register/Address/Register_ResetAddress/Opsi Provinsi -Banten-'

2023-03-31 09:55:25 - [MESSAGE][WARNING] - Timeout '0' is invalid. Using default page load timeout: '30'

2023-03-31 09:55:26 - [MESSAGE][PASSED] - Tapped on element 'Object Repository/Register/Address/Register_ResetAddress/Opsi Provinsi -Banten-'

2023-03-31 09:55:26 - [TEST_STEP][PASSED] - tap(findTestObject("Register/Address/Dropdown Kota - Register"), 0): Tapped on element 'Object Repository/Register/Address/Dropdown Kota - Register'

2023-03-31 09:55:26 - [MESSAGE][WARNING] - Timeout '0' is invalid. Using default page load timeout: '30'

2023-03-31 09:55:27 - [MESSAGE][PASSED] - Tapped on element 'Object Repository/Register/Address/Dropdown Kota - Register'

2023-03-31 09:55:27 - [TEST_STEP][PASSED] - tap(findTestObject("Register/Address/Register_ResetAddress/Opsi Kota -Kabupaten Tangerang-"), 0): Tapped on element 'Object Repository/Register/Address/Register_ResetAddress/Opsi Kota -Kabupaten Tangerang-'

2023-03-31 09:55:27 - [MESSAGE][WARNING] - Timeout '0' is invalid. Using default page load timeout: '30'

2023-03-31 09:55:28 - [MESSAGE][PASSED] - Tapped on element 'Object Repository/Register/Address/Register_ResetAddress/Opsi Kota -Kabupaten Tangerang-'

2023-03-31 09:55:28 - [TEST_STEP][PASSED] - tap(findTestObject("Register/Address/Dropdown Kecamatan - Register"), 0): Tapped on element 'Object Repository/Register/Address/Dropdown Kecamatan - Register'

2023-03-31 09:55:28 - [MESSAGE][WARNING] - Timeout '0' is invalid. Using default page load timeout: '30'

2023-03-31 09:55:29 - [MESSAGE][PASSED] - Tapped on element 'Object Repository/Register/Address/Dropdown Kecamatan - Register'

2023-03-31 09:55:29 - [TEST_STEP][PASSED] - tap(findTestObject("Register/Address/Register_ResetAddress/Opsi Kecamatan -Cisauk-"), 0): Tapped on element 'Object Repository/Register/Address/Register_ResetAddress/Opsi Kecamatan -Cisauk-'

2023-03-31 09:55:29 - [MESSAGE][WARNING] - Timeout '0' is invalid. Using default page load timeout: '30'

2023-03-31 09:55:30 - [MESSAGE][PASSED] - Tapped on element 'Object Repository/Register/Address/Register_ResetAddress/Opsi Kecamatan -Cisauk-'

2023-03-31 09:55:30 - [TEST_STEP][PASSED] - tap(findTestObject("Register/Address/Dropdown Kelurahan - Register"), 0): Tapped on element 'Object Repository/Register/Address/Dropdown Kelurahan - Register'

2023-03-31 09:55:30 - [MESSAGE][WARNING] - Timeout '0' is invalid. Using default page load timeout: '30'

2023-03-31 09:55:31 - [MESSAGE][PASSED] - Tapped on element 'Object Repository/Register/Address/Dropdown Kelurahan - Register'

2023-03-31 09:55:31 - [TEST_STEP][PASSED] - tap(findTestObject("Register/Address/Register_ResetAddress/Opsi Kelurahan -Cisauk-"), 0): Tapped on element 'Object Repository/Register/Address/Register_ResetAddress/Opsi Kelurahan -Cisauk-'

2023-03-31 09:55:31 - [MESSAGE][WARNING] - Timeout '0' is invalid. Using default page load timeout: '30'

2023-03-31 09:55:32 - [MESSAGE][PASSED] - Tapped on element 'Object Repository/Register/Address/Register_ResetAddress/Opsi Kelurahan -Cisauk-']]></system-out>
         <system-err><![CDATA[]]></system-err>
      </testcase>
      <testcase name="Test Cases/Register/Phone_Number/TC_Register_ValidPhone" time="6.088" classname="Test Cases/Register/Phone_Number/TC_Register_ValidPhone" status="PASSED">
         <system-out><![CDATA[2023-03-31 09:55:32 - [TEST_CASE][PASSED] - Test Cases/Register/Phone_Number/TC_Register_ValidPhone: Test Cases/Register/Phone_Number/TC_Register_ValidPhone

2023-03-31 09:55:32 - [TEST_STEP][PASSED] - swipe(100, 400, 0, 0): Swiped from 100,400 to 0,0

2023-03-31 09:55:33 - [MESSAGE][PASSED] - Swiped from 100,400 to 0,0

2023-03-31 09:55:33 - [TEST_STEP][PASSED] - tap(findTestObject("Object Repository/Register/Phone_Number/Valid_Phone_Number/android.widget.EditText - Nomor Handphone"), 0): Tapped on element 'Object Repository/Register/Phone_Number/Valid_Phone_Number/android.widget.EditText - Nomor Handphone'

2023-03-31 09:55:33 - [MESSAGE][WARNING] - Timeout '0' is invalid. Using default page load timeout: '30'

2023-03-31 09:55:33 - [MESSAGE][PASSED] - Tapped on element 'Object Repository/Register/Phone_Number/Valid_Phone_Number/android.widget.EditText - Nomor Handphone'

2023-03-31 09:55:33 - [TEST_STEP][PASSED] - setText(findTestObject("Object Repository/Register/Phone_Number/Valid_Phone_Number/android.widget.EditText - Nomor Handphone (1)"), "085817746351", 0): Text '085817746351' has been set to element 'Object Repository/Register/Phone_Number/Valid_Phone_Number/android.widget.EditText - Nomor Handphone (1)'

2023-03-31 09:55:33 - [MESSAGE][WARNING] - Timeout '0' is invalid. Using default page load timeout: '30'

2023-03-31 09:55:34 - [MESSAGE][PASSED] - Text '085817746351' has been set to element 'Object Repository/Register/Phone_Number/Valid_Phone_Number/android.widget.EditText - Nomor Handphone (1)'

2023-03-31 09:55:34 - [TEST_STEP][PASSED] - hideKeyboard(): Keyboard is hidden

2023-03-31 09:55:37 - [MESSAGE][PASSED] - Keyboard is hidden

2023-03-31 09:55:37 - [TEST_STEP][PASSED] - delay(1, CONTINUE_ON_FAILURE): Delayed 1 second(s)

2023-03-31 09:55:38 - [MESSAGE][PASSED] - Delayed 1 second(s)]]></system-out>
         <system-err><![CDATA[]]></system-err>
      </testcase>
      <testcase name="Test Cases/Register/Register_Submit" time="0.931" classname="Test Cases/Register/Register_Submit" status="PASSED">
         <system-out><![CDATA[2023-03-31 09:55:38 - [TEST_CASE][PASSED] - Test Cases/Register/Register_Submit: Test Cases/Register/Register_Submit

2023-03-31 09:55:38 - [TEST_STEP][PASSED] - tap(findTestObject("Register/Tombol Daftar"), 0): Tapped on element 'Object Repository/Register/Tombol Daftar'

2023-03-31 09:55:38 - [MESSAGE][WARNING] - Timeout '0' is invalid. Using default page load timeout: '30'

2023-03-31 09:55:39 - [MESSAGE][PASSED] - Tapped on element 'Object Repository/Register/Tombol Daftar']]></system-out>
         <system-err><![CDATA[]]></system-err>
      </testcase>
      <testcase name="Test Cases/Register/Password/TC_Verify_Invalid_Password" time="4.533" classname="Test Cases/Register/Password/TC_Verify_Invalid_Password" status="PASSED">
         <system-out><![CDATA[2023-03-31 09:55:39 - [TEST_CASE][PASSED] - Test Cases/Register/Password/TC_Verify_Invalid_Password: Test Cases/Register/Password/TC_Verify_Invalid_Password

2023-03-31 09:55:39 - [TEST_STEP][PASSED] - swipe(400, 400, 400, 1000): Swiped from 400,400 to 400,1,000

2023-03-31 09:55:40 - [MESSAGE][PASSED] - Swiped from 400,400 to 400,1,000

2023-03-31 09:55:40 - [TEST_STEP][PASSED] - getText(findTestObject("Object Repository/Register/Password/Verify_Invalid_Password/android.view.View"), 0): Text of element 'Object Repository/Register/Password/Verify_Invalid_Password/android.view.View' is: ''

2023-03-31 09:55:40 - [MESSAGE][WARNING] - Timeout '0' is invalid. Using default page load timeout: '30'

2023-03-31 09:55:40 - [MESSAGE][PASSED] - Text of element 'Object Repository/Register/Password/Verify_Invalid_Password/android.view.View' is: ''

2023-03-31 09:55:40 - [TEST_STEP][PASSED] - verifyElementVisible(findTestObject("Object Repository/Register/Password/Verify_Invalid_Password/android.view.View"), 0): Element 'Object Repository/Register/Password/Verify_Invalid_Password/android.view.View' is visible

2023-03-31 09:55:40 - [MESSAGE][WARNING] - Timeout '0' is invalid. Using default page load timeout: '30'

2023-03-31 09:55:40 - [MESSAGE][PASSED] - Element 'Object Repository/Register/Password/Verify_Invalid_Password/android.view.View' is visible

2023-03-31 09:55:40 - [TEST_STEP][PASSED] - verifyMatch("Kata sandi minimal 6 karakter mengandung 1 angka dan 1 huruf!", "Kata sandi minimal 6 karakter mengandung 1 angka dan 1 huruf!", false): Actual text 'Kata sandi minimal 6 karakter mengandung 1 angka dan 1 huruf!' and expected text 'Kata sandi minimal 6 karakter mengandung 1 angka dan 1 huruf!' are matched 

2023-03-31 09:55:40 - [MESSAGE][PASSED] - Actual text 'Kata sandi minimal 6 karakter mengandung 1 angka dan 1 huruf!' and expected text 'Kata sandi minimal 6 karakter mengandung 1 angka dan 1 huruf!' are matched 

2023-03-31 09:55:40 - [TEST_STEP][PASSED] - delay(3, CONTINUE_ON_FAILURE): Delayed 3 second(s)

2023-03-31 09:55:43 - [MESSAGE][PASSED] - Delayed 3 second(s)]]></system-out>
         <system-err><![CDATA[]]></system-err>
      </testcase>
      <system-out><![CDATA[2023-03-31 09:54:43 - [TEST_SUITE][PASSED] - Register_Less_MinPassword: Test Cases/Register/Password/TC_Verify_Invalid_Password]]></system-out>
      <system-err><![CDATA[]]></system-err>
   </testsuite>
</testsuites>
