<?xml version="1.0" encoding="UTF-8"?>
<testsuites name="Lebih_Untung_Search" time="54.511" tests="1" failures="0" errors="0">
   <testsuite name="Lebih_Untung_Search" tests="1" failures="0" errors="0" time="54.511" skipped="0" timestamp="2023-04-05 13:57:29" hostname="raiha - LAPTOP-UT2QLFD0" id="Test Suites/Search/Lebih_Untung_Search">
      <properties>
         <property name="deviceName" value="Xiaomi M2101K7BNY (Android 12)"/>
         <property name="devicePlatform" value=""/>
         <property name="logFolder" value="C:\\Users\\raiha\\Katalon Studio\\Mobile Klik IGR\\Reports\\20230405_135719\\Search\\Lebih_Untung_Search\\20230405_135719"/>
         <property name="logFiles" value="C:\\Users\\raiha\\Katalon Studio\\Mobile Klik IGR\\Reports\\20230405_135719\\Search\\Lebih_Untung_Search\\20230405_135719\\appium.log, C:\\Users\\raiha\\Katalon Studio\\Mobile Klik IGR\\Reports\\20230405_135719\\Search\\Lebih_Untung_Search\\20230405_135719\\execution0.log"/>
         <property name="attachments" value="keyes\keyes-Pop-up Keranjang Lebih Untung.png, keyes\keyes-Keranjang Lebih Untung.png, keyes\keyes-Detail Lebih Untung.png"/>
         <property name="hostName" value="raiha - LAPTOP-UT2QLFD0"/>
         <property name="os" value="Windows 10 64bit"/>
         <property name="appiumServerStatus" value="{&quot;value&quot;:{&quot;build&quot;:{&quot;version&quot;:&quot;1.22.3&quot;}},&quot;sessionId&quot;:null,&quot;status&quot;:0}"/>
         <property name="katalonVersion" value="8.5.5.208"/>
         <property name="deviceOS" value="Android"/>
         <property name="appiumVersion" value="1.22.3"/>
         <property name="deviceModel" value="M2101K7BNY"/>
         <property name="hostAddress" value="192.168.1.2"/>
         <property name="deviceManufacturer" value="Xiaomi"/>
         <property name="deviceId" value="4LSG9XI7HU8HTOXW"/>
         <property name="deviceName" value="Xiaomi M2101K7BNY (Android 12)"/>
         <property name="deviceOSVersion" value="12"/>
      </properties>
      <testcase name="Test Cases/Search/TC_Search_Lebih_Untung" time="54.147" classname="Test Cases/Search/TC_Search_Lebih_Untung" status="PASSED">
         <system-out><![CDATA[2023-04-05 13:57:29 - [TEST_CASE][PASSED] - Test Cases/Search/TC_Search_Lebih_Untung: Test Cases/Search/TC_Search_Lebih_Untung

2023-04-05 13:57:30 - [TEST_STEP][PASSED] - startApplication(APP, false): Started app at: 'C:\Users\raiha\Katalon Studio\Mobile Klik IGR\AndroidApp\Klik Dev v6.0.4.apk'

2023-04-05 13:57:31 - [MESSAGE][INFO] - User set preference: ['deviceId', '']

2023-04-05 13:57:32 - [MESSAGE][INFO] - Detected NodeJS location: "C:\Program Files\nodejs\node.exe"

2023-04-05 13:57:34 - [MESSAGE][INFO] - Appium server started on port 60,535

2023-04-05 13:57:56 - [MESSAGE][PASSED] - Started app at: 'C:\Users\raiha\Katalon Studio\Mobile Klik IGR\AndroidApp\Klik Dev v6.0.4.apk'

2023-04-05 13:57:56 - [TEST_STEP][PASSED] - tap(findTestObject("Search/Menu Search"), 0): Tapped on element 'Object Repository/Search/Menu Search'

2023-04-05 13:57:56 - [MESSAGE][WARNING] - Timeout '0' is invalid. Using default page load timeout: '30'

2023-04-05 13:57:58 - [MESSAGE][PASSED] - Tapped on element 'Object Repository/Search/Menu Search'

2023-04-05 13:57:58 - [TEST_STEP][PASSED] - driver = getDriver(): null

2023-04-05 13:57:58 - [TEST_STEP][PASSED] - tap(findTestObject("Search/Field Search"), 10): Tapped on element 'Object Repository/Search/Field Search'

2023-04-05 13:58:00 - [MESSAGE][PASSED] - Tapped on element 'Object Repository/Search/Field Search'

2023-04-05 13:58:00 - [TEST_STEP][PASSED] - setText(findTestObject("Search/Field Search"), "asahi sardines", 10): Text 'asahi sardines' has been set to element 'Object Repository/Search/Field Search'

2023-04-05 13:58:00 - [MESSAGE][PASSED] - Text 'asahi sardines' has been set to element 'Object Repository/Search/Field Search'

2023-04-05 13:58:00 - [TEST_STEP][PASSED] - driver.pressKeyCode(KEYCODE_ENTER): null

2023-04-05 13:58:01 - [TEST_STEP][PASSED] - delay(2, CONTINUE_ON_FAILURE): Delayed 2 second(s)

2023-04-05 13:58:03 - [MESSAGE][PASSED] - Delayed 2 second(s)

2023-04-05 13:58:03 - [TEST_STEP][PASSED] - tap(findTestObject("Search/Sorting/Sort Button"), 0): Tapped on element 'Object Repository/Search/Sorting/Sort Button'

2023-04-05 13:58:03 - [MESSAGE][WARNING] - Timeout '0' is invalid. Using default page load timeout: '30'

2023-04-05 13:58:04 - [MESSAGE][PASSED] - Tapped on element 'Object Repository/Search/Sorting/Sort Button'

2023-04-05 13:58:04 - [TEST_STEP][PASSED] - tap(findTestObject("Search/Sorting/Harga Termurah"), 0): Tapped on element 'Object Repository/Search/Sorting/Harga Termurah'

2023-04-05 13:58:04 - [MESSAGE][WARNING] - Timeout '0' is invalid. Using default page load timeout: '30'

2023-04-05 13:58:06 - [MESSAGE][PASSED] - Tapped on element 'Object Repository/Search/Sorting/Harga Termurah'

2023-04-05 13:58:06 - [TEST_STEP][PASSED] - delay(1, CONTINUE_ON_FAILURE): Delayed 1 second(s)

2023-04-05 13:58:07 - [MESSAGE][PASSED] - Delayed 1 second(s)

2023-04-05 13:58:07 - [TEST_STEP][PASSED] - tap(findTestObject("Promo Lebih Untung/Tambah Keranjang Asahi"), 0): Tapped on element 'Object Repository/Promo Lebih Untung/Tambah Keranjang Asahi'

2023-04-05 13:58:07 - [MESSAGE][WARNING] - Timeout '0' is invalid. Using default page load timeout: '30'

2023-04-05 13:58:08 - [MESSAGE][PASSED] - Tapped on element 'Object Repository/Promo Lebih Untung/Tambah Keranjang Asahi'

2023-04-05 13:58:08 - [TEST_STEP][PASSED] - delay(1, CONTINUE_ON_FAILURE): Delayed 1 second(s)

2023-04-05 13:58:09 - [MESSAGE][PASSED] - Delayed 1 second(s)

2023-04-05 13:58:09 - [TEST_STEP][PASSED] - takeScreenshotAsCheckpoint("Pop-up Keranjang Lebih Untung.png", []): Screenshot is taken

2023-04-05 13:58:11 - [MESSAGE][INFO] - 0 hidden object(s)

2023-04-05 13:58:11 - [MESSAGE][PASSED] - Screenshot is taken
[[ATTACHMENT|keyes\keyes-Pop-up Keranjang Lebih Untung.png]]

2023-04-05 13:58:11 - [TEST_STEP][PASSED] - tap(findTestObject("Promo Lebih Untung/Pop-up Tambah Keranjang Asahi"), 0): Tapped on element 'Object Repository/Promo Lebih Untung/Pop-up Tambah Keranjang Asahi'

2023-04-05 13:58:11 - [MESSAGE][WARNING] - Timeout '0' is invalid. Using default page load timeout: '30'

2023-04-05 13:58:12 - [MESSAGE][PASSED] - Tapped on element 'Object Repository/Promo Lebih Untung/Pop-up Tambah Keranjang Asahi'

2023-04-05 13:58:12 - [TEST_STEP][PASSED] - delay(2, CONTINUE_ON_FAILURE): Delayed 2 second(s)

2023-04-05 13:58:14 - [MESSAGE][PASSED] - Delayed 2 second(s)

2023-04-05 13:58:14 - [TEST_STEP][PASSED] - tap(findTestObject("Search/Keranjang Search"), 0): Tapped on element 'Object Repository/Search/Keranjang Search'

2023-04-05 13:58:14 - [MESSAGE][WARNING] - Timeout '0' is invalid. Using default page load timeout: '30'

2023-04-05 13:58:15 - [MESSAGE][PASSED] - Tapped on element 'Object Repository/Search/Keranjang Search'

2023-04-05 13:58:15 - [TEST_STEP][PASSED] - delay(3, CONTINUE_ON_FAILURE): Delayed 3 second(s)

2023-04-05 13:58:18 - [MESSAGE][PASSED] - Delayed 3 second(s)

2023-04-05 13:58:18 - [TEST_STEP][PASSED] - takeScreenshotAsCheckpoint("Keranjang Lebih Untung.png", []): Screenshot is taken

2023-04-05 13:58:20 - [MESSAGE][INFO] - 0 hidden object(s)

2023-04-05 13:58:20 - [MESSAGE][PASSED] - Screenshot is taken
[[ATTACHMENT|keyes\keyes-Keranjang Lebih Untung.png]]

2023-04-05 13:58:20 - [TEST_STEP][PASSED] - tap(findTestObject("Promo Lebih Untung/Tombol Mau Lebih Untung"), 0): Tapped on element 'Object Repository/Promo Lebih Untung/Tombol Mau Lebih Untung'

2023-04-05 13:58:20 - [MESSAGE][WARNING] - Timeout '0' is invalid. Using default page load timeout: '30'

2023-04-05 13:58:21 - [MESSAGE][PASSED] - Tapped on element 'Object Repository/Promo Lebih Untung/Tombol Mau Lebih Untung'

2023-04-05 13:58:21 - [TEST_STEP][PASSED] - takeScreenshotAsCheckpoint("Detail Lebih Untung.png", []): Screenshot is taken

2023-04-05 13:58:22 - [MESSAGE][INFO] - 0 hidden object(s)

2023-04-05 13:58:22 - [MESSAGE][PASSED] - Screenshot is taken
[[ATTACHMENT|keyes\keyes-Detail Lebih Untung.png]]

2023-04-05 13:58:22 - [TEST_STEP][PASSED] - tap(findTestObject("Promo Lebih Untung/Tutup Mau Lebih Untung"), 0): Tapped on element 'Object Repository/Promo Lebih Untung/Tutup Mau Lebih Untung'

2023-04-05 13:58:23 - [MESSAGE][WARNING] - Timeout '0' is invalid. Using default page load timeout: '30'

2023-04-05 13:58:24 - [MESSAGE][PASSED] - Tapped on element 'Object Repository/Promo Lebih Untung/Tutup Mau Lebih Untung']]></system-out>
         <system-err><![CDATA[]]></system-err>
      </testcase>
      <system-out><![CDATA[2023-04-05 13:57:29 - [TEST_SUITE][PASSED] - Lebih_Untung_Search: Test Cases/Search/TC_Search_Lebih_Untung]]></system-out>
      <system-err><![CDATA[]]></system-err>
   </testsuite>
</testsuites>
