<?xml version="1.0" encoding="UTF-8"?>
<testsuites name="SMobil_BCA" time="93.25" tests="4" failures="0" errors="0">
   <testsuite name="SMobil_BCA" tests="4" failures="0" errors="0" time="93.25" skipped="0" timestamp="2023-04-04 08:47:31" hostname="raiha - LAPTOP-UT2QLFD0" id="Test Suites/Checkout/Sameday_Mobil/SMobil_BCA">
      <properties>
         <property name="deviceName" value="Xiaomi M2101K7BNY (Android 12)"/>
         <property name="devicePlatform" value=""/>
         <property name="logFolder" value="C:\\Users\\raiha\\Katalon Studio\\Mobile Klik IGR\\Reports\\20230404_084721\\Checkout\\Sameday_Mobil\\SMobil_BCA\\20230404_084721"/>
         <property name="logFiles" value="C:\\Users\\raiha\\Katalon Studio\\Mobile Klik IGR\\Reports\\20230404_084721\\Checkout\\Sameday_Mobil\\SMobil_BCA\\20230404_084721\\appium.log, C:\\Users\\raiha\\Katalon Studio\\Mobile Klik IGR\\Reports\\20230404_084721\\Checkout\\Sameday_Mobil\\SMobil_BCA\\20230404_084721\\execution0.log"/>
         <property name="attachments" value="keyes\keyes-Belum pilih pengiriman.png, keyes\keyes-Gagal Checkout.png, C:\Users\raiha\Katalon Studio\Mobile Klik IGR\Reports\20230404_084721\Checkout\Sameday_Mobil\SMobil_BCA\20230404_084721VA BCA.png, C:\Users\raiha\Katalon Studio\Mobile Klik IGR\Reports\20230404_084721\Checkout\Sameday_Mobil\SMobil_BCA\20230404_084721Checkout.png"/>
         <property name="hostName" value="raiha - LAPTOP-UT2QLFD0"/>
         <property name="os" value="Windows 10 64bit"/>
         <property name="appiumServerStatus" value="{&quot;value&quot;:{&quot;build&quot;:{&quot;version&quot;:&quot;1.22.3&quot;}},&quot;sessionId&quot;:null,&quot;status&quot;:0}"/>
         <property name="katalonVersion" value="8.5.5.208"/>
         <property name="deviceOS" value="Android"/>
         <property name="appiumVersion" value="1.22.3"/>
         <property name="deviceModel" value="M2101K7BNY"/>
         <property name="hostAddress" value="192.168.1.7"/>
         <property name="deviceManufacturer" value="Xiaomi"/>
         <property name="deviceId" value="192.168.1.6:5555"/>
         <property name="deviceName" value="Xiaomi M2101K7BNY (Android 12)"/>
         <property name="deviceOSVersion" value="12"/>
      </properties>
      <testcase name="Test Cases/Checkout/Keranjang/TC_Pesan_Ulang" time="46.619" classname="Test Cases/Checkout/Keranjang/TC_Pesan_Ulang" status="PASSED">
         <system-out><![CDATA[2023-04-04 08:47:32 - [TEST_CASE][PASSED] - Test Cases/Checkout/Keranjang/TC_Pesan_Ulang: Test Cases/Checkout/Keranjang/TC_Pesan_Ulang

2023-04-04 08:47:32 - [TEST_STEP][PASSED] - startApplication(APP, false): Started app at: 'C:\Users\raiha\Katalon Studio\Mobile Klik IGR\AndroidApp\Klik Dev v6.0.4.apk'

2023-04-04 08:47:33 - [MESSAGE][INFO] - User set preference: ['deviceId', '']

2023-04-04 08:47:33 - [MESSAGE][INFO] - Detected NodeJS location: "C:\Program Files\nodejs\node.exe"

2023-04-04 08:47:35 - [MESSAGE][INFO] - Appium server started on port 53,358

2023-04-04 08:48:10 - [MESSAGE][PASSED] - Started app at: 'C:\Users\raiha\Katalon Studio\Mobile Klik IGR\AndroidApp\Klik Dev v6.0.4.apk'

2023-04-04 08:48:10 - [TEST_STEP][PASSED] - tap(findTestObject("Homepage/Pesan Ulang 1"), 0): Tapped on element 'Object Repository/Homepage/Pesan Ulang 1'

2023-04-04 08:48:10 - [MESSAGE][WARNING] - Timeout '0' is invalid. Using default page load timeout: '30'

2023-04-04 08:48:12 - [MESSAGE][PASSED] - Tapped on element 'Object Repository/Homepage/Pesan Ulang 1'

2023-04-04 08:48:12 - [TEST_STEP][PASSED] - delay(1, CONTINUE_ON_FAILURE): Delayed 1 second(s)

2023-04-04 08:48:13 - [MESSAGE][PASSED] - Delayed 1 second(s)

2023-04-04 08:48:13 - [TEST_STEP][PASSED] - tap(findTestObject("Homepage/Tutup Pop-up Pesan Ulang"), 0): Tapped on element 'Object Repository/Homepage/Tutup Pop-up Pesan Ulang'

2023-04-04 08:48:13 - [MESSAGE][WARNING] - Timeout '0' is invalid. Using default page load timeout: '30'

2023-04-04 08:48:14 - [MESSAGE][PASSED] - Tapped on element 'Object Repository/Homepage/Tutup Pop-up Pesan Ulang'

2023-04-04 08:48:14 - [TEST_STEP][PASSED] - tap(findTestObject("Homepage/Keranjang Home 1"), 0): Tapped on element 'Object Repository/Homepage/Keranjang Home 1'

2023-04-04 08:48:14 - [MESSAGE][WARNING] - Timeout '0' is invalid. Using default page load timeout: '30'

2023-04-04 08:48:15 - [MESSAGE][PASSED] - Tapped on element 'Object Repository/Homepage/Keranjang Home 1'

2023-04-04 08:48:15 - [TEST_STEP][PASSED] - delay(3, CONTINUE_ON_FAILURE): Delayed 3 second(s)

2023-04-04 08:48:18 - [MESSAGE][PASSED] - Delayed 3 second(s)]]></system-out>
         <system-err><![CDATA[]]></system-err>
      </testcase>
      <testcase name="Test Cases/Checkout/Pengiriman/TC_Sameday_Mobil" time="20.226" classname="Test Cases/Checkout/Pengiriman/TC_Sameday_Mobil" status="PASSED">
         <system-out><![CDATA[2023-04-04 08:48:18 - [TEST_CASE][PASSED] - Test Cases/Checkout/Pengiriman/TC_Sameday_Mobil: Test Cases/Checkout/Pengiriman/TC_Sameday_Mobil

2023-04-04 08:48:19 - [TEST_STEP][PASSED] - tap(findTestObject("Checkout/Keranjang/Panah Ke atas Ringkasan Belanja"), 0): Tapped on element 'Object Repository/Checkout/Keranjang/Panah Ke atas Ringkasan Belanja'

2023-04-04 08:48:19 - [MESSAGE][WARNING] - Timeout '0' is invalid. Using default page load timeout: '30'

2023-04-04 08:48:20 - [MESSAGE][PASSED] - Tapped on element 'Object Repository/Checkout/Keranjang/Panah Ke atas Ringkasan Belanja'

2023-04-04 08:48:20 - [TEST_STEP][PASSED] - tap(findTestObject("Checkout/Pengiriman/Tombol Pengiriman"), 0): Tapped on element 'Object Repository/Checkout/Pengiriman/Tombol Pengiriman'

2023-04-04 08:48:20 - [MESSAGE][WARNING] - Timeout '0' is invalid. Using default page load timeout: '30'

2023-04-04 08:48:21 - [MESSAGE][PASSED] - Tapped on element 'Object Repository/Checkout/Pengiriman/Tombol Pengiriman'

2023-04-04 08:48:21 - [TEST_STEP][PASSED] - delay(6, CONTINUE_ON_FAILURE): Delayed 6 second(s)

2023-04-04 08:48:27 - [MESSAGE][PASSED] - Delayed 6 second(s)

2023-04-04 08:48:27 - [TEST_STEP][PASSED] - tap(findTestObject("Checkout/Pembayaran/Tombol Pembayaran"), 0): Tapped on element 'Object Repository/Checkout/Pembayaran/Tombol Pembayaran'

2023-04-04 08:48:27 - [MESSAGE][WARNING] - Timeout '0' is invalid. Using default page load timeout: '30'

2023-04-04 08:48:31 - [MESSAGE][PASSED] - Tapped on element 'Object Repository/Checkout/Pembayaran/Tombol Pembayaran'

2023-04-04 08:48:31 - [TEST_STEP][PASSED] - takeScreenshotAsCheckpoint("Belum pilih pengiriman.png", []): Screenshot is taken

2023-04-04 08:48:33 - [MESSAGE][INFO] - 0 hidden object(s)

2023-04-04 08:48:33 - [MESSAGE][PASSED] - Screenshot is taken
[[ATTACHMENT|keyes\keyes-Belum pilih pengiriman.png]]

2023-04-04 08:48:33 - [TEST_STEP][PASSED] - tap(findTestObject("Checkout/Pengiriman/Indopaket Mobil SAMEDAY"), 0): Tapped on element 'Object Repository/Checkout/Pengiriman/Indopaket Mobil SAMEDAY'

2023-04-04 08:48:33 - [MESSAGE][WARNING] - Timeout '0' is invalid. Using default page load timeout: '30'

2023-04-04 08:48:34 - [MESSAGE][PASSED] - Tapped on element 'Object Repository/Checkout/Pengiriman/Indopaket Mobil SAMEDAY'

2023-04-04 08:48:34 - [TEST_STEP][PASSED] - tap(findTestObject("Checkout/Pembayaran/Tombol Pembayaran"), 0): Tapped on element 'Object Repository/Checkout/Pembayaran/Tombol Pembayaran'

2023-04-04 08:48:34 - [MESSAGE][WARNING] - Timeout '0' is invalid. Using default page load timeout: '30'

2023-04-04 08:48:35 - [MESSAGE][PASSED] - Tapped on element 'Object Repository/Checkout/Pembayaran/Tombol Pembayaran'

2023-04-04 08:48:35 - [TEST_STEP][PASSED] - delay(4, CONTINUE_ON_FAILURE): Delayed 4 second(s)

2023-04-04 08:48:39 - [MESSAGE][PASSED] - Delayed 4 second(s)]]></system-out>
         <system-err><![CDATA[]]></system-err>
      </testcase>
      <testcase name="Test Cases/Checkout/Pembayaran/TC_Bayar_BCA" time="9.699" classname="Test Cases/Checkout/Pembayaran/TC_Bayar_BCA" status="PASSED">
         <system-out><![CDATA[2023-04-04 08:48:39 - [TEST_CASE][PASSED] - Test Cases/Checkout/Pembayaran/TC_Bayar_BCA: Test Cases/Checkout/Pembayaran/TC_Bayar_BCA

2023-04-04 08:48:39 - [TEST_STEP][PASSED] - tap(findTestObject("Checkout/Checkout/Tombol Checkout"), 0): Tapped on element 'Object Repository/Checkout/Checkout/Tombol Checkout'

2023-04-04 08:48:39 - [MESSAGE][WARNING] - Timeout '0' is invalid. Using default page load timeout: '30'

2023-04-04 08:48:42 - [MESSAGE][PASSED] - Tapped on element 'Object Repository/Checkout/Checkout/Tombol Checkout'

2023-04-04 08:48:42 - [TEST_STEP][PASSED] - takeScreenshotAsCheckpoint("Gagal Checkout.png", []): Screenshot is taken

2023-04-04 08:48:44 - [MESSAGE][INFO] - 0 hidden object(s)

2023-04-04 08:48:44 - [MESSAGE][PASSED] - Screenshot is taken
[[ATTACHMENT|keyes\keyes-Gagal Checkout.png]]

2023-04-04 08:48:44 - [TEST_STEP][PASSED] - swipe(0, 475, 0, 0): Swiped from 0,475 to 0,0

2023-04-04 08:48:45 - [MESSAGE][PASSED] - Swiped from 0,475 to 0,0

2023-04-04 08:48:45 - [TEST_STEP][PASSED] - tap(findTestObject("Checkout/Pembayaran/VA BCA"), 0): Tapped on element 'Object Repository/Checkout/Pembayaran/VA BCA'

2023-04-04 08:48:45 - [MESSAGE][WARNING] - Timeout '0' is invalid. Using default page load timeout: '30'

2023-04-04 08:48:47 - [MESSAGE][PASSED] - Tapped on element 'Object Repository/Checkout/Pembayaran/VA BCA'

2023-04-04 08:48:47 - [TEST_STEP][PASSED] - takeScreenshot(getReportFolder() + "VA BCA.png", CONTINUE_ON_FAILURE): Screenshot is taken

2023-04-04 08:48:48 - [MESSAGE][PASSED] - Screenshot is taken
[[ATTACHMENT|C:\Users\raiha\Katalon Studio\Mobile Klik IGR\Reports\20230404_084721\Checkout\Sameday_Mobil\SMobil_BCA\20230404_084721VA BCA.png]]]]></system-out>
         <system-err><![CDATA[]]></system-err>
      </testcase>
      <testcase name="Test Cases/Checkout/TC_Checkout" time="16.34" classname="Test Cases/Checkout/TC_Checkout" status="PASSED">
         <system-out><![CDATA[2023-04-04 08:48:48 - [TEST_CASE][PASSED] - Test Cases/Checkout/TC_Checkout: Test Cases/Checkout/TC_Checkout

2023-04-04 08:48:49 - [TEST_STEP][PASSED] - tap(findTestObject("Checkout/Checkout/Tombol Checkout"), 0): Tapped on element 'Object Repository/Checkout/Checkout/Tombol Checkout'

2023-04-04 08:48:49 - [MESSAGE][WARNING] - Timeout '0' is invalid. Using default page load timeout: '30'

2023-04-04 08:48:49 - [MESSAGE][PASSED] - Tapped on element 'Object Repository/Checkout/Checkout/Tombol Checkout'

2023-04-04 08:48:49 - [TEST_STEP][PASSED] - delay(6, STOP_ON_FAILURE): Delayed 6 second(s)

2023-04-04 08:48:55 - [MESSAGE][PASSED] - Delayed 6 second(s)

2023-04-04 08:48:55 - [TEST_STEP][PASSED] - takeScreenshot(getReportFolder() + "Checkout.png", CONTINUE_ON_FAILURE): Screenshot is taken

2023-04-04 08:48:56 - [MESSAGE][PASSED] - Screenshot is taken
[[ATTACHMENT|C:\Users\raiha\Katalon Studio\Mobile Klik IGR\Reports\20230404_084721\Checkout\Sameday_Mobil\SMobil_BCA\20230404_084721Checkout.png]]

2023-04-04 08:48:56 - [TEST_STEP][PASSED] - swipe(0, 600, 0, 0): Swiped from 0,600 to 0,0

2023-04-04 08:48:57 - [MESSAGE][PASSED] - Swiped from 0,600 to 0,0

2023-04-04 08:48:57 - [TEST_STEP][PASSED] - delay(1, CONTINUE_ON_FAILURE): Delayed 1 second(s)

2023-04-04 08:48:58 - [MESSAGE][PASSED] - Delayed 1 second(s)

2023-04-04 08:48:58 - [TEST_STEP][PASSED] - tap(findTestObject("Checkout/Checkout/Lihat Cara Pembayaran"), 0, STOP_ON_FAILURE): Tapped on element 'Object Repository/Checkout/Checkout/Lihat Cara Pembayaran'

2023-04-04 08:48:58 - [MESSAGE][WARNING] - Timeout '0' is invalid. Using default page load timeout: '30'

2023-04-04 08:49:02 - [MESSAGE][PASSED] - Tapped on element 'Object Repository/Checkout/Checkout/Lihat Cara Pembayaran'

2023-04-04 08:49:02 - [TEST_STEP][PASSED] - delay(1, CONTINUE_ON_FAILURE): Delayed 1 second(s)

2023-04-04 08:49:03 - [MESSAGE][PASSED] - Delayed 1 second(s)

2023-04-04 08:49:03 - [TEST_STEP][PASSED] - tap(findTestObject("Checkout/Checkout/Back Checkout"), 0): Tapped on element 'Object Repository/Checkout/Checkout/Back Checkout'

2023-04-04 08:49:03 - [MESSAGE][WARNING] - Timeout '0' is invalid. Using default page load timeout: '30'

2023-04-04 08:49:05 - [MESSAGE][PASSED] - Tapped on element 'Object Repository/Checkout/Checkout/Back Checkout']]></system-out>
         <system-err><![CDATA[]]></system-err>
      </testcase>
      <system-out><![CDATA[2023-04-04 08:47:31 - [TEST_SUITE][PASSED] - SMobil_BCA: Test Cases/Checkout/TC_Checkout]]></system-out>
      <system-err><![CDATA[]]></system-err>
   </testsuite>
</testsuites>
