<?xml version="1.0" encoding="UTF-8"?>
<testsuites name="Hapus_Checklist_Produk" time="52.837" tests="2" failures="0" errors="0">
   <testsuite name="Hapus_Checklist_Produk" tests="2" failures="0" errors="0" time="52.837" skipped="0" timestamp="2023-04-04 07:11:33" hostname="raiha - LAPTOP-UT2QLFD0" id="Test Suites/Keranjang/Hapus_Checklist_Produk">
      <properties>
         <property name="deviceName" value="Xiaomi M2101K7BNY (Android 12)"/>
         <property name="devicePlatform" value=""/>
         <property name="logFolder" value="C:\\Users\\raiha\\Katalon Studio\\Mobile Klik IGR\\Reports\\20230404_071124\\Keranjang\\Hapus_Checklist_Produk\\20230404_071124"/>
         <property name="logFiles" value="C:\\Users\\raiha\\Katalon Studio\\Mobile Klik IGR\\Reports\\20230404_071124\\Keranjang\\Hapus_Checklist_Produk\\20230404_071124\\appium.log, C:\\Users\\raiha\\Katalon Studio\\Mobile Klik IGR\\Reports\\20230404_071124\\Keranjang\\Hapus_Checklist_Produk\\20230404_071124\\execution0.log"/>
         <property name="attachments" value="keyes\keyes-Hapus semua produk.png"/>
         <property name="hostName" value="raiha - LAPTOP-UT2QLFD0"/>
         <property name="os" value="Windows 10 64bit"/>
         <property name="appiumServerStatus" value="{&quot;value&quot;:{&quot;build&quot;:{&quot;version&quot;:&quot;1.22.3&quot;}},&quot;sessionId&quot;:null,&quot;status&quot;:0}"/>
         <property name="katalonVersion" value="8.5.5.208"/>
         <property name="deviceOS" value="Android"/>
         <property name="appiumVersion" value="1.22.3"/>
         <property name="deviceModel" value="M2101K7BNY"/>
         <property name="hostAddress" value="192.168.1.7"/>
         <property name="deviceManufacturer" value="Xiaomi"/>
         <property name="deviceId" value="192.168.1.6:5555"/>
         <property name="deviceName" value="Xiaomi M2101K7BNY (Android 12)"/>
         <property name="deviceOSVersion" value="12"/>
      </properties>
      <testcase name="Test Cases/Checkout/Keranjang/TC_Pesan_Ulang_Tambah_Keranjang" time="40.889" classname="Test Cases/Checkout/Keranjang/TC_Pesan_Ulang_Tambah_Keranjang" status="PASSED">
         <system-out><![CDATA[2023-04-04 07:11:33 - [TEST_CASE][PASSED] - Test Cases/Checkout/Keranjang/TC_Pesan_Ulang_Tambah_Keranjang: Test Cases/Checkout/Keranjang/TC_Pesan_Ulang_Tambah_Keranjang

2023-04-04 07:11:34 - [TEST_STEP][PASSED] - startApplication(APP, false): Started app at: 'C:\Users\raiha\Katalon Studio\Mobile Klik IGR\AndroidApp\Klik Dev v6.0.4.apk'

2023-04-04 07:11:34 - [MESSAGE][INFO] - User set preference: ['deviceId', '']

2023-04-04 07:11:34 - [MESSAGE][INFO] - Detected NodeJS location: "C:\Program Files\nodejs\node.exe"

2023-04-04 07:11:35 - [MESSAGE][INFO] - Appium server started on port 50,489

2023-04-04 07:11:58 - [MESSAGE][PASSED] - Started app at: 'C:\Users\raiha\Katalon Studio\Mobile Klik IGR\AndroidApp\Klik Dev v6.0.4.apk'

2023-04-04 07:11:58 - [TEST_STEP][PASSED] - tap(findTestObject("Homepage/Pesan Ulang 1"), 0): Tapped on element 'Object Repository/Homepage/Pesan Ulang 1'

2023-04-04 07:11:58 - [MESSAGE][WARNING] - Timeout '0' is invalid. Using default page load timeout: '30'

2023-04-04 07:12:00 - [MESSAGE][PASSED] - Tapped on element 'Object Repository/Homepage/Pesan Ulang 1'

2023-04-04 07:12:00 - [TEST_STEP][PASSED] - delay(1, CONTINUE_ON_FAILURE): Delayed 1 second(s)

2023-04-04 07:12:01 - [MESSAGE][PASSED] - Delayed 1 second(s)

2023-04-04 07:12:01 - [TEST_STEP][PASSED] - tap(findTestObject("Homepage/Tutup Pop-up Pesan Ulang"), 0): Tapped on element 'Object Repository/Homepage/Tutup Pop-up Pesan Ulang'

2023-04-04 07:12:01 - [MESSAGE][WARNING] - Timeout '0' is invalid. Using default page load timeout: '30'

2023-04-04 07:12:02 - [MESSAGE][PASSED] - Tapped on element 'Object Repository/Homepage/Tutup Pop-up Pesan Ulang'

2023-04-04 07:12:02 - [TEST_STEP][PASSED] - swipe(0, 500, 0, 0): Swiped from 0,500 to 0,0

2023-04-04 07:12:03 - [MESSAGE][PASSED] - Swiped from 0,500 to 0,0

2023-04-04 07:12:03 - [TEST_STEP][PASSED] - tap(findTestObject("Checkout/Tambah_Keranjang/Produk Pilihan/Tambah Produk Pilihan 1"), 0): Tapped on element 'Object Repository/Checkout/Tambah_Keranjang/Produk Pilihan/Tambah Produk Pilihan 1'

2023-04-04 07:12:03 - [MESSAGE][WARNING] - Timeout '0' is invalid. Using default page load timeout: '30'

2023-04-04 07:12:04 - [MESSAGE][PASSED] - Tapped on element 'Object Repository/Checkout/Tambah_Keranjang/Produk Pilihan/Tambah Produk Pilihan 1'

2023-04-04 07:12:04 - [TEST_STEP][PASSED] - delay(2, CONTINUE_ON_FAILURE): Delayed 2 second(s)

2023-04-04 07:12:06 - [MESSAGE][PASSED] - Delayed 2 second(s)

2023-04-04 07:12:06 - [TEST_STEP][PASSED] - tap(findTestObject("Checkout/Tambah_Keranjang/Produk Pilihan/Tambah Keranjang Produk Pilihan"), 0): Tapped on element 'Object Repository/Checkout/Tambah_Keranjang/Produk Pilihan/Tambah Keranjang Produk Pilihan'

2023-04-04 07:12:06 - [MESSAGE][WARNING] - Timeout '0' is invalid. Using default page load timeout: '30'

2023-04-04 07:12:10 - [MESSAGE][PASSED] - Tapped on element 'Object Repository/Checkout/Tambah_Keranjang/Produk Pilihan/Tambah Keranjang Produk Pilihan'

2023-04-04 07:12:10 - [TEST_STEP][PASSED] - tap(findTestObject("Homepage/Keranjang Home 2"), 0): Tapped on element 'Object Repository/Homepage/Keranjang Home 2'

2023-04-04 07:12:10 - [MESSAGE][WARNING] - Timeout '0' is invalid. Using default page load timeout: '30'

2023-04-04 07:12:11 - [MESSAGE][PASSED] - Tapped on element 'Object Repository/Homepage/Keranjang Home 2'

2023-04-04 07:12:11 - [TEST_STEP][PASSED] - delay(3, CONTINUE_ON_FAILURE): Delayed 3 second(s)

2023-04-04 07:12:14 - [MESSAGE][PASSED] - Delayed 3 second(s)]]></system-out>
         <system-err><![CDATA[]]></system-err>
      </testcase>
      <testcase name="Test Cases/Checkout/Keranjang/TC_Hapus_Checklist_Produk" time="11.707" classname="Test Cases/Checkout/Keranjang/TC_Hapus_Checklist_Produk" status="PASSED">
         <system-out><![CDATA[2023-04-04 07:12:14 - [TEST_CASE][PASSED] - Test Cases/Checkout/Keranjang/TC_Hapus_Checklist_Produk: Test Cases/Checkout/Keranjang/TC_Hapus_Checklist_Produk

2023-04-04 07:12:14 - [TEST_STEP][PASSED] - tap(findTestObject("Checkout/Keranjang/Icon Hapus Produk"), 0): Tapped on element 'Object Repository/Checkout/Keranjang/Icon Hapus Produk'

2023-04-04 07:12:14 - [MESSAGE][WARNING] - Timeout '0' is invalid. Using default page load timeout: '30'

2023-04-04 07:12:15 - [MESSAGE][PASSED] - Tapped on element 'Object Repository/Checkout/Keranjang/Icon Hapus Produk'

2023-04-04 07:12:15 - [TEST_STEP][PASSED] - delay(2, CONTINUE_ON_FAILURE): Delayed 2 second(s)

2023-04-04 07:12:17 - [MESSAGE][PASSED] - Delayed 2 second(s)

2023-04-04 07:12:17 - [TEST_STEP][PASSED] - tap(findTestObject("Checkout/Keranjang/Checklist Hapus Produk 1"), 0): Tapped on element 'Object Repository/Checkout/Keranjang/Checklist Hapus Produk 1'

2023-04-04 07:12:17 - [MESSAGE][WARNING] - Timeout '0' is invalid. Using default page load timeout: '30'

2023-04-04 07:12:18 - [MESSAGE][PASSED] - Tapped on element 'Object Repository/Checkout/Keranjang/Checklist Hapus Produk 1'

2023-04-04 07:12:18 - [TEST_STEP][PASSED] - delay(1, CONTINUE_ON_FAILURE): Delayed 1 second(s)

2023-04-04 07:12:19 - [MESSAGE][PASSED] - Delayed 1 second(s)

2023-04-04 07:12:19 - [TEST_STEP][PASSED] - tap(findTestObject("Checkout/Keranjang/Checklist Hapus Produk 2"), 0): Tapped on element 'Object Repository/Checkout/Keranjang/Checklist Hapus Produk 2'

2023-04-04 07:12:19 - [MESSAGE][WARNING] - Timeout '0' is invalid. Using default page load timeout: '30'

2023-04-04 07:12:20 - [MESSAGE][PASSED] - Tapped on element 'Object Repository/Checkout/Keranjang/Checklist Hapus Produk 2'

2023-04-04 07:12:20 - [TEST_STEP][PASSED] - delay(1, CONTINUE_ON_FAILURE): Delayed 1 second(s)

2023-04-04 07:12:21 - [MESSAGE][PASSED] - Delayed 1 second(s)

2023-04-04 07:12:21 - [TEST_STEP][PASSED] - tap(findTestObject("Checkout/Keranjang/Setuju Hapus Checklist Produk"), 0): Tapped on element 'Object Repository/Checkout/Keranjang/Setuju Hapus Checklist Produk'

2023-04-04 07:12:21 - [MESSAGE][WARNING] - Timeout '0' is invalid. Using default page load timeout: '30'

2023-04-04 07:12:22 - [MESSAGE][PASSED] - Tapped on element 'Object Repository/Checkout/Keranjang/Setuju Hapus Checklist Produk'

2023-04-04 07:12:22 - [TEST_STEP][PASSED] - tap(findTestObject("Checkout/Keranjang/Setuju Hapus Produk"), 0): Tapped on element 'Object Repository/Checkout/Keranjang/Setuju Hapus Produk'

2023-04-04 07:12:22 - [MESSAGE][WARNING] - Timeout '0' is invalid. Using default page load timeout: '30'

2023-04-04 07:12:23 - [MESSAGE][PASSED] - Tapped on element 'Object Repository/Checkout/Keranjang/Setuju Hapus Produk'

2023-04-04 07:12:23 - [TEST_STEP][PASSED] - delay(1, CONTINUE_ON_FAILURE): Delayed 1 second(s)

2023-04-04 07:12:24 - [MESSAGE][PASSED] - Delayed 1 second(s)

2023-04-04 07:12:24 - [TEST_STEP][PASSED] - takeScreenshotAsCheckpoint("Hapus semua produk.png", []): Screenshot is taken

2023-04-04 07:12:26 - [MESSAGE][INFO] - 0 hidden object(s)

2023-04-04 07:12:26 - [MESSAGE][PASSED] - Screenshot is taken
[[ATTACHMENT|keyes\keyes-Hapus semua produk.png]]]]></system-out>
         <system-err><![CDATA[]]></system-err>
      </testcase>
      <system-out><![CDATA[2023-04-04 07:11:33 - [TEST_SUITE][PASSED] - Hapus_Checklist_Produk: Test Cases/Checkout/Keranjang/TC_Hapus_Checklist_Produk]]></system-out>
      <system-err><![CDATA[]]></system-err>
   </testsuite>
</testsuites>
