<?xml version="1.0" encoding="UTF-8"?>
<testsuites name="Sorting_Highest" time="43.134" tests="3" failures="0" errors="0">
   <testsuite name="Sorting_Highest" tests="3" failures="0" errors="0" time="43.134" skipped="0" timestamp="2023-03-23 10:29:36" hostname="raiha - LAPTOP-UT2QLFD0" id="Test Suites/Sorting/Sorting_Highest">
      <properties>
         <property name="deviceName" value="Xiaomi M2101K7BNY (Android 12)"/>
         <property name="devicePlatform" value=""/>
         <property name="logFolder" value="C:\\Users\\raiha\\Katalon Studio\\Mobile Klik IGR\\Reports\\20230323_102926\\Sorting\\Sorting_Highest\\20230323_102926"/>
         <property name="logFiles" value="C:\\Users\\raiha\\Katalon Studio\\Mobile Klik IGR\\Reports\\20230323_102926\\Sorting\\Sorting_Highest\\20230323_102926\\appium.log, C:\\Users\\raiha\\Katalon Studio\\Mobile Klik IGR\\Reports\\20230323_102926\\Sorting\\Sorting_Highest\\20230323_102926\\execution0.log"/>
         <property name="attachments" value=""/>
         <property name="hostName" value="raiha - LAPTOP-UT2QLFD0"/>
         <property name="os" value="Windows 10 64bit"/>
         <property name="appiumServerStatus" value="{&quot;value&quot;:{&quot;build&quot;:{&quot;version&quot;:&quot;1.22.3&quot;}},&quot;sessionId&quot;:null,&quot;status&quot;:0}"/>
         <property name="katalonVersion" value="8.5.5.208"/>
         <property name="deviceOS" value="Android"/>
         <property name="appiumVersion" value="1.22.3"/>
         <property name="deviceModel" value="M2101K7BNY"/>
         <property name="hostAddress" value="192.168.1.8"/>
         <property name="deviceManufacturer" value="Xiaomi"/>
         <property name="deviceId" value="4LSG9XI7HU8HTOXW"/>
         <property name="deviceName" value="Xiaomi M2101K7BNY (Android 12)"/>
         <property name="deviceOSVersion" value="12"/>
      </properties>
      <testcase name="Test Cases/Kategori/TC_Kategori_IbuAnak" time="31.949" classname="Test Cases/Kategori/TC_Kategori_IbuAnak" status="PASSED">
         <system-out><![CDATA[2023-03-23 10:29:36 - [TEST_CASE][PASSED] - Test Cases/Kategori/TC_Kategori_IbuAnak: Test Cases/Kategori/TC_Kategori_IbuAnak

2023-03-23 10:29:37 - [TEST_STEP][PASSED] - startApplication(APP, false): Started app at: 'C:\Users\raiha\Katalon Studio\Mobile Klik IGR\AndroidApp\Klik SANDBOX v5.1.9(104).apk'

2023-03-23 10:29:37 - [MESSAGE][INFO] - User set preference: ['deviceId', '']

2023-03-23 10:29:37 - [MESSAGE][INFO] - Detected NodeJS location: "C:\Program Files\nodejs\node.exe"

2023-03-23 10:29:39 - [MESSAGE][INFO] - Appium server started on port 56,713

2023-03-23 10:30:03 - [MESSAGE][PASSED] - Started app at: 'C:\Users\raiha\Katalon Studio\Mobile Klik IGR\AndroidApp\Klik SANDBOX v5.1.9(104).apk'

2023-03-23 10:30:03 - [TEST_STEP][PASSED] - tap(findTestObject("Object Repository/Kategori/Ibu_Anak/android.widget.ImageView"), 0): Tapped on element 'Object Repository/Kategori/Ibu_Anak/android.widget.ImageView'

2023-03-23 10:30:04 - [MESSAGE][WARNING] - Timeout '0' is invalid. Using default page load timeout: '30'

2023-03-23 10:30:06 - [MESSAGE][PASSED] - Tapped on element 'Object Repository/Kategori/Ibu_Anak/android.widget.ImageView'

2023-03-23 10:30:06 - [TEST_STEP][PASSED] - delay(2, CONTINUE_ON_FAILURE): Delayed 2 second(s)

2023-03-23 10:30:08 - [MESSAGE][PASSED] - Delayed 2 second(s)]]></system-out>
         <system-err><![CDATA[]]></system-err>
      </testcase>
      <testcase name="Test Cases/Sorting/TC_Sort_Button" time="2.571" classname="Test Cases/Sorting/TC_Sort_Button" status="PASSED">
         <system-out><![CDATA[2023-03-23 10:30:08 - [TEST_CASE][PASSED] - Test Cases/Sorting/TC_Sort_Button: Test Cases/Sorting/TC_Sort_Button

2023-03-23 10:30:09 - [TEST_STEP][PASSED] - tap(findTestObject("Object Repository/Sorting/Sort_Button/android.view.View"), 0): Tapped on element 'Object Repository/Sorting/Sort_Button/android.view.View'

2023-03-23 10:30:09 - [MESSAGE][WARNING] - Timeout '0' is invalid. Using default page load timeout: '30'

2023-03-23 10:30:10 - [MESSAGE][PASSED] - Tapped on element 'Object Repository/Sorting/Sort_Button/android.view.View'

2023-03-23 10:30:10 - [TEST_STEP][PASSED] - delay(1, CONTINUE_ON_FAILURE): Delayed 1 second(s)

2023-03-23 10:30:11 - [MESSAGE][PASSED] - Delayed 1 second(s)]]></system-out>
         <system-err><![CDATA[]]></system-err>
      </testcase>
      <testcase name="Test Cases/Sorting/TC_Sort_Highest" time="8.281" classname="Test Cases/Sorting/TC_Sort_Highest" status="PASSED">
         <system-out><![CDATA[2023-03-23 10:30:11 - [TEST_CASE][PASSED] - Test Cases/Sorting/TC_Sort_Highest: Test Cases/Sorting/TC_Sort_Highest

2023-03-23 10:30:11 - [TEST_STEP][PASSED] - tap(findTestObject("Object Repository/Sorting/Sort_Highest/android.view.View"), 0): Tapped on element 'Object Repository/Sorting/Sort_Highest/android.view.View'

2023-03-23 10:30:11 - [MESSAGE][WARNING] - Timeout '0' is invalid. Using default page load timeout: '30'

2023-03-23 10:30:12 - [MESSAGE][PASSED] - Tapped on element 'Object Repository/Sorting/Sort_Highest/android.view.View'

2023-03-23 10:30:12 - [TEST_STEP][PASSED] - delay(3, CONTINUE_ON_FAILURE): Delayed 3 second(s)

2023-03-23 10:30:15 - [MESSAGE][PASSED] - Delayed 3 second(s)

2023-03-23 10:30:15 - [TEST_STEP][PASSED] - swipe(100, 600, 0, 0): Swiped from 100,600 to 0,0

2023-03-23 10:30:16 - [MESSAGE][PASSED] - Swiped from 100,600 to 0,0

2023-03-23 10:30:16 - [TEST_STEP][PASSED] - delay(2, CONTINUE_ON_FAILURE): Delayed 2 second(s)

2023-03-23 10:30:18 - [MESSAGE][PASSED] - Delayed 2 second(s)

2023-03-23 10:30:18 - [TEST_STEP][PASSED] - closeApplication(): Close app successfully

2023-03-23 10:30:19 - [MESSAGE][PASSED] - Close app successfully]]></system-out>
         <system-err><![CDATA[]]></system-err>
      </testcase>
      <system-out><![CDATA[2023-03-23 10:29:36 - [TEST_SUITE][PASSED] - Sorting_Highest: Test Cases/Sorting/TC_Sort_Highest]]></system-out>
      <system-err><![CDATA[]]></system-err>
   </testsuite>
</testsuites>
