<?xml version="1.0" encoding="UTF-8"?>
<testsuites name="Checkout_No_Shipping" time="64.181" tests="2" failures="0" errors="0">
   <testsuite name="Checkout_No_Shipping" tests="2" failures="0" errors="0" time="64.181" skipped="0" timestamp="2023-03-31 07:27:55" hostname="raiha - LAPTOP-UT2QLFD0" id="Test Suites/Checkout/Checkout_No_Shipping">
      <properties>
         <property name="deviceName" value="Xiaomi M2101K7BNY (Android 12)"/>
         <property name="devicePlatform" value=""/>
         <property name="logFolder" value="C:\\Users\\raiha\\Katalon Studio\\Mobile Klik IGR\\Reports\\20230331_072747\\Checkout\\Checkout_No_Shipping\\20230331_072747"/>
         <property name="logFiles" value="C:\\Users\\raiha\\Katalon Studio\\Mobile Klik IGR\\Reports\\20230331_072747\\Checkout\\Checkout_No_Shipping\\20230331_072747\\appium.log, C:\\Users\\raiha\\Katalon Studio\\Mobile Klik IGR\\Reports\\20230331_072747\\Checkout\\Checkout_No_Shipping\\20230331_072747\\execution0.log"/>
         <property name="attachments" value="C:\Users\raiha\Katalon Studio\Mobile Klik IGR\Reports\20230331_072747\Checkout\Checkout_No_Shipping\20230331_072747Checkout No Shipping.png"/>
         <property name="hostName" value="raiha - LAPTOP-UT2QLFD0"/>
         <property name="os" value="Windows 10 64bit"/>
         <property name="appiumServerStatus" value="{&quot;value&quot;:{&quot;build&quot;:{&quot;version&quot;:&quot;1.22.3&quot;}},&quot;sessionId&quot;:null,&quot;status&quot;:0}"/>
         <property name="katalonVersion" value="8.5.5.208"/>
         <property name="deviceOS" value="Android"/>
         <property name="appiumVersion" value="1.22.3"/>
         <property name="deviceModel" value="M2101K7BNY"/>
         <property name="hostAddress" value="192.168.1.8"/>
         <property name="deviceManufacturer" value="Xiaomi"/>
         <property name="deviceId" value="4LSG9XI7HU8HTOXW"/>
         <property name="deviceName" value="Xiaomi M2101K7BNY (Android 12)"/>
         <property name="deviceOSVersion" value="12"/>
      </properties>
      <testcase name="Test Cases/Checkout/Keranjang/TC_NEW_Tambah_Keranjang" time="51.288" classname="Test Cases/Checkout/Keranjang/TC_NEW_Tambah_Keranjang" status="PASSED">
         <system-out><![CDATA[2023-03-31 07:27:56 - [TEST_CASE][PASSED] - Test Cases/Checkout/Keranjang/TC_NEW_Tambah_Keranjang: Test Cases/Checkout/Keranjang/TC_NEW_Tambah_Keranjang

2023-03-31 07:27:56 - [TEST_STEP][PASSED] - startApplication(APP, false): Started app at: 'C:\Users\raiha\Katalon Studio\Mobile Klik IGR\AndroidApp\Klik Dev v6.0.0(105).apk'

2023-03-31 07:27:57 - [MESSAGE][INFO] - User set preference: ['deviceId', '']

2023-03-31 07:27:57 - [MESSAGE][INFO] - Detected NodeJS location: "C:\Program Files\nodejs\node.exe"

2023-03-31 07:27:58 - [MESSAGE][INFO] - Appium server started on port 60,454

2023-03-31 07:28:22 - [MESSAGE][PASSED] - Started app at: 'C:\Users\raiha\Katalon Studio\Mobile Klik IGR\AndroidApp\Klik Dev v6.0.0(105).apk'

2023-03-31 07:28:22 - [TEST_STEP][PASSED] - tap(findTestObject("Kategori/Ibu dan Anak"), 0): Tapped on element 'Object Repository/Kategori/Ibu dan Anak'

2023-03-31 07:28:22 - [MESSAGE][WARNING] - Timeout '0' is invalid. Using default page load timeout: '30'

2023-03-31 07:28:24 - [MESSAGE][PASSED] - Tapped on element 'Object Repository/Kategori/Ibu dan Anak'

2023-03-31 07:28:24 - [TEST_STEP][PASSED] - delay(2, STOP_ON_FAILURE): Delayed 2 second(s)

2023-03-31 07:28:26 - [MESSAGE][PASSED] - Delayed 2 second(s)

2023-03-31 07:28:26 - [TEST_STEP][PASSED] - tap(findTestObject("Sorting/Tombol Sort"), 0): Tapped on element 'Object Repository/Sorting/Tombol Sort'

2023-03-31 07:28:26 - [MESSAGE][WARNING] - Timeout '0' is invalid. Using default page load timeout: '30'

2023-03-31 07:28:27 - [MESSAGE][PASSED] - Tapped on element 'Object Repository/Sorting/Tombol Sort'

2023-03-31 07:28:27 - [TEST_STEP][PASSED] - tap(findTestObject("Sorting/Harga Termahal"), 0): Tapped on element 'Object Repository/Sorting/Harga Termahal'

2023-03-31 07:28:27 - [MESSAGE][WARNING] - Timeout '0' is invalid. Using default page load timeout: '30'

2023-03-31 07:28:29 - [MESSAGE][PASSED] - Tapped on element 'Object Repository/Sorting/Harga Termahal'

2023-03-31 07:28:29 - [TEST_STEP][PASSED] - delay(1, CONTINUE_ON_FAILURE): Delayed 1 second(s)

2023-03-31 07:28:30 - [MESSAGE][PASSED] - Delayed 1 second(s)

2023-03-31 07:28:30 - [TEST_STEP][PASSED] - swipe(100, 400, 0, 0): Swiped from 100,400 to 0,0

2023-03-31 07:28:31 - [MESSAGE][PASSED] - Swiped from 100,400 to 0,0

2023-03-31 07:28:31 - [TEST_STEP][PASSED] - delay(1, CONTINUE_ON_FAILURE): Delayed 1 second(s)

2023-03-31 07:28:32 - [MESSAGE][PASSED] - Delayed 1 second(s)

2023-03-31 07:28:32 - [TEST_STEP][PASSED] - tap(findTestObject("Kategori/Ibu_Anak/Tambah Keranjang Enfagrow Susu Madu 800g"), 0): Tapped on element 'Object Repository/Kategori/Ibu_Anak/Tambah Keranjang Enfagrow Susu Madu 800g'

2023-03-31 07:28:32 - [MESSAGE][WARNING] - Timeout '0' is invalid. Using default page load timeout: '30'

2023-03-31 07:28:33 - [MESSAGE][PASSED] - Tapped on element 'Object Repository/Kategori/Ibu_Anak/Tambah Keranjang Enfagrow Susu Madu 800g'

2023-03-31 07:28:33 - [TEST_STEP][PASSED] - delay(1, CONTINUE_ON_FAILURE): Delayed 1 second(s)

2023-03-31 07:28:34 - [MESSAGE][PASSED] - Delayed 1 second(s)

2023-03-31 07:28:34 - [TEST_STEP][PASSED] - tap(findTestObject("Kategori/Ibu_Anak/Tambah Produk"), 0): Tapped on element 'Object Repository/Kategori/Ibu_Anak/Tambah Produk'

2023-03-31 07:28:34 - [MESSAGE][WARNING] - Timeout '0' is invalid. Using default page load timeout: '30'

2023-03-31 07:28:35 - [MESSAGE][PASSED] - Tapped on element 'Object Repository/Kategori/Ibu_Anak/Tambah Produk'

2023-03-31 07:28:35 - [TEST_STEP][PASSED] - delay(1, CONTINUE_ON_FAILURE): Delayed 1 second(s)

2023-03-31 07:28:36 - [MESSAGE][PASSED] - Delayed 1 second(s)

2023-03-31 07:28:36 - [TEST_STEP][PASSED] - tap(findTestObject("Kategori/Ibu_Anak/Tambah Keranjang"), 0): Tapped on element 'Object Repository/Kategori/Ibu_Anak/Tambah Keranjang'

2023-03-31 07:28:36 - [MESSAGE][WARNING] - Timeout '0' is invalid. Using default page load timeout: '30'

2023-03-31 07:28:39 - [MESSAGE][PASSED] - Tapped on element 'Object Repository/Kategori/Ibu_Anak/Tambah Keranjang'

2023-03-31 07:28:39 - [TEST_STEP][PASSED] - delay(3, STOP_ON_FAILURE): Delayed 3 second(s)

2023-03-31 07:28:43 - [MESSAGE][PASSED] - Delayed 3 second(s)

2023-03-31 07:28:43 - [TEST_STEP][PASSED] - tap(findTestObject("Kategori/Ibu_Anak/Keranjang Ibu dan Anak 1"), 0): Tapped on element 'Object Repository/Kategori/Ibu_Anak/Keranjang Ibu dan Anak 1'

2023-03-31 07:28:43 - [MESSAGE][WARNING] - Timeout '0' is invalid. Using default page load timeout: '30'

2023-03-31 07:28:44 - [MESSAGE][PASSED] - Tapped on element 'Object Repository/Kategori/Ibu_Anak/Keranjang Ibu dan Anak 1'

2023-03-31 07:28:44 - [TEST_STEP][PASSED] - delay(3, STOP_ON_FAILURE): Delayed 3 second(s)

2023-03-31 07:28:47 - [MESSAGE][PASSED] - Delayed 3 second(s)]]></system-out>
         <system-err><![CDATA[]]></system-err>
      </testcase>
      <testcase name="Test Cases/Checkout/Pengiriman/TC_No_Shipping" time="12.564" classname="Test Cases/Checkout/Pengiriman/TC_No_Shipping" status="PASSED">
         <system-out><![CDATA[2023-03-31 07:28:47 - [TEST_CASE][PASSED] - Test Cases/Checkout/Pengiriman/TC_No_Shipping: Test Cases/Checkout/Pengiriman/TC_No_Shipping

2023-03-31 07:28:47 - [TEST_STEP][PASSED] - tap(findTestObject("Checkout/Keranjang/Panah Ke atas Ringkasan Belanja"), 0): Tapped on element 'Object Repository/Checkout/Keranjang/Panah Ke atas Ringkasan Belanja'

2023-03-31 07:28:47 - [MESSAGE][WARNING] - Timeout '0' is invalid. Using default page load timeout: '30'

2023-03-31 07:28:48 - [MESSAGE][PASSED] - Tapped on element 'Object Repository/Checkout/Keranjang/Panah Ke atas Ringkasan Belanja'

2023-03-31 07:28:48 - [TEST_STEP][PASSED] - tap(findTestObject("Checkout/Pengiriman/Tombol Pengiriman"), 0): Tapped on element 'Object Repository/Checkout/Pengiriman/Tombol Pengiriman'

2023-03-31 07:28:48 - [MESSAGE][WARNING] - Timeout '0' is invalid. Using default page load timeout: '30'

2023-03-31 07:28:49 - [MESSAGE][PASSED] - Tapped on element 'Object Repository/Checkout/Pengiriman/Tombol Pengiriman'

2023-03-31 07:28:49 - [TEST_STEP][PASSED] - delay(4, STOP_ON_FAILURE): Delayed 4 second(s)

2023-03-31 07:28:53 - [MESSAGE][PASSED] - Delayed 4 second(s)

2023-03-31 07:28:53 - [TEST_STEP][PASSED] - tap(findTestObject("Checkout/Pembayaran/Tombol Pembayaran"), 0): Tapped on element 'Object Repository/Checkout/Pembayaran/Tombol Pembayaran'

2023-03-31 07:28:54 - [MESSAGE][WARNING] - Timeout '0' is invalid. Using default page load timeout: '30'

2023-03-31 07:28:54 - [MESSAGE][PASSED] - Tapped on element 'Object Repository/Checkout/Pembayaran/Tombol Pembayaran'

2023-03-31 07:28:54 - [TEST_STEP][PASSED] - takeScreenshot(getReportFolder() + "Checkout No Shipping.png", CONTINUE_ON_FAILURE): Screenshot is taken

2023-03-31 07:28:55 - [MESSAGE][PASSED] - Screenshot is taken
[[ATTACHMENT|C:\Users\raiha\Katalon Studio\Mobile Klik IGR\Reports\20230331_072747\Checkout\Checkout_No_Shipping\20230331_072747Checkout No Shipping.png]]

2023-03-31 07:28:55 - [TEST_STEP][PASSED] - delay(4, STOP_ON_FAILURE): Delayed 4 second(s)

2023-03-31 07:28:59 - [MESSAGE][PASSED] - Delayed 4 second(s)]]></system-out>
         <system-err><![CDATA[]]></system-err>
      </testcase>
      <system-out><![CDATA[2023-03-31 07:27:55 - [TEST_SUITE][PASSED] - Checkout_No_Shipping: Test Cases/Checkout/Pengiriman/TC_No_Shipping]]></system-out>
      <system-err><![CDATA[]]></system-err>
   </testsuite>
</testsuites>
