<?xml version="1.0" encoding="UTF-8"?>
<testsuites name="Search_Product" time="38.42" tests="1" failures="0" errors="0">
   <testsuite name="Search_Product" tests="1" failures="0" errors="0" time="38.42" skipped="0" timestamp="2023-03-30 08:09:01" hostname="raiha - LAPTOP-UT2QLFD0" id="Test Suites/Search/Search_Product">
      <properties>
         <property name="deviceName" value="Xiaomi M2101K7BNY (Android 12)"/>
         <property name="devicePlatform" value=""/>
         <property name="logFolder" value="C:\\Users\\raiha\\Katalon Studio\\Mobile Klik IGR\\Reports\\20230330_080850\\Search\\Search_Product\\20230330_080850"/>
         <property name="logFiles" value="C:\\Users\\raiha\\Katalon Studio\\Mobile Klik IGR\\Reports\\20230330_080850\\Search\\Search_Product\\20230330_080850\\appium.log, C:\\Users\\raiha\\Katalon Studio\\Mobile Klik IGR\\Reports\\20230330_080850\\Search\\Search_Product\\20230330_080850\\execution0.log"/>
         <property name="attachments" value="C:\Users\raiha\Katalon Studio\Mobile Klik IGR\Reports\20230330_080850\Search\Search_Product\20230330_080850Field Search.png"/>
         <property name="hostName" value="raiha - LAPTOP-UT2QLFD0"/>
         <property name="os" value="Windows 10 64bit"/>
         <property name="appiumServerStatus" value="{&quot;value&quot;:{&quot;build&quot;:{&quot;version&quot;:&quot;1.22.3&quot;}},&quot;sessionId&quot;:null,&quot;status&quot;:0}"/>
         <property name="katalonVersion" value="8.5.5.208"/>
         <property name="deviceOS" value="Android"/>
         <property name="appiumVersion" value="1.22.3"/>
         <property name="deviceModel" value="M2101K7BNY"/>
         <property name="hostAddress" value="192.168.1.9"/>
         <property name="deviceManufacturer" value="Xiaomi"/>
         <property name="deviceId" value="4LSG9XI7HU8HTOXW"/>
         <property name="deviceName" value="Xiaomi M2101K7BNY (Android 12)"/>
         <property name="deviceOSVersion" value="12"/>
      </properties>
      <testcase name="Test Cases/Search/TC_Search_Enter" time="38.078" classname="Test Cases/Search/TC_Search_Enter" status="PASSED">
         <system-out><![CDATA[2023-03-30 08:09:01 - [TEST_CASE][PASSED] - Test Cases/Search/TC_Search_Enter: Test Cases/Search/TC_Search_Enter

2023-03-30 08:09:02 - [TEST_STEP][PASSED] - startApplication(APP, false): Started app at: 'C:\Users\raiha\Katalon Studio\Mobile Klik IGR\AndroidApp\Klik Dev v6.0.0(105).apk'

2023-03-30 08:09:02 - [MESSAGE][INFO] - User set preference: ['deviceId', '']

2023-03-30 08:09:02 - [MESSAGE][INFO] - Detected NodeJS location: "C:\Program Files\nodejs\node.exe"

2023-03-30 08:09:03 - [MESSAGE][INFO] - Appium server started on port 51,922

2023-03-30 08:09:30 - [MESSAGE][PASSED] - Started app at: 'C:\Users\raiha\Katalon Studio\Mobile Klik IGR\AndroidApp\Klik Dev v6.0.0(105).apk'

2023-03-30 08:09:30 - [TEST_STEP][PASSED] - tap(findTestObject("Search/Menu Search"), 0): Tapped on element 'Object Repository/Search/Menu Search'

2023-03-30 08:09:31 - [MESSAGE][WARNING] - Timeout '0' is invalid. Using default page load timeout: '30'

2023-03-30 08:09:33 - [MESSAGE][PASSED] - Tapped on element 'Object Repository/Search/Menu Search'

2023-03-30 08:09:33 - [TEST_STEP][PASSED] - driver = getDriver(): null

2023-03-30 08:09:33 - [TEST_STEP][PASSED] - takeElementScreenshot(getReportFolder() + "Field Search.png", findTestObject("Search/Field Search"), [findTestObject("Search/Back Search")], GREEN): Screenshot is taken

2023-03-30 08:09:35 - [MESSAGE][WARNING] - Timeout '0' is invalid. Using default page load timeout: '30'

2023-03-30 08:09:35 - [MESSAGE][INFO] - 1 hidden object(s)

2023-03-30 08:09:35 - [MESSAGE][WARNING] - Timeout '0' is invalid. Using default page load timeout: '30'

2023-03-30 08:09:35 - [MESSAGE][PASSED] - Screenshot is taken
[[ATTACHMENT|C:\Users\raiha\Katalon Studio\Mobile Klik IGR\Reports\20230330_080850\Search\Search_Product\20230330_080850Field Search.png]]

2023-03-30 08:09:35 - [TEST_STEP][PASSED] - tap(findTestObject("Search/Field Search"), 10): Tapped on element 'Object Repository/Search/Field Search'

2023-03-30 08:09:37 - [MESSAGE][PASSED] - Tapped on element 'Object Repository/Search/Field Search'

2023-03-30 08:09:37 - [TEST_STEP][PASSED] - setText(findTestObject("Search/Field Search"), "dancow", 10): Text 'dancow' has been set to element 'Object Repository/Search/Field Search'

2023-03-30 08:09:37 - [MESSAGE][PASSED] - Text 'dancow' has been set to element 'Object Repository/Search/Field Search'

2023-03-30 08:09:37 - [TEST_STEP][PASSED] - driver.pressKeyCode(KEYCODE_ENTER): null

2023-03-30 08:09:38 - [TEST_STEP][PASSED] - delay(1, CONTINUE_ON_FAILURE): Delayed 1 second(s)

2023-03-30 08:09:39 - [MESSAGE][PASSED] - Delayed 1 second(s)]]></system-out>
         <system-err><![CDATA[]]></system-err>
      </testcase>
      <system-out><![CDATA[2023-03-30 08:09:01 - [TEST_SUITE][PASSED] - Search_Product: Test Cases/Search/TC_Search_Enter]]></system-out>
      <system-err><![CDATA[]]></system-err>
   </testsuite>
</testsuites>
